[1.249s] Invoking command in '/home/deivideich/Holonomic_Base_Simulation/ros_2_ws/src/octobot_2': PYTHONPATH=/home/deivideich/Holonomic_Base_Simulation/ros_2_ws/src/octobot_2/build/octobot_2/prefix_override:/home/deivideich/Holonomic_Base_Simulation/ros_2_ws/src/octobot_2/install/octobot_2/lib/python3.8/site-packages:${PYTHONPATH} /usr/bin/python3 setup.py egg_info --egg-base build/octobot_2 build --build-base /home/deivideich/Holonomic_Base_Simulation/ros_2_ws/src/octobot_2/build/octobot_2/build install --record /home/deivideich/Holonomic_Base_Simulation/ros_2_ws/src/octobot_2/build/octobot_2/install.log --install-scripts $base/lib/octobot_2 --single-version-externally-managed
[1.446s] running egg_info
[1.446s] writing build/octobot_2/octobot_2.egg-info/PKG-INFO
[1.447s] writing dependency_links to build/octobot_2/octobot_2.egg-info/dependency_links.txt
[1.447s] writing entry points to build/octobot_2/octobot_2.egg-info/entry_points.txt
[1.447s] writing requirements to build/octobot_2/octobot_2.egg-info/requires.txt
[1.447s] writing top-level names to build/octobot_2/octobot_2.egg-info/top_level.txt
[1.473s] reading manifest file 'build/octobot_2/octobot_2.egg-info/SOURCES.txt'
[1.474s] writing manifest file 'build/octobot_2/octobot_2.egg-info/SOURCES.txt'
[1.474s] running build
[1.474s] running build_py
[1.474s] running install
[1.475s] running install_lib
[1.476s] running install_data
[1.476s] copying urdf/NuevaBaseMetal3.urdf -> /home/deivideich/Holonomic_Base_Simulation/ros_2_ws/src/octobot_2/install/octobot_2/share/octobot_2/urdf
[1.476s] running install_egg_info
[1.478s] removing '/home/deivideich/Holonomic_Base_Simulation/ros_2_ws/src/octobot_2/install/octobot_2/lib/python3.8/site-packages/octobot_2-0.0.0-py3.8.egg-info' (and everything under it)
[1.478s] Copying build/octobot_2/octobot_2.egg-info to /home/deivideich/Holonomic_Base_Simulation/ros_2_ws/src/octobot_2/install/octobot_2/lib/python3.8/site-packages/octobot_2-0.0.0-py3.8.egg-info
[1.478s] running install_scripts
[1.492s] writing list of installed files to '/home/deivideich/Holonomic_Base_Simulation/ros_2_ws/src/octobot_2/build/octobot_2/install.log'
[1.506s] Invoked command in '/home/deivideich/Holonomic_Base_Simulation/ros_2_ws/src/octobot_2' returned '0': PYTHONPATH=/home/deivideich/Holonomic_Base_Simulation/ros_2_ws/src/octobot_2/build/octobot_2/prefix_override:/home/deivideich/Holonomic_Base_Simulation/ros_2_ws/src/octobot_2/install/octobot_2/lib/python3.8/site-packages:${PYTHONPATH} /usr/bin/python3 setup.py egg_info --egg-base build/octobot_2 build --build-base /home/deivideich/Holonomic_Base_Simulation/ros_2_ws/src/octobot_2/build/octobot_2/build install --record /home/deivideich/Holonomic_Base_Simulation/ros_2_ws/src/octobot_2/build/octobot_2/install.log --install-scripts $base/lib/octobot_2 --single-version-externally-managed
