[1.956s] Invoking command in '/home/deivideich/Holonomic_Base_Simulation/ros_2_ws/navigation2/nav2_bringup/nav2_gazebo_spawner': PYTHONPATH=/home/deivideich/Holonomic_Base_Simulation/ros_2_ws/build/nav2_gazebo_spawner/prefix_override:/home/deivideich/Holonomic_Base_Simulation/ros_2_ws/install/nav2_gazebo_spawner/lib/python3.8/site-packages:${PYTHONPATH} /usr/bin/python3 setup.py egg_info --egg-base ../../../build/nav2_gazebo_spawner build --build-base /home/deivideich/Holonomic_Base_Simulation/ros_2_ws/build/nav2_gazebo_spawner/build install --record /home/deivideich/Holonomic_Base_Simulation/ros_2_ws/build/nav2_gazebo_spawner/install.log --install-scripts $base/lib/nav2_gazebo_spawner --single-version-externally-managed
[2.134s] running egg_info
[2.135s] creating ../../../build/nav2_gazebo_spawner/nav2_gazebo_spawner.egg-info
[2.135s] writing ../../../build/nav2_gazebo_spawner/nav2_gazebo_spawner.egg-info/PKG-INFO
[2.138s] writing dependency_links to ../../../build/nav2_gazebo_spawner/nav2_gazebo_spawner.egg-info/dependency_links.txt
[2.139s] writing entry points to ../../../build/nav2_gazebo_spawner/nav2_gazebo_spawner.egg-info/entry_points.txt
[2.139s] writing requirements to ../../../build/nav2_gazebo_spawner/nav2_gazebo_spawner.egg-info/requires.txt
[2.140s] writing top-level names to ../../../build/nav2_gazebo_spawner/nav2_gazebo_spawner.egg-info/top_level.txt
[2.140s] writing manifest file '../../../build/nav2_gazebo_spawner/nav2_gazebo_spawner.egg-info/SOURCES.txt'
[2.161s] reading manifest file '../../../build/nav2_gazebo_spawner/nav2_gazebo_spawner.egg-info/SOURCES.txt'
[2.162s] writing manifest file '../../../build/nav2_gazebo_spawner/nav2_gazebo_spawner.egg-info/SOURCES.txt'
[2.162s] running build
[2.163s] running build_py
[2.164s] creating /home/deivideich/Holonomic_Base_Simulation/ros_2_ws/build/nav2_gazebo_spawner/build
[2.164s] creating /home/deivideich/Holonomic_Base_Simulation/ros_2_ws/build/nav2_gazebo_spawner/build/lib
[2.164s] creating /home/deivideich/Holonomic_Base_Simulation/ros_2_ws/build/nav2_gazebo_spawner/build/lib/nav2_gazebo_spawner
[2.165s] copying nav2_gazebo_spawner/__init__.py -> /home/deivideich/Holonomic_Base_Simulation/ros_2_ws/build/nav2_gazebo_spawner/build/lib/nav2_gazebo_spawner
[2.165s] copying nav2_gazebo_spawner/nav2_gazebo_spawner.py -> /home/deivideich/Holonomic_Base_Simulation/ros_2_ws/build/nav2_gazebo_spawner/build/lib/nav2_gazebo_spawner
[2.165s] running install
[2.166s] running install_lib
[2.167s] creating /home/deivideich/Holonomic_Base_Simulation/ros_2_ws/install/nav2_gazebo_spawner/lib/python3.8/site-packages/nav2_gazebo_spawner
[2.167s] copying /home/deivideich/Holonomic_Base_Simulation/ros_2_ws/build/nav2_gazebo_spawner/build/lib/nav2_gazebo_spawner/__init__.py -> /home/deivideich/Holonomic_Base_Simulation/ros_2_ws/install/nav2_gazebo_spawner/lib/python3.8/site-packages/nav2_gazebo_spawner
[2.167s] copying /home/deivideich/Holonomic_Base_Simulation/ros_2_ws/build/nav2_gazebo_spawner/build/lib/nav2_gazebo_spawner/nav2_gazebo_spawner.py -> /home/deivideich/Holonomic_Base_Simulation/ros_2_ws/install/nav2_gazebo_spawner/lib/python3.8/site-packages/nav2_gazebo_spawner
[2.168s] byte-compiling /home/deivideich/Holonomic_Base_Simulation/ros_2_ws/install/nav2_gazebo_spawner/lib/python3.8/site-packages/nav2_gazebo_spawner/__init__.py to __init__.cpython-38.pyc
[2.169s] byte-compiling /home/deivideich/Holonomic_Base_Simulation/ros_2_ws/install/nav2_gazebo_spawner/lib/python3.8/site-packages/nav2_gazebo_spawner/nav2_gazebo_spawner.py to nav2_gazebo_spawner.cpython-38.pyc
[2.170s] running install_data
[2.171s] creating /home/deivideich/Holonomic_Base_Simulation/ros_2_ws/install/nav2_gazebo_spawner/share/ament_index
[2.172s] creating /home/deivideich/Holonomic_Base_Simulation/ros_2_ws/install/nav2_gazebo_spawner/share/ament_index/resource_index
[2.172s] creating /home/deivideich/Holonomic_Base_Simulation/ros_2_ws/install/nav2_gazebo_spawner/share/ament_index/resource_index/packages
[2.173s] copying resource/nav2_gazebo_spawner -> /home/deivideich/Holonomic_Base_Simulation/ros_2_ws/install/nav2_gazebo_spawner/share/ament_index/resource_index/packages
[2.173s] copying package.xml -> /home/deivideich/Holonomic_Base_Simulation/ros_2_ws/install/nav2_gazebo_spawner/share/nav2_gazebo_spawner
[2.173s] running install_egg_info
[2.174s] Copying ../../../build/nav2_gazebo_spawner/nav2_gazebo_spawner.egg-info to /home/deivideich/Holonomic_Base_Simulation/ros_2_ws/install/nav2_gazebo_spawner/lib/python3.8/site-packages/nav2_gazebo_spawner-0.3.0-py3.8.egg-info
[2.174s] running install_scripts
[2.183s] Installing nav2_gazebo_spawner script to /home/deivideich/Holonomic_Base_Simulation/ros_2_ws/install/nav2_gazebo_spawner/lib/nav2_gazebo_spawner
[2.184s] writing list of installed files to '/home/deivideich/Holonomic_Base_Simulation/ros_2_ws/build/nav2_gazebo_spawner/install.log'
[2.318s] Invoked command in '/home/deivideich/Holonomic_Base_Simulation/ros_2_ws/navigation2/nav2_bringup/nav2_gazebo_spawner' returned '0': PYTHONPATH=/home/deivideich/Holonomic_Base_Simulation/ros_2_ws/build/nav2_gazebo_spawner/prefix_override:/home/deivideich/Holonomic_Base_Simulation/ros_2_ws/install/nav2_gazebo_spawner/lib/python3.8/site-packages:${PYTHONPATH} /usr/bin/python3 setup.py egg_info --egg-base ../../../build/nav2_gazebo_spawner build --build-base /home/deivideich/Holonomic_Base_Simulation/ros_2_ws/build/nav2_gazebo_spawner/build install --record /home/deivideich/Holonomic_Base_Simulation/ros_2_ws/build/nav2_gazebo_spawner/install.log --install-scripts $base/lib/nav2_gazebo_spawner --single-version-externally-managed
