running develop
running egg_info
creating octobot_2.egg-info
writing octobot_2.egg-info/PKG-INFO
writing dependency_links to octobot_2.egg-info/dependency_links.txt
writing entry points to octobot_2.egg-info/entry_points.txt
writing requirements to octobot_2.egg-info/requires.txt
writing top-level names to octobot_2.egg-info/top_level.txt
writing manifest file 'octobot_2.egg-info/SOURCES.txt'
reading manifest file 'octobot_2.egg-info/SOURCES.txt'
writing manifest file 'octobot_2.egg-info/SOURCES.txt'
running build_ext
Creating /home/deivideich/Holonomic_Base_Simulation/ros_2_ws/src/octobot_2/install/octobot_2/lib/python3.8/site-packages/site.py
Creating /home/deivideich/Holonomic_Base_Simulation/ros_2_ws/src/octobot_2/install/octobot_2/lib/python3.8/site-packages/octobot-2.egg-link (link to .)

Installed /home/deivideich/Holonomic_Base_Simulation/ros_2_ws/src/octobot_2/build/octobot_2
running install_data
creating /home/deivideich/Holonomic_Base_Simulation/ros_2_ws/src/octobot_2/install/octobot_2/share/ament_index
creating /home/deivideich/Holonomic_Base_Simulation/ros_2_ws/src/octobot_2/install/octobot_2/share/ament_index/resource_index
creating /home/deivideich/Holonomic_Base_Simulation/ros_2_ws/src/octobot_2/install/octobot_2/share/ament_index/resource_index/packages
copying resource/octobot_2 -> /home/deivideich/Holonomic_Base_Simulation/ros_2_ws/src/octobot_2/install/octobot_2/share/ament_index/resource_index/packages
copying package.xml -> /home/deivideich/Holonomic_Base_Simulation/ros_2_ws/src/octobot_2/install/octobot_2/share/octobot_2
creating /home/deivideich/Holonomic_Base_Simulation/ros_2_ws/src/octobot_2/install/octobot_2/share/octobot_2/urdf
copying urdf/NuevaBaseMetal2.urdf -> /home/deivideich/Holonomic_Base_Simulation/ros_2_ws/src/octobot_2/install/octobot_2/share/octobot_2/urdf
creating /home/deivideich/Holonomic_Base_Simulation/ros_2_ws/src/octobot_2/install/octobot_2/share/octobot_2/launch
copying launch/gazebo.launch.py -> /home/deivideich/Holonomic_Base_Simulation/ros_2_ws/src/octobot_2/install/octobot_2/share/octobot_2/launch
copying launch/rsp.launch.py -> /home/deivideich/Holonomic_Base_Simulation/ros_2_ws/src/octobot_2/install/octobot_2/share/octobot_2/launch
copying launch/display.launch copy.py -> /home/deivideich/Holonomic_Base_Simulation/ros_2_ws/src/octobot_2/install/octobot_2/share/octobot_2/launch
creating /home/deivideich/Holonomic_Base_Simulation/ros_2_ws/src/octobot_2/install/octobot_2/share/octobot_2/meshes
copying meshes/BL_Link.STL -> /home/deivideich/Holonomic_Base_Simulation/ros_2_ws/src/octobot_2/install/octobot_2/share/octobot_2/meshes
copying meshes/Camera_Link.STL -> /home/deivideich/Holonomic_Base_Simulation/ros_2_ws/src/octobot_2/install/octobot_2/share/octobot_2/meshes
copying meshes/Lidar_Link.STL -> /home/deivideich/Holonomic_Base_Simulation/ros_2_ws/src/octobot_2/install/octobot_2/share/octobot_2/meshes
copying meshes/FR_Link.STL -> /home/deivideich/Holonomic_Base_Simulation/ros_2_ws/src/octobot_2/install/octobot_2/share/octobot_2/meshes
copying meshes/BR_Link.STL -> /home/deivideich/Holonomic_Base_Simulation/ros_2_ws/src/octobot_2/install/octobot_2/share/octobot_2/meshes
copying meshes/FL_Link.STL -> /home/deivideich/Holonomic_Base_Simulation/ros_2_ws/src/octobot_2/install/octobot_2/share/octobot_2/meshes
copying meshes/Base_link.STL -> /home/deivideich/Holonomic_Base_Simulation/ros_2_ws/src/octobot_2/install/octobot_2/share/octobot_2/meshes
creating /home/deivideich/Holonomic_Base_Simulation/ros_2_ws/src/octobot_2/install/octobot_2/share/octobot_2/worlds
