[1.656s] Invoking command in '/home/deivideich/Holonomic_Base_Simulation/ros_2_ws/src/octobot_2/build/octobot_2': PYTHONPATH=/home/deivideich/Holonomic_Base_Simulation/ros_2_ws/src/octobot_2/build/octobot_2/prefix_override:/home/deivideich/Holonomic_Base_Simulation/ros_2_ws/src/octobot_2/install/octobot_2/lib/python3.8/site-packages:${PYTHONPATH} /usr/bin/python3 setup.py develop --editable --build-directory /home/deivideich/Holonomic_Base_Simulation/ros_2_ws/src/octobot_2/build/octobot_2/build --no-deps install_data
[1.883s] running develop
[2.044s] running egg_info
[2.045s] creating octobot_2.egg-info
[2.045s] writing octobot_2.egg-info/PKG-INFO
[2.045s] writing dependency_links to octobot_2.egg-info/dependency_links.txt
[2.045s] writing entry points to octobot_2.egg-info/entry_points.txt
[2.045s] writing requirements to octobot_2.egg-info/requires.txt
[2.045s] writing top-level names to octobot_2.egg-info/top_level.txt
[2.046s] writing manifest file 'octobot_2.egg-info/SOURCES.txt'
[2.073s] reading manifest file 'octobot_2.egg-info/SOURCES.txt'
[2.074s] writing manifest file 'octobot_2.egg-info/SOURCES.txt'
[2.105s] running build_ext
[2.105s] Creating /home/deivideich/Holonomic_Base_Simulation/ros_2_ws/src/octobot_2/install/octobot_2/lib/python3.8/site-packages/site.py
[2.107s] Creating /home/deivideich/Holonomic_Base_Simulation/ros_2_ws/src/octobot_2/install/octobot_2/lib/python3.8/site-packages/octobot-2.egg-link (link to .)
[2.108s] 
[2.108s] Installed /home/deivideich/Holonomic_Base_Simulation/ros_2_ws/src/octobot_2/build/octobot_2
[2.108s] running install_data
[2.108s] creating /home/deivideich/Holonomic_Base_Simulation/ros_2_ws/src/octobot_2/install/octobot_2/share/ament_index
[2.109s] creating /home/deivideich/Holonomic_Base_Simulation/ros_2_ws/src/octobot_2/install/octobot_2/share/ament_index/resource_index
[2.109s] creating /home/deivideich/Holonomic_Base_Simulation/ros_2_ws/src/octobot_2/install/octobot_2/share/ament_index/resource_index/packages
[2.109s] copying resource/octobot_2 -> /home/deivideich/Holonomic_Base_Simulation/ros_2_ws/src/octobot_2/install/octobot_2/share/ament_index/resource_index/packages
[2.109s] copying package.xml -> /home/deivideich/Holonomic_Base_Simulation/ros_2_ws/src/octobot_2/install/octobot_2/share/octobot_2
[2.109s] creating /home/deivideich/Holonomic_Base_Simulation/ros_2_ws/src/octobot_2/install/octobot_2/share/octobot_2/urdf
[2.109s] copying urdf/NuevaBaseMetal2.urdf -> /home/deivideich/Holonomic_Base_Simulation/ros_2_ws/src/octobot_2/install/octobot_2/share/octobot_2/urdf
[2.109s] creating /home/deivideich/Holonomic_Base_Simulation/ros_2_ws/src/octobot_2/install/octobot_2/share/octobot_2/launch
[2.109s] copying launch/gazebo.launch.py -> /home/deivideich/Holonomic_Base_Simulation/ros_2_ws/src/octobot_2/install/octobot_2/share/octobot_2/launch
[2.109s] copying launch/rsp.launch.py -> /home/deivideich/Holonomic_Base_Simulation/ros_2_ws/src/octobot_2/install/octobot_2/share/octobot_2/launch
[2.109s] copying launch/display.launch copy.py -> /home/deivideich/Holonomic_Base_Simulation/ros_2_ws/src/octobot_2/install/octobot_2/share/octobot_2/launch
[2.109s] creating /home/deivideich/Holonomic_Base_Simulation/ros_2_ws/src/octobot_2/install/octobot_2/share/octobot_2/meshes
[2.110s] copying meshes/BL_Link.STL -> /home/deivideich/Holonomic_Base_Simulation/ros_2_ws/src/octobot_2/install/octobot_2/share/octobot_2/meshes
[2.118s] copying meshes/Camera_Link.STL -> /home/deivideich/Holonomic_Base_Simulation/ros_2_ws/src/octobot_2/install/octobot_2/share/octobot_2/meshes
[2.118s] copying meshes/Lidar_Link.STL -> /home/deivideich/Holonomic_Base_Simulation/ros_2_ws/src/octobot_2/install/octobot_2/share/octobot_2/meshes
[2.118s] copying meshes/FR_Link.STL -> /home/deivideich/Holonomic_Base_Simulation/ros_2_ws/src/octobot_2/install/octobot_2/share/octobot_2/meshes
[2.124s] copying meshes/BR_Link.STL -> /home/deivideich/Holonomic_Base_Simulation/ros_2_ws/src/octobot_2/install/octobot_2/share/octobot_2/meshes
[2.132s] copying meshes/FL_Link.STL -> /home/deivideich/Holonomic_Base_Simulation/ros_2_ws/src/octobot_2/install/octobot_2/share/octobot_2/meshes
[2.139s] copying meshes/Base_link.STL -> /home/deivideich/Holonomic_Base_Simulation/ros_2_ws/src/octobot_2/install/octobot_2/share/octobot_2/meshes
[2.141s] creating /home/deivideich/Holonomic_Base_Simulation/ros_2_ws/src/octobot_2/install/octobot_2/share/octobot_2/worlds
[2.174s] Invoked command in '/home/deivideich/Holonomic_Base_Simulation/ros_2_ws/src/octobot_2/build/octobot_2' returned '0': PYTHONPATH=/home/deivideich/Holonomic_Base_Simulation/ros_2_ws/src/octobot_2/build/octobot_2/prefix_override:/home/deivideich/Holonomic_Base_Simulation/ros_2_ws/src/octobot_2/install/octobot_2/lib/python3.8/site-packages:${PYTHONPATH} /usr/bin/python3 setup.py develop --editable --build-directory /home/deivideich/Holonomic_Base_Simulation/ros_2_ws/src/octobot_2/build/octobot_2/build --no-deps install_data
