[0.343s] Invoking command in '/home/deivideich/Holonomic_Base_Simulation/ros_2_ws/build/nav2_voxel_grid': AMENT_PREFIX_PATH=/home/deivideich/Holonomic_Base_Simulation/ros_2_ws/install/nav2_common:${AMENT_PREFIX_PATH} CMAKE_PREFIX_PATH=/home/deivideich/Holonomic_Base_Simulation/ros_2_ws/install/nav2_common:/home/deivideich/Holonomic_Base_Simulation/ros_2_ws/install/octobot_2:/opt/ros/foxy:${CMAKE_PREFIX_PATH} PYTHONPATH=/home/deivideich/Holonomic_Base_Simulation/ros_2_ws/install/nav2_common/lib/python3.8/site-packages:${PYTHONPATH} /usr/bin/cmake --build /home/deivideich/Holonomic_Base_Simulation/ros_2_ws/build/nav2_voxel_grid -- -j16 -l16
[0.379s] [ 25%] Built target gtest
[0.380s] [ 50%] Built target gtest_main
[0.386s] [ 75%] Built target voxel_grid
[0.411s] [100%] Built target voxel_grid_tests
[0.812s] Invoked command in '/home/deivideich/Holonomic_Base_Simulation/ros_2_ws/build/nav2_voxel_grid' returned '0': AMENT_PREFIX_PATH=/home/deivideich/Holonomic_Base_Simulation/ros_2_ws/install/nav2_common:${AMENT_PREFIX_PATH} CMAKE_PREFIX_PATH=/home/deivideich/Holonomic_Base_Simulation/ros_2_ws/install/nav2_common:/home/deivideich/Holonomic_Base_Simulation/ros_2_ws/install/octobot_2:/opt/ros/foxy:${CMAKE_PREFIX_PATH} PYTHONPATH=/home/deivideich/Holonomic_Base_Simulation/ros_2_ws/install/nav2_common/lib/python3.8/site-packages:${PYTHONPATH} /usr/bin/cmake --build /home/deivideich/Holonomic_Base_Simulation/ros_2_ws/build/nav2_voxel_grid -- -j16 -l16
[1.024s] Invoking command in '/home/deivideich/Holonomic_Base_Simulation/ros_2_ws/build/nav2_voxel_grid': AMENT_PREFIX_PATH=/home/deivideich/Holonomic_Base_Simulation/ros_2_ws/install/nav2_common:${AMENT_PREFIX_PATH} CMAKE_PREFIX_PATH=/home/deivideich/Holonomic_Base_Simulation/ros_2_ws/install/nav2_common:/home/deivideich/Holonomic_Base_Simulation/ros_2_ws/install/octobot_2:/opt/ros/foxy:${CMAKE_PREFIX_PATH} PYTHONPATH=/home/deivideich/Holonomic_Base_Simulation/ros_2_ws/install/nav2_common/lib/python3.8/site-packages:${PYTHONPATH} /usr/bin/cmake --install /home/deivideich/Holonomic_Base_Simulation/ros_2_ws/build/nav2_voxel_grid
[1.032s] -- Install configuration: "Release"
[1.032s] -- Up-to-date: /home/deivideich/Holonomic_Base_Simulation/ros_2_ws/install/nav2_voxel_grid/lib/libvoxel_grid.so
[1.032s] -- Up-to-date: /home/deivideich/Holonomic_Base_Simulation/ros_2_ws/install/nav2_voxel_grid/include
[1.032s] -- Up-to-date: /home/deivideich/Holonomic_Base_Simulation/ros_2_ws/install/nav2_voxel_grid/include/nav2_voxel_grid
[1.032s] -- Up-to-date: /home/deivideich/Holonomic_Base_Simulation/ros_2_ws/install/nav2_voxel_grid/include/nav2_voxel_grid/voxel_grid.hpp
[1.033s] -- Up-to-date: /home/deivideich/Holonomic_Base_Simulation/ros_2_ws/install/nav2_voxel_grid/share/nav2_voxel_grid/environment/library_path.sh
[1.033s] -- Up-to-date: /home/deivideich/Holonomic_Base_Simulation/ros_2_ws/install/nav2_voxel_grid/share/nav2_voxel_grid/environment/library_path.dsv
[1.033s] -- Up-to-date: /home/deivideich/Holonomic_Base_Simulation/ros_2_ws/install/nav2_voxel_grid/share/ament_index/resource_index/package_run_dependencies/nav2_voxel_grid
[1.033s] -- Up-to-date: /home/deivideich/Holonomic_Base_Simulation/ros_2_ws/install/nav2_voxel_grid/share/ament_index/resource_index/parent_prefix_path/nav2_voxel_grid
[1.033s] -- Up-to-date: /home/deivideich/Holonomic_Base_Simulation/ros_2_ws/install/nav2_voxel_grid/share/nav2_voxel_grid/environment/ament_prefix_path.sh
[1.033s] -- Up-to-date: /home/deivideich/Holonomic_Base_Simulation/ros_2_ws/install/nav2_voxel_grid/share/nav2_voxel_grid/environment/ament_prefix_path.dsv
[1.033s] -- Up-to-date: /home/deivideich/Holonomic_Base_Simulation/ros_2_ws/install/nav2_voxel_grid/share/nav2_voxel_grid/environment/path.sh
[1.033s] -- Up-to-date: /home/deivideich/Holonomic_Base_Simulation/ros_2_ws/install/nav2_voxel_grid/share/nav2_voxel_grid/environment/path.dsv
[1.033s] -- Up-to-date: /home/deivideich/Holonomic_Base_Simulation/ros_2_ws/install/nav2_voxel_grid/share/nav2_voxel_grid/local_setup.bash
[1.034s] -- Up-to-date: /home/deivideich/Holonomic_Base_Simulation/ros_2_ws/install/nav2_voxel_grid/share/nav2_voxel_grid/local_setup.sh
[1.034s] -- Up-to-date: /home/deivideich/Holonomic_Base_Simulation/ros_2_ws/install/nav2_voxel_grid/share/nav2_voxel_grid/local_setup.zsh
[1.034s] -- Up-to-date: /home/deivideich/Holonomic_Base_Simulation/ros_2_ws/install/nav2_voxel_grid/share/nav2_voxel_grid/local_setup.dsv
[1.034s] -- Installing: /home/deivideich/Holonomic_Base_Simulation/ros_2_ws/install/nav2_voxel_grid/share/nav2_voxel_grid/package.dsv
[1.034s] -- Up-to-date: /home/deivideich/Holonomic_Base_Simulation/ros_2_ws/install/nav2_voxel_grid/share/ament_index/resource_index/packages/nav2_voxel_grid
[1.034s] -- Up-to-date: /home/deivideich/Holonomic_Base_Simulation/ros_2_ws/install/nav2_voxel_grid/share/nav2_voxel_grid/cmake/ament_cmake_export_dependencies-extras.cmake
[1.034s] -- Up-to-date: /home/deivideich/Holonomic_Base_Simulation/ros_2_ws/install/nav2_voxel_grid/share/nav2_voxel_grid/cmake/ament_cmake_export_include_directories-extras.cmake
[1.035s] -- Up-to-date: /home/deivideich/Holonomic_Base_Simulation/ros_2_ws/install/nav2_voxel_grid/share/nav2_voxel_grid/cmake/ament_cmake_export_libraries-extras.cmake
[1.035s] -- Up-to-date: /home/deivideich/Holonomic_Base_Simulation/ros_2_ws/install/nav2_voxel_grid/share/nav2_voxel_grid/cmake/nav2_voxel_gridConfig.cmake
[1.035s] -- Up-to-date: /home/deivideich/Holonomic_Base_Simulation/ros_2_ws/install/nav2_voxel_grid/share/nav2_voxel_grid/cmake/nav2_voxel_gridConfig-version.cmake
[1.035s] -- Up-to-date: /home/deivideich/Holonomic_Base_Simulation/ros_2_ws/install/nav2_voxel_grid/share/nav2_voxel_grid/package.xml
[1.036s] Invoked command in '/home/deivideich/Holonomic_Base_Simulation/ros_2_ws/build/nav2_voxel_grid' returned '0': AMENT_PREFIX_PATH=/home/deivideich/Holonomic_Base_Simulation/ros_2_ws/install/nav2_common:${AMENT_PREFIX_PATH} CMAKE_PREFIX_PATH=/home/deivideich/Holonomic_Base_Simulation/ros_2_ws/install/nav2_common:/home/deivideich/Holonomic_Base_Simulation/ros_2_ws/install/octobot_2:/opt/ros/foxy:${CMAKE_PREFIX_PATH} PYTHONPATH=/home/deivideich/Holonomic_Base_Simulation/ros_2_ws/install/nav2_common/lib/python3.8/site-packages:${PYTHONPATH} /usr/bin/cmake --install /home/deivideich/Holonomic_Base_Simulation/ros_2_ws/build/nav2_voxel_grid
