[1.720s] Invoking command in '/home/deivideich/Holonomic_Base_Simulation/ros_2_ws/build/nav2_behavior_tree': CMAKE_PREFIX_PATH=/home/deivideich/Holonomic_Base_Simulation/ros_2_ws/install/nav2_util:/home/deivideich/Holonomic_Base_Simulation/ros_2_ws/install/nav2_msgs:/home/deivideich/Holonomic_Base_Simulation/ros_2_ws/install/nav2_common:/home/deivideich/Holonomic_Base_Simulation/ros_2_ws/install/nav2_system_tests:/home/deivideich/Holonomic_Base_Simulation/ros_2_ws/install/nav2_bringup:/home/deivideich/Holonomic_Base_Simulation/ros_2_ws/install/navigation2:/home/deivideich/Holonomic_Base_Simulation/ros_2_ws/install/smac_planner:/home/deivideich/Holonomic_Base_Simulation/ros_2_ws/install/nav2_dwb_controller:/home/deivideich/Holonomic_Base_Simulation/ros_2_ws/install/nav2_controller:/home/deivideich/Holonomic_Base_Simulation/ros_2_ws/install/dwb_plugins:/home/deivideich/Holonomic_Base_Simulation/ros_2_ws/install/dwb_critics:/home/deivideich/Holonomic_Base_Simulation/ros_2_ws/install/dwb_core:/home/deivideich/Holonomic_Base_Simulation/ros_2_ws/install/nav_2d_utils:/home/deivideich/Holonomic_Base_Simulation/ros_2_ws/install/dwb_msgs:/home/deivideich/Holonomic_Base_Simulation/ros_2_ws/install/nav_2d_msgs:/home/deivideich/Holonomic_Base_Simulation/ros_2_ws/install/nav2_waypoint_follower:/home/deivideich/Holonomic_Base_Simulation/ros_2_ws/install/nav2_regulated_pure_pursuit_controller:/home/deivideich/Holonomic_Base_Simulation/ros_2_ws/install/nav2_recoveries:/home/deivideich/Holonomic_Base_Simulation/ros_2_ws/install/nav2_planner:/home/deivideich/Holonomic_Base_Simulation/ros_2_ws/install/nav2_navfn_planner:/home/deivideich/Holonomic_Base_Simulation/ros_2_ws/install/nav2_core:/home/deivideich/Holonomic_Base_Simulation/ros_2_ws/install/costmap_queue:/home/deivideich/Holonomic_Base_Simulation/ros_2_ws/install/nav2_costmap_2d:/home/deivideich/Holonomic_Base_Simulation/ros_2_ws/install/nav2_voxel_grid:/home/deivideich/Holonomic_Base_Simulation/ros_2_ws/install/nav2_rviz_plugins:/home/deivideich/Holonomic_Base_Simulation/ros_2_ws/install/nav2_map_server:/home/deivideich/Holonomic_Base_Simulation/ros_2_ws/install/nav2_lifecycle_manager:/home/deivideich/Holonomic_Base_Simulation/ros_2_ws/install/nav2_bt_navigator:/home/deivideich/Holonomic_Base_Simulation/ros_2_ws/install/nav2_behavior_tree:/home/deivideich/Holonomic_Base_Simulation/ros_2_ws/install/nav2_amcl:/home/deivideich/axebot_example/install/omnidirectional_controllers:/home/deivideich/axebot_example/install/axebot_gazebo:/home/deivideich/axebot_example/install/axebot_description:/home/deivideich/axebot_example/install/axebot_control:/home/deivideich/axebot_example/src/install/omnidirectional_controllers:/home/deivideich/axebot_example/src/install/axebot_gazebo:/home/deivideich/axebot_example/src/install/axebot_description:/home/deivideich/axebot_example/src/install/axebot_control:/home/deivideich/Holonomic_Base_Simulation/ros_2_ws/src/octobot_2/install/octobot_2:/home/deivideich/Holonomic_Base_Simulation/ros_2_ws/install/octobot_2:/home/deivideich/Holonomic_Base_Simulation/ros_2_ws/install/nav2_gazebo_spawner:/opt/ros/foxy:/opt/ros/noetic LD_LIBRARY_PATH=/home/deivideich/Holonomic_Base_Simulation/ros_2_ws/install/nav2_util/lib:/home/deivideich/Holonomic_Base_Simulation/ros_2_ws/install/nav2_msgs/lib:/home/deivideich/Holonomic_Base_Simulation/ros_2_ws/install/smac_planner/lib:/home/deivideich/Holonomic_Base_Simulation/ros_2_ws/install/nav2_controller/lib:/home/deivideich/Holonomic_Base_Simulation/ros_2_ws/install/dwb_plugins/lib:/home/deivideich/Holonomic_Base_Simulation/ros_2_ws/install/dwb_critics/lib:/home/deivideich/Holonomic_Base_Simulation/ros_2_ws/install/dwb_core/lib:/home/deivideich/Holonomic_Base_Simulation/ros_2_ws/install/nav_2d_utils/lib:/home/deivideich/Holonomic_Base_Simulation/ros_2_ws/install/dwb_msgs/lib:/home/deivideich/Holonomic_Base_Simulation/ros_2_ws/install/nav_2d_msgs/lib:/home/deivideich/Holonomic_Base_Simulation/ros_2_ws/install/nav2_waypoint_follower/lib:/home/deivideich/Holonomic_Base_Simulation/ros_2_ws/install/nav2_regulated_pure_pursuit_controller/lib:/home/deivideich/Holonomic_Base_Simulation/ros_2_ws/install/nav2_recoveries/lib:/home/deivideich/Holonomic_Base_Simulation/ros_2_ws/install/nav2_planner/lib:/home/deivideich/Holonomic_Base_Simulation/ros_2_ws/install/nav2_navfn_planner/lib:/home/deivideich/Holonomic_Base_Simulation/ros_2_ws/install/costmap_queue/lib:/home/deivideich/Holonomic_Base_Simulation/ros_2_ws/install/nav2_costmap_2d/lib:/home/deivideich/Holonomic_Base_Simulation/ros_2_ws/install/nav2_voxel_grid/lib:/home/deivideich/Holonomic_Base_Simulation/ros_2_ws/install/nav2_rviz_plugins/lib:/home/deivideich/Holonomic_Base_Simulation/ros_2_ws/install/nav2_map_server/lib:/home/deivideich/Holonomic_Base_Simulation/ros_2_ws/install/nav2_lifecycle_manager/lib:/home/deivideich/Holonomic_Base_Simulation/ros_2_ws/install/nav2_bt_navigator/lib:/home/deivideich/Holonomic_Base_Simulation/ros_2_ws/install/nav2_behavior_tree/lib:/home/deivideich/Holonomic_Base_Simulation/ros_2_ws/install/nav2_amcl/lib:/home/deivideich/axebot_example/install/omnidirectional_controllers/lib:/home/deivideich/axebot_example/src/install/omnidirectional_controllers/lib:/usr/lib/x86_64-linux-gnu/gazebo-11/plugins:/opt/ros/foxy/opt/yaml_cpp_vendor/lib:/opt/ros/foxy/opt/rviz_ogre_vendor/lib:/opt/ros/foxy/lib/x86_64-linux-gnu:/opt/ros/foxy/lib:/opt/ros/noetic/lib:/opt/ros/noetic/lib/x86_64-linux-gnu PYTHONPATH=/home/deivideich/Holonomic_Base_Simulation/ros_2_ws/install/nav2_msgs/lib/python3.8/site-packages:/home/deivideich/Holonomic_Base_Simulation/ros_2_ws/install/nav2_common/lib/python3.8/site-packages:/home/deivideich/Holonomic_Base_Simulation/ros_2_ws/src/octobot_2/install/octobot_2/lib/python3.8/site-packages:/home/deivideich/Holonomic_Base_Simulation/ros_2_ws/install/octobot_2/lib/python3.8/site-packages:/home/deivideich/Holonomic_Base_Simulation/ros_2_ws/install/dwb_msgs/lib/python3.8/site-packages:/home/deivideich/Holonomic_Base_Simulation/ros_2_ws/install/nav_2d_msgs/lib/python3.8/site-packages:/home/deivideich/Holonomic_Base_Simulation/ros_2_ws/install/nav2_gazebo_spawner/lib/python3.8/site-packages:/opt/ros/foxy/lib/python3.8/site-packages:/opt/ros/noetic/lib/python3/dist-packages /usr/bin/cmake --build /home/deivideich/Holonomic_Base_Simulation/ros_2_ws/build/nav2_behavior_tree -- -j16 -l16
[1.848s] [  2%] Built target nav2_transform_available_condition_bt_node
[1.850s] [  4%] Built target nav2_wait_action_bt_node
[1.850s] [  6%] Built target nav2_spin_action_bt_node
[1.853s] [  8%] Built target nav2_goal_updated_condition_bt_node
[1.853s] [ 10%] Built target nav2_pipeline_sequence_bt_node
[1.858s] [ 12%] Built target nav2_is_stuck_condition_bt_node
[1.861s] [ 14%] Built target nav2_initial_pose_received_condition_bt_node
[1.865s] [ 16%] Built target nav2_goal_updater_node_bt_node
[1.866s] [ 18%] Built target nav2_compute_path_to_pose_action_bt_node
[1.869s] [ 20%] Built target nav2_behavior_tree
[1.869s] [ 22%] Built target nav2_distance_traveled_condition_bt_node
[1.869s] [ 24%] Built target nav2_follow_path_action_bt_node
[1.870s] [ 26%] Built target nav2_goal_reached_condition_bt_node
[1.871s] [ 28%] Built target nav2_time_expired_condition_bt_node
[1.922s] [ 30%] Built target nav2_is_battery_low_condition_bt_node
[1.935s] [ 34%] Built target nav2_reinitialize_global_localization_service_bt_node
[1.936s] [ 34%] Built target nav2_rate_controller_bt_node
[1.946s] [ 36%] Built target nav2_round_robin_node_bt_node
[1.954s] [ 38%] Built target nav2_distance_controller_bt_node
[1.960s] [ 40%] Built target nav2_speed_controller_bt_node
[1.971s] [ 42%] Built target nav2_back_up_action_bt_node
[1.976s] [ 45%] Built target nav2_clear_costmap_service_bt_node
[1.977s] [ 46%] Built target nav2_navigate_to_pose_action_bt_node
[1.984s] [ 48%] Built target gtest
[1.985s] [ 51%] Built target nav2_truncate_path_action_bt_node
[1.990s] [ 53%] Built target nav2_recovery_node_bt_node
[1.992s] [ 55%] Built target gtest_main
[2.096s] [ 57%] Built target test_bt_conversions
[2.103s] [ 59%] Built target test_condition_distance_traveled
[2.107s] [ 61%] Built target test_condition_goal_updated
[2.114s] [ 65%] Built target test_condition_is_battery_low
[2.114s] [ 65%] Built target test_condition_initial_pose_received
[2.116s] [ 67%] Built target test_condition_time_expired
[2.119s] [ 75%] Built target test_decorator_rate_controller
[2.119s] [ 75%] Built target test_goal_updater_node
[2.120s] [ 69%] Built target test_condition_transform_available
[2.120s] [ 71%] Built target test_condition_goal_reached
[2.127s] [ 77%] Built target test_decorator_speed_controller
[2.131s] [ 79%] Built target test_condition_is_stuck
[2.174s] [ 87%] Built target test_control_recovery_node
[2.174s] [ 87%] Built target test_truncate_path_action
[2.174s] [ 87%] Built target test_decorator_distance_controller
[2.174s] [ 87%] Built target test_control_round_robin_node
[2.184s] [ 91%] Built target test_action_clear_costmap_service
[2.184s] [ 91%] Built target test_action_navigate_to_pose_action
[2.186s] [ 93%] Built target test_control_pipeline_sequence
[2.187s] [ 95%] Built target test_action_reinitialize_global_localization_service
[2.192s] [ 97%] Built target test_action_follow_path_action
[2.193s] [100%] Built target test_action_compute_path_to_pose_action
[2.535s] Invoked command in '/home/deivideich/Holonomic_Base_Simulation/ros_2_ws/build/nav2_behavior_tree' returned '0': CMAKE_PREFIX_PATH=/home/deivideich/Holonomic_Base_Simulation/ros_2_ws/install/nav2_util:/home/deivideich/Holonomic_Base_Simulation/ros_2_ws/install/nav2_msgs:/home/deivideich/Holonomic_Base_Simulation/ros_2_ws/install/nav2_common:/home/deivideich/Holonomic_Base_Simulation/ros_2_ws/install/nav2_system_tests:/home/deivideich/Holonomic_Base_Simulation/ros_2_ws/install/nav2_bringup:/home/deivideich/Holonomic_Base_Simulation/ros_2_ws/install/navigation2:/home/deivideich/Holonomic_Base_Simulation/ros_2_ws/install/smac_planner:/home/deivideich/Holonomic_Base_Simulation/ros_2_ws/install/nav2_dwb_controller:/home/deivideich/Holonomic_Base_Simulation/ros_2_ws/install/nav2_controller:/home/deivideich/Holonomic_Base_Simulation/ros_2_ws/install/dwb_plugins:/home/deivideich/Holonomic_Base_Simulation/ros_2_ws/install/dwb_critics:/home/deivideich/Holonomic_Base_Simulation/ros_2_ws/install/dwb_core:/home/deivideich/Holonomic_Base_Simulation/ros_2_ws/install/nav_2d_utils:/home/deivideich/Holonomic_Base_Simulation/ros_2_ws/install/dwb_msgs:/home/deivideich/Holonomic_Base_Simulation/ros_2_ws/install/nav_2d_msgs:/home/deivideich/Holonomic_Base_Simulation/ros_2_ws/install/nav2_waypoint_follower:/home/deivideich/Holonomic_Base_Simulation/ros_2_ws/install/nav2_regulated_pure_pursuit_controller:/home/deivideich/Holonomic_Base_Simulation/ros_2_ws/install/nav2_recoveries:/home/deivideich/Holonomic_Base_Simulation/ros_2_ws/install/nav2_planner:/home/deivideich/Holonomic_Base_Simulation/ros_2_ws/install/nav2_navfn_planner:/home/deivideich/Holonomic_Base_Simulation/ros_2_ws/install/nav2_core:/home/deivideich/Holonomic_Base_Simulation/ros_2_ws/install/costmap_queue:/home/deivideich/Holonomic_Base_Simulation/ros_2_ws/install/nav2_costmap_2d:/home/deivideich/Holonomic_Base_Simulation/ros_2_ws/install/nav2_voxel_grid:/home/deivideich/Holonomic_Base_Simulation/ros_2_ws/install/nav2_rviz_plugins:/home/deivideich/Holonomic_Base_Simulation/ros_2_ws/install/nav2_map_server:/home/deivideich/Holonomic_Base_Simulation/ros_2_ws/install/nav2_lifecycle_manager:/home/deivideich/Holonomic_Base_Simulation/ros_2_ws/install/nav2_bt_navigator:/home/deivideich/Holonomic_Base_Simulation/ros_2_ws/install/nav2_behavior_tree:/home/deivideich/Holonomic_Base_Simulation/ros_2_ws/install/nav2_amcl:/home/deivideich/axebot_example/install/omnidirectional_controllers:/home/deivideich/axebot_example/install/axebot_gazebo:/home/deivideich/axebot_example/install/axebot_description:/home/deivideich/axebot_example/install/axebot_control:/home/deivideich/axebot_example/src/install/omnidirectional_controllers:/home/deivideich/axebot_example/src/install/axebot_gazebo:/home/deivideich/axebot_example/src/install/axebot_description:/home/deivideich/axebot_example/src/install/axebot_control:/home/deivideich/Holonomic_Base_Simulation/ros_2_ws/src/octobot_2/install/octobot_2:/home/deivideich/Holonomic_Base_Simulation/ros_2_ws/install/octobot_2:/home/deivideich/Holonomic_Base_Simulation/ros_2_ws/install/nav2_gazebo_spawner:/opt/ros/foxy:/opt/ros/noetic LD_LIBRARY_PATH=/home/deivideich/Holonomic_Base_Simulation/ros_2_ws/install/nav2_util/lib:/home/deivideich/Holonomic_Base_Simulation/ros_2_ws/install/nav2_msgs/lib:/home/deivideich/Holonomic_Base_Simulation/ros_2_ws/install/smac_planner/lib:/home/deivideich/Holonomic_Base_Simulation/ros_2_ws/install/nav2_controller/lib:/home/deivideich/Holonomic_Base_Simulation/ros_2_ws/install/dwb_plugins/lib:/home/deivideich/Holonomic_Base_Simulation/ros_2_ws/install/dwb_critics/lib:/home/deivideich/Holonomic_Base_Simulation/ros_2_ws/install/dwb_core/lib:/home/deivideich/Holonomic_Base_Simulation/ros_2_ws/install/nav_2d_utils/lib:/home/deivideich/Holonomic_Base_Simulation/ros_2_ws/install/dwb_msgs/lib:/home/deivideich/Holonomic_Base_Simulation/ros_2_ws/install/nav_2d_msgs/lib:/home/deivideich/Holonomic_Base_Simulation/ros_2_ws/install/nav2_waypoint_follower/lib:/home/deivideich/Holonomic_Base_Simulation/ros_2_ws/install/nav2_regulated_pure_pursuit_controller/lib:/home/deivideich/Holonomic_Base_Simulation/ros_2_ws/install/nav2_recoveries/lib:/home/deivideich/Holonomic_Base_Simulation/ros_2_ws/install/nav2_planner/lib:/home/deivideich/Holonomic_Base_Simulation/ros_2_ws/install/nav2_navfn_planner/lib:/home/deivideich/Holonomic_Base_Simulation/ros_2_ws/install/costmap_queue/lib:/home/deivideich/Holonomic_Base_Simulation/ros_2_ws/install/nav2_costmap_2d/lib:/home/deivideich/Holonomic_Base_Simulation/ros_2_ws/install/nav2_voxel_grid/lib:/home/deivideich/Holonomic_Base_Simulation/ros_2_ws/install/nav2_rviz_plugins/lib:/home/deivideich/Holonomic_Base_Simulation/ros_2_ws/install/nav2_map_server/lib:/home/deivideich/Holonomic_Base_Simulation/ros_2_ws/install/nav2_lifecycle_manager/lib:/home/deivideich/Holonomic_Base_Simulation/ros_2_ws/install/nav2_bt_navigator/lib:/home/deivideich/Holonomic_Base_Simulation/ros_2_ws/install/nav2_behavior_tree/lib:/home/deivideich/Holonomic_Base_Simulation/ros_2_ws/install/nav2_amcl/lib:/home/deivideich/axebot_example/install/omnidirectional_controllers/lib:/home/deivideich/axebot_example/src/install/omnidirectional_controllers/lib:/usr/lib/x86_64-linux-gnu/gazebo-11/plugins:/opt/ros/foxy/opt/yaml_cpp_vendor/lib:/opt/ros/foxy/opt/rviz_ogre_vendor/lib:/opt/ros/foxy/lib/x86_64-linux-gnu:/opt/ros/foxy/lib:/opt/ros/noetic/lib:/opt/ros/noetic/lib/x86_64-linux-gnu PYTHONPATH=/home/deivideich/Holonomic_Base_Simulation/ros_2_ws/install/nav2_msgs/lib/python3.8/site-packages:/home/deivideich/Holonomic_Base_Simulation/ros_2_ws/install/nav2_common/lib/python3.8/site-packages:/home/deivideich/Holonomic_Base_Simulation/ros_2_ws/src/octobot_2/install/octobot_2/lib/python3.8/site-packages:/home/deivideich/Holonomic_Base_Simulation/ros_2_ws/install/octobot_2/lib/python3.8/site-packages:/home/deivideich/Holonomic_Base_Simulation/ros_2_ws/install/dwb_msgs/lib/python3.8/site-packages:/home/deivideich/Holonomic_Base_Simulation/ros_2_ws/install/nav_2d_msgs/lib/python3.8/site-packages:/home/deivideich/Holonomic_Base_Simulation/ros_2_ws/install/nav2_gazebo_spawner/lib/python3.8/site-packages:/opt/ros/foxy/lib/python3.8/site-packages:/opt/ros/noetic/lib/python3/dist-packages /usr/bin/cmake --build /home/deivideich/Holonomic_Base_Simulation/ros_2_ws/build/nav2_behavior_tree -- -j16 -l16
[3.272s] Invoking command in '/home/deivideich/Holonomic_Base_Simulation/ros_2_ws/build/nav2_behavior_tree': CMAKE_PREFIX_PATH=/home/deivideich/Holonomic_Base_Simulation/ros_2_ws/install/nav2_util:/home/deivideich/Holonomic_Base_Simulation/ros_2_ws/install/nav2_msgs:/home/deivideich/Holonomic_Base_Simulation/ros_2_ws/install/nav2_common:/home/deivideich/Holonomic_Base_Simulation/ros_2_ws/install/nav2_system_tests:/home/deivideich/Holonomic_Base_Simulation/ros_2_ws/install/nav2_bringup:/home/deivideich/Holonomic_Base_Simulation/ros_2_ws/install/navigation2:/home/deivideich/Holonomic_Base_Simulation/ros_2_ws/install/smac_planner:/home/deivideich/Holonomic_Base_Simulation/ros_2_ws/install/nav2_dwb_controller:/home/deivideich/Holonomic_Base_Simulation/ros_2_ws/install/nav2_controller:/home/deivideich/Holonomic_Base_Simulation/ros_2_ws/install/dwb_plugins:/home/deivideich/Holonomic_Base_Simulation/ros_2_ws/install/dwb_critics:/home/deivideich/Holonomic_Base_Simulation/ros_2_ws/install/dwb_core:/home/deivideich/Holonomic_Base_Simulation/ros_2_ws/install/nav_2d_utils:/home/deivideich/Holonomic_Base_Simulation/ros_2_ws/install/dwb_msgs:/home/deivideich/Holonomic_Base_Simulation/ros_2_ws/install/nav_2d_msgs:/home/deivideich/Holonomic_Base_Simulation/ros_2_ws/install/nav2_waypoint_follower:/home/deivideich/Holonomic_Base_Simulation/ros_2_ws/install/nav2_regulated_pure_pursuit_controller:/home/deivideich/Holonomic_Base_Simulation/ros_2_ws/install/nav2_recoveries:/home/deivideich/Holonomic_Base_Simulation/ros_2_ws/install/nav2_planner:/home/deivideich/Holonomic_Base_Simulation/ros_2_ws/install/nav2_navfn_planner:/home/deivideich/Holonomic_Base_Simulation/ros_2_ws/install/nav2_core:/home/deivideich/Holonomic_Base_Simulation/ros_2_ws/install/costmap_queue:/home/deivideich/Holonomic_Base_Simulation/ros_2_ws/install/nav2_costmap_2d:/home/deivideich/Holonomic_Base_Simulation/ros_2_ws/install/nav2_voxel_grid:/home/deivideich/Holonomic_Base_Simulation/ros_2_ws/install/nav2_rviz_plugins:/home/deivideich/Holonomic_Base_Simulation/ros_2_ws/install/nav2_map_server:/home/deivideich/Holonomic_Base_Simulation/ros_2_ws/install/nav2_lifecycle_manager:/home/deivideich/Holonomic_Base_Simulation/ros_2_ws/install/nav2_bt_navigator:/home/deivideich/Holonomic_Base_Simulation/ros_2_ws/install/nav2_behavior_tree:/home/deivideich/Holonomic_Base_Simulation/ros_2_ws/install/nav2_amcl:/home/deivideich/axebot_example/install/omnidirectional_controllers:/home/deivideich/axebot_example/install/axebot_gazebo:/home/deivideich/axebot_example/install/axebot_description:/home/deivideich/axebot_example/install/axebot_control:/home/deivideich/axebot_example/src/install/omnidirectional_controllers:/home/deivideich/axebot_example/src/install/axebot_gazebo:/home/deivideich/axebot_example/src/install/axebot_description:/home/deivideich/axebot_example/src/install/axebot_control:/home/deivideich/Holonomic_Base_Simulation/ros_2_ws/src/octobot_2/install/octobot_2:/home/deivideich/Holonomic_Base_Simulation/ros_2_ws/install/octobot_2:/home/deivideich/Holonomic_Base_Simulation/ros_2_ws/install/nav2_gazebo_spawner:/opt/ros/foxy:/opt/ros/noetic LD_LIBRARY_PATH=/home/deivideich/Holonomic_Base_Simulation/ros_2_ws/install/nav2_util/lib:/home/deivideich/Holonomic_Base_Simulation/ros_2_ws/install/nav2_msgs/lib:/home/deivideich/Holonomic_Base_Simulation/ros_2_ws/install/smac_planner/lib:/home/deivideich/Holonomic_Base_Simulation/ros_2_ws/install/nav2_controller/lib:/home/deivideich/Holonomic_Base_Simulation/ros_2_ws/install/dwb_plugins/lib:/home/deivideich/Holonomic_Base_Simulation/ros_2_ws/install/dwb_critics/lib:/home/deivideich/Holonomic_Base_Simulation/ros_2_ws/install/dwb_core/lib:/home/deivideich/Holonomic_Base_Simulation/ros_2_ws/install/nav_2d_utils/lib:/home/deivideich/Holonomic_Base_Simulation/ros_2_ws/install/dwb_msgs/lib:/home/deivideich/Holonomic_Base_Simulation/ros_2_ws/install/nav_2d_msgs/lib:/home/deivideich/Holonomic_Base_Simulation/ros_2_ws/install/nav2_waypoint_follower/lib:/home/deivideich/Holonomic_Base_Simulation/ros_2_ws/install/nav2_regulated_pure_pursuit_controller/lib:/home/deivideich/Holonomic_Base_Simulation/ros_2_ws/install/nav2_recoveries/lib:/home/deivideich/Holonomic_Base_Simulation/ros_2_ws/install/nav2_planner/lib:/home/deivideich/Holonomic_Base_Simulation/ros_2_ws/install/nav2_navfn_planner/lib:/home/deivideich/Holonomic_Base_Simulation/ros_2_ws/install/costmap_queue/lib:/home/deivideich/Holonomic_Base_Simulation/ros_2_ws/install/nav2_costmap_2d/lib:/home/deivideich/Holonomic_Base_Simulation/ros_2_ws/install/nav2_voxel_grid/lib:/home/deivideich/Holonomic_Base_Simulation/ros_2_ws/install/nav2_rviz_plugins/lib:/home/deivideich/Holonomic_Base_Simulation/ros_2_ws/install/nav2_map_server/lib:/home/deivideich/Holonomic_Base_Simulation/ros_2_ws/install/nav2_lifecycle_manager/lib:/home/deivideich/Holonomic_Base_Simulation/ros_2_ws/install/nav2_bt_navigator/lib:/home/deivideich/Holonomic_Base_Simulation/ros_2_ws/install/nav2_behavior_tree/lib:/home/deivideich/Holonomic_Base_Simulation/ros_2_ws/install/nav2_amcl/lib:/home/deivideich/axebot_example/install/omnidirectional_controllers/lib:/home/deivideich/axebot_example/src/install/omnidirectional_controllers/lib:/usr/lib/x86_64-linux-gnu/gazebo-11/plugins:/opt/ros/foxy/opt/yaml_cpp_vendor/lib:/opt/ros/foxy/opt/rviz_ogre_vendor/lib:/opt/ros/foxy/lib/x86_64-linux-gnu:/opt/ros/foxy/lib:/opt/ros/noetic/lib:/opt/ros/noetic/lib/x86_64-linux-gnu PYTHONPATH=/home/deivideich/Holonomic_Base_Simulation/ros_2_ws/install/nav2_msgs/lib/python3.8/site-packages:/home/deivideich/Holonomic_Base_Simulation/ros_2_ws/install/nav2_common/lib/python3.8/site-packages:/home/deivideich/Holonomic_Base_Simulation/ros_2_ws/src/octobot_2/install/octobot_2/lib/python3.8/site-packages:/home/deivideich/Holonomic_Base_Simulation/ros_2_ws/install/octobot_2/lib/python3.8/site-packages:/home/deivideich/Holonomic_Base_Simulation/ros_2_ws/install/dwb_msgs/lib/python3.8/site-packages:/home/deivideich/Holonomic_Base_Simulation/ros_2_ws/install/nav_2d_msgs/lib/python3.8/site-packages:/home/deivideich/Holonomic_Base_Simulation/ros_2_ws/install/nav2_gazebo_spawner/lib/python3.8/site-packages:/opt/ros/foxy/lib/python3.8/site-packages:/opt/ros/noetic/lib/python3/dist-packages /usr/bin/cmake --install /home/deivideich/Holonomic_Base_Simulation/ros_2_ws/build/nav2_behavior_tree
[3.678s] -- Install configuration: "Release"
[3.678s] -- Up-to-date: /home/deivideich/Holonomic_Base_Simulation/ros_2_ws/install/nav2_behavior_tree/lib/libnav2_behavior_tree.so
[3.679s] -- Up-to-date: /home/deivideich/Holonomic_Base_Simulation/ros_2_ws/install/nav2_behavior_tree/lib/libnav2_compute_path_to_pose_action_bt_node.so
[3.679s] -- Up-to-date: /home/deivideich/Holonomic_Base_Simulation/ros_2_ws/install/nav2_behavior_tree/lib/libnav2_follow_path_action_bt_node.so
[3.679s] -- Up-to-date: /home/deivideich/Holonomic_Base_Simulation/ros_2_ws/install/nav2_behavior_tree/lib/libnav2_back_up_action_bt_node.so
[3.679s] -- Up-to-date: /home/deivideich/Holonomic_Base_Simulation/ros_2_ws/install/nav2_behavior_tree/lib/libnav2_spin_action_bt_node.so
[3.679s] -- Up-to-date: /home/deivideich/Holonomic_Base_Simulation/ros_2_ws/install/nav2_behavior_tree/lib/libnav2_wait_action_bt_node.so
[3.679s] -- Up-to-date: /home/deivideich/Holonomic_Base_Simulation/ros_2_ws/install/nav2_behavior_tree/lib/libnav2_clear_costmap_service_bt_node.so
[3.679s] -- Up-to-date: /home/deivideich/Holonomic_Base_Simulation/ros_2_ws/install/nav2_behavior_tree/lib/libnav2_is_stuck_condition_bt_node.so
[3.679s] -- Up-to-date: /home/deivideich/Holonomic_Base_Simulation/ros_2_ws/install/nav2_behavior_tree/lib/libnav2_transform_available_condition_bt_node.so
[3.679s] -- Up-to-date: /home/deivideich/Holonomic_Base_Simulation/ros_2_ws/install/nav2_behavior_tree/lib/libnav2_goal_reached_condition_bt_node.so
[3.679s] -- Up-to-date: /home/deivideich/Holonomic_Base_Simulation/ros_2_ws/install/nav2_behavior_tree/lib/libnav2_goal_updated_condition_bt_node.so
[3.679s] -- Up-to-date: /home/deivideich/Holonomic_Base_Simulation/ros_2_ws/install/nav2_behavior_tree/lib/libnav2_time_expired_condition_bt_node.so
[3.679s] -- Up-to-date: /home/deivideich/Holonomic_Base_Simulation/ros_2_ws/install/nav2_behavior_tree/lib/libnav2_distance_traveled_condition_bt_node.so
[3.679s] -- Up-to-date: /home/deivideich/Holonomic_Base_Simulation/ros_2_ws/install/nav2_behavior_tree/lib/libnav2_initial_pose_received_condition_bt_node.so
[3.680s] -- Up-to-date: /home/deivideich/Holonomic_Base_Simulation/ros_2_ws/install/nav2_behavior_tree/lib/libnav2_is_battery_low_condition_bt_node.so
[3.680s] -- Up-to-date: /home/deivideich/Holonomic_Base_Simulation/ros_2_ws/install/nav2_behavior_tree/lib/libnav2_reinitialize_global_localization_service_bt_node.so
[3.680s] -- Up-to-date: /home/deivideich/Holonomic_Base_Simulation/ros_2_ws/install/nav2_behavior_tree/lib/libnav2_rate_controller_bt_node.so
[3.681s] -- Up-to-date: /home/deivideich/Holonomic_Base_Simulation/ros_2_ws/install/nav2_behavior_tree/lib/libnav2_distance_controller_bt_node.so
[3.681s] -- Up-to-date: /home/deivideich/Holonomic_Base_Simulation/ros_2_ws/install/nav2_behavior_tree/lib/libnav2_speed_controller_bt_node.so
[3.681s] -- Up-to-date: /home/deivideich/Holonomic_Base_Simulation/ros_2_ws/install/nav2_behavior_tree/lib/libnav2_truncate_path_action_bt_node.so
[3.681s] -- Up-to-date: /home/deivideich/Holonomic_Base_Simulation/ros_2_ws/install/nav2_behavior_tree/lib/libnav2_goal_updater_node_bt_node.so
[3.682s] -- Up-to-date: /home/deivideich/Holonomic_Base_Simulation/ros_2_ws/install/nav2_behavior_tree/lib/libnav2_recovery_node_bt_node.so
[3.682s] -- Up-to-date: /home/deivideich/Holonomic_Base_Simulation/ros_2_ws/install/nav2_behavior_tree/lib/libnav2_navigate_to_pose_action_bt_node.so
[3.682s] -- Up-to-date: /home/deivideich/Holonomic_Base_Simulation/ros_2_ws/install/nav2_behavior_tree/lib/libnav2_pipeline_sequence_bt_node.so
[3.683s] -- Up-to-date: /home/deivideich/Holonomic_Base_Simulation/ros_2_ws/install/nav2_behavior_tree/lib/libnav2_round_robin_node_bt_node.so
[3.683s] -- Up-to-date: /home/deivideich/Holonomic_Base_Simulation/ros_2_ws/install/nav2_behavior_tree/include/
[3.683s] -- Up-to-date: /home/deivideich/Holonomic_Base_Simulation/ros_2_ws/install/nav2_behavior_tree/include//nav2_behavior_tree
[3.683s] -- Up-to-date: /home/deivideich/Holonomic_Base_Simulation/ros_2_ws/install/nav2_behavior_tree/include//nav2_behavior_tree/behavior_tree_engine.hpp
[3.683s] -- Up-to-date: /home/deivideich/Holonomic_Base_Simulation/ros_2_ws/install/nav2_behavior_tree/include//nav2_behavior_tree/bt_service_node.hpp
[3.683s] -- Up-to-date: /home/deivideich/Holonomic_Base_Simulation/ros_2_ws/install/nav2_behavior_tree/include//nav2_behavior_tree/bt_conversions.hpp
[3.683s] -- Up-to-date: /home/deivideich/Holonomic_Base_Simulation/ros_2_ws/install/nav2_behavior_tree/include//nav2_behavior_tree/plugins
[3.684s] -- Up-to-date: /home/deivideich/Holonomic_Base_Simulation/ros_2_ws/install/nav2_behavior_tree/include//nav2_behavior_tree/plugins/condition
[3.684s] -- Up-to-date: /home/deivideich/Holonomic_Base_Simulation/ros_2_ws/install/nav2_behavior_tree/include//nav2_behavior_tree/plugins/condition/goal_reached_condition.hpp
[3.684s] -- Up-to-date: /home/deivideich/Holonomic_Base_Simulation/ros_2_ws/install/nav2_behavior_tree/include//nav2_behavior_tree/plugins/condition/initial_pose_received_condition.hpp
[3.684s] -- Up-to-date: /home/deivideich/Holonomic_Base_Simulation/ros_2_ws/install/nav2_behavior_tree/include//nav2_behavior_tree/plugins/condition/transform_available_condition.hpp
[3.684s] -- Up-to-date: /home/deivideich/Holonomic_Base_Simulation/ros_2_ws/install/nav2_behavior_tree/include//nav2_behavior_tree/plugins/condition/goal_updated_condition.hpp
[3.684s] -- Up-to-date: /home/deivideich/Holonomic_Base_Simulation/ros_2_ws/install/nav2_behavior_tree/include//nav2_behavior_tree/plugins/condition/is_battery_low_condition.hpp
[3.685s] -- Up-to-date: /home/deivideich/Holonomic_Base_Simulation/ros_2_ws/install/nav2_behavior_tree/include//nav2_behavior_tree/plugins/condition/distance_traveled_condition.hpp
[3.685s] -- Up-to-date: /home/deivideich/Holonomic_Base_Simulation/ros_2_ws/install/nav2_behavior_tree/include//nav2_behavior_tree/plugins/condition/is_stuck_condition.hpp
[3.686s] -- Up-to-date: /home/deivideich/Holonomic_Base_Simulation/ros_2_ws/install/nav2_behavior_tree/include//nav2_behavior_tree/plugins/condition/time_expired_condition.hpp
[3.686s] -- Up-to-date: /home/deivideich/Holonomic_Base_Simulation/ros_2_ws/install/nav2_behavior_tree/include//nav2_behavior_tree/plugins/decorator
[3.686s] -- Up-to-date: /home/deivideich/Holonomic_Base_Simulation/ros_2_ws/install/nav2_behavior_tree/include//nav2_behavior_tree/plugins/decorator/rate_controller.hpp
[3.687s] -- Up-to-date: /home/deivideich/Holonomic_Base_Simulation/ros_2_ws/install/nav2_behavior_tree/include//nav2_behavior_tree/plugins/decorator/distance_controller.hpp
[3.687s] -- Up-to-date: /home/deivideich/Holonomic_Base_Simulation/ros_2_ws/install/nav2_behavior_tree/include//nav2_behavior_tree/plugins/decorator/speed_controller.hpp
[3.687s] -- Up-to-date: /home/deivideich/Holonomic_Base_Simulation/ros_2_ws/install/nav2_behavior_tree/include//nav2_behavior_tree/plugins/decorator/goal_updater_node.hpp
[3.688s] -- Up-to-date: /home/deivideich/Holonomic_Base_Simulation/ros_2_ws/install/nav2_behavior_tree/include//nav2_behavior_tree/plugins/action
[3.688s] -- Up-to-date: /home/deivideich/Holonomic_Base_Simulation/ros_2_ws/install/nav2_behavior_tree/include//nav2_behavior_tree/plugins/action/truncate_path_action.hpp
[3.688s] -- Up-to-date: /home/deivideich/Holonomic_Base_Simulation/ros_2_ws/install/nav2_behavior_tree/include//nav2_behavior_tree/plugins/action/spin_action.hpp
[3.688s] -- Up-to-date: /home/deivideich/Holonomic_Base_Simulation/ros_2_ws/install/nav2_behavior_tree/include//nav2_behavior_tree/plugins/action/follow_path_action.hpp
[3.689s] -- Up-to-date: /home/deivideich/Holonomic_Base_Simulation/ros_2_ws/install/nav2_behavior_tree/include//nav2_behavior_tree/plugins/action/clear_costmap_service.hpp
[3.689s] -- Up-to-date: /home/deivideich/Holonomic_Base_Simulation/ros_2_ws/install/nav2_behavior_tree/include//nav2_behavior_tree/plugins/action/wait_action.hpp
[3.689s] -- Up-to-date: /home/deivideich/Holonomic_Base_Simulation/ros_2_ws/install/nav2_behavior_tree/include//nav2_behavior_tree/plugins/action/compute_path_to_pose_action.hpp
[3.690s] -- Up-to-date: /home/deivideich/Holonomic_Base_Simulation/ros_2_ws/install/nav2_behavior_tree/include//nav2_behavior_tree/plugins/action/back_up_action.hpp
[3.690s] -- Up-to-date: /home/deivideich/Holonomic_Base_Simulation/ros_2_ws/install/nav2_behavior_tree/include//nav2_behavior_tree/plugins/action/navigate_to_pose_action.hpp
[3.690s] -- Up-to-date: /home/deivideich/Holonomic_Base_Simulation/ros_2_ws/install/nav2_behavior_tree/include//nav2_behavior_tree/plugins/action/reinitialize_global_localization_service.hpp
[3.691s] -- Up-to-date: /home/deivideich/Holonomic_Base_Simulation/ros_2_ws/install/nav2_behavior_tree/include//nav2_behavior_tree/plugins/control
[3.691s] -- Up-to-date: /home/deivideich/Holonomic_Base_Simulation/ros_2_ws/install/nav2_behavior_tree/include//nav2_behavior_tree/plugins/control/round_robin_node.hpp
[3.691s] -- Up-to-date: /home/deivideich/Holonomic_Base_Simulation/ros_2_ws/install/nav2_behavior_tree/include//nav2_behavior_tree/plugins/control/pipeline_sequence.hpp
[3.692s] -- Up-to-date: /home/deivideich/Holonomic_Base_Simulation/ros_2_ws/install/nav2_behavior_tree/include//nav2_behavior_tree/plugins/control/recovery_node.hpp
[3.692s] -- Up-to-date: /home/deivideich/Holonomic_Base_Simulation/ros_2_ws/install/nav2_behavior_tree/include//nav2_behavior_tree/bt_action_node.hpp
[3.692s] -- Up-to-date: /home/deivideich/Holonomic_Base_Simulation/ros_2_ws/install/nav2_behavior_tree/share/nav2_behavior_tree/nav2_tree_nodes.xml
[3.693s] -- Up-to-date: /home/deivideich/Holonomic_Base_Simulation/ros_2_ws/install/nav2_behavior_tree/share/nav2_behavior_tree/environment/library_path.sh
[3.693s] -- Up-to-date: /home/deivideich/Holonomic_Base_Simulation/ros_2_ws/install/nav2_behavior_tree/share/nav2_behavior_tree/environment/library_path.dsv
[3.694s] -- Up-to-date: /home/deivideich/Holonomic_Base_Simulation/ros_2_ws/install/nav2_behavior_tree/share/ament_index/resource_index/package_run_dependencies/nav2_behavior_tree
[3.694s] -- Up-to-date: /home/deivideich/Holonomic_Base_Simulation/ros_2_ws/install/nav2_behavior_tree/share/ament_index/resource_index/parent_prefix_path/nav2_behavior_tree
[3.694s] -- Up-to-date: /home/deivideich/Holonomic_Base_Simulation/ros_2_ws/install/nav2_behavior_tree/share/nav2_behavior_tree/environment/ament_prefix_path.sh
[3.695s] -- Up-to-date: /home/deivideich/Holonomic_Base_Simulation/ros_2_ws/install/nav2_behavior_tree/share/nav2_behavior_tree/environment/ament_prefix_path.dsv
[3.695s] -- Up-to-date: /home/deivideich/Holonomic_Base_Simulation/ros_2_ws/install/nav2_behavior_tree/share/nav2_behavior_tree/environment/path.sh
[3.696s] -- Up-to-date: /home/deivideich/Holonomic_Base_Simulation/ros_2_ws/install/nav2_behavior_tree/share/nav2_behavior_tree/environment/path.dsv
[3.696s] -- Up-to-date: /home/deivideich/Holonomic_Base_Simulation/ros_2_ws/install/nav2_behavior_tree/share/nav2_behavior_tree/local_setup.bash
[3.696s] -- Up-to-date: /home/deivideich/Holonomic_Base_Simulation/ros_2_ws/install/nav2_behavior_tree/share/nav2_behavior_tree/local_setup.sh
[3.697s] -- Up-to-date: /home/deivideich/Holonomic_Base_Simulation/ros_2_ws/install/nav2_behavior_tree/share/nav2_behavior_tree/local_setup.zsh
[3.697s] -- Up-to-date: /home/deivideich/Holonomic_Base_Simulation/ros_2_ws/install/nav2_behavior_tree/share/nav2_behavior_tree/local_setup.dsv
[3.697s] -- Installing: /home/deivideich/Holonomic_Base_Simulation/ros_2_ws/install/nav2_behavior_tree/share/nav2_behavior_tree/package.dsv
[3.698s] -- Up-to-date: /home/deivideich/Holonomic_Base_Simulation/ros_2_ws/install/nav2_behavior_tree/share/ament_index/resource_index/packages/nav2_behavior_tree
[3.699s] -- Up-to-date: /home/deivideich/Holonomic_Base_Simulation/ros_2_ws/install/nav2_behavior_tree/share/nav2_behavior_tree/cmake/ament_cmake_export_include_directories-extras.cmake
[3.699s] -- Up-to-date: /home/deivideich/Holonomic_Base_Simulation/ros_2_ws/install/nav2_behavior_tree/share/nav2_behavior_tree/cmake/ament_cmake_export_libraries-extras.cmake
[3.699s] -- Up-to-date: /home/deivideich/Holonomic_Base_Simulation/ros_2_ws/install/nav2_behavior_tree/share/nav2_behavior_tree/cmake/ament_cmake_export_dependencies-extras.cmake
[3.700s] -- Up-to-date: /home/deivideich/Holonomic_Base_Simulation/ros_2_ws/install/nav2_behavior_tree/share/nav2_behavior_tree/cmake/nav2_behavior_treeConfig.cmake
[3.700s] -- Up-to-date: /home/deivideich/Holonomic_Base_Simulation/ros_2_ws/install/nav2_behavior_tree/share/nav2_behavior_tree/cmake/nav2_behavior_treeConfig-version.cmake
[3.700s] -- Up-to-date: /home/deivideich/Holonomic_Base_Simulation/ros_2_ws/install/nav2_behavior_tree/share/nav2_behavior_tree/package.xml
[4.070s] Invoked command in '/home/deivideich/Holonomic_Base_Simulation/ros_2_ws/build/nav2_behavior_tree' returned '0': CMAKE_PREFIX_PATH=/home/deivideich/Holonomic_Base_Simulation/ros_2_ws/install/nav2_util:/home/deivideich/Holonomic_Base_Simulation/ros_2_ws/install/nav2_msgs:/home/deivideich/Holonomic_Base_Simulation/ros_2_ws/install/nav2_common:/home/deivideich/Holonomic_Base_Simulation/ros_2_ws/install/nav2_system_tests:/home/deivideich/Holonomic_Base_Simulation/ros_2_ws/install/nav2_bringup:/home/deivideich/Holonomic_Base_Simulation/ros_2_ws/install/navigation2:/home/deivideich/Holonomic_Base_Simulation/ros_2_ws/install/smac_planner:/home/deivideich/Holonomic_Base_Simulation/ros_2_ws/install/nav2_dwb_controller:/home/deivideich/Holonomic_Base_Simulation/ros_2_ws/install/nav2_controller:/home/deivideich/Holonomic_Base_Simulation/ros_2_ws/install/dwb_plugins:/home/deivideich/Holonomic_Base_Simulation/ros_2_ws/install/dwb_critics:/home/deivideich/Holonomic_Base_Simulation/ros_2_ws/install/dwb_core:/home/deivideich/Holonomic_Base_Simulation/ros_2_ws/install/nav_2d_utils:/home/deivideich/Holonomic_Base_Simulation/ros_2_ws/install/dwb_msgs:/home/deivideich/Holonomic_Base_Simulation/ros_2_ws/install/nav_2d_msgs:/home/deivideich/Holonomic_Base_Simulation/ros_2_ws/install/nav2_waypoint_follower:/home/deivideich/Holonomic_Base_Simulation/ros_2_ws/install/nav2_regulated_pure_pursuit_controller:/home/deivideich/Holonomic_Base_Simulation/ros_2_ws/install/nav2_recoveries:/home/deivideich/Holonomic_Base_Simulation/ros_2_ws/install/nav2_planner:/home/deivideich/Holonomic_Base_Simulation/ros_2_ws/install/nav2_navfn_planner:/home/deivideich/Holonomic_Base_Simulation/ros_2_ws/install/nav2_core:/home/deivideich/Holonomic_Base_Simulation/ros_2_ws/install/costmap_queue:/home/deivideich/Holonomic_Base_Simulation/ros_2_ws/install/nav2_costmap_2d:/home/deivideich/Holonomic_Base_Simulation/ros_2_ws/install/nav2_voxel_grid:/home/deivideich/Holonomic_Base_Simulation/ros_2_ws/install/nav2_rviz_plugins:/home/deivideich/Holonomic_Base_Simulation/ros_2_ws/install/nav2_map_server:/home/deivideich/Holonomic_Base_Simulation/ros_2_ws/install/nav2_lifecycle_manager:/home/deivideich/Holonomic_Base_Simulation/ros_2_ws/install/nav2_bt_navigator:/home/deivideich/Holonomic_Base_Simulation/ros_2_ws/install/nav2_behavior_tree:/home/deivideich/Holonomic_Base_Simulation/ros_2_ws/install/nav2_amcl:/home/deivideich/axebot_example/install/omnidirectional_controllers:/home/deivideich/axebot_example/install/axebot_gazebo:/home/deivideich/axebot_example/install/axebot_description:/home/deivideich/axebot_example/install/axebot_control:/home/deivideich/axebot_example/src/install/omnidirectional_controllers:/home/deivideich/axebot_example/src/install/axebot_gazebo:/home/deivideich/axebot_example/src/install/axebot_description:/home/deivideich/axebot_example/src/install/axebot_control:/home/deivideich/Holonomic_Base_Simulation/ros_2_ws/src/octobot_2/install/octobot_2:/home/deivideich/Holonomic_Base_Simulation/ros_2_ws/install/octobot_2:/home/deivideich/Holonomic_Base_Simulation/ros_2_ws/install/nav2_gazebo_spawner:/opt/ros/foxy:/opt/ros/noetic LD_LIBRARY_PATH=/home/deivideich/Holonomic_Base_Simulation/ros_2_ws/install/nav2_util/lib:/home/deivideich/Holonomic_Base_Simulation/ros_2_ws/install/nav2_msgs/lib:/home/deivideich/Holonomic_Base_Simulation/ros_2_ws/install/smac_planner/lib:/home/deivideich/Holonomic_Base_Simulation/ros_2_ws/install/nav2_controller/lib:/home/deivideich/Holonomic_Base_Simulation/ros_2_ws/install/dwb_plugins/lib:/home/deivideich/Holonomic_Base_Simulation/ros_2_ws/install/dwb_critics/lib:/home/deivideich/Holonomic_Base_Simulation/ros_2_ws/install/dwb_core/lib:/home/deivideich/Holonomic_Base_Simulation/ros_2_ws/install/nav_2d_utils/lib:/home/deivideich/Holonomic_Base_Simulation/ros_2_ws/install/dwb_msgs/lib:/home/deivideich/Holonomic_Base_Simulation/ros_2_ws/install/nav_2d_msgs/lib:/home/deivideich/Holonomic_Base_Simulation/ros_2_ws/install/nav2_waypoint_follower/lib:/home/deivideich/Holonomic_Base_Simulation/ros_2_ws/install/nav2_regulated_pure_pursuit_controller/lib:/home/deivideich/Holonomic_Base_Simulation/ros_2_ws/install/nav2_recoveries/lib:/home/deivideich/Holonomic_Base_Simulation/ros_2_ws/install/nav2_planner/lib:/home/deivideich/Holonomic_Base_Simulation/ros_2_ws/install/nav2_navfn_planner/lib:/home/deivideich/Holonomic_Base_Simulation/ros_2_ws/install/costmap_queue/lib:/home/deivideich/Holonomic_Base_Simulation/ros_2_ws/install/nav2_costmap_2d/lib:/home/deivideich/Holonomic_Base_Simulation/ros_2_ws/install/nav2_voxel_grid/lib:/home/deivideich/Holonomic_Base_Simulation/ros_2_ws/install/nav2_rviz_plugins/lib:/home/deivideich/Holonomic_Base_Simulation/ros_2_ws/install/nav2_map_server/lib:/home/deivideich/Holonomic_Base_Simulation/ros_2_ws/install/nav2_lifecycle_manager/lib:/home/deivideich/Holonomic_Base_Simulation/ros_2_ws/install/nav2_bt_navigator/lib:/home/deivideich/Holonomic_Base_Simulation/ros_2_ws/install/nav2_behavior_tree/lib:/home/deivideich/Holonomic_Base_Simulation/ros_2_ws/install/nav2_amcl/lib:/home/deivideich/axebot_example/install/omnidirectional_controllers/lib:/home/deivideich/axebot_example/src/install/omnidirectional_controllers/lib:/usr/lib/x86_64-linux-gnu/gazebo-11/plugins:/opt/ros/foxy/opt/yaml_cpp_vendor/lib:/opt/ros/foxy/opt/rviz_ogre_vendor/lib:/opt/ros/foxy/lib/x86_64-linux-gnu:/opt/ros/foxy/lib:/opt/ros/noetic/lib:/opt/ros/noetic/lib/x86_64-linux-gnu PYTHONPATH=/home/deivideich/Holonomic_Base_Simulation/ros_2_ws/install/nav2_msgs/lib/python3.8/site-packages:/home/deivideich/Holonomic_Base_Simulation/ros_2_ws/install/nav2_common/lib/python3.8/site-packages:/home/deivideich/Holonomic_Base_Simulation/ros_2_ws/src/octobot_2/install/octobot_2/lib/python3.8/site-packages:/home/deivideich/Holonomic_Base_Simulation/ros_2_ws/install/octobot_2/lib/python3.8/site-packages:/home/deivideich/Holonomic_Base_Simulation/ros_2_ws/install/dwb_msgs/lib/python3.8/site-packages:/home/deivideich/Holonomic_Base_Simulation/ros_2_ws/install/nav_2d_msgs/lib/python3.8/site-packages:/home/deivideich/Holonomic_Base_Simulation/ros_2_ws/install/nav2_gazebo_spawner/lib/python3.8/site-packages:/opt/ros/foxy/lib/python3.8/site-packages:/opt/ros/noetic/lib/python3/dist-packages /usr/bin/cmake --install /home/deivideich/Holonomic_Base_Simulation/ros_2_ws/build/nav2_behavior_tree
