[1.968s] DEBUG:colcon:Command line arguments: ['/usr/bin/colcon', 'build']
[1.968s] DEBUG:colcon:Parsed command line arguments: Namespace(allow_overriding=[], ament_cmake_args=None, base_paths=['.'], build_base='build', catkin_cmake_args=None, catkin_skip_building_tests=False, cmake_args=None, cmake_clean_cache=False, cmake_clean_first=False, cmake_force_configure=False, cmake_target=None, cmake_target_skip_unavailable=False, continue_on_error=False, event_handlers=None, executor='parallel', ignore_user_meta=False, install_base='install', log_base=None, log_level=None, main=<bound method BuildVerb.main of <colcon_core.verb.build.BuildVerb object at 0x7fdd3b18c880>>, merge_install=False, metas=['./colcon.meta'], packages_above=None, packages_above_and_dependencies=None, packages_above_depth=None, packages_end=None, packages_ignore=None, packages_ignore_regex=None, packages_select=None, packages_select_build_failed=False, packages_select_by_dep=None, packages_select_regex=None, packages_select_test_failures=False, packages_skip=None, packages_skip_build_finished=False, packages_skip_by_dep=None, packages_skip_regex=None, packages_skip_test_passed=False, packages_skip_up_to=None, packages_start=None, packages_up_to=None, packages_up_to_regex=None, parallel_workers=16, paths=None, symlink_install=False, test_result_base=None, verb_extension=<colcon_core.verb.build.BuildVerb object at 0x7fdd3b18c880>, verb_name='build', verb_parser=<colcon_defaults.argument_parser.defaults.DefaultArgumentsDecorator object at 0x7fdd3b193dc0>)
[2.053s] Level 1:colcon.colcon_core.package_discovery:discover_packages(colcon_meta) check parameters
[2.053s] Level 1:colcon.colcon_core.package_discovery:discover_packages(recursive) check parameters
[2.053s] Level 1:colcon.colcon_core.package_discovery:discover_packages(ignore) check parameters
[2.053s] Level 1:colcon.colcon_core.package_discovery:discover_packages(path) check parameters
[2.053s] Level 1:colcon.colcon_core.package_discovery:discover_packages(colcon_meta) discover
[2.054s] Level 1:colcon.colcon_core.package_discovery:discover_packages(recursive) discover
[2.054s] INFO:colcon.colcon_core.package_discovery:Crawling recursively for packages in '/home/deivideich/Holonomic_Base_Simulation'
[2.054s] Level 1:colcon.colcon_core.package_identification:_identify(.) by extensions ['ignore', 'ignore_ament_install']
[2.054s] Level 1:colcon.colcon_core.package_identification:_identify(.) by extension 'ignore'
[2.054s] Level 1:colcon.colcon_core.package_identification:_identify(.) by extension 'ignore_ament_install'
[2.054s] Level 1:colcon.colcon_core.package_identification:_identify(.) by extensions ['colcon_pkg']
[2.054s] Level 1:colcon.colcon_core.package_identification:_identify(.) by extension 'colcon_pkg'
[2.054s] Level 1:colcon.colcon_core.package_identification:_identify(.) by extensions ['colcon_meta']
[2.054s] Level 1:colcon.colcon_core.package_identification:_identify(.) by extension 'colcon_meta'
[2.054s] Level 1:colcon.colcon_core.package_identification:_identify(.) by extensions ['ros']
[2.054s] Level 1:colcon.colcon_core.package_identification:_identify(.) by extension 'ros'
[2.062s] Level 1:colcon.colcon_core.package_identification:_identify(.) by extensions ['cmake', 'python']
[2.062s] Level 1:colcon.colcon_core.package_identification:_identify(.) by extension 'cmake'
[2.062s] Level 1:colcon.colcon_core.package_identification:_identify(.) by extension 'python'
[2.062s] Level 1:colcon.colcon_core.package_identification:_identify(.) by extensions ['python_setup_py']
[2.062s] Level 1:colcon.colcon_core.package_identification:_identify(.) by extension 'python_setup_py'
[2.062s] Level 1:colcon.colcon_core.package_identification:_identify(build) by extensions ['ignore', 'ignore_ament_install']
[2.063s] Level 1:colcon.colcon_core.package_identification:_identify(build) by extension 'ignore'
[2.063s] Level 1:colcon.colcon_core.package_identification:_identify(build) ignored
[2.063s] Level 1:colcon.colcon_core.package_identification:_identify(install) by extensions ['ignore', 'ignore_ament_install']
[2.063s] Level 1:colcon.colcon_core.package_identification:_identify(install) by extension 'ignore'
[2.063s] Level 1:colcon.colcon_core.package_identification:_identify(install) ignored
[2.063s] Level 1:colcon.colcon_core.package_identification:_identify(log) by extensions ['ignore', 'ignore_ament_install']
[2.063s] Level 1:colcon.colcon_core.package_identification:_identify(log) by extension 'ignore'
[2.063s] Level 1:colcon.colcon_core.package_identification:_identify(log) ignored
[2.063s] Level 1:colcon.colcon_core.package_identification:_identify(octobot_2) by extensions ['ignore', 'ignore_ament_install']
[2.063s] Level 1:colcon.colcon_core.package_identification:_identify(octobot_2) by extension 'ignore'
[2.063s] Level 1:colcon.colcon_core.package_identification:_identify(octobot_2) by extension 'ignore_ament_install'
[2.063s] Level 1:colcon.colcon_core.package_identification:_identify(octobot_2) by extensions ['colcon_pkg']
[2.063s] Level 1:colcon.colcon_core.package_identification:_identify(octobot_2) by extension 'colcon_pkg'
[2.063s] Level 1:colcon.colcon_core.package_identification:_identify(octobot_2) by extensions ['colcon_meta']
[2.063s] Level 1:colcon.colcon_core.package_identification:_identify(octobot_2) by extension 'colcon_meta'
[2.063s] Level 1:colcon.colcon_core.package_identification:_identify(octobot_2) by extensions ['ros']
[2.063s] Level 1:colcon.colcon_core.package_identification:_identify(octobot_2) by extension 'ros'
[2.063s] Level 1:colcon.colcon_core.package_identification:_identify(octobot_2) by extensions ['cmake', 'python']
[2.063s] Level 1:colcon.colcon_core.package_identification:_identify(octobot_2) by extension 'cmake'
[2.063s] Level 1:colcon.colcon_core.package_identification:_identify(octobot_2) by extension 'python'
[2.063s] Level 1:colcon.colcon_core.package_identification:_identify(octobot_2) by extensions ['python_setup_py']
[2.064s] Level 1:colcon.colcon_core.package_identification:_identify(octobot_2) by extension 'python_setup_py'
[2.064s] Level 1:colcon.colcon_core.package_identification:_identify(octobot_2/meshes) by extensions ['ignore', 'ignore_ament_install']
[2.064s] Level 1:colcon.colcon_core.package_identification:_identify(octobot_2/meshes) by extension 'ignore'
[2.064s] Level 1:colcon.colcon_core.package_identification:_identify(octobot_2/meshes) by extension 'ignore_ament_install'
[2.064s] Level 1:colcon.colcon_core.package_identification:_identify(octobot_2/meshes) by extensions ['colcon_pkg']
[2.064s] Level 1:colcon.colcon_core.package_identification:_identify(octobot_2/meshes) by extension 'colcon_pkg'
[2.064s] Level 1:colcon.colcon_core.package_identification:_identify(octobot_2/meshes) by extensions ['colcon_meta']
[2.064s] Level 1:colcon.colcon_core.package_identification:_identify(octobot_2/meshes) by extension 'colcon_meta'
[2.064s] Level 1:colcon.colcon_core.package_identification:_identify(octobot_2/meshes) by extensions ['ros']
[2.064s] Level 1:colcon.colcon_core.package_identification:_identify(octobot_2/meshes) by extension 'ros'
[2.064s] Level 1:colcon.colcon_core.package_identification:_identify(octobot_2/meshes) by extensions ['cmake', 'python']
[2.064s] Level 1:colcon.colcon_core.package_identification:_identify(octobot_2/meshes) by extension 'cmake'
[2.064s] Level 1:colcon.colcon_core.package_identification:_identify(octobot_2/meshes) by extension 'python'
[2.064s] Level 1:colcon.colcon_core.package_identification:_identify(octobot_2/meshes) by extensions ['python_setup_py']
[2.064s] Level 1:colcon.colcon_core.package_identification:_identify(octobot_2/meshes) by extension 'python_setup_py'
[2.064s] Level 1:colcon.colcon_core.package_identification:_identify(ros_1_ws) by extensions ['ignore', 'ignore_ament_install']
[2.064s] Level 1:colcon.colcon_core.package_identification:_identify(ros_1_ws) by extension 'ignore'
[2.064s] Level 1:colcon.colcon_core.package_identification:_identify(ros_1_ws) by extension 'ignore_ament_install'
[2.064s] Level 1:colcon.colcon_core.package_identification:_identify(ros_1_ws) by extensions ['colcon_pkg']
[2.064s] Level 1:colcon.colcon_core.package_identification:_identify(ros_1_ws) by extension 'colcon_pkg'
[2.064s] Level 1:colcon.colcon_core.package_identification:_identify(ros_1_ws) by extensions ['colcon_meta']
[2.064s] Level 1:colcon.colcon_core.package_identification:_identify(ros_1_ws) by extension 'colcon_meta'
[2.064s] Level 1:colcon.colcon_core.package_identification:_identify(ros_1_ws) by extensions ['ros']
[2.064s] Level 1:colcon.colcon_core.package_identification:_identify(ros_1_ws) by extension 'ros'
[2.064s] Level 1:colcon.colcon_core.package_identification:_identify(ros_1_ws) by extensions ['cmake', 'python']
[2.064s] Level 1:colcon.colcon_core.package_identification:_identify(ros_1_ws) by extension 'cmake'
[2.064s] Level 1:colcon.colcon_core.package_identification:_identify(ros_1_ws) by extension 'python'
[2.064s] Level 1:colcon.colcon_core.package_identification:_identify(ros_1_ws) by extensions ['python_setup_py']
[2.064s] Level 1:colcon.colcon_core.package_identification:_identify(ros_1_ws) by extension 'python_setup_py'
[2.065s] Level 1:colcon.colcon_core.package_identification:_identify(ros_1_ws/build) by extensions ['ignore', 'ignore_ament_install']
[2.065s] Level 1:colcon.colcon_core.package_identification:_identify(ros_1_ws/build) by extension 'ignore'
[2.065s] Level 1:colcon.colcon_core.package_identification:_identify(ros_1_ws/build) by extension 'ignore_ament_install'
[2.065s] Level 1:colcon.colcon_core.package_identification:_identify(ros_1_ws/build) by extensions ['colcon_pkg']
[2.065s] Level 1:colcon.colcon_core.package_identification:_identify(ros_1_ws/build) by extension 'colcon_pkg'
[2.065s] Level 1:colcon.colcon_core.package_identification:_identify(ros_1_ws/build) by extensions ['colcon_meta']
[2.065s] Level 1:colcon.colcon_core.package_identification:_identify(ros_1_ws/build) by extension 'colcon_meta'
[2.065s] Level 1:colcon.colcon_core.package_identification:_identify(ros_1_ws/build) by extensions ['ros']
[2.065s] Level 1:colcon.colcon_core.package_identification:_identify(ros_1_ws/build) by extension 'ros'
[2.065s] Level 1:colcon.colcon_core.package_identification:_identify(ros_1_ws/build) ignored
[2.065s] Level 1:colcon.colcon_core.package_identification:_identify(ros_1_ws/devel) by extensions ['ignore', 'ignore_ament_install']
[2.065s] Level 1:colcon.colcon_core.package_identification:_identify(ros_1_ws/devel) by extension 'ignore'
[2.065s] Level 1:colcon.colcon_core.package_identification:_identify(ros_1_ws/devel) by extension 'ignore_ament_install'
[2.065s] Level 1:colcon.colcon_core.package_identification:_identify(ros_1_ws/devel) ignored
[2.065s] Level 1:colcon.colcon_core.package_identification:_identify(ros_1_ws/src) by extensions ['ignore', 'ignore_ament_install']
[2.065s] Level 1:colcon.colcon_core.package_identification:_identify(ros_1_ws/src) by extension 'ignore'
[2.065s] Level 1:colcon.colcon_core.package_identification:_identify(ros_1_ws/src) by extension 'ignore_ament_install'
[2.065s] Level 1:colcon.colcon_core.package_identification:_identify(ros_1_ws/src) by extensions ['colcon_pkg']
[2.065s] Level 1:colcon.colcon_core.package_identification:_identify(ros_1_ws/src) by extension 'colcon_pkg'
[2.065s] Level 1:colcon.colcon_core.package_identification:_identify(ros_1_ws/src) by extensions ['colcon_meta']
[2.065s] Level 1:colcon.colcon_core.package_identification:_identify(ros_1_ws/src) by extension 'colcon_meta'
[2.065s] Level 1:colcon.colcon_core.package_identification:_identify(ros_1_ws/src) by extensions ['ros']
[2.065s] Level 1:colcon.colcon_core.package_identification:_identify(ros_1_ws/src) by extension 'ros'
[2.065s] Level 1:colcon.colcon_core.package_identification:_identify(ros_1_ws/src) by extensions ['cmake', 'python']
[2.065s] Level 1:colcon.colcon_core.package_identification:_identify(ros_1_ws/src) by extension 'cmake'
[2.067s] WARNING:colcon.colcon_cmake.package_identification.cmake:Ignoring 'ros_1_ws/src/CMakeLists.txt' since it seems to be a toplevel CMake file generated by 'catkin_make'
[2.067s] Level 1:colcon.colcon_core.package_identification:_identify(ros_1_ws/src) by extension 'python'
[2.067s] Level 1:colcon.colcon_core.package_identification:_identify(ros_1_ws/src) by extensions ['python_setup_py']
[2.067s] Level 1:colcon.colcon_core.package_identification:_identify(ros_1_ws/src) by extension 'python_setup_py'
[2.067s] Level 1:colcon.colcon_core.package_identification:_identify(ros_1_ws/src/nuevaBaseMetal2) by extensions ['ignore', 'ignore_ament_install']
[2.067s] Level 1:colcon.colcon_core.package_identification:_identify(ros_1_ws/src/nuevaBaseMetal2) by extension 'ignore'
[2.067s] Level 1:colcon.colcon_core.package_identification:_identify(ros_1_ws/src/nuevaBaseMetal2) by extension 'ignore_ament_install'
[2.067s] Level 1:colcon.colcon_core.package_identification:_identify(ros_1_ws/src/nuevaBaseMetal2) by extensions ['colcon_pkg']
[2.067s] Level 1:colcon.colcon_core.package_identification:_identify(ros_1_ws/src/nuevaBaseMetal2) by extension 'colcon_pkg'
[2.067s] Level 1:colcon.colcon_core.package_identification:_identify(ros_1_ws/src/nuevaBaseMetal2) by extensions ['colcon_meta']
[2.067s] Level 1:colcon.colcon_core.package_identification:_identify(ros_1_ws/src/nuevaBaseMetal2) by extension 'colcon_meta'
[2.067s] Level 1:colcon.colcon_core.package_identification:_identify(ros_1_ws/src/nuevaBaseMetal2) by extensions ['ros']
[2.067s] Level 1:colcon.colcon_core.package_identification:_identify(ros_1_ws/src/nuevaBaseMetal2) by extension 'ros'
[2.069s] DEBUG:colcon.colcon_core.package_identification:Package 'ros_1_ws/src/nuevaBaseMetal2' with type 'ros.catkin' and name 'NuevaBaseMetal2'
[2.069s] Level 1:colcon.colcon_core.package_identification:_identify(ros_2_ws) by extensions ['ignore', 'ignore_ament_install']
[2.069s] Level 1:colcon.colcon_core.package_identification:_identify(ros_2_ws) by extension 'ignore'
[2.069s] Level 1:colcon.colcon_core.package_identification:_identify(ros_2_ws) by extension 'ignore_ament_install'
[2.069s] Level 1:colcon.colcon_core.package_identification:_identify(ros_2_ws) by extensions ['colcon_pkg']
[2.069s] Level 1:colcon.colcon_core.package_identification:_identify(ros_2_ws) by extension 'colcon_pkg'
[2.069s] Level 1:colcon.colcon_core.package_identification:_identify(ros_2_ws) by extensions ['colcon_meta']
[2.069s] Level 1:colcon.colcon_core.package_identification:_identify(ros_2_ws) by extension 'colcon_meta'
[2.069s] Level 1:colcon.colcon_core.package_identification:_identify(ros_2_ws) by extensions ['ros']
[2.069s] Level 1:colcon.colcon_core.package_identification:_identify(ros_2_ws) by extension 'ros'
[2.069s] Level 1:colcon.colcon_core.package_identification:_identify(ros_2_ws) by extensions ['cmake', 'python']
[2.069s] Level 1:colcon.colcon_core.package_identification:_identify(ros_2_ws) by extension 'cmake'
[2.069s] Level 1:colcon.colcon_core.package_identification:_identify(ros_2_ws) by extension 'python'
[2.069s] Level 1:colcon.colcon_core.package_identification:_identify(ros_2_ws) by extensions ['python_setup_py']
[2.069s] Level 1:colcon.colcon_core.package_identification:_identify(ros_2_ws) by extension 'python_setup_py'
[2.069s] Level 1:colcon.colcon_core.package_identification:_identify(ros_2_ws/build) by extensions ['ignore', 'ignore_ament_install']
[2.069s] Level 1:colcon.colcon_core.package_identification:_identify(ros_2_ws/build) by extension 'ignore'
[2.070s] Level 1:colcon.colcon_core.package_identification:_identify(ros_2_ws/build) ignored
[2.070s] Level 1:colcon.colcon_core.package_identification:_identify(ros_2_ws/install) by extensions ['ignore', 'ignore_ament_install']
[2.070s] Level 1:colcon.colcon_core.package_identification:_identify(ros_2_ws/install) by extension 'ignore'
[2.070s] Level 1:colcon.colcon_core.package_identification:_identify(ros_2_ws/install) ignored
[2.070s] Level 1:colcon.colcon_core.package_identification:_identify(ros_2_ws/log) by extensions ['ignore', 'ignore_ament_install']
[2.070s] Level 1:colcon.colcon_core.package_identification:_identify(ros_2_ws/log) by extension 'ignore'
[2.070s] Level 1:colcon.colcon_core.package_identification:_identify(ros_2_ws/log) ignored
[2.070s] Level 1:colcon.colcon_core.package_identification:_identify(ros_2_ws/src) by extensions ['ignore', 'ignore_ament_install']
[2.070s] Level 1:colcon.colcon_core.package_identification:_identify(ros_2_ws/src) by extension 'ignore'
[2.070s] Level 1:colcon.colcon_core.package_identification:_identify(ros_2_ws/src) by extension 'ignore_ament_install'
[2.070s] Level 1:colcon.colcon_core.package_identification:_identify(ros_2_ws/src) by extensions ['colcon_pkg']
[2.070s] Level 1:colcon.colcon_core.package_identification:_identify(ros_2_ws/src) by extension 'colcon_pkg'
[2.070s] Level 1:colcon.colcon_core.package_identification:_identify(ros_2_ws/src) by extensions ['colcon_meta']
[2.070s] Level 1:colcon.colcon_core.package_identification:_identify(ros_2_ws/src) by extension 'colcon_meta'
[2.070s] Level 1:colcon.colcon_core.package_identification:_identify(ros_2_ws/src) by extensions ['ros']
[2.070s] Level 1:colcon.colcon_core.package_identification:_identify(ros_2_ws/src) by extension 'ros'
[2.070s] Level 1:colcon.colcon_core.package_identification:_identify(ros_2_ws/src) by extensions ['cmake', 'python']
[2.070s] Level 1:colcon.colcon_core.package_identification:_identify(ros_2_ws/src) by extension 'cmake'
[2.070s] Level 1:colcon.colcon_core.package_identification:_identify(ros_2_ws/src) by extension 'python'
[2.070s] Level 1:colcon.colcon_core.package_identification:_identify(ros_2_ws/src) by extensions ['python_setup_py']
[2.070s] Level 1:colcon.colcon_core.package_identification:_identify(ros_2_ws/src) by extension 'python_setup_py'
[2.070s] Level 1:colcon.colcon_core.package_identification:_identify(ros_2_ws/src/octobot_2) by extensions ['ignore', 'ignore_ament_install']
[2.070s] Level 1:colcon.colcon_core.package_identification:_identify(ros_2_ws/src/octobot_2) by extension 'ignore'
[2.070s] Level 1:colcon.colcon_core.package_identification:_identify(ros_2_ws/src/octobot_2) by extension 'ignore_ament_install'
[2.071s] Level 1:colcon.colcon_core.package_identification:_identify(ros_2_ws/src/octobot_2) by extensions ['colcon_pkg']
[2.071s] Level 1:colcon.colcon_core.package_identification:_identify(ros_2_ws/src/octobot_2) by extension 'colcon_pkg'
[2.071s] Level 1:colcon.colcon_core.package_identification:_identify(ros_2_ws/src/octobot_2) by extensions ['colcon_meta']
[2.071s] Level 1:colcon.colcon_core.package_identification:_identify(ros_2_ws/src/octobot_2) by extension 'colcon_meta'
[2.071s] Level 1:colcon.colcon_core.package_identification:_identify(ros_2_ws/src/octobot_2) by extensions ['ros']
[2.071s] Level 1:colcon.colcon_core.package_identification:_identify(ros_2_ws/src/octobot_2) by extension 'ros'
[2.071s] DEBUG:colcon.colcon_core.package_identification:Package 'ros_2_ws/src/octobot_2' with type 'ros.ament_python' and name 'octobot_2'
[2.071s] Level 1:colcon.colcon_core.package_discovery:discover_packages(recursive) using defaults
[2.071s] Level 1:colcon.colcon_core.package_discovery:discover_packages(ignore) discover
[2.071s] Level 1:colcon.colcon_core.package_discovery:discover_packages(ignore) using defaults
[2.071s] Level 1:colcon.colcon_core.package_discovery:discover_packages(path) discover
[2.071s] Level 1:colcon.colcon_core.package_discovery:discover_packages(path) using defaults
[2.254s] Level 1:colcon.colcon_core.package_discovery:discover_packages(prefix_path) check parameters
[2.254s] Level 1:colcon.colcon_core.package_discovery:discover_packages(prefix_path) discover
[2.319s] DEBUG:colcon.colcon_installed_package_information.package_discovery:Found 1 installed packages in /home/deivideich/Holonomic_Base_Simulation/ros_2_ws/install
[2.351s] DEBUG:colcon.colcon_installed_package_information.package_discovery:Found 1 installed packages in /home/deivideich/articubot_example/install
[2.384s] DEBUG:colcon.colcon_installed_package_information.package_discovery:Found 1 installed packages in /home/deivideich/ros_2_ws/install
[2.416s] DEBUG:colcon.colcon_installed_package_information.package_discovery:Found 324 installed packages in /opt/ros/foxy
[2.515s] DEBUG:colcon.colcon_installed_package_information.package_discovery:Found 3 installed packages in /opt/ros/noetic
[2.515s] Level 1:colcon.colcon_core.package_discovery:discover_packages(prefix_path) using defaults
[2.645s] Level 5:colcon.colcon_core.verb:set package 'NuevaBaseMetal2' build argument 'cmake_args' from command line to 'None'
[2.645s] Level 5:colcon.colcon_core.verb:set package 'NuevaBaseMetal2' build argument 'cmake_target' from command line to 'None'
[2.645s] Level 5:colcon.colcon_core.verb:set package 'NuevaBaseMetal2' build argument 'cmake_target_skip_unavailable' from command line to 'False'
[2.645s] Level 5:colcon.colcon_core.verb:set package 'NuevaBaseMetal2' build argument 'cmake_clean_cache' from command line to 'False'
[2.645s] Level 5:colcon.colcon_core.verb:set package 'NuevaBaseMetal2' build argument 'cmake_clean_first' from command line to 'False'
[2.645s] Level 5:colcon.colcon_core.verb:set package 'NuevaBaseMetal2' build argument 'cmake_force_configure' from command line to 'False'
[2.645s] Level 5:colcon.colcon_core.verb:set package 'NuevaBaseMetal2' build argument 'ament_cmake_args' from command line to 'None'
[2.645s] Level 5:colcon.colcon_core.verb:set package 'NuevaBaseMetal2' build argument 'catkin_cmake_args' from command line to 'None'
[2.645s] Level 5:colcon.colcon_core.verb:set package 'NuevaBaseMetal2' build argument 'catkin_skip_building_tests' from command line to 'False'
[2.645s] DEBUG:colcon.colcon_core.verb:Building package 'NuevaBaseMetal2' with the following arguments: {'ament_cmake_args': None, 'build_base': '/home/deivideich/Holonomic_Base_Simulation/build/NuevaBaseMetal2', 'catkin_cmake_args': None, 'catkin_skip_building_tests': False, 'cmake_args': None, 'cmake_clean_cache': False, 'cmake_clean_first': False, 'cmake_force_configure': False, 'cmake_target': None, 'cmake_target_skip_unavailable': False, 'install_base': '/home/deivideich/Holonomic_Base_Simulation/install/NuevaBaseMetal2', 'merge_install': False, 'path': '/home/deivideich/Holonomic_Base_Simulation/ros_1_ws/src/nuevaBaseMetal2', 'symlink_install': False, 'test_result_base': None}
[2.676s] Level 5:colcon.colcon_core.verb:set package 'octobot_2' build argument 'cmake_args' from command line to 'None'
[2.676s] Level 5:colcon.colcon_core.verb:set package 'octobot_2' build argument 'cmake_target' from command line to 'None'
[2.676s] Level 5:colcon.colcon_core.verb:set package 'octobot_2' build argument 'cmake_target_skip_unavailable' from command line to 'False'
[2.676s] Level 5:colcon.colcon_core.verb:set package 'octobot_2' build argument 'cmake_clean_cache' from command line to 'False'
[2.676s] Level 5:colcon.colcon_core.verb:set package 'octobot_2' build argument 'cmake_clean_first' from command line to 'False'
[2.676s] Level 5:colcon.colcon_core.verb:set package 'octobot_2' build argument 'cmake_force_configure' from command line to 'False'
[2.676s] Level 5:colcon.colcon_core.verb:set package 'octobot_2' build argument 'ament_cmake_args' from command line to 'None'
[2.676s] Level 5:colcon.colcon_core.verb:set package 'octobot_2' build argument 'catkin_cmake_args' from command line to 'None'
[2.676s] Level 5:colcon.colcon_core.verb:set package 'octobot_2' build argument 'catkin_skip_building_tests' from command line to 'False'
[2.676s] DEBUG:colcon.colcon_core.verb:Building package 'octobot_2' with the following arguments: {'ament_cmake_args': None, 'build_base': '/home/deivideich/Holonomic_Base_Simulation/build/octobot_2', 'catkin_cmake_args': None, 'catkin_skip_building_tests': False, 'cmake_args': None, 'cmake_clean_cache': False, 'cmake_clean_first': False, 'cmake_force_configure': False, 'cmake_target': None, 'cmake_target_skip_unavailable': False, 'install_base': '/home/deivideich/Holonomic_Base_Simulation/install/octobot_2', 'merge_install': False, 'path': '/home/deivideich/Holonomic_Base_Simulation/ros_2_ws/src/octobot_2', 'symlink_install': False, 'test_result_base': None}
[2.708s] INFO:colcon.colcon_core.executor:Executing jobs using 'parallel' executor
[2.745s] DEBUG:colcon.colcon_parallel_executor.executor.parallel:run_until_complete
[2.746s] INFO:colcon.colcon_ros.task.catkin.build:Building ROS package in '/home/deivideich/Holonomic_Base_Simulation/ros_1_ws/src/nuevaBaseMetal2' with build type 'catkin'
[2.746s] INFO:colcon.colcon_cmake.task.cmake.build:Building CMake package in '/home/deivideich/Holonomic_Base_Simulation/ros_1_ws/src/nuevaBaseMetal2'
[2.779s] INFO:colcon.colcon_core.plugin_system:Skipping extension 'colcon_core.shell.bat': Not used on non-Windows systems
[2.780s] INFO:colcon.colcon_core.shell:Skip shell extension 'powershell' for command environment: Not usable outside of PowerShell
[2.780s] DEBUG:colcon.colcon_core.shell:Skip shell extension 'dsv' for command environment
[2.977s] DEBUG:colcon.colcon_core.shell:Ignoring prefix path '/home/deivideich/Holonomic_Base_Simulation/ros_1_ws/devel'
[3.009s] DEBUG:colcon.colcon_core.shell:Ignoring prefix path '/home/deivideich/ros_1_ws/devel'
[3.045s] INFO:colcon.colcon_ros.task.ament_python.build:Building ROS package in '/home/deivideich/Holonomic_Base_Simulation/ros_2_ws/src/octobot_2' with build type 'ament_python'
[3.045s] Level 1:colcon.colcon_core.shell:create_environment_hook('octobot_2', 'ament_prefix_path')
[3.079s] INFO:colcon.colcon_core.shell:Creating environment hook '/home/deivideich/Holonomic_Base_Simulation/install/octobot_2/share/octobot_2/hook/ament_prefix_path.ps1'
[3.079s] INFO:colcon.colcon_core.shell:Creating environment descriptor '/home/deivideich/Holonomic_Base_Simulation/install/octobot_2/share/octobot_2/hook/ament_prefix_path.dsv'
[3.080s] INFO:colcon.colcon_core.shell:Creating environment hook '/home/deivideich/Holonomic_Base_Simulation/install/octobot_2/share/octobot_2/hook/ament_prefix_path.sh'
[3.112s] INFO:colcon.colcon_core.shell:Skip shell extension 'powershell' for command environment: Not usable outside of PowerShell
[3.113s] DEBUG:colcon.colcon_core.shell:Skip shell extension 'dsv' for command environment
[3.322s] DEBUG:colcon.colcon_core.shell:Ignoring prefix path '/home/deivideich/Holonomic_Base_Simulation/ros_1_ws/devel'
[3.356s] DEBUG:colcon.colcon_core.shell:Ignoring prefix path '/home/deivideich/ros_1_ws/devel'
[3.397s] DEBUG:colcon.colcon_core.event_handler.log_command:Invoking command in '/home/deivideich/Holonomic_Base_Simulation/build/NuevaBaseMetal2': /usr/bin/cmake /home/deivideich/Holonomic_Base_Simulation/ros_1_ws/src/nuevaBaseMetal2 -DCATKIN_INSTALL_INTO_PREFIX_ROOT=0 -DCMAKE_INSTALL_PREFIX=/home/deivideich/Holonomic_Base_Simulation/install/NuevaBaseMetal2
[3.600s] INFO:colcon.colcon_core.task.python.build:Building Python package in '/home/deivideich/Holonomic_Base_Simulation/ros_2_ws/src/octobot_2'
[3.640s] INFO:colcon.colcon_core.shell:Skip shell extension 'powershell' for command environment: Not usable outside of PowerShell
[3.640s] DEBUG:colcon.colcon_core.shell:Skip shell extension 'dsv' for command environment
[3.846s] DEBUG:colcon.colcon_core.shell:Ignoring prefix path '/home/deivideich/Holonomic_Base_Simulation/ros_1_ws/devel'
[3.881s] DEBUG:colcon.colcon_core.shell:Ignoring prefix path '/home/deivideich/ros_1_ws/devel'
[3.918s] DEBUG:colcon.colcon_core.event_handler.log_command:Invoked command in '/home/deivideich/Holonomic_Base_Simulation/build/NuevaBaseMetal2' returned '1': /usr/bin/cmake /home/deivideich/Holonomic_Base_Simulation/ros_1_ws/src/nuevaBaseMetal2 -DCATKIN_INSTALL_INTO_PREFIX_ROOT=0 -DCMAKE_INSTALL_PREFIX=/home/deivideich/Holonomic_Base_Simulation/install/NuevaBaseMetal2
[3.930s] Level 1:colcon.colcon_core.environment:create_environment_scripts_only(NuevaBaseMetal2)
[3.967s] Level 1:colcon.colcon_core.environment:checking '/home/deivideich/Holonomic_Base_Simulation/install/NuevaBaseMetal2' for CMake module files
[3.967s] Level 1:colcon.colcon_core.environment:checking '/home/deivideich/Holonomic_Base_Simulation/install/NuevaBaseMetal2' for CMake config files
[3.968s] Level 1:colcon.colcon_core.environment:checking '/home/deivideich/Holonomic_Base_Simulation/install/NuevaBaseMetal2/bin'
[3.968s] Level 1:colcon.colcon_core.environment:checking '/home/deivideich/Holonomic_Base_Simulation/install/NuevaBaseMetal2/lib/pkgconfig/NuevaBaseMetal2.pc'
[3.968s] Level 1:colcon.colcon_core.environment:checking '/home/deivideich/Holonomic_Base_Simulation/install/NuevaBaseMetal2/lib/python3.8/site-packages'
[3.968s] Level 1:colcon.colcon_core.environment:checking '/home/deivideich/Holonomic_Base_Simulation/install/NuevaBaseMetal2/bin'
[4.004s] INFO:colcon.colcon_core.shell:Creating package script '/home/deivideich/Holonomic_Base_Simulation/install/NuevaBaseMetal2/share/NuevaBaseMetal2/package.ps1'
[4.005s] INFO:colcon.colcon_core.shell:Creating package descriptor '/home/deivideich/Holonomic_Base_Simulation/install/NuevaBaseMetal2/share/NuevaBaseMetal2/package.dsv'
[4.005s] INFO:colcon.colcon_core.shell:Creating package script '/home/deivideich/Holonomic_Base_Simulation/install/NuevaBaseMetal2/share/NuevaBaseMetal2/package.sh'
[4.005s] INFO:colcon.colcon_core.shell:Creating package script '/home/deivideich/Holonomic_Base_Simulation/install/NuevaBaseMetal2/share/NuevaBaseMetal2/package.bash'
[4.006s] INFO:colcon.colcon_core.shell:Creating package script '/home/deivideich/Holonomic_Base_Simulation/install/NuevaBaseMetal2/share/NuevaBaseMetal2/package.zsh'
[4.006s] Level 1:colcon.colcon_core.environment:create_file_with_runtime_dependencies(/home/deivideich/Holonomic_Base_Simulation/install/NuevaBaseMetal2/share/colcon-core/packages/NuevaBaseMetal2)
[4.259s] DEBUG:colcon.colcon_parallel_executor.executor.parallel:closing loop
[4.260s] DEBUG:colcon.colcon_parallel_executor.executor.parallel:loop closed
[4.260s] DEBUG:colcon.colcon_parallel_executor.executor.parallel:run_until_complete finished with '1'
[4.260s] DEBUG:colcon.colcon_core.event_reactor:joining thread
[4.317s] INFO:colcon.colcon_core.plugin_system:Skipping extension 'colcon_notification.desktop_notification.terminal_notifier': Not used on non-Darwin systems
[4.317s] INFO:colcon.colcon_core.plugin_system:Skipping extension 'colcon_notification.desktop_notification.win32': Not used on non-Windows systems
[4.317s] INFO:colcon.colcon_notification.desktop_notification:Sending desktop notification using 'notify2'
[4.335s] DEBUG:colcon.colcon_core.event_reactor:joined thread
[4.372s] INFO:colcon.colcon_core.shell:Creating prefix script '/home/deivideich/Holonomic_Base_Simulation/install/local_setup.ps1'
[4.373s] INFO:colcon.colcon_core.shell:Creating prefix util module '/home/deivideich/Holonomic_Base_Simulation/install/_local_setup_util_ps1.py'
[4.374s] INFO:colcon.colcon_core.shell:Creating prefix chain script '/home/deivideich/Holonomic_Base_Simulation/install/setup.ps1'
[4.408s] INFO:colcon.colcon_core.shell:Creating prefix script '/home/deivideich/Holonomic_Base_Simulation/install/local_setup.sh'
[4.408s] INFO:colcon.colcon_core.shell:Creating prefix util module '/home/deivideich/Holonomic_Base_Simulation/install/_local_setup_util_sh.py'
[4.409s] INFO:colcon.colcon_core.shell:Creating prefix chain script '/home/deivideich/Holonomic_Base_Simulation/install/setup.sh'
[4.442s] INFO:colcon.colcon_core.shell:Creating prefix script '/home/deivideich/Holonomic_Base_Simulation/install/local_setup.bash'
[4.442s] INFO:colcon.colcon_core.shell:Creating prefix chain script '/home/deivideich/Holonomic_Base_Simulation/install/setup.bash'
[4.479s] INFO:colcon.colcon_core.shell:Creating prefix script '/home/deivideich/Holonomic_Base_Simulation/install/local_setup.zsh'
[4.479s] INFO:colcon.colcon_core.shell:Creating prefix chain script '/home/deivideich/Holonomic_Base_Simulation/install/setup.zsh'
