-- Using CATKIN_DEVEL_PREFIX: /home/deivideich/Holonomic_Base_Simulation/build/NuevaBaseMetal2/devel
-- Using CMAKE_PREFIX_PATH: /home/deivideich/articubot_example/install/articubot_one;/home/deivideich/Holonomic_Base_Simulation/ros_1_ws/devel;/home/deivideich/ros_1_ws/devel;/home/deivideich/test_holonomic/install/omnidirectional_controllers;/home/deivideich/test_holonomic/install/axebot_gazebo;/home/deivideich/test_holonomic/install/axebot_description;/home/deivideich/test_holonomic/install/axebot_control;/opt/ros/noetic
-- This workspace overlays: /home/deivideich/Holonomic_Base_Simulation/ros_1_ws/devel;/home/deivideich/ros_1_ws/devel;/opt/ros/noetic
-- Found PythonInterp: /usr/bin/python3 (found suitable version "3.8.10", minimum required is "3") 
-- Using PYTHON_EXECUTABLE: /usr/bin/python3
-- Using Debian Python package layout
-- Using empy: /usr/lib/python3/dist-packages/em.py
-- Using CATKIN_ENABLE_TESTING: ON
-- Call enable_testing()
-- Using CATKIN_TEST_RESULTS_DIR: /home/deivideich/Holonomic_Base_Simulation/build/NuevaBaseMetal2/test_results
-- Forcing gtest/gmock from source, though one was otherwise available.
-- Found gtest sources under '/usr/src/googletest': gtests will be built
-- Found gmock sources under '/usr/src/googletest': gmock will be built
-- Found PythonInterp: /usr/bin/python3 (found version "3.8.10") 
-- Using Python nosetests: /usr/bin/nosetests3
-- catkin 0.8.10
-- BUILD_SHARED_LIBS is on
-- Configuring incomplete, errors occurred!
See also "/home/deivideich/Holonomic_Base_Simulation/build/NuevaBaseMetal2/CMakeFiles/CMakeOutput.log".
See also "/home/deivideich/Holonomic_Base_Simulation/build/NuevaBaseMetal2/CMakeFiles/CMakeError.log".
