[0.768s] Invoking command in '/home/deivideich/Holonomic_Base_Simulation/build/NuevaBaseMetal2': /usr/bin/cmake /home/deivideich/Holonomic_Base_Simulation/ros_1_ws/src/nuevaBaseMetal2 -DCATKIN_INSTALL_INTO_PREFIX_ROOT=0 -DCMAKE_INSTALL_PREFIX=/home/deivideich/Holonomic_Base_Simulation/install/NuevaBaseMetal2
[0.778s] CMake Warning (dev) at CMakeLists.txt:3 (project):
[0.778s]   Policy CMP0048 is not set: project() command manages VERSION variables.
[0.779s]   Run "cmake --help-policy CMP0048" for policy details.  Use the cmake_policy
[0.779s]   command to set the policy and suppress this warning.
[0.779s] 
[0.779s]   The following variable(s) would be set to empty:
[0.779s] 
[0.779s]     CMAKE_PROJECT_VERSION
[0.779s]     CMAKE_PROJECT_VERSION_MAJOR
[0.779s]     CMAKE_PROJECT_VERSION_MINOR
[0.779s]     CMAKE_PROJECT_VERSION_PATCH
[0.779s] This warning is for project developers.  Use -Wno-dev to suppress it.
[0.779s] 
[0.786s] -- Using CATKIN_DEVEL_PREFIX: /home/deivideich/Holonomic_Base_Simulation/build/NuevaBaseMetal2/devel
[0.787s] -- Using CMAKE_PREFIX_PATH: /home/deivideich/articubot_example/install/articubot_one;/home/deivideich/Holonomic_Base_Simulation/ros_1_ws/devel;/home/deivideich/ros_1_ws/devel;/home/deivideich/test_holonomic/install/omnidirectional_controllers;/home/deivideich/test_holonomic/install/axebot_gazebo;/home/deivideich/test_holonomic/install/axebot_description;/home/deivideich/test_holonomic/install/axebot_control;/opt/ros/noetic
[0.787s] -- This workspace overlays: /home/deivideich/Holonomic_Base_Simulation/ros_1_ws/devel;/home/deivideich/ros_1_ws/devel;/opt/ros/noetic
[0.807s] -- Found PythonInterp: /usr/bin/python3 (found suitable version "3.8.10", minimum required is "3") 
[0.808s] -- Using PYTHON_EXECUTABLE: /usr/bin/python3
[0.808s] -- Using Debian Python package layout
[0.808s] -- Using empy: /usr/lib/python3/dist-packages/em.py
[0.890s] -- Using CATKIN_ENABLE_TESTING: ON
[0.890s] -- Call enable_testing()
[0.891s] -- Using CATKIN_TEST_RESULTS_DIR: /home/deivideich/Holonomic_Base_Simulation/build/NuevaBaseMetal2/test_results
[0.927s] -- Forcing gtest/gmock from source, though one was otherwise available.
[0.927s] -- Found gtest sources under '/usr/src/googletest': gtests will be built
[0.927s] -- Found gmock sources under '/usr/src/googletest': gmock will be built
[0.954s] -- Found PythonInterp: /usr/bin/python3 (found version "3.8.10") 
[0.960s] -- Using Python nosetests: /usr/bin/nosetests3
[1.001s] -- catkin 0.8.10
[1.001s] -- BUILD_SHARED_LIBS is on
[1.214s] Traceback (most recent call last):
[1.214s]   File "/home/deivideich/Holonomic_Base_Simulation/build/NuevaBaseMetal2/catkin_generated/generate_cached_setup.py", line 22, in <module>
[1.214s]     code = generate_environment_script('/home/deivideich/Holonomic_Base_Simulation/build/NuevaBaseMetal2/devel/env.sh')
[1.214s]   File "/opt/ros/noetic/lib/python3/dist-packages/catkin/environment_cache.py", line 63, in generate_environment_script
[1.215s]     env_after = ast.literal_eval(output.decode('utf8'))
[1.215s]   File "/usr/lib/python3.8/ast.py", line 59, in literal_eval
[1.215s]     node_or_string = parse(node_or_string, mode='eval')
[1.216s]   File "/usr/lib/python3.8/ast.py", line 47, in parse
[1.217s]     return compile(source, filename, mode, flags,
[1.218s]   File "<unknown>", line 1
[1.218s]     ROS_DISTRO was set to 'foxy' before. Please make sure that the environment does not mix paths from different distributions.
[1.218s]                ^
[1.219s] SyntaxError: invalid syntax
[1.227s] CMake Error at /opt/ros/noetic/share/catkin/cmake/safe_execute_process.cmake:11 (message):
[1.227s]   execute_process(/usr/bin/python3
[1.228s]   "/home/deivideich/Holonomic_Base_Simulation/build/NuevaBaseMetal2/catkin_generated/generate_cached_setup.py")
[1.228s]   returned error code 1
[1.228s] Call Stack (most recent call first):
[1.228s]   /opt/ros/noetic/share/catkin/cmake/all.cmake:208 (safe_execute_process)
[1.228s]   /opt/ros/noetic/share/catkin/cmake/catkinConfig.cmake:20 (include)
[1.228s]   CMakeLists.txt:5 (find_package)
[1.228s] 
[1.228s] 
[1.228s] -- Configuring incomplete, errors occurred!
[1.229s] See also "/home/deivideich/Holonomic_Base_Simulation/build/NuevaBaseMetal2/CMakeFiles/CMakeOutput.log".
[1.229s] See also "/home/deivideich/Holonomic_Base_Simulation/build/NuevaBaseMetal2/CMakeFiles/CMakeError.log".
[1.360s] Invoked command in '/home/deivideich/Holonomic_Base_Simulation/build/NuevaBaseMetal2' returned '1': /usr/bin/cmake /home/deivideich/Holonomic_Base_Simulation/ros_1_ws/src/nuevaBaseMetal2 -DCATKIN_INSTALL_INTO_PREFIX_ROOT=0 -DCMAKE_INSTALL_PREFIX=/home/deivideich/Holonomic_Base_Simulation/install/NuevaBaseMetal2
