[1.109s] Invoking command in '/home/deivideich/Holonomic_Base_Simulation/ros_2_ws/src/octobot_2': PYTHONPATH=/home/deivideich/Holonomic_Base_Simulation/ros_2_ws/src/octobot_2/build/octobot_2/prefix_override:/home/deivideich/Holonomic_Base_Simulation/ros_2_ws/src/octobot_2/install/octobot_2/lib/python3.8/site-packages:${PYTHONPATH} /usr/bin/python3 setup.py egg_info --egg-base build/octobot_2 build --build-base /home/deivideich/Holonomic_Base_Simulation/ros_2_ws/src/octobot_2/build/octobot_2/build install --record /home/deivideich/Holonomic_Base_Simulation/ros_2_ws/src/octobot_2/build/octobot_2/install.log --install-scripts $base/lib/octobot_2 --single-version-externally-managed
[1.291s] running egg_info
[1.291s] creating build/octobot_2/octobot_2.egg-info
[1.291s] writing build/octobot_2/octobot_2.egg-info/PKG-INFO
[1.291s] writing dependency_links to build/octobot_2/octobot_2.egg-info/dependency_links.txt
[1.292s] writing entry points to build/octobot_2/octobot_2.egg-info/entry_points.txt
[1.292s] writing requirements to build/octobot_2/octobot_2.egg-info/requires.txt
[1.292s] writing top-level names to build/octobot_2/octobot_2.egg-info/top_level.txt
[1.292s] writing manifest file 'build/octobot_2/octobot_2.egg-info/SOURCES.txt'
[1.317s] reading manifest file 'build/octobot_2/octobot_2.egg-info/SOURCES.txt'
[1.317s] writing manifest file 'build/octobot_2/octobot_2.egg-info/SOURCES.txt'
[1.317s] running build
[1.317s] running build_py
[1.318s] creating /home/deivideich/Holonomic_Base_Simulation/ros_2_ws/src/octobot_2/build/octobot_2/build
[1.318s] creating /home/deivideich/Holonomic_Base_Simulation/ros_2_ws/src/octobot_2/build/octobot_2/build/lib
[1.318s] creating /home/deivideich/Holonomic_Base_Simulation/ros_2_ws/src/octobot_2/build/octobot_2/build/lib/octobot_2
[1.318s] copying octobot_2/__init__.py -> /home/deivideich/Holonomic_Base_Simulation/ros_2_ws/src/octobot_2/build/octobot_2/build/lib/octobot_2
[1.318s] running install
[1.318s] running install_lib
[1.319s] creating /home/deivideich/Holonomic_Base_Simulation/ros_2_ws/src/octobot_2/install/octobot_2/lib/python3.8/site-packages/octobot_2
[1.319s] copying /home/deivideich/Holonomic_Base_Simulation/ros_2_ws/src/octobot_2/build/octobot_2/build/lib/octobot_2/__init__.py -> /home/deivideich/Holonomic_Base_Simulation/ros_2_ws/src/octobot_2/install/octobot_2/lib/python3.8/site-packages/octobot_2
[1.319s] byte-compiling /home/deivideich/Holonomic_Base_Simulation/ros_2_ws/src/octobot_2/install/octobot_2/lib/python3.8/site-packages/octobot_2/__init__.py to __init__.cpython-38.pyc
[1.320s] running install_data
[1.320s] creating /home/deivideich/Holonomic_Base_Simulation/ros_2_ws/src/octobot_2/install/octobot_2/share/ament_index
[1.320s] creating /home/deivideich/Holonomic_Base_Simulation/ros_2_ws/src/octobot_2/install/octobot_2/share/ament_index/resource_index
[1.320s] creating /home/deivideich/Holonomic_Base_Simulation/ros_2_ws/src/octobot_2/install/octobot_2/share/ament_index/resource_index/packages
[1.320s] error: can't copy 'resource/octobot_2': doesn't exist or not a regular file
[1.335s] Invoked command in '/home/deivideich/Holonomic_Base_Simulation/ros_2_ws/src/octobot_2' returned '1': PYTHONPATH=/home/deivideich/Holonomic_Base_Simulation/ros_2_ws/src/octobot_2/build/octobot_2/prefix_override:/home/deivideich/Holonomic_Base_Simulation/ros_2_ws/src/octobot_2/install/octobot_2/lib/python3.8/site-packages:${PYTHONPATH} /usr/bin/python3 setup.py egg_info --egg-base build/octobot_2 build --build-base /home/deivideich/Holonomic_Base_Simulation/ros_2_ws/src/octobot_2/build/octobot_2/build install --record /home/deivideich/Holonomic_Base_Simulation/ros_2_ws/src/octobot_2/build/octobot_2/install.log --install-scripts $base/lib/octobot_2 --single-version-externally-managed
