[0.999s] Invoking command in '/home/deivideich/ros_2_ws/src/octobot_2': PYTHONPATH=/home/deivideich/ros_2_ws/build/octobot_2/prefix_override:/home/deivideich/ros_2_ws/install/octobot_2/lib/python3.8/site-packages:${PYTHONPATH} /usr/bin/python3 setup.py egg_info --egg-base ../../build/octobot_2 build --build-base /home/deivideich/ros_2_ws/build/octobot_2/build install --record /home/deivideich/ros_2_ws/build/octobot_2/install.log --install-scripts $base/lib/octobot_2 --single-version-externally-managed
[1.175s] running egg_info
[1.175s] writing ../../build/octobot_2/octobot_2.egg-info/PKG-INFO
[1.175s] writing dependency_links to ../../build/octobot_2/octobot_2.egg-info/dependency_links.txt
[1.175s] writing entry points to ../../build/octobot_2/octobot_2.egg-info/entry_points.txt
[1.175s] writing requirements to ../../build/octobot_2/octobot_2.egg-info/requires.txt
[1.175s] writing top-level names to ../../build/octobot_2/octobot_2.egg-info/top_level.txt
[1.203s] reading manifest file '../../build/octobot_2/octobot_2.egg-info/SOURCES.txt'
[1.204s] writing manifest file '../../build/octobot_2/octobot_2.egg-info/SOURCES.txt'
[1.204s] running build
[1.204s] running build_py
[1.204s] running install
[1.204s] running install_lib
[1.205s] running install_data
[1.206s] running install_egg_info
[1.207s] removing '/home/deivideich/ros_2_ws/install/octobot_2/lib/python3.8/site-packages/octobot_2-0.0.0-py3.8.egg-info' (and everything under it)
[1.207s] Copying ../../build/octobot_2/octobot_2.egg-info to /home/deivideich/ros_2_ws/install/octobot_2/lib/python3.8/site-packages/octobot_2-0.0.0-py3.8.egg-info
[1.208s] running install_scripts
[1.219s] writing list of installed files to '/home/deivideich/ros_2_ws/build/octobot_2/install.log'
[1.234s] Invoked command in '/home/deivideich/ros_2_ws/src/octobot_2' returned '0': PYTHONPATH=/home/deivideich/ros_2_ws/build/octobot_2/prefix_override:/home/deivideich/ros_2_ws/install/octobot_2/lib/python3.8/site-packages:${PYTHONPATH} /usr/bin/python3 setup.py egg_info --egg-base ../../build/octobot_2 build --build-base /home/deivideich/ros_2_ws/build/octobot_2/build install --record /home/deivideich/ros_2_ws/build/octobot_2/install.log --install-scripts $base/lib/octobot_2 --single-version-externally-managed
