[0.222s] Invoking command in '/home/deivideich/ros_2_ws/build/NuevaBaseMetal2': /usr/bin/cmake /home/deivideich/ros_2_ws/src/NuevaBaseMetal2 -DCATKIN_INSTALL_INTO_PREFIX_ROOT=0 -DCMAKE_INSTALL_PREFIX=/home/deivideich/ros_2_ws/install/NuevaBaseMetal2
[0.281s] -- The C compiler identification is GNU 9.4.0
[0.331s] -- The CXX compiler identification is GNU 9.4.0
[0.336s] -- Check for working C compiler: /usr/bin/cc
[0.387s] -- Check for working C compiler: /usr/bin/cc -- works
[0.389s] -- Detecting C compiler ABI info
[0.449s] -- Detecting C compiler ABI info - done
[0.458s] -- Detecting C compile features
[0.458s] -- Detecting C compile features - done
[0.460s] -- Check for working CXX compiler: /usr/bin/c++
[0.529s] -- Check for working CXX compiler: /usr/bin/c++ -- works
[0.530s] -- Detecting CXX compiler ABI info
[0.597s] -- Detecting CXX compiler ABI info - done
[0.608s] -- Detecting CXX compile features
[0.608s] -- Detecting CXX compile features - done
[0.616s] CMake Error at CMakeLists.txt:5 (find_package):
[0.616s]   By not providing "Findcatkin.cmake" in CMAKE_MODULE_PATH this project has
[0.616s]   asked CMake to find a package configuration file provided by "catkin", but
[0.616s]   CMake did not find one.
[0.617s] 
[0.617s]   Could not find a package configuration file provided by "catkin" with any
[0.617s]   of the following names:
[0.617s] 
[0.617s]     catkinConfig.cmake
[0.617s]     catkin-config.cmake
[0.617s] 
[0.617s]   Add the installation prefix of "catkin" to CMAKE_PREFIX_PATH or set
[0.617s]   "catkin_DIR" to a directory containing one of the above files.  If "catkin"
[0.617s]   provides a separate development package or SDK, be sure it has been
[0.617s]   installed.
[0.617s] 
[0.617s] 
[0.617s] -- Configuring incomplete, errors occurred!
[0.617s] See also "/home/deivideich/ros_2_ws/build/NuevaBaseMetal2/CMakeFiles/CMakeOutput.log".
[0.619s] Invoked command in '/home/deivideich/ros_2_ws/build/NuevaBaseMetal2' returned '1': /usr/bin/cmake /home/deivideich/ros_2_ws/src/NuevaBaseMetal2 -DCATKIN_INSTALL_INTO_PREFIX_ROOT=0 -DCMAKE_INSTALL_PREFIX=/home/deivideich/ros_2_ws/install/NuevaBaseMetal2
