[0.558s] Invoking command in '/home/deivideich/Holonomic_Base_Simulation/ros_2_ws/build/nav2_recoveries': AMENT_PREFIX_PATH=/home/deivideich/Holonomic_Base_Simulation/ros_2_ws/install/nav2_core:/home/deivideich/Holonomic_Base_Simulation/ros_2_ws/install/nav2_costmap_2d:/home/deivideich/Holonomic_Base_Simulation/ros_2_ws/install/nav2_behavior_tree:/home/deivideich/Holonomic_Base_Simulation/ros_2_ws/install/nav2_util:/home/deivideich/Holonomic_Base_Simulation/ros_2_ws/install/nav2_voxel_grid:/home/deivideich/Holonomic_Base_Simulation/ros_2_ws/install/nav2_msgs:/home/deivideich/Holonomic_Base_Simulation/ros_2_ws/install/nav2_common:${AMENT_PREFIX_PATH} CMAKE_PREFIX_PATH=/home/deivideich/Holonomic_Base_Simulation/ros_2_ws/install/nav2_core:/home/deivideich/Holonomic_Base_Simulation/ros_2_ws/install/nav2_costmap_2d:/home/deivideich/Holonomic_Base_Simulation/ros_2_ws/install/nav2_behavior_tree:/home/deivideich/Holonomic_Base_Simulation/ros_2_ws/install/nav2_util:/home/deivideich/Holonomic_Base_Simulation/ros_2_ws/install/nav2_voxel_grid:/home/deivideich/Holonomic_Base_Simulation/ros_2_ws/install/nav2_msgs:/home/deivideich/Holonomic_Base_Simulation/ros_2_ws/install/nav2_common:/home/deivideich/Holonomic_Base_Simulation/ros_2_ws/install/octobot_2:/opt/ros/foxy:${CMAKE_PREFIX_PATH} LD_LIBRARY_PATH=/home/deivideich/Holonomic_Base_Simulation/ros_2_ws/install/nav2_costmap_2d/lib:/home/deivideich/Holonomic_Base_Simulation/ros_2_ws/install/nav2_behavior_tree/lib:/home/deivideich/Holonomic_Base_Simulation/ros_2_ws/install/nav2_util/lib:/home/deivideich/Holonomic_Base_Simulation/ros_2_ws/install/nav2_voxel_grid/lib:/home/deivideich/Holonomic_Base_Simulation/ros_2_ws/install/nav2_msgs/lib:${LD_LIBRARY_PATH} PYTHONPATH=/home/deivideich/Holonomic_Base_Simulation/ros_2_ws/install/nav2_msgs/lib/python3.8/site-packages:/home/deivideich/Holonomic_Base_Simulation/ros_2_ws/install/nav2_common/lib/python3.8/site-packages:${PYTHONPATH} /usr/bin/cmake /home/deivideich/Holonomic_Base_Simulation/ros_2_ws/navigation2/nav2_recoveries -DCMAKE_INSTALL_PREFIX=/home/deivideich/Holonomic_Base_Simulation/ros_2_ws/install/nav2_recoveries
[0.611s] -- The C compiler identification is GNU 9.4.0
[0.676s] -- The CXX compiler identification is GNU 9.4.0
[0.681s] -- Check for working C compiler: /usr/bin/cc
[0.760s] -- Check for working C compiler: /usr/bin/cc -- works
[0.761s] -- Detecting C compiler ABI info
[0.845s] -- Detecting C compiler ABI info - done
[0.856s] -- Detecting C compile features
[0.856s] -- Detecting C compile features - done
[0.859s] -- Check for working CXX compiler: /usr/bin/c++
[0.944s] -- Check for working CXX compiler: /usr/bin/c++ -- works
[0.945s] -- Detecting CXX compiler ABI info
[1.043s] -- Detecting CXX compiler ABI info - done
[1.061s] -- Detecting CXX compile features
[1.062s] -- Detecting CXX compile features - done
[1.066s] -- Found ament_cmake: 0.9.12 (/opt/ros/foxy/share/ament_cmake/cmake)
[1.106s] -- Found PythonInterp: /usr/bin/python3 (found suitable version "3.8.10", minimum required is "3") 
[1.107s] -- Using PYTHON_EXECUTABLE: /usr/bin/python3
[1.418s] -- Found nav2_common: 0.4.7 (/home/deivideich/Holonomic_Base_Simulation/ros_2_ws/install/nav2_common/share/nav2_common/cmake)
[1.420s] -- Found rclcpp: 2.4.3 (/opt/ros/foxy/share/rclcpp/cmake)
[1.465s] -- Using all available rosidl_typesupport_c: rosidl_typesupport_fastrtps_c;rosidl_typesupport_introspection_c
[1.473s] -- Found rosidl_adapter: 1.3.1 (/opt/ros/foxy/share/rosidl_adapter/cmake)
[1.554s] -- Found OpenSSL: /usr/lib/x86_64-linux-gnu/libcrypto.so (found version "1.1.1f")  
[1.595s] -- Found FastRTPS: /opt/ros/foxy/include  
[1.689s] -- Using all available rosidl_typesupport_cpp: rosidl_typesupport_fastrtps_cpp;rosidl_typesupport_introspection_cpp
[1.744s] -- Found rmw_implementation_cmake: 1.0.4 (/opt/ros/foxy/share/rmw_implementation_cmake/cmake)
[1.745s] -- Using RMW implementation 'rmw_fastrtps_cpp' as default
[1.746s] -- Looking for pthread.h
[1.811s] -- Looking for pthread.h - found
[1.811s] -- Performing Test CMAKE_HAVE_LIBC_PTHREAD
[1.879s] -- Performing Test CMAKE_HAVE_LIBC_PTHREAD - Failed
[1.879s] -- Looking for pthread_create in pthreads
[1.929s] -- Looking for pthread_create in pthreads - not found
[1.929s] -- Looking for pthread_create in pthread
[1.988s] -- Looking for pthread_create in pthread - found
[1.989s] -- Found Threads: TRUE  
[2.212s] -- Found rclcpp_action: 2.4.3 (/opt/ros/foxy/share/rclcpp_action/cmake)
[2.306s] -- Found rclcpp_lifecycle: 2.4.3 (/opt/ros/foxy/share/rclcpp_lifecycle/cmake)
[2.332s] -- Found nav2_behavior_tree: 0.4.7 (/home/deivideich/Holonomic_Base_Simulation/ros_2_ws/install/nav2_behavior_tree/share/nav2_behavior_tree/cmake)
[3.016s] -- Found eigen3_cmake_module: 0.1.1 (/opt/ros/foxy/share/eigen3_cmake_module/cmake)
[3.020s] -- Found Eigen3: TRUE (found version "3.3.7") 
[3.349s] -- Found nav2_costmap_2d: 0.4.7 (/home/deivideich/Holonomic_Base_Simulation/ros_2_ws/install/nav2_costmap_2d/share/nav2_costmap_2d/cmake)
[3.914s] -- Found nav2_core: 0.4.7 (/home/deivideich/Holonomic_Base_Simulation/ros_2_ws/install/nav2_core/share/nav2_core/cmake)
[4.317s] -- Setting build type to Release as none was specified.
[22.155s] -- Found ament_lint_auto: 0.9.8 (/opt/ros/foxy/share/ament_lint_auto/cmake)
[22.227s] -- Found gtest sources under '/opt/ros/foxy/src/gtest_vendor': C++ tests using 'Google Test' will be built
[22.229s] -- Check if compiler accepts -pthread
[22.294s] -- Check if compiler accepts -pthread - yes
[25.276s] -- Added test 'copyright' to check source files copyright and LICENSE
[25.277s] -- Added test 'cppcheck' to perform static code analysis on C / C++ code
[25.278s] -- Configured cppcheck include dirs: /home/deivideich/Holonomic_Base_Simulation/ros_2_ws/navigation2/nav2_recoveries/include
[25.278s] -- Configured cppcheck exclude dirs and/or files: 
[25.279s] -- Added test 'cpplint' to check C / C++ code against the Google style
[25.279s] -- Configured cpplint exclude dirs and/or files: 
[25.280s] -- Added test 'lint_cmake' to check CMake code style
[25.281s] -- Added test 'uncrustify' to check C / C++ code style
[25.281s] -- Configured uncrustify additional arguments: 
[25.281s] -- Added test 'xmllint' to check XML markup files
[25.287s] -- Configuring done
[25.485s] -- Generating done
[25.488s] -- Build files have been written to: /home/deivideich/Holonomic_Base_Simulation/ros_2_ws/build/nav2_recoveries
[25.500s] Invoked command in '/home/deivideich/Holonomic_Base_Simulation/ros_2_ws/build/nav2_recoveries' returned '0': AMENT_PREFIX_PATH=/home/deivideich/Holonomic_Base_Simulation/ros_2_ws/install/nav2_core:/home/deivideich/Holonomic_Base_Simulation/ros_2_ws/install/nav2_costmap_2d:/home/deivideich/Holonomic_Base_Simulation/ros_2_ws/install/nav2_behavior_tree:/home/deivideich/Holonomic_Base_Simulation/ros_2_ws/install/nav2_util:/home/deivideich/Holonomic_Base_Simulation/ros_2_ws/install/nav2_voxel_grid:/home/deivideich/Holonomic_Base_Simulation/ros_2_ws/install/nav2_msgs:/home/deivideich/Holonomic_Base_Simulation/ros_2_ws/install/nav2_common:${AMENT_PREFIX_PATH} CMAKE_PREFIX_PATH=/home/deivideich/Holonomic_Base_Simulation/ros_2_ws/install/nav2_core:/home/deivideich/Holonomic_Base_Simulation/ros_2_ws/install/nav2_costmap_2d:/home/deivideich/Holonomic_Base_Simulation/ros_2_ws/install/nav2_behavior_tree:/home/deivideich/Holonomic_Base_Simulation/ros_2_ws/install/nav2_util:/home/deivideich/Holonomic_Base_Simulation/ros_2_ws/install/nav2_voxel_grid:/home/deivideich/Holonomic_Base_Simulation/ros_2_ws/install/nav2_msgs:/home/deivideich/Holonomic_Base_Simulation/ros_2_ws/install/nav2_common:/home/deivideich/Holonomic_Base_Simulation/ros_2_ws/install/octobot_2:/opt/ros/foxy:${CMAKE_PREFIX_PATH} LD_LIBRARY_PATH=/home/deivideich/Holonomic_Base_Simulation/ros_2_ws/install/nav2_costmap_2d/lib:/home/deivideich/Holonomic_Base_Simulation/ros_2_ws/install/nav2_behavior_tree/lib:/home/deivideich/Holonomic_Base_Simulation/ros_2_ws/install/nav2_util/lib:/home/deivideich/Holonomic_Base_Simulation/ros_2_ws/install/nav2_voxel_grid/lib:/home/deivideich/Holonomic_Base_Simulation/ros_2_ws/install/nav2_msgs/lib:${LD_LIBRARY_PATH} PYTHONPATH=/home/deivideich/Holonomic_Base_Simulation/ros_2_ws/install/nav2_msgs/lib/python3.8/site-packages:/home/deivideich/Holonomic_Base_Simulation/ros_2_ws/install/nav2_common/lib/python3.8/site-packages:${PYTHONPATH} /usr/bin/cmake /home/deivideich/Holonomic_Base_Simulation/ros_2_ws/navigation2/nav2_recoveries -DCMAKE_INSTALL_PREFIX=/home/deivideich/Holonomic_Base_Simulation/ros_2_ws/install/nav2_recoveries
[25.503s] Invoking command in '/home/deivideich/Holonomic_Base_Simulation/ros_2_ws/build/nav2_recoveries': AMENT_PREFIX_PATH=/home/deivideich/Holonomic_Base_Simulation/ros_2_ws/install/nav2_core:/home/deivideich/Holonomic_Base_Simulation/ros_2_ws/install/nav2_costmap_2d:/home/deivideich/Holonomic_Base_Simulation/ros_2_ws/install/nav2_behavior_tree:/home/deivideich/Holonomic_Base_Simulation/ros_2_ws/install/nav2_util:/home/deivideich/Holonomic_Base_Simulation/ros_2_ws/install/nav2_voxel_grid:/home/deivideich/Holonomic_Base_Simulation/ros_2_ws/install/nav2_msgs:/home/deivideich/Holonomic_Base_Simulation/ros_2_ws/install/nav2_common:${AMENT_PREFIX_PATH} CMAKE_PREFIX_PATH=/home/deivideich/Holonomic_Base_Simulation/ros_2_ws/install/nav2_core:/home/deivideich/Holonomic_Base_Simulation/ros_2_ws/install/nav2_costmap_2d:/home/deivideich/Holonomic_Base_Simulation/ros_2_ws/install/nav2_behavior_tree:/home/deivideich/Holonomic_Base_Simulation/ros_2_ws/install/nav2_util:/home/deivideich/Holonomic_Base_Simulation/ros_2_ws/install/nav2_voxel_grid:/home/deivideich/Holonomic_Base_Simulation/ros_2_ws/install/nav2_msgs:/home/deivideich/Holonomic_Base_Simulation/ros_2_ws/install/nav2_common:/home/deivideich/Holonomic_Base_Simulation/ros_2_ws/install/octobot_2:/opt/ros/foxy:${CMAKE_PREFIX_PATH} LD_LIBRARY_PATH=/home/deivideich/Holonomic_Base_Simulation/ros_2_ws/install/nav2_costmap_2d/lib:/home/deivideich/Holonomic_Base_Simulation/ros_2_ws/install/nav2_behavior_tree/lib:/home/deivideich/Holonomic_Base_Simulation/ros_2_ws/install/nav2_util/lib:/home/deivideich/Holonomic_Base_Simulation/ros_2_ws/install/nav2_voxel_grid/lib:/home/deivideich/Holonomic_Base_Simulation/ros_2_ws/install/nav2_msgs/lib:${LD_LIBRARY_PATH} PYTHONPATH=/home/deivideich/Holonomic_Base_Simulation/ros_2_ws/install/nav2_msgs/lib/python3.8/site-packages:/home/deivideich/Holonomic_Base_Simulation/ros_2_ws/install/nav2_common/lib/python3.8/site-packages:${PYTHONPATH} /usr/bin/cmake --build /home/deivideich/Holonomic_Base_Simulation/ros_2_ws/build/nav2_recoveries -- -j16 -l16
[25.546s] [35m[1mScanning dependencies of target nav2_wait_recovery[0m
[25.547s] [35m[1mScanning dependencies of target nav2_backup_recovery[0m
[25.548s] [35m[1mScanning dependencies of target recoveries_server_core[0m
[25.548s] [35m[1mScanning dependencies of target gtest[0m
[25.548s] [35m[1mScanning dependencies of target nav2_spin_recovery[0m
[25.548s] [35m[1mScanning dependencies of target gtest_main[0m
[25.570s] [  6%] [32mBuilding CXX object gtest/CMakeFiles/gtest_main.dir/src/gtest_main.cc.o[0m
[25.570s] [ 12%] [32mBuilding CXX object gtest/CMakeFiles/gtest.dir/src/gtest-all.cc.o[0m
[25.609s] [ 18%] [32mBuilding CXX object CMakeFiles/nav2_wait_recovery.dir/plugins/wait.cpp.o[0m
[25.629s] [ 31%] [32mBuilding CXX object CMakeFiles/nav2_spin_recovery.dir/plugins/spin.cpp.o[0m
[25.629s] [ 31%] [32mBuilding CXX object CMakeFiles/recoveries_server_core.dir/src/recovery_server.cpp.o[0m
[25.629s] [ 37%] [32mBuilding CXX object CMakeFiles/nav2_backup_recovery.dir/plugins/back_up.cpp.o[0m
[26.980s] [ 43%] [32m[1mLinking CXX static library libgtest_main.a[0m
[27.180s] [ 43%] Built target gtest_main
[37.083s] [ 50%] [32m[1mLinking CXX shared library libnav2_wait_recovery.so[0m
[37.229s] [ 56%] [32m[1mLinking CXX shared library libnav2_spin_recovery.so[0m
[37.263s] [ 62%] [32m[1mLinking CXX static library libgtest.a[0m
[37.294s] [ 68%] [32m[1mLinking CXX shared library libnav2_backup_recovery.so[0m
[37.324s] [ 68%] Built target gtest
[37.343s] [35m[1mScanning dependencies of target test_recoveries[0m
[37.426s] [ 68%] Built target nav2_wait_recovery
[37.455s] [ 75%] [32mBuilding CXX object test/CMakeFiles/test_recoveries.dir/test_recoveries.cpp.o[0m
[37.614s] [ 75%] Built target nav2_spin_recovery
[37.678s] [ 75%] Built target nav2_backup_recovery
[39.169s] [ 81%] [32m[1mLinking CXX static library librecoveries_server_core.a[0m
[39.389s] [ 81%] Built target recoveries_server_core
[39.451s] [35m[1mScanning dependencies of target recoveries_server[0m
[39.697s] [ 87%] [32mBuilding CXX object CMakeFiles/recoveries_server.dir/src/main.cpp.o[0m
[46.707s] [ 93%] [32m[1mLinking CXX executable recoveries_server[0m
[47.236s] [ 93%] Built target recoveries_server
[51.434s] [100%] [32m[1mLinking CXX executable test_recoveries[0m
[51.656s] [100%] Built target test_recoveries
[51.793s] Invoked command in '/home/deivideich/Holonomic_Base_Simulation/ros_2_ws/build/nav2_recoveries' returned '0': AMENT_PREFIX_PATH=/home/deivideich/Holonomic_Base_Simulation/ros_2_ws/install/nav2_core:/home/deivideich/Holonomic_Base_Simulation/ros_2_ws/install/nav2_costmap_2d:/home/deivideich/Holonomic_Base_Simulation/ros_2_ws/install/nav2_behavior_tree:/home/deivideich/Holonomic_Base_Simulation/ros_2_ws/install/nav2_util:/home/deivideich/Holonomic_Base_Simulation/ros_2_ws/install/nav2_voxel_grid:/home/deivideich/Holonomic_Base_Simulation/ros_2_ws/install/nav2_msgs:/home/deivideich/Holonomic_Base_Simulation/ros_2_ws/install/nav2_common:${AMENT_PREFIX_PATH} CMAKE_PREFIX_PATH=/home/deivideich/Holonomic_Base_Simulation/ros_2_ws/install/nav2_core:/home/deivideich/Holonomic_Base_Simulation/ros_2_ws/install/nav2_costmap_2d:/home/deivideich/Holonomic_Base_Simulation/ros_2_ws/install/nav2_behavior_tree:/home/deivideich/Holonomic_Base_Simulation/ros_2_ws/install/nav2_util:/home/deivideich/Holonomic_Base_Simulation/ros_2_ws/install/nav2_voxel_grid:/home/deivideich/Holonomic_Base_Simulation/ros_2_ws/install/nav2_msgs:/home/deivideich/Holonomic_Base_Simulation/ros_2_ws/install/nav2_common:/home/deivideich/Holonomic_Base_Simulation/ros_2_ws/install/octobot_2:/opt/ros/foxy:${CMAKE_PREFIX_PATH} LD_LIBRARY_PATH=/home/deivideich/Holonomic_Base_Simulation/ros_2_ws/install/nav2_costmap_2d/lib:/home/deivideich/Holonomic_Base_Simulation/ros_2_ws/install/nav2_behavior_tree/lib:/home/deivideich/Holonomic_Base_Simulation/ros_2_ws/install/nav2_util/lib:/home/deivideich/Holonomic_Base_Simulation/ros_2_ws/install/nav2_voxel_grid/lib:/home/deivideich/Holonomic_Base_Simulation/ros_2_ws/install/nav2_msgs/lib:${LD_LIBRARY_PATH} PYTHONPATH=/home/deivideich/Holonomic_Base_Simulation/ros_2_ws/install/nav2_msgs/lib/python3.8/site-packages:/home/deivideich/Holonomic_Base_Simulation/ros_2_ws/install/nav2_common/lib/python3.8/site-packages:${PYTHONPATH} /usr/bin/cmake --build /home/deivideich/Holonomic_Base_Simulation/ros_2_ws/build/nav2_recoveries -- -j16 -l16
[51.816s] Invoking command in '/home/deivideich/Holonomic_Base_Simulation/ros_2_ws/build/nav2_recoveries': AMENT_PREFIX_PATH=/home/deivideich/Holonomic_Base_Simulation/ros_2_ws/install/nav2_core:/home/deivideich/Holonomic_Base_Simulation/ros_2_ws/install/nav2_costmap_2d:/home/deivideich/Holonomic_Base_Simulation/ros_2_ws/install/nav2_behavior_tree:/home/deivideich/Holonomic_Base_Simulation/ros_2_ws/install/nav2_util:/home/deivideich/Holonomic_Base_Simulation/ros_2_ws/install/nav2_voxel_grid:/home/deivideich/Holonomic_Base_Simulation/ros_2_ws/install/nav2_msgs:/home/deivideich/Holonomic_Base_Simulation/ros_2_ws/install/nav2_common:${AMENT_PREFIX_PATH} CMAKE_PREFIX_PATH=/home/deivideich/Holonomic_Base_Simulation/ros_2_ws/install/nav2_core:/home/deivideich/Holonomic_Base_Simulation/ros_2_ws/install/nav2_costmap_2d:/home/deivideich/Holonomic_Base_Simulation/ros_2_ws/install/nav2_behavior_tree:/home/deivideich/Holonomic_Base_Simulation/ros_2_ws/install/nav2_util:/home/deivideich/Holonomic_Base_Simulation/ros_2_ws/install/nav2_voxel_grid:/home/deivideich/Holonomic_Base_Simulation/ros_2_ws/install/nav2_msgs:/home/deivideich/Holonomic_Base_Simulation/ros_2_ws/install/nav2_common:/home/deivideich/Holonomic_Base_Simulation/ros_2_ws/install/octobot_2:/opt/ros/foxy:${CMAKE_PREFIX_PATH} LD_LIBRARY_PATH=/home/deivideich/Holonomic_Base_Simulation/ros_2_ws/install/nav2_costmap_2d/lib:/home/deivideich/Holonomic_Base_Simulation/ros_2_ws/install/nav2_behavior_tree/lib:/home/deivideich/Holonomic_Base_Simulation/ros_2_ws/install/nav2_util/lib:/home/deivideich/Holonomic_Base_Simulation/ros_2_ws/install/nav2_voxel_grid/lib:/home/deivideich/Holonomic_Base_Simulation/ros_2_ws/install/nav2_msgs/lib:${LD_LIBRARY_PATH} PYTHONPATH=/home/deivideich/Holonomic_Base_Simulation/ros_2_ws/install/nav2_msgs/lib/python3.8/site-packages:/home/deivideich/Holonomic_Base_Simulation/ros_2_ws/install/nav2_common/lib/python3.8/site-packages:${PYTHONPATH} /usr/bin/cmake --install /home/deivideich/Holonomic_Base_Simulation/ros_2_ws/build/nav2_recoveries
[51.824s] -- Install configuration: "Release"
[51.824s] -- Installing: /home/deivideich/Holonomic_Base_Simulation/ros_2_ws/install/nav2_recoveries/share/nav2_recoveries/recovery_plugin.xml
[51.824s] -- Installing: /home/deivideich/Holonomic_Base_Simulation/ros_2_ws/install/nav2_recoveries/lib/librecoveries_server_core.a
[51.825s] -- Installing: /home/deivideich/Holonomic_Base_Simulation/ros_2_ws/install/nav2_recoveries/lib/libnav2_backup_recovery.so
[51.825s] -- Set runtime path of "/home/deivideich/Holonomic_Base_Simulation/ros_2_ws/install/nav2_recoveries/lib/libnav2_backup_recovery.so" to ""
[51.826s] -- Installing: /home/deivideich/Holonomic_Base_Simulation/ros_2_ws/install/nav2_recoveries/lib/libnav2_spin_recovery.so
[51.826s] -- Set runtime path of "/home/deivideich/Holonomic_Base_Simulation/ros_2_ws/install/nav2_recoveries/lib/libnav2_spin_recovery.so" to ""
[51.826s] -- Installing: /home/deivideich/Holonomic_Base_Simulation/ros_2_ws/install/nav2_recoveries/lib/libnav2_wait_recovery.so
[51.826s] -- Set runtime path of "/home/deivideich/Holonomic_Base_Simulation/ros_2_ws/install/nav2_recoveries/lib/libnav2_wait_recovery.so" to ""
[51.827s] -- Installing: /home/deivideich/Holonomic_Base_Simulation/ros_2_ws/install/nav2_recoveries/lib/nav2_recoveries/recoveries_server
[51.827s] -- Set runtime path of "/home/deivideich/Holonomic_Base_Simulation/ros_2_ws/install/nav2_recoveries/lib/nav2_recoveries/recoveries_server" to ""
[51.827s] -- Installing: /home/deivideich/Holonomic_Base_Simulation/ros_2_ws/install/nav2_recoveries/include/
[51.827s] -- Installing: /home/deivideich/Holonomic_Base_Simulation/ros_2_ws/install/nav2_recoveries/include//nav2_recoveries
[51.828s] -- Installing: /home/deivideich/Holonomic_Base_Simulation/ros_2_ws/install/nav2_recoveries/include//nav2_recoveries/recovery_server.hpp
[51.828s] -- Installing: /home/deivideich/Holonomic_Base_Simulation/ros_2_ws/install/nav2_recoveries/include//nav2_recoveries/recovery.hpp
[51.828s] -- Up-to-date: /home/deivideich/Holonomic_Base_Simulation/ros_2_ws/install/nav2_recoveries/share/nav2_recoveries/recovery_plugin.xml
[51.828s] -- Installing: /home/deivideich/Holonomic_Base_Simulation/ros_2_ws/install/nav2_recoveries/share/nav2_recoveries/environment/library_path.sh
[51.829s] -- Installing: /home/deivideich/Holonomic_Base_Simulation/ros_2_ws/install/nav2_recoveries/share/nav2_recoveries/environment/library_path.dsv
[51.829s] -- Installing: /home/deivideich/Holonomic_Base_Simulation/ros_2_ws/install/nav2_recoveries/share/ament_index/resource_index/package_run_dependencies/nav2_recoveries
[51.829s] -- Installing: /home/deivideich/Holonomic_Base_Simulation/ros_2_ws/install/nav2_recoveries/share/ament_index/resource_index/parent_prefix_path/nav2_recoveries
[51.830s] -- Installing: /home/deivideich/Holonomic_Base_Simulation/ros_2_ws/install/nav2_recoveries/share/nav2_recoveries/environment/ament_prefix_path.sh
[51.830s] -- Installing: /home/deivideich/Holonomic_Base_Simulation/ros_2_ws/install/nav2_recoveries/share/nav2_recoveries/environment/ament_prefix_path.dsv
[51.830s] -- Installing: /home/deivideich/Holonomic_Base_Simulation/ros_2_ws/install/nav2_recoveries/share/nav2_recoveries/environment/path.sh
[51.830s] -- Installing: /home/deivideich/Holonomic_Base_Simulation/ros_2_ws/install/nav2_recoveries/share/nav2_recoveries/environment/path.dsv
[51.831s] -- Installing: /home/deivideich/Holonomic_Base_Simulation/ros_2_ws/install/nav2_recoveries/share/nav2_recoveries/local_setup.bash
[51.831s] -- Installing: /home/deivideich/Holonomic_Base_Simulation/ros_2_ws/install/nav2_recoveries/share/nav2_recoveries/local_setup.sh
[51.831s] -- Installing: /home/deivideich/Holonomic_Base_Simulation/ros_2_ws/install/nav2_recoveries/share/nav2_recoveries/local_setup.zsh
[51.831s] -- Installing: /home/deivideich/Holonomic_Base_Simulation/ros_2_ws/install/nav2_recoveries/share/nav2_recoveries/local_setup.dsv
[51.831s] -- Installing: /home/deivideich/Holonomic_Base_Simulation/ros_2_ws/install/nav2_recoveries/share/nav2_recoveries/package.dsv
[51.831s] -- Installing: /home/deivideich/Holonomic_Base_Simulation/ros_2_ws/install/nav2_recoveries/share/ament_index/resource_index/packages/nav2_recoveries
[51.831s] -- Installing: /home/deivideich/Holonomic_Base_Simulation/ros_2_ws/install/nav2_recoveries/share/ament_index/resource_index/nav2_core__pluginlib__plugin/nav2_recoveries
[51.831s] -- Installing: /home/deivideich/Holonomic_Base_Simulation/ros_2_ws/install/nav2_recoveries/share/nav2_recoveries/cmake/ament_cmake_export_include_directories-extras.cmake
[51.831s] -- Installing: /home/deivideich/Holonomic_Base_Simulation/ros_2_ws/install/nav2_recoveries/share/nav2_recoveries/cmake/ament_cmake_export_libraries-extras.cmake
[51.831s] -- Installing: /home/deivideich/Holonomic_Base_Simulation/ros_2_ws/install/nav2_recoveries/share/nav2_recoveries/cmake/ament_cmake_export_definitions-extras.cmake
[51.832s] -- Installing: /home/deivideich/Holonomic_Base_Simulation/ros_2_ws/install/nav2_recoveries/share/nav2_recoveries/cmake/nav2_recoveriesConfig.cmake
[51.832s] -- Installing: /home/deivideich/Holonomic_Base_Simulation/ros_2_ws/install/nav2_recoveries/share/nav2_recoveries/cmake/nav2_recoveriesConfig-version.cmake
[51.833s] -- Installing: /home/deivideich/Holonomic_Base_Simulation/ros_2_ws/install/nav2_recoveries/share/nav2_recoveries/package.xml
[52.015s] Invoked command in '/home/deivideich/Holonomic_Base_Simulation/ros_2_ws/build/nav2_recoveries' returned '0': AMENT_PREFIX_PATH=/home/deivideich/Holonomic_Base_Simulation/ros_2_ws/install/nav2_core:/home/deivideich/Holonomic_Base_Simulation/ros_2_ws/install/nav2_costmap_2d:/home/deivideich/Holonomic_Base_Simulation/ros_2_ws/install/nav2_behavior_tree:/home/deivideich/Holonomic_Base_Simulation/ros_2_ws/install/nav2_util:/home/deivideich/Holonomic_Base_Simulation/ros_2_ws/install/nav2_voxel_grid:/home/deivideich/Holonomic_Base_Simulation/ros_2_ws/install/nav2_msgs:/home/deivideich/Holonomic_Base_Simulation/ros_2_ws/install/nav2_common:${AMENT_PREFIX_PATH} CMAKE_PREFIX_PATH=/home/deivideich/Holonomic_Base_Simulation/ros_2_ws/install/nav2_core:/home/deivideich/Holonomic_Base_Simulation/ros_2_ws/install/nav2_costmap_2d:/home/deivideich/Holonomic_Base_Simulation/ros_2_ws/install/nav2_behavior_tree:/home/deivideich/Holonomic_Base_Simulation/ros_2_ws/install/nav2_util:/home/deivideich/Holonomic_Base_Simulation/ros_2_ws/install/nav2_voxel_grid:/home/deivideich/Holonomic_Base_Simulation/ros_2_ws/install/nav2_msgs:/home/deivideich/Holonomic_Base_Simulation/ros_2_ws/install/nav2_common:/home/deivideich/Holonomic_Base_Simulation/ros_2_ws/install/octobot_2:/opt/ros/foxy:${CMAKE_PREFIX_PATH} LD_LIBRARY_PATH=/home/deivideich/Holonomic_Base_Simulation/ros_2_ws/install/nav2_costmap_2d/lib:/home/deivideich/Holonomic_Base_Simulation/ros_2_ws/install/nav2_behavior_tree/lib:/home/deivideich/Holonomic_Base_Simulation/ros_2_ws/install/nav2_util/lib:/home/deivideich/Holonomic_Base_Simulation/ros_2_ws/install/nav2_voxel_grid/lib:/home/deivideich/Holonomic_Base_Simulation/ros_2_ws/install/nav2_msgs/lib:${LD_LIBRARY_PATH} PYTHONPATH=/home/deivideich/Holonomic_Base_Simulation/ros_2_ws/install/nav2_msgs/lib/python3.8/site-packages:/home/deivideich/Holonomic_Base_Simulation/ros_2_ws/install/nav2_common/lib/python3.8/site-packages:${PYTHONPATH} /usr/bin/cmake --install /home/deivideich/Holonomic_Base_Simulation/ros_2_ws/build/nav2_recoveries
