[0.370s] Invoking command in '/home/deivideich/Holonomic_Base_Simulation/ros_2_ws/build/nav2_amcl': AMENT_PREFIX_PATH=/home/deivideich/Holonomic_Base_Simulation/ros_2_ws/install/nav2_util:/home/deivideich/Holonomic_Base_Simulation/ros_2_ws/install/nav2_msgs:/home/deivideich/Holonomic_Base_Simulation/ros_2_ws/install/nav2_common:${AMENT_PREFIX_PATH} CMAKE_PREFIX_PATH=/home/deivideich/Holonomic_Base_Simulation/ros_2_ws/install/nav2_util:/home/deivideich/Holonomic_Base_Simulation/ros_2_ws/install/nav2_msgs:/home/deivideich/Holonomic_Base_Simulation/ros_2_ws/install/nav2_common:/home/deivideich/Holonomic_Base_Simulation/ros_2_ws/install/octobot_2:/opt/ros/foxy:${CMAKE_PREFIX_PATH} LD_LIBRARY_PATH=/home/deivideich/Holonomic_Base_Simulation/ros_2_ws/install/nav2_util/lib:/home/deivideich/Holonomic_Base_Simulation/ros_2_ws/install/nav2_msgs/lib:${LD_LIBRARY_PATH} PYTHONPATH=/home/deivideich/Holonomic_Base_Simulation/ros_2_ws/install/nav2_msgs/lib/python3.8/site-packages:/home/deivideich/Holonomic_Base_Simulation/ros_2_ws/install/nav2_common/lib/python3.8/site-packages:${PYTHONPATH} /usr/bin/cmake /home/deivideich/Holonomic_Base_Simulation/ros_2_ws/navigation2/nav2_amcl -DCMAKE_INSTALL_PREFIX=/home/deivideich/Holonomic_Base_Simulation/ros_2_ws/install/nav2_amcl
[0.413s] -- The C compiler identification is GNU 9.4.0
[0.458s] -- The CXX compiler identification is GNU 9.4.0
[0.463s] -- Check for working C compiler: /usr/bin/cc
[0.517s] -- Check for working C compiler: /usr/bin/cc -- works
[0.517s] -- Detecting C compiler ABI info
[0.570s] -- Detecting C compiler ABI info - done
[0.578s] -- Detecting C compile features
[0.578s] -- Detecting C compile features - done
[0.580s] -- Check for working CXX compiler: /usr/bin/c++
[0.641s] -- Check for working CXX compiler: /usr/bin/c++ -- works
[0.642s] -- Detecting CXX compiler ABI info
[0.700s] -- Detecting CXX compiler ABI info - done
[0.711s] -- Detecting CXX compile features
[0.711s] -- Detecting CXX compile features - done
[0.713s] -- Found ament_cmake: 0.9.12 (/opt/ros/foxy/share/ament_cmake/cmake)
[0.739s] -- Found PythonInterp: /usr/bin/python3 (found suitable version "3.8.10", minimum required is "3") 
[0.739s] -- Using PYTHON_EXECUTABLE: /usr/bin/python3
[0.938s] -- Found nav2_common: 0.4.7 (/home/deivideich/Holonomic_Base_Simulation/ros_2_ws/install/nav2_common/share/nav2_common/cmake)
[0.940s] -- Found rclcpp: 2.4.3 (/opt/ros/foxy/share/rclcpp/cmake)
[0.981s] -- Using all available rosidl_typesupport_c: rosidl_typesupport_fastrtps_c;rosidl_typesupport_introspection_c
[0.987s] -- Found rosidl_adapter: 1.3.1 (/opt/ros/foxy/share/rosidl_adapter/cmake)
[1.054s] -- Found OpenSSL: /usr/lib/x86_64-linux-gnu/libcrypto.so (found version "1.1.1f")  
[1.080s] -- Found FastRTPS: /opt/ros/foxy/include  
[1.143s] -- Using all available rosidl_typesupport_cpp: rosidl_typesupport_fastrtps_cpp;rosidl_typesupport_introspection_cpp
[1.190s] -- Found rmw_implementation_cmake: 1.0.4 (/opt/ros/foxy/share/rmw_implementation_cmake/cmake)
[1.191s] -- Using RMW implementation 'rmw_fastrtps_cpp' as default
[1.192s] -- Looking for pthread.h
[1.246s] -- Looking for pthread.h - found
[1.246s] -- Performing Test CMAKE_HAVE_LIBC_PTHREAD
[1.306s] -- Performing Test CMAKE_HAVE_LIBC_PTHREAD - Failed
[1.306s] -- Looking for pthread_create in pthreads
[1.351s] -- Looking for pthread_create in pthreads - not found
[1.351s] -- Looking for pthread_create in pthread
[1.404s] -- Looking for pthread_create in pthread - found
[1.405s] -- Found Threads: TRUE  
[1.542s] -- Found rclcpp_lifecycle: 2.4.3 (/opt/ros/foxy/share/rclcpp_lifecycle/cmake)
[1.572s] -- Found message_filters: 3.2.7 (/opt/ros/foxy/share/message_filters/cmake)
[1.575s] -- Found tf2_geometry_msgs: 0.13.14 (/opt/ros/foxy/share/tf2_geometry_msgs/cmake)
[1.615s] -- Found eigen3_cmake_module: 0.1.1 (/opt/ros/foxy/share/eigen3_cmake_module/cmake)
[1.618s] -- Found Eigen3: TRUE (found version "3.3.7") 
[1.949s] -- Found nav_msgs: 2.0.5 (/opt/ros/foxy/share/nav_msgs/cmake)
[2.008s] -- Found sensor_msgs: 2.0.5 (/opt/ros/foxy/share/sensor_msgs/cmake)
[2.067s] -- Found std_srvs: 2.0.5 (/opt/ros/foxy/share/std_srvs/cmake)
[2.075s] -- Found nav2_util: 0.4.7 (/home/deivideich/Holonomic_Base_Simulation/ros_2_ws/install/nav2_util/share/nav2_util/cmake)
[2.409s] -- Setting build type to Release as none was specified.
[2.410s] -- Looking for drand48
[2.473s] -- Looking for drand48 - found
[3.195s] -- Found ament_lint_auto: 0.9.8 (/opt/ros/foxy/share/ament_lint_auto/cmake)
[3.303s] -- Added test 'cppcheck' to perform static code analysis on C / C++ code
[3.303s] -- Configured cppcheck include dirs: /home/deivideich/Holonomic_Base_Simulation/ros_2_ws/navigation2/nav2_amcl/include;/home/deivideich/Holonomic_Base_Simulation/ros_2_ws/navigation2/nav2_amcl/src/include
[3.303s] -- Configured cppcheck exclude dirs and/or files: 
[3.305s] -- Added test 'lint_cmake' to check CMake code style
[3.309s] -- Added test 'uncrustify' to check C / C++ code style
[3.309s] -- Configured uncrustify additional arguments: 
[3.310s] -- Added test 'xmllint' to check XML markup files
[3.320s] -- Configuring done
[3.478s] -- Generating done
[3.482s] -- Build files have been written to: /home/deivideich/Holonomic_Base_Simulation/ros_2_ws/build/nav2_amcl
[3.501s] Invoked command in '/home/deivideich/Holonomic_Base_Simulation/ros_2_ws/build/nav2_amcl' returned '0': AMENT_PREFIX_PATH=/home/deivideich/Holonomic_Base_Simulation/ros_2_ws/install/nav2_util:/home/deivideich/Holonomic_Base_Simulation/ros_2_ws/install/nav2_msgs:/home/deivideich/Holonomic_Base_Simulation/ros_2_ws/install/nav2_common:${AMENT_PREFIX_PATH} CMAKE_PREFIX_PATH=/home/deivideich/Holonomic_Base_Simulation/ros_2_ws/install/nav2_util:/home/deivideich/Holonomic_Base_Simulation/ros_2_ws/install/nav2_msgs:/home/deivideich/Holonomic_Base_Simulation/ros_2_ws/install/nav2_common:/home/deivideich/Holonomic_Base_Simulation/ros_2_ws/install/octobot_2:/opt/ros/foxy:${CMAKE_PREFIX_PATH} LD_LIBRARY_PATH=/home/deivideich/Holonomic_Base_Simulation/ros_2_ws/install/nav2_util/lib:/home/deivideich/Holonomic_Base_Simulation/ros_2_ws/install/nav2_msgs/lib:${LD_LIBRARY_PATH} PYTHONPATH=/home/deivideich/Holonomic_Base_Simulation/ros_2_ws/install/nav2_msgs/lib/python3.8/site-packages:/home/deivideich/Holonomic_Base_Simulation/ros_2_ws/install/nav2_common/lib/python3.8/site-packages:${PYTHONPATH} /usr/bin/cmake /home/deivideich/Holonomic_Base_Simulation/ros_2_ws/navigation2/nav2_amcl -DCMAKE_INSTALL_PREFIX=/home/deivideich/Holonomic_Base_Simulation/ros_2_ws/install/nav2_amcl
[3.505s] Invoking command in '/home/deivideich/Holonomic_Base_Simulation/ros_2_ws/build/nav2_amcl': AMENT_PREFIX_PATH=/home/deivideich/Holonomic_Base_Simulation/ros_2_ws/install/nav2_util:/home/deivideich/Holonomic_Base_Simulation/ros_2_ws/install/nav2_msgs:/home/deivideich/Holonomic_Base_Simulation/ros_2_ws/install/nav2_common:${AMENT_PREFIX_PATH} CMAKE_PREFIX_PATH=/home/deivideich/Holonomic_Base_Simulation/ros_2_ws/install/nav2_util:/home/deivideich/Holonomic_Base_Simulation/ros_2_ws/install/nav2_msgs:/home/deivideich/Holonomic_Base_Simulation/ros_2_ws/install/nav2_common:/home/deivideich/Holonomic_Base_Simulation/ros_2_ws/install/octobot_2:/opt/ros/foxy:${CMAKE_PREFIX_PATH} LD_LIBRARY_PATH=/home/deivideich/Holonomic_Base_Simulation/ros_2_ws/install/nav2_util/lib:/home/deivideich/Holonomic_Base_Simulation/ros_2_ws/install/nav2_msgs/lib:${LD_LIBRARY_PATH} PYTHONPATH=/home/deivideich/Holonomic_Base_Simulation/ros_2_ws/install/nav2_msgs/lib/python3.8/site-packages:/home/deivideich/Holonomic_Base_Simulation/ros_2_ws/install/nav2_common/lib/python3.8/site-packages:${PYTHONPATH} /usr/bin/cmake --build /home/deivideich/Holonomic_Base_Simulation/ros_2_ws/build/nav2_amcl -- -j16 -l16
[3.563s] [35m[1mScanning dependencies of target map_lib[0m
[3.563s] [35m[1mScanning dependencies of target pf_lib[0m
[3.581s] [ 11%] [32mBuilding C object src/map/CMakeFiles/map_lib.dir/map_range.c.o[0m
[3.581s] [ 11%] [32mBuilding CXX object src/map/CMakeFiles/map_lib.dir/map_cspace.cpp.o[0m
[3.581s] [ 11%] [32mBuilding C object src/map/CMakeFiles/map_lib.dir/map_store.c.o[0m
[3.583s] [ 15%] [32mBuilding C object src/pf/CMakeFiles/pf_lib.dir/pf_kdtree.c.o[0m
[3.586s] [ 19%] [32mBuilding C object src/map/CMakeFiles/map_lib.dir/map_draw.c.o[0m
[3.593s] [ 26%] [32mBuilding C object src/pf/CMakeFiles/pf_lib.dir/pf_vector.c.o[0m
[3.594s] [ 26%] [32mBuilding C object src/pf/CMakeFiles/pf_lib.dir/pf.c.o[0m
[3.600s] [ 30%] [32mBuilding C object src/map/CMakeFiles/map_lib.dir/map.c.o[0m
[3.608s] [ 34%] [32mBuilding C object src/pf/CMakeFiles/pf_lib.dir/pf_pdf.c.o[0m
[3.622s] [ 38%] [32mBuilding C object src/pf/CMakeFiles/pf_lib.dir/eig3.c.o[0m
[3.665s] [ 42%] [32mBuilding C object src/pf/CMakeFiles/pf_lib.dir/pf_draw.c.o[0m
[3.943s] [ 46%] [32m[1mLinking C shared library libpf_lib.so[0m
[3.988s] [ 50%] [32m[1mLinking CXX shared library libmap_lib.so[0m
[3.989s] [ 50%] Built target pf_lib
[4.003s] [35m[1mScanning dependencies of target motions_lib[0m
[4.020s] [ 61%] [32mBuilding CXX object src/motion_model/CMakeFiles/motions_lib.dir/motion_model.cpp.o[0m
[4.021s] [ 61%] [32mBuilding CXX object src/motion_model/CMakeFiles/motions_lib.dir/differential_motion_model.cpp.o[0m
[4.021s] [ 61%] [32mBuilding CXX object src/motion_model/CMakeFiles/motions_lib.dir/omni_motion_model.cpp.o[0m
[4.122s] [ 61%] Built target map_lib
[4.139s] [35m[1mScanning dependencies of target sensors_lib[0m
[4.159s] [ 65%] [32mBuilding CXX object src/sensors/CMakeFiles/sensors_lib.dir/laser/laser.cpp.o[0m
[4.159s] [ 76%] [32mBuilding CXX object src/sensors/CMakeFiles/sensors_lib.dir/laser/likelihood_field_model.cpp.o[0m
[4.159s] [ 76%] [32mBuilding CXX object src/sensors/CMakeFiles/sensors_lib.dir/laser/likelihood_field_model_prob.cpp.o[0m
[4.160s] [ 76%] [32mBuilding CXX object src/sensors/CMakeFiles/sensors_lib.dir/laser/beam_model.cpp.o[0m
[4.420s] [ 80%] [32m[1mLinking CXX shared library libmotions_lib.so[0m
[4.585s] [ 84%] [32m[1mLinking CXX shared library libsensors_lib.so[0m
[4.671s] [ 84%] Built target sensors_lib
[4.694s] [ 84%] Built target motions_lib
[4.704s] [35m[1mScanning dependencies of target amcl_core[0m
[4.751s] [ 88%] [32mBuilding CXX object CMakeFiles/amcl_core.dir/src/amcl_node.cpp.o[0m
[31.056s] [ 92%] [32m[1mLinking CXX shared library libamcl_core.so[0m
[31.310s] [ 92%] Built target amcl_core
[31.320s] [35m[1mScanning dependencies of target amcl[0m
[31.364s] [ 96%] [32mBuilding CXX object CMakeFiles/amcl.dir/src/main.cpp.o[0m
[35.424s] [100%] [32m[1mLinking CXX executable amcl[0m
[35.961s] [100%] Built target amcl
[36.028s] Invoked command in '/home/deivideich/Holonomic_Base_Simulation/ros_2_ws/build/nav2_amcl' returned '0': AMENT_PREFIX_PATH=/home/deivideich/Holonomic_Base_Simulation/ros_2_ws/install/nav2_util:/home/deivideich/Holonomic_Base_Simulation/ros_2_ws/install/nav2_msgs:/home/deivideich/Holonomic_Base_Simulation/ros_2_ws/install/nav2_common:${AMENT_PREFIX_PATH} CMAKE_PREFIX_PATH=/home/deivideich/Holonomic_Base_Simulation/ros_2_ws/install/nav2_util:/home/deivideich/Holonomic_Base_Simulation/ros_2_ws/install/nav2_msgs:/home/deivideich/Holonomic_Base_Simulation/ros_2_ws/install/nav2_common:/home/deivideich/Holonomic_Base_Simulation/ros_2_ws/install/octobot_2:/opt/ros/foxy:${CMAKE_PREFIX_PATH} LD_LIBRARY_PATH=/home/deivideich/Holonomic_Base_Simulation/ros_2_ws/install/nav2_util/lib:/home/deivideich/Holonomic_Base_Simulation/ros_2_ws/install/nav2_msgs/lib:${LD_LIBRARY_PATH} PYTHONPATH=/home/deivideich/Holonomic_Base_Simulation/ros_2_ws/install/nav2_msgs/lib/python3.8/site-packages:/home/deivideich/Holonomic_Base_Simulation/ros_2_ws/install/nav2_common/lib/python3.8/site-packages:${PYTHONPATH} /usr/bin/cmake --build /home/deivideich/Holonomic_Base_Simulation/ros_2_ws/build/nav2_amcl -- -j16 -l16
[36.490s] Invoking command in '/home/deivideich/Holonomic_Base_Simulation/ros_2_ws/build/nav2_amcl': AMENT_PREFIX_PATH=/home/deivideich/Holonomic_Base_Simulation/ros_2_ws/install/nav2_util:/home/deivideich/Holonomic_Base_Simulation/ros_2_ws/install/nav2_msgs:/home/deivideich/Holonomic_Base_Simulation/ros_2_ws/install/nav2_common:${AMENT_PREFIX_PATH} CMAKE_PREFIX_PATH=/home/deivideich/Holonomic_Base_Simulation/ros_2_ws/install/nav2_util:/home/deivideich/Holonomic_Base_Simulation/ros_2_ws/install/nav2_msgs:/home/deivideich/Holonomic_Base_Simulation/ros_2_ws/install/nav2_common:/home/deivideich/Holonomic_Base_Simulation/ros_2_ws/install/octobot_2:/opt/ros/foxy:${CMAKE_PREFIX_PATH} LD_LIBRARY_PATH=/home/deivideich/Holonomic_Base_Simulation/ros_2_ws/install/nav2_util/lib:/home/deivideich/Holonomic_Base_Simulation/ros_2_ws/install/nav2_msgs/lib:${LD_LIBRARY_PATH} PYTHONPATH=/home/deivideich/Holonomic_Base_Simulation/ros_2_ws/install/nav2_msgs/lib/python3.8/site-packages:/home/deivideich/Holonomic_Base_Simulation/ros_2_ws/install/nav2_common/lib/python3.8/site-packages:${PYTHONPATH} /usr/bin/cmake --install /home/deivideich/Holonomic_Base_Simulation/ros_2_ws/build/nav2_amcl
[36.534s] -- Install configuration: "Release"
[36.535s] -- Installing: /home/deivideich/Holonomic_Base_Simulation/ros_2_ws/install/nav2_amcl/lib/libamcl_core.so
[36.550s] -- Set runtime path of "/home/deivideich/Holonomic_Base_Simulation/ros_2_ws/install/nav2_amcl/lib/libamcl_core.so" to ""
[36.551s] -- Installing: /home/deivideich/Holonomic_Base_Simulation/ros_2_ws/install/nav2_amcl/lib/nav2_amcl/amcl
[36.554s] -- Set runtime path of "/home/deivideich/Holonomic_Base_Simulation/ros_2_ws/install/nav2_amcl/lib/nav2_amcl/amcl" to ""
[36.554s] -- Installing: /home/deivideich/Holonomic_Base_Simulation/ros_2_ws/install/nav2_amcl/include/
[36.555s] -- Installing: /home/deivideich/Holonomic_Base_Simulation/ros_2_ws/install/nav2_amcl/include//nav2_amcl
[36.556s] -- Installing: /home/deivideich/Holonomic_Base_Simulation/ros_2_ws/install/nav2_amcl/include//nav2_amcl/motion_model
[36.556s] -- Installing: /home/deivideich/Holonomic_Base_Simulation/ros_2_ws/install/nav2_amcl/include//nav2_amcl/motion_model/motion_model.hpp
[36.558s] -- Installing: /home/deivideich/Holonomic_Base_Simulation/ros_2_ws/install/nav2_amcl/include//nav2_amcl/angleutils.hpp
[36.559s] -- Installing: /home/deivideich/Holonomic_Base_Simulation/ros_2_ws/install/nav2_amcl/include//nav2_amcl/amcl_node.hpp
[36.560s] -- Installing: /home/deivideich/Holonomic_Base_Simulation/ros_2_ws/install/nav2_amcl/include//nav2_amcl/map
[36.561s] -- Installing: /home/deivideich/Holonomic_Base_Simulation/ros_2_ws/install/nav2_amcl/include//nav2_amcl/map/map.hpp
[36.562s] -- Installing: /home/deivideich/Holonomic_Base_Simulation/ros_2_ws/install/nav2_amcl/include//nav2_amcl/pf
[36.562s] -- Installing: /home/deivideich/Holonomic_Base_Simulation/ros_2_ws/install/nav2_amcl/include//nav2_amcl/pf/pf_vector.hpp
[36.563s] -- Installing: /home/deivideich/Holonomic_Base_Simulation/ros_2_ws/install/nav2_amcl/include//nav2_amcl/pf/eig3.hpp
[36.564s] -- Installing: /home/deivideich/Holonomic_Base_Simulation/ros_2_ws/install/nav2_amcl/include//nav2_amcl/pf/pf.hpp
[36.565s] -- Installing: /home/deivideich/Holonomic_Base_Simulation/ros_2_ws/install/nav2_amcl/include//nav2_amcl/pf/pf_kdtree.hpp
[36.565s] -- Installing: /home/deivideich/Holonomic_Base_Simulation/ros_2_ws/install/nav2_amcl/include//nav2_amcl/pf/pf_pdf.hpp
[36.565s] -- Installing: /home/deivideich/Holonomic_Base_Simulation/ros_2_ws/install/nav2_amcl/include//nav2_amcl/sensors
[36.565s] -- Installing: /home/deivideich/Holonomic_Base_Simulation/ros_2_ws/install/nav2_amcl/include//nav2_amcl/sensors/laser
[36.569s] -- Installing: /home/deivideich/Holonomic_Base_Simulation/ros_2_ws/install/nav2_amcl/include//nav2_amcl/sensors/laser/laser.hpp
[36.570s] -- Installing: /home/deivideich/Holonomic_Base_Simulation/ros_2_ws/install/nav2_amcl/share/nav2_amcl/environment/library_path.sh
[36.570s] -- Installing: /home/deivideich/Holonomic_Base_Simulation/ros_2_ws/install/nav2_amcl/share/nav2_amcl/environment/library_path.dsv
[36.570s] -- Installing: /home/deivideich/Holonomic_Base_Simulation/ros_2_ws/install/nav2_amcl/share/ament_index/resource_index/package_run_dependencies/nav2_amcl
[36.571s] -- Installing: /home/deivideich/Holonomic_Base_Simulation/ros_2_ws/install/nav2_amcl/share/ament_index/resource_index/parent_prefix_path/nav2_amcl
[36.571s] -- Installing: /home/deivideich/Holonomic_Base_Simulation/ros_2_ws/install/nav2_amcl/share/nav2_amcl/environment/ament_prefix_path.sh
[36.571s] -- Installing: /home/deivideich/Holonomic_Base_Simulation/ros_2_ws/install/nav2_amcl/share/nav2_amcl/environment/ament_prefix_path.dsv
[36.571s] -- Installing: /home/deivideich/Holonomic_Base_Simulation/ros_2_ws/install/nav2_amcl/share/nav2_amcl/environment/path.sh
[36.572s] -- Installing: /home/deivideich/Holonomic_Base_Simulation/ros_2_ws/install/nav2_amcl/share/nav2_amcl/environment/path.dsv
[36.572s] -- Installing: /home/deivideich/Holonomic_Base_Simulation/ros_2_ws/install/nav2_amcl/share/nav2_amcl/local_setup.bash
[36.572s] -- Installing: /home/deivideich/Holonomic_Base_Simulation/ros_2_ws/install/nav2_amcl/share/nav2_amcl/local_setup.sh
[36.572s] -- Installing: /home/deivideich/Holonomic_Base_Simulation/ros_2_ws/install/nav2_amcl/share/nav2_amcl/local_setup.zsh
[36.573s] -- Installing: /home/deivideich/Holonomic_Base_Simulation/ros_2_ws/install/nav2_amcl/share/nav2_amcl/local_setup.dsv
[36.577s] -- Installing: /home/deivideich/Holonomic_Base_Simulation/ros_2_ws/install/nav2_amcl/share/nav2_amcl/package.dsv
[36.577s] -- Installing: /home/deivideich/Holonomic_Base_Simulation/ros_2_ws/install/nav2_amcl/share/ament_index/resource_index/packages/nav2_amcl
[36.578s] -- Installing: /home/deivideich/Holonomic_Base_Simulation/ros_2_ws/install/nav2_amcl/share/nav2_amcl/cmake/ament_cmake_export_include_directories-extras.cmake
[36.578s] -- Installing: /home/deivideich/Holonomic_Base_Simulation/ros_2_ws/install/nav2_amcl/share/nav2_amcl/cmake/ament_cmake_export_libraries-extras.cmake
[36.578s] -- Installing: /home/deivideich/Holonomic_Base_Simulation/ros_2_ws/install/nav2_amcl/share/nav2_amcl/cmake/ament_cmake_export_dependencies-extras.cmake
[36.579s] -- Installing: /home/deivideich/Holonomic_Base_Simulation/ros_2_ws/install/nav2_amcl/share/nav2_amcl/cmake/nav2_amclConfig.cmake
[36.579s] -- Installing: /home/deivideich/Holonomic_Base_Simulation/ros_2_ws/install/nav2_amcl/share/nav2_amcl/cmake/nav2_amclConfig-version.cmake
[36.579s] -- Installing: /home/deivideich/Holonomic_Base_Simulation/ros_2_ws/install/nav2_amcl/share/nav2_amcl/package.xml
[36.579s] -- Installing: /home/deivideich/Holonomic_Base_Simulation/ros_2_ws/install/nav2_amcl/lib/libpf_lib.so
[36.580s] -- Installing: /home/deivideich/Holonomic_Base_Simulation/ros_2_ws/install/nav2_amcl/lib/libmap_lib.so
[36.581s] -- Installing: /home/deivideich/Holonomic_Base_Simulation/ros_2_ws/install/nav2_amcl/lib/libmotions_lib.so
[36.585s] -- Set runtime path of "/home/deivideich/Holonomic_Base_Simulation/ros_2_ws/install/nav2_amcl/lib/libmotions_lib.so" to ""
[36.585s] -- Installing: /home/deivideich/Holonomic_Base_Simulation/ros_2_ws/install/nav2_amcl/lib/libsensors_lib.so
[36.586s] -- Set runtime path of "/home/deivideich/Holonomic_Base_Simulation/ros_2_ws/install/nav2_amcl/lib/libsensors_lib.so" to ""
[36.593s] Invoked command in '/home/deivideich/Holonomic_Base_Simulation/ros_2_ws/build/nav2_amcl' returned '0': AMENT_PREFIX_PATH=/home/deivideich/Holonomic_Base_Simulation/ros_2_ws/install/nav2_util:/home/deivideich/Holonomic_Base_Simulation/ros_2_ws/install/nav2_msgs:/home/deivideich/Holonomic_Base_Simulation/ros_2_ws/install/nav2_common:${AMENT_PREFIX_PATH} CMAKE_PREFIX_PATH=/home/deivideich/Holonomic_Base_Simulation/ros_2_ws/install/nav2_util:/home/deivideich/Holonomic_Base_Simulation/ros_2_ws/install/nav2_msgs:/home/deivideich/Holonomic_Base_Simulation/ros_2_ws/install/nav2_common:/home/deivideich/Holonomic_Base_Simulation/ros_2_ws/install/octobot_2:/opt/ros/foxy:${CMAKE_PREFIX_PATH} LD_LIBRARY_PATH=/home/deivideich/Holonomic_Base_Simulation/ros_2_ws/install/nav2_util/lib:/home/deivideich/Holonomic_Base_Simulation/ros_2_ws/install/nav2_msgs/lib:${LD_LIBRARY_PATH} PYTHONPATH=/home/deivideich/Holonomic_Base_Simulation/ros_2_ws/install/nav2_msgs/lib/python3.8/site-packages:/home/deivideich/Holonomic_Base_Simulation/ros_2_ws/install/nav2_common/lib/python3.8/site-packages:${PYTHONPATH} /usr/bin/cmake --install /home/deivideich/Holonomic_Base_Simulation/ros_2_ws/build/nav2_amcl
