[2.252s] DEBUG:colcon:Command line arguments: ['/usr/bin/colcon', 'build']
[2.252s] DEBUG:colcon:Parsed command line arguments: Namespace(allow_overriding=[], ament_cmake_args=None, base_paths=['.'], build_base='build', catkin_cmake_args=None, catkin_skip_building_tests=False, cmake_args=None, cmake_clean_cache=False, cmake_clean_first=False, cmake_force_configure=False, cmake_target=None, cmake_target_skip_unavailable=False, continue_on_error=False, event_handlers=None, executor='parallel', ignore_user_meta=False, install_base='install', log_base=None, log_level=None, main=<bound method BuildVerb.main of <colcon_core.verb.build.BuildVerb object at 0x7f72e4e32880>>, merge_install=False, metas=['./colcon.meta'], packages_above=None, packages_above_and_dependencies=None, packages_above_depth=None, packages_end=None, packages_ignore=None, packages_ignore_regex=None, packages_select=None, packages_select_build_failed=False, packages_select_by_dep=None, packages_select_regex=None, packages_select_test_failures=False, packages_skip=None, packages_skip_build_finished=False, packages_skip_by_dep=None, packages_skip_regex=None, packages_skip_test_passed=False, packages_skip_up_to=None, packages_start=None, packages_up_to=None, packages_up_to_regex=None, parallel_workers=16, paths=None, symlink_install=False, test_result_base=None, verb_extension=<colcon_core.verb.build.BuildVerb object at 0x7f72e4e32880>, verb_name='build', verb_parser=<colcon_defaults.argument_parser.defaults.DefaultArgumentsDecorator object at 0x7f72e4e32dc0>)
[2.348s] Level 1:colcon.colcon_core.package_discovery:discover_packages(colcon_meta) check parameters
[2.348s] Level 1:colcon.colcon_core.package_discovery:discover_packages(recursive) check parameters
[2.349s] Level 1:colcon.colcon_core.package_discovery:discover_packages(ignore) check parameters
[2.349s] Level 1:colcon.colcon_core.package_discovery:discover_packages(path) check parameters
[2.349s] Level 1:colcon.colcon_core.package_discovery:discover_packages(colcon_meta) discover
[2.349s] Level 1:colcon.colcon_core.package_discovery:discover_packages(recursive) discover
[2.349s] INFO:colcon.colcon_core.package_discovery:Crawling recursively for packages in '/home/deivideich/Holonomic_Base_Simulation'
[2.349s] Level 1:colcon.colcon_core.package_identification:_identify(.) by extensions ['ignore', 'ignore_ament_install']
[2.349s] Level 1:colcon.colcon_core.package_identification:_identify(.) by extension 'ignore'
[2.349s] Level 1:colcon.colcon_core.package_identification:_identify(.) by extension 'ignore_ament_install'
[2.349s] Level 1:colcon.colcon_core.package_identification:_identify(.) by extensions ['colcon_pkg']
[2.349s] Level 1:colcon.colcon_core.package_identification:_identify(.) by extension 'colcon_pkg'
[2.349s] Level 1:colcon.colcon_core.package_identification:_identify(.) by extensions ['colcon_meta']
[2.349s] Level 1:colcon.colcon_core.package_identification:_identify(.) by extension 'colcon_meta'
[2.349s] Level 1:colcon.colcon_core.package_identification:_identify(.) by extensions ['ros']
[2.349s] Level 1:colcon.colcon_core.package_identification:_identify(.) by extension 'ros'
[2.358s] Level 1:colcon.colcon_core.package_identification:_identify(.) by extensions ['cmake', 'python']
[2.358s] Level 1:colcon.colcon_core.package_identification:_identify(.) by extension 'cmake'
[2.358s] Level 1:colcon.colcon_core.package_identification:_identify(.) by extension 'python'
[2.358s] Level 1:colcon.colcon_core.package_identification:_identify(.) by extensions ['python_setup_py']
[2.359s] Level 1:colcon.colcon_core.package_identification:_identify(.) by extension 'python_setup_py'
[2.359s] Level 1:colcon.colcon_core.package_identification:_identify(build) by extensions ['ignore', 'ignore_ament_install']
[2.359s] Level 1:colcon.colcon_core.package_identification:_identify(build) by extension 'ignore'
[2.359s] Level 1:colcon.colcon_core.package_identification:_identify(build) ignored
[2.359s] Level 1:colcon.colcon_core.package_identification:_identify(install) by extensions ['ignore', 'ignore_ament_install']
[2.359s] Level 1:colcon.colcon_core.package_identification:_identify(install) by extension 'ignore'
[2.359s] Level 1:colcon.colcon_core.package_identification:_identify(install) ignored
[2.359s] Level 1:colcon.colcon_core.package_identification:_identify(log) by extensions ['ignore', 'ignore_ament_install']
[2.359s] Level 1:colcon.colcon_core.package_identification:_identify(log) by extension 'ignore'
[2.359s] Level 1:colcon.colcon_core.package_identification:_identify(log) ignored
[2.366s] Level 1:colcon.colcon_core.package_identification:_identify(octobot_2) by extensions ['ignore', 'ignore_ament_install']
[2.366s] Level 1:colcon.colcon_core.package_identification:_identify(octobot_2) by extension 'ignore'
[2.366s] Level 1:colcon.colcon_core.package_identification:_identify(octobot_2) by extension 'ignore_ament_install'
[2.366s] Level 1:colcon.colcon_core.package_identification:_identify(octobot_2) by extensions ['colcon_pkg']
[2.366s] Level 1:colcon.colcon_core.package_identification:_identify(octobot_2) by extension 'colcon_pkg'
[2.366s] Level 1:colcon.colcon_core.package_identification:_identify(octobot_2) by extensions ['colcon_meta']
[2.366s] Level 1:colcon.colcon_core.package_identification:_identify(octobot_2) by extension 'colcon_meta'
[2.366s] Level 1:colcon.colcon_core.package_identification:_identify(octobot_2) by extensions ['ros']
[2.366s] Level 1:colcon.colcon_core.package_identification:_identify(octobot_2) by extension 'ros'
[2.366s] Level 1:colcon.colcon_core.package_identification:_identify(octobot_2) by extensions ['cmake', 'python']
[2.366s] Level 1:colcon.colcon_core.package_identification:_identify(octobot_2) by extension 'cmake'
[2.366s] Level 1:colcon.colcon_core.package_identification:_identify(octobot_2) by extension 'python'
[2.366s] Level 1:colcon.colcon_core.package_identification:_identify(octobot_2) by extensions ['python_setup_py']
[2.366s] Level 1:colcon.colcon_core.package_identification:_identify(octobot_2) by extension 'python_setup_py'
[2.367s] Level 1:colcon.colcon_core.package_identification:_identify(octobot_2/meshes) by extensions ['ignore', 'ignore_ament_install']
[2.367s] Level 1:colcon.colcon_core.package_identification:_identify(octobot_2/meshes) by extension 'ignore'
[2.367s] Level 1:colcon.colcon_core.package_identification:_identify(octobot_2/meshes) by extension 'ignore_ament_install'
[2.367s] Level 1:colcon.colcon_core.package_identification:_identify(octobot_2/meshes) by extensions ['colcon_pkg']
[2.367s] Level 1:colcon.colcon_core.package_identification:_identify(octobot_2/meshes) by extension 'colcon_pkg'
[2.367s] Level 1:colcon.colcon_core.package_identification:_identify(octobot_2/meshes) by extensions ['colcon_meta']
[2.367s] Level 1:colcon.colcon_core.package_identification:_identify(octobot_2/meshes) by extension 'colcon_meta'
[2.367s] Level 1:colcon.colcon_core.package_identification:_identify(octobot_2/meshes) by extensions ['ros']
[2.367s] Level 1:colcon.colcon_core.package_identification:_identify(octobot_2/meshes) by extension 'ros'
[2.367s] Level 1:colcon.colcon_core.package_identification:_identify(octobot_2/meshes) by extensions ['cmake', 'python']
[2.367s] Level 1:colcon.colcon_core.package_identification:_identify(octobot_2/meshes) by extension 'cmake'
[2.367s] Level 1:colcon.colcon_core.package_identification:_identify(octobot_2/meshes) by extension 'python'
[2.367s] Level 1:colcon.colcon_core.package_identification:_identify(octobot_2/meshes) by extensions ['python_setup_py']
[2.367s] Level 1:colcon.colcon_core.package_identification:_identify(octobot_2/meshes) by extension 'python_setup_py'
[2.367s] Level 1:colcon.colcon_core.package_identification:_identify(ros_1_ws) by extensions ['ignore', 'ignore_ament_install']
[2.367s] Level 1:colcon.colcon_core.package_identification:_identify(ros_1_ws) by extension 'ignore'
[2.368s] Level 1:colcon.colcon_core.package_identification:_identify(ros_1_ws) by extension 'ignore_ament_install'
[2.368s] Level 1:colcon.colcon_core.package_identification:_identify(ros_1_ws) by extensions ['colcon_pkg']
[2.368s] Level 1:colcon.colcon_core.package_identification:_identify(ros_1_ws) by extension 'colcon_pkg'
[2.368s] Level 1:colcon.colcon_core.package_identification:_identify(ros_1_ws) by extensions ['colcon_meta']
[2.368s] Level 1:colcon.colcon_core.package_identification:_identify(ros_1_ws) by extension 'colcon_meta'
[2.368s] Level 1:colcon.colcon_core.package_identification:_identify(ros_1_ws) by extensions ['ros']
[2.368s] Level 1:colcon.colcon_core.package_identification:_identify(ros_1_ws) by extension 'ros'
[2.368s] Level 1:colcon.colcon_core.package_identification:_identify(ros_1_ws) by extensions ['cmake', 'python']
[2.368s] Level 1:colcon.colcon_core.package_identification:_identify(ros_1_ws) by extension 'cmake'
[2.368s] Level 1:colcon.colcon_core.package_identification:_identify(ros_1_ws) by extension 'python'
[2.368s] Level 1:colcon.colcon_core.package_identification:_identify(ros_1_ws) by extensions ['python_setup_py']
[2.368s] Level 1:colcon.colcon_core.package_identification:_identify(ros_1_ws) by extension 'python_setup_py'
[2.368s] Level 1:colcon.colcon_core.package_identification:_identify(ros_1_ws/build) by extensions ['ignore', 'ignore_ament_install']
[2.368s] Level 1:colcon.colcon_core.package_identification:_identify(ros_1_ws/build) by extension 'ignore'
[2.368s] Level 1:colcon.colcon_core.package_identification:_identify(ros_1_ws/build) by extension 'ignore_ament_install'
[2.368s] Level 1:colcon.colcon_core.package_identification:_identify(ros_1_ws/build) by extensions ['colcon_pkg']
[2.368s] Level 1:colcon.colcon_core.package_identification:_identify(ros_1_ws/build) by extension 'colcon_pkg'
[2.368s] Level 1:colcon.colcon_core.package_identification:_identify(ros_1_ws/build) by extensions ['colcon_meta']
[2.369s] Level 1:colcon.colcon_core.package_identification:_identify(ros_1_ws/build) by extension 'colcon_meta'
[2.369s] Level 1:colcon.colcon_core.package_identification:_identify(ros_1_ws/build) by extensions ['ros']
[2.369s] Level 1:colcon.colcon_core.package_identification:_identify(ros_1_ws/build) by extension 'ros'
[2.369s] Level 1:colcon.colcon_core.package_identification:_identify(ros_1_ws/build) ignored
[2.369s] Level 1:colcon.colcon_core.package_identification:_identify(ros_1_ws/devel) by extensions ['ignore', 'ignore_ament_install']
[2.369s] Level 1:colcon.colcon_core.package_identification:_identify(ros_1_ws/devel) by extension 'ignore'
[2.369s] Level 1:colcon.colcon_core.package_identification:_identify(ros_1_ws/devel) by extension 'ignore_ament_install'
[2.369s] Level 1:colcon.colcon_core.package_identification:_identify(ros_1_ws/devel) ignored
[2.370s] Level 1:colcon.colcon_core.package_identification:_identify(ros_1_ws/src) by extensions ['ignore', 'ignore_ament_install']
[2.370s] Level 1:colcon.colcon_core.package_identification:_identify(ros_1_ws/src) by extension 'ignore'
[2.370s] Level 1:colcon.colcon_core.package_identification:_identify(ros_1_ws/src) by extension 'ignore_ament_install'
[2.370s] Level 1:colcon.colcon_core.package_identification:_identify(ros_1_ws/src) by extensions ['colcon_pkg']
[2.370s] Level 1:colcon.colcon_core.package_identification:_identify(ros_1_ws/src) by extension 'colcon_pkg'
[2.370s] Level 1:colcon.colcon_core.package_identification:_identify(ros_1_ws/src) by extensions ['colcon_meta']
[2.370s] Level 1:colcon.colcon_core.package_identification:_identify(ros_1_ws/src) by extension 'colcon_meta'
[2.370s] Level 1:colcon.colcon_core.package_identification:_identify(ros_1_ws/src) by extensions ['ros']
[2.370s] Level 1:colcon.colcon_core.package_identification:_identify(ros_1_ws/src) by extension 'ros'
[2.370s] Level 1:colcon.colcon_core.package_identification:_identify(ros_1_ws/src) by extensions ['cmake', 'python']
[2.370s] Level 1:colcon.colcon_core.package_identification:_identify(ros_1_ws/src) by extension 'cmake'
[2.372s] WARNING:colcon.colcon_cmake.package_identification.cmake:Ignoring 'ros_1_ws/src/CMakeLists.txt' since it seems to be a toplevel CMake file generated by 'catkin_make'
[2.373s] Level 1:colcon.colcon_core.package_identification:_identify(ros_1_ws/src) by extension 'python'
[2.373s] Level 1:colcon.colcon_core.package_identification:_identify(ros_1_ws/src) by extensions ['python_setup_py']
[2.373s] Level 1:colcon.colcon_core.package_identification:_identify(ros_1_ws/src) by extension 'python_setup_py'
[2.373s] Level 1:colcon.colcon_core.package_identification:_identify(ros_1_ws/src/nuevaBaseMetal2) by extensions ['ignore', 'ignore_ament_install']
[2.373s] Level 1:colcon.colcon_core.package_identification:_identify(ros_1_ws/src/nuevaBaseMetal2) by extension 'ignore'
[2.373s] Level 1:colcon.colcon_core.package_identification:_identify(ros_1_ws/src/nuevaBaseMetal2) by extension 'ignore_ament_install'
[2.373s] Level 1:colcon.colcon_core.package_identification:_identify(ros_1_ws/src/nuevaBaseMetal2) by extensions ['colcon_pkg']
[2.373s] Level 1:colcon.colcon_core.package_identification:_identify(ros_1_ws/src/nuevaBaseMetal2) by extension 'colcon_pkg'
[2.373s] Level 1:colcon.colcon_core.package_identification:_identify(ros_1_ws/src/nuevaBaseMetal2) by extensions ['colcon_meta']
[2.373s] Level 1:colcon.colcon_core.package_identification:_identify(ros_1_ws/src/nuevaBaseMetal2) by extension 'colcon_meta'
[2.373s] Level 1:colcon.colcon_core.package_identification:_identify(ros_1_ws/src/nuevaBaseMetal2) by extensions ['ros']
[2.373s] Level 1:colcon.colcon_core.package_identification:_identify(ros_1_ws/src/nuevaBaseMetal2) by extension 'ros'
[2.376s] DEBUG:colcon.colcon_core.package_identification:Package 'ros_1_ws/src/nuevaBaseMetal2' with type 'ros.catkin' and name 'NuevaBaseMetal2'
[2.376s] Level 1:colcon.colcon_core.package_identification:_identify(ros_2_ws) by extensions ['ignore', 'ignore_ament_install']
[2.376s] Level 1:colcon.colcon_core.package_identification:_identify(ros_2_ws) by extension 'ignore'
[2.376s] Level 1:colcon.colcon_core.package_identification:_identify(ros_2_ws) by extension 'ignore_ament_install'
[2.376s] Level 1:colcon.colcon_core.package_identification:_identify(ros_2_ws) by extensions ['colcon_pkg']
[2.376s] Level 1:colcon.colcon_core.package_identification:_identify(ros_2_ws) by extension 'colcon_pkg'
[2.376s] Level 1:colcon.colcon_core.package_identification:_identify(ros_2_ws) by extensions ['colcon_meta']
[2.376s] Level 1:colcon.colcon_core.package_identification:_identify(ros_2_ws) by extension 'colcon_meta'
[2.376s] Level 1:colcon.colcon_core.package_identification:_identify(ros_2_ws) by extensions ['ros']
[2.376s] Level 1:colcon.colcon_core.package_identification:_identify(ros_2_ws) by extension 'ros'
[2.376s] Level 1:colcon.colcon_core.package_identification:_identify(ros_2_ws) by extensions ['cmake', 'python']
[2.376s] Level 1:colcon.colcon_core.package_identification:_identify(ros_2_ws) by extension 'cmake'
[2.376s] Level 1:colcon.colcon_core.package_identification:_identify(ros_2_ws) by extension 'python'
[2.376s] Level 1:colcon.colcon_core.package_identification:_identify(ros_2_ws) by extensions ['python_setup_py']
[2.376s] Level 1:colcon.colcon_core.package_identification:_identify(ros_2_ws) by extension 'python_setup_py'
[2.376s] Level 1:colcon.colcon_core.package_identification:_identify(ros_2_ws/build) by extensions ['ignore', 'ignore_ament_install']
[2.377s] Level 1:colcon.colcon_core.package_identification:_identify(ros_2_ws/build) by extension 'ignore'
[2.377s] Level 1:colcon.colcon_core.package_identification:_identify(ros_2_ws/build) ignored
[2.377s] Level 1:colcon.colcon_core.package_identification:_identify(ros_2_ws/config) by extensions ['ignore', 'ignore_ament_install']
[2.377s] Level 1:colcon.colcon_core.package_identification:_identify(ros_2_ws/config) by extension 'ignore'
[2.377s] Level 1:colcon.colcon_core.package_identification:_identify(ros_2_ws/config) by extension 'ignore_ament_install'
[2.377s] Level 1:colcon.colcon_core.package_identification:_identify(ros_2_ws/config) by extensions ['colcon_pkg']
[2.377s] Level 1:colcon.colcon_core.package_identification:_identify(ros_2_ws/config) by extension 'colcon_pkg'
[2.377s] Level 1:colcon.colcon_core.package_identification:_identify(ros_2_ws/config) by extensions ['colcon_meta']
[2.377s] Level 1:colcon.colcon_core.package_identification:_identify(ros_2_ws/config) by extension 'colcon_meta'
[2.377s] Level 1:colcon.colcon_core.package_identification:_identify(ros_2_ws/config) by extensions ['ros']
[2.377s] Level 1:colcon.colcon_core.package_identification:_identify(ros_2_ws/config) by extension 'ros'
[2.377s] Level 1:colcon.colcon_core.package_identification:_identify(ros_2_ws/config) by extensions ['cmake', 'python']
[2.377s] Level 1:colcon.colcon_core.package_identification:_identify(ros_2_ws/config) by extension 'cmake'
[2.377s] Level 1:colcon.colcon_core.package_identification:_identify(ros_2_ws/config) by extension 'python'
[2.377s] Level 1:colcon.colcon_core.package_identification:_identify(ros_2_ws/config) by extensions ['python_setup_py']
[2.377s] Level 1:colcon.colcon_core.package_identification:_identify(ros_2_ws/config) by extension 'python_setup_py'
[2.377s] Level 1:colcon.colcon_core.package_identification:_identify(ros_2_ws/install) by extensions ['ignore', 'ignore_ament_install']
[2.377s] Level 1:colcon.colcon_core.package_identification:_identify(ros_2_ws/install) by extension 'ignore'
[2.377s] Level 1:colcon.colcon_core.package_identification:_identify(ros_2_ws/install) ignored
[2.377s] Level 1:colcon.colcon_core.package_identification:_identify(ros_2_ws/log) by extensions ['ignore', 'ignore_ament_install']
[2.378s] Level 1:colcon.colcon_core.package_identification:_identify(ros_2_ws/log) by extension 'ignore'
[2.378s] Level 1:colcon.colcon_core.package_identification:_identify(ros_2_ws/log) ignored
[2.378s] Level 1:colcon.colcon_core.package_identification:_identify(ros_2_ws/src) by extensions ['ignore', 'ignore_ament_install']
[2.378s] Level 1:colcon.colcon_core.package_identification:_identify(ros_2_ws/src) by extension 'ignore'
[2.378s] Level 1:colcon.colcon_core.package_identification:_identify(ros_2_ws/src) by extension 'ignore_ament_install'
[2.378s] Level 1:colcon.colcon_core.package_identification:_identify(ros_2_ws/src) by extensions ['colcon_pkg']
[2.378s] Level 1:colcon.colcon_core.package_identification:_identify(ros_2_ws/src) by extension 'colcon_pkg'
[2.378s] Level 1:colcon.colcon_core.package_identification:_identify(ros_2_ws/src) by extensions ['colcon_meta']
[2.378s] Level 1:colcon.colcon_core.package_identification:_identify(ros_2_ws/src) by extension 'colcon_meta'
[2.378s] Level 1:colcon.colcon_core.package_identification:_identify(ros_2_ws/src) by extensions ['ros']
[2.378s] Level 1:colcon.colcon_core.package_identification:_identify(ros_2_ws/src) by extension 'ros'
[2.378s] Level 1:colcon.colcon_core.package_identification:_identify(ros_2_ws/src) by extensions ['cmake', 'python']
[2.378s] Level 1:colcon.colcon_core.package_identification:_identify(ros_2_ws/src) by extension 'cmake'
[2.378s] Level 1:colcon.colcon_core.package_identification:_identify(ros_2_ws/src) by extension 'python'
[2.378s] Level 1:colcon.colcon_core.package_identification:_identify(ros_2_ws/src) by extensions ['python_setup_py']
[2.378s] Level 1:colcon.colcon_core.package_identification:_identify(ros_2_ws/src) by extension 'python_setup_py'
[2.378s] Level 1:colcon.colcon_core.package_identification:_identify(ros_2_ws/src/octobot_2) by extensions ['ignore', 'ignore_ament_install']
[2.378s] Level 1:colcon.colcon_core.package_identification:_identify(ros_2_ws/src/octobot_2) by extension 'ignore'
[2.378s] Level 1:colcon.colcon_core.package_identification:_identify(ros_2_ws/src/octobot_2) by extension 'ignore_ament_install'
[2.378s] Level 1:colcon.colcon_core.package_identification:_identify(ros_2_ws/src/octobot_2) by extensions ['colcon_pkg']
[2.378s] Level 1:colcon.colcon_core.package_identification:_identify(ros_2_ws/src/octobot_2) by extension 'colcon_pkg'
[2.378s] Level 1:colcon.colcon_core.package_identification:_identify(ros_2_ws/src/octobot_2) by extensions ['colcon_meta']
[2.378s] Level 1:colcon.colcon_core.package_identification:_identify(ros_2_ws/src/octobot_2) by extension 'colcon_meta'
[2.378s] Level 1:colcon.colcon_core.package_identification:_identify(ros_2_ws/src/octobot_2) by extensions ['ros']
[2.378s] Level 1:colcon.colcon_core.package_identification:_identify(ros_2_ws/src/octobot_2) by extension 'ros'
[2.379s] DEBUG:colcon.colcon_core.package_identification:Package 'ros_2_ws/src/octobot_2' with type 'ros.ament_python' and name 'octobot_2'
[2.379s] Level 1:colcon.colcon_core.package_discovery:discover_packages(recursive) using defaults
[2.379s] Level 1:colcon.colcon_core.package_discovery:discover_packages(ignore) discover
[2.379s] Level 1:colcon.colcon_core.package_discovery:discover_packages(ignore) using defaults
[2.379s] Level 1:colcon.colcon_core.package_discovery:discover_packages(path) discover
[2.379s] Level 1:colcon.colcon_core.package_discovery:discover_packages(path) using defaults
[2.590s] Level 1:colcon.colcon_core.package_discovery:discover_packages(prefix_path) check parameters
[2.590s] Level 1:colcon.colcon_core.package_discovery:discover_packages(prefix_path) discover
[2.663s] DEBUG:colcon.colcon_installed_package_information.package_discovery:Found 1 installed packages in /home/deivideich/Holonomic_Base_Simulation/ros_2_ws/install
[2.700s] DEBUG:colcon.colcon_installed_package_information.package_discovery:Found 373 installed packages in /opt/ros/foxy
[2.737s] DEBUG:colcon.colcon_installed_package_information.package_discovery:Found 3 installed packages in /opt/ros/noetic
[2.737s] Level 1:colcon.colcon_core.package_discovery:discover_packages(prefix_path) using defaults
[2.880s] Level 5:colcon.colcon_core.verb:set package 'NuevaBaseMetal2' build argument 'cmake_args' from command line to 'None'
[2.880s] Level 5:colcon.colcon_core.verb:set package 'NuevaBaseMetal2' build argument 'cmake_target' from command line to 'None'
[2.880s] Level 5:colcon.colcon_core.verb:set package 'NuevaBaseMetal2' build argument 'cmake_target_skip_unavailable' from command line to 'False'
[2.880s] Level 5:colcon.colcon_core.verb:set package 'NuevaBaseMetal2' build argument 'cmake_clean_cache' from command line to 'False'
[2.880s] Level 5:colcon.colcon_core.verb:set package 'NuevaBaseMetal2' build argument 'cmake_clean_first' from command line to 'False'
[2.880s] Level 5:colcon.colcon_core.verb:set package 'NuevaBaseMetal2' build argument 'cmake_force_configure' from command line to 'False'
[2.880s] Level 5:colcon.colcon_core.verb:set package 'NuevaBaseMetal2' build argument 'ament_cmake_args' from command line to 'None'
[2.880s] Level 5:colcon.colcon_core.verb:set package 'NuevaBaseMetal2' build argument 'catkin_cmake_args' from command line to 'None'
[2.880s] Level 5:colcon.colcon_core.verb:set package 'NuevaBaseMetal2' build argument 'catkin_skip_building_tests' from command line to 'False'
[2.880s] DEBUG:colcon.colcon_core.verb:Building package 'NuevaBaseMetal2' with the following arguments: {'ament_cmake_args': None, 'build_base': '/home/deivideich/Holonomic_Base_Simulation/build/NuevaBaseMetal2', 'catkin_cmake_args': None, 'catkin_skip_building_tests': False, 'cmake_args': None, 'cmake_clean_cache': False, 'cmake_clean_first': False, 'cmake_force_configure': False, 'cmake_target': None, 'cmake_target_skip_unavailable': False, 'install_base': '/home/deivideich/Holonomic_Base_Simulation/install/NuevaBaseMetal2', 'merge_install': False, 'path': '/home/deivideich/Holonomic_Base_Simulation/ros_1_ws/src/nuevaBaseMetal2', 'symlink_install': False, 'test_result_base': None}
[2.914s] Level 5:colcon.colcon_core.verb:set package 'octobot_2' build argument 'cmake_args' from command line to 'None'
[2.915s] Level 5:colcon.colcon_core.verb:set package 'octobot_2' build argument 'cmake_target' from command line to 'None'
[2.915s] Level 5:colcon.colcon_core.verb:set package 'octobot_2' build argument 'cmake_target_skip_unavailable' from command line to 'False'
[2.915s] Level 5:colcon.colcon_core.verb:set package 'octobot_2' build argument 'cmake_clean_cache' from command line to 'False'
[2.915s] Level 5:colcon.colcon_core.verb:set package 'octobot_2' build argument 'cmake_clean_first' from command line to 'False'
[2.915s] Level 5:colcon.colcon_core.verb:set package 'octobot_2' build argument 'cmake_force_configure' from command line to 'False'
[2.915s] Level 5:colcon.colcon_core.verb:set package 'octobot_2' build argument 'ament_cmake_args' from command line to 'None'
[2.915s] Level 5:colcon.colcon_core.verb:set package 'octobot_2' build argument 'catkin_cmake_args' from command line to 'None'
[2.915s] Level 5:colcon.colcon_core.verb:set package 'octobot_2' build argument 'catkin_skip_building_tests' from command line to 'False'
[2.915s] DEBUG:colcon.colcon_core.verb:Building package 'octobot_2' with the following arguments: {'ament_cmake_args': None, 'build_base': '/home/deivideich/Holonomic_Base_Simulation/build/octobot_2', 'catkin_cmake_args': None, 'catkin_skip_building_tests': False, 'cmake_args': None, 'cmake_clean_cache': False, 'cmake_clean_first': False, 'cmake_force_configure': False, 'cmake_target': None, 'cmake_target_skip_unavailable': False, 'install_base': '/home/deivideich/Holonomic_Base_Simulation/install/octobot_2', 'merge_install': False, 'path': '/home/deivideich/Holonomic_Base_Simulation/ros_2_ws/src/octobot_2', 'symlink_install': False, 'test_result_base': None}
[2.950s] INFO:colcon.colcon_core.executor:Executing jobs using 'parallel' executor
[2.986s] DEBUG:colcon.colcon_parallel_executor.executor.parallel:run_until_complete
[2.987s] INFO:colcon.colcon_ros.task.catkin.build:Building ROS package in '/home/deivideich/Holonomic_Base_Simulation/ros_1_ws/src/nuevaBaseMetal2' with build type 'catkin'
[2.987s] INFO:colcon.colcon_cmake.task.cmake.build:Building CMake package in '/home/deivideich/Holonomic_Base_Simulation/ros_1_ws/src/nuevaBaseMetal2'
[3.024s] INFO:colcon.colcon_core.plugin_system:Skipping extension 'colcon_core.shell.bat': Not used on non-Windows systems
[3.024s] INFO:colcon.colcon_core.shell:Skip shell extension 'powershell' for command environment: Not usable outside of PowerShell
[3.024s] DEBUG:colcon.colcon_core.shell:Skip shell extension 'dsv' for command environment
[3.186s] INFO:colcon.colcon_ros.task.ament_python.build:Building ROS package in '/home/deivideich/Holonomic_Base_Simulation/ros_2_ws/src/octobot_2' with build type 'ament_python'
[3.186s] Level 1:colcon.colcon_core.shell:create_environment_hook('octobot_2', 'ament_prefix_path')
[3.222s] INFO:colcon.colcon_core.shell:Creating environment hook '/home/deivideich/Holonomic_Base_Simulation/install/octobot_2/share/octobot_2/hook/ament_prefix_path.ps1'
[3.223s] INFO:colcon.colcon_core.shell:Creating environment descriptor '/home/deivideich/Holonomic_Base_Simulation/install/octobot_2/share/octobot_2/hook/ament_prefix_path.dsv'
[3.223s] INFO:colcon.colcon_core.shell:Creating environment hook '/home/deivideich/Holonomic_Base_Simulation/install/octobot_2/share/octobot_2/hook/ament_prefix_path.sh'
[3.263s] INFO:colcon.colcon_core.shell:Skip shell extension 'powershell' for command environment: Not usable outside of PowerShell
[3.263s] DEBUG:colcon.colcon_core.shell:Skip shell extension 'dsv' for command environment
[3.436s] DEBUG:colcon.colcon_core.event_handler.log_command:Invoking command in '/home/deivideich/Holonomic_Base_Simulation/build/NuevaBaseMetal2': /usr/bin/cmake /home/deivideich/Holonomic_Base_Simulation/ros_1_ws/src/nuevaBaseMetal2 -DCATKIN_INSTALL_INTO_PREFIX_ROOT=0 -DCMAKE_INSTALL_PREFIX=/home/deivideich/Holonomic_Base_Simulation/install/NuevaBaseMetal2
[3.658s] INFO:colcon.colcon_core.task.python.build:Building Python package in '/home/deivideich/Holonomic_Base_Simulation/ros_2_ws/src/octobot_2'
[3.700s] INFO:colcon.colcon_core.shell:Skip shell extension 'powershell' for command environment: Not usable outside of PowerShell
[3.700s] DEBUG:colcon.colcon_core.shell:Skip shell extension 'dsv' for command environment
[4.005s] DEBUG:colcon.colcon_core.event_handler.log_command:Invoked command in '/home/deivideich/Holonomic_Base_Simulation/build/NuevaBaseMetal2' returned '1': /usr/bin/cmake /home/deivideich/Holonomic_Base_Simulation/ros_1_ws/src/nuevaBaseMetal2 -DCATKIN_INSTALL_INTO_PREFIX_ROOT=0 -DCMAKE_INSTALL_PREFIX=/home/deivideich/Holonomic_Base_Simulation/install/NuevaBaseMetal2
[4.021s] Level 1:colcon.colcon_core.environment:create_environment_scripts_only(NuevaBaseMetal2)
[4.065s] Level 1:colcon.colcon_core.environment:checking '/home/deivideich/Holonomic_Base_Simulation/install/NuevaBaseMetal2' for CMake module files
[4.065s] Level 1:colcon.colcon_core.environment:checking '/home/deivideich/Holonomic_Base_Simulation/install/NuevaBaseMetal2' for CMake config files
[4.066s] Level 1:colcon.colcon_core.environment:checking '/home/deivideich/Holonomic_Base_Simulation/install/NuevaBaseMetal2/bin'
[4.066s] Level 1:colcon.colcon_core.environment:checking '/home/deivideich/Holonomic_Base_Simulation/install/NuevaBaseMetal2/lib/pkgconfig/NuevaBaseMetal2.pc'
[4.066s] Level 1:colcon.colcon_core.environment:checking '/home/deivideich/Holonomic_Base_Simulation/install/NuevaBaseMetal2/lib/python3.8/site-packages'
[4.066s] Level 1:colcon.colcon_core.environment:checking '/home/deivideich/Holonomic_Base_Simulation/install/NuevaBaseMetal2/bin'
[4.113s] INFO:colcon.colcon_core.shell:Creating package script '/home/deivideich/Holonomic_Base_Simulation/install/NuevaBaseMetal2/share/NuevaBaseMetal2/package.ps1'
[4.113s] INFO:colcon.colcon_core.shell:Creating package descriptor '/home/deivideich/Holonomic_Base_Simulation/install/NuevaBaseMetal2/share/NuevaBaseMetal2/package.dsv'
[4.114s] INFO:colcon.colcon_core.shell:Creating package script '/home/deivideich/Holonomic_Base_Simulation/install/NuevaBaseMetal2/share/NuevaBaseMetal2/package.sh'
[4.114s] INFO:colcon.colcon_core.shell:Creating package script '/home/deivideich/Holonomic_Base_Simulation/install/NuevaBaseMetal2/share/NuevaBaseMetal2/package.bash'
[4.115s] INFO:colcon.colcon_core.shell:Creating package script '/home/deivideich/Holonomic_Base_Simulation/install/NuevaBaseMetal2/share/NuevaBaseMetal2/package.zsh'
[4.115s] Level 1:colcon.colcon_core.environment:create_file_with_runtime_dependencies(/home/deivideich/Holonomic_Base_Simulation/install/NuevaBaseMetal2/share/colcon-core/packages/NuevaBaseMetal2)
[4.293s] DEBUG:colcon.colcon_parallel_executor.executor.parallel:closing loop
[4.294s] DEBUG:colcon.colcon_parallel_executor.executor.parallel:loop closed
[4.294s] DEBUG:colcon.colcon_parallel_executor.executor.parallel:run_until_complete finished with '1'
[4.294s] DEBUG:colcon.colcon_core.event_reactor:joining thread
[4.351s] INFO:colcon.colcon_core.plugin_system:Skipping extension 'colcon_notification.desktop_notification.terminal_notifier': Not used on non-Darwin systems
[4.351s] INFO:colcon.colcon_core.plugin_system:Skipping extension 'colcon_notification.desktop_notification.win32': Not used on non-Windows systems
[4.351s] INFO:colcon.colcon_notification.desktop_notification:Sending desktop notification using 'notify2'
[4.365s] DEBUG:colcon.colcon_core.event_reactor:joined thread
[4.425s] INFO:colcon.colcon_core.shell:Creating prefix script '/home/deivideich/Holonomic_Base_Simulation/install/local_setup.ps1'
[4.426s] INFO:colcon.colcon_core.shell:Creating prefix util module '/home/deivideich/Holonomic_Base_Simulation/install/_local_setup_util_ps1.py'
[4.427s] INFO:colcon.colcon_core.shell:Creating prefix chain script '/home/deivideich/Holonomic_Base_Simulation/install/setup.ps1'
[4.466s] INFO:colcon.colcon_core.shell:Creating prefix script '/home/deivideich/Holonomic_Base_Simulation/install/local_setup.sh'
[4.467s] INFO:colcon.colcon_core.shell:Creating prefix util module '/home/deivideich/Holonomic_Base_Simulation/install/_local_setup_util_sh.py'
[4.467s] INFO:colcon.colcon_core.shell:Creating prefix chain script '/home/deivideich/Holonomic_Base_Simulation/install/setup.sh'
[4.506s] INFO:colcon.colcon_core.shell:Creating prefix script '/home/deivideich/Holonomic_Base_Simulation/install/local_setup.bash'
[4.507s] INFO:colcon.colcon_core.shell:Creating prefix chain script '/home/deivideich/Holonomic_Base_Simulation/install/setup.bash'
[4.546s] INFO:colcon.colcon_core.shell:Creating prefix script '/home/deivideich/Holonomic_Base_Simulation/install/local_setup.zsh'
[4.546s] INFO:colcon.colcon_core.shell:Creating prefix chain script '/home/deivideich/Holonomic_Base_Simulation/install/setup.zsh'
