[1.953s] DEBUG:colcon:Command line arguments: ['/usr/bin/colcon', 'build']
[1.954s] DEBUG:colcon:Parsed command line arguments: Namespace(allow_overriding=[], ament_cmake_args=None, base_paths=['.'], build_base='build', catkin_cmake_args=None, catkin_skip_building_tests=False, cmake_args=None, cmake_clean_cache=False, cmake_clean_first=False, cmake_force_configure=False, cmake_target=None, cmake_target_skip_unavailable=False, continue_on_error=False, event_handlers=None, executor='parallel', ignore_user_meta=False, install_base='install', log_base=None, log_level=None, main=<bound method BuildVerb.main of <colcon_core.verb.build.BuildVerb object at 0x7fed095949d0>>, merge_install=False, metas=['./colcon.meta'], packages_above=None, packages_above_and_dependencies=None, packages_above_depth=None, packages_end=None, packages_ignore=None, packages_ignore_regex=None, packages_select=None, packages_select_build_failed=False, packages_select_by_dep=None, packages_select_regex=None, packages_select_test_failures=False, packages_skip=None, packages_skip_build_finished=False, packages_skip_by_dep=None, packages_skip_regex=None, packages_skip_test_passed=False, packages_skip_up_to=None, packages_start=None, packages_up_to=None, packages_up_to_regex=None, parallel_workers=16, paths=None, symlink_install=False, test_result_base=None, verb_extension=<colcon_core.verb.build.BuildVerb object at 0x7fed095949d0>, verb_name='build', verb_parser=<colcon_defaults.argument_parser.defaults.DefaultArgumentsDecorator object at 0x7fed09594f10>)
[2.042s] Level 1:colcon.colcon_core.package_discovery:discover_packages(colcon_meta) check parameters
[2.042s] Level 1:colcon.colcon_core.package_discovery:discover_packages(recursive) check parameters
[2.042s] Level 1:colcon.colcon_core.package_discovery:discover_packages(ignore) check parameters
[2.042s] Level 1:colcon.colcon_core.package_discovery:discover_packages(path) check parameters
[2.042s] Level 1:colcon.colcon_core.package_discovery:discover_packages(colcon_meta) discover
[2.042s] Level 1:colcon.colcon_core.package_discovery:discover_packages(recursive) discover
[2.042s] INFO:colcon.colcon_core.package_discovery:Crawling recursively for packages in '/home/deivideich/Holonomic_Base_Simulation/ros_2_ws/src/octobot_2'
[2.042s] Level 1:colcon.colcon_core.package_identification:_identify(.) by extensions ['ignore', 'ignore_ament_install']
[2.042s] Level 1:colcon.colcon_core.package_identification:_identify(.) by extension 'ignore'
[2.042s] Level 1:colcon.colcon_core.package_identification:_identify(.) by extension 'ignore_ament_install'
[2.042s] Level 1:colcon.colcon_core.package_identification:_identify(.) by extensions ['colcon_pkg']
[2.042s] Level 1:colcon.colcon_core.package_identification:_identify(.) by extension 'colcon_pkg'
[2.042s] Level 1:colcon.colcon_core.package_identification:_identify(.) by extensions ['colcon_meta']
[2.042s] Level 1:colcon.colcon_core.package_identification:_identify(.) by extension 'colcon_meta'
[2.042s] Level 1:colcon.colcon_core.package_identification:_identify(.) by extensions ['ros']
[2.042s] Level 1:colcon.colcon_core.package_identification:_identify(.) by extension 'ros'
[2.054s] DEBUG:colcon.colcon_core.package_identification:Package '.' with type 'ros.ament_python' and name 'octobot_2'
[2.054s] Level 1:colcon.colcon_core.package_discovery:discover_packages(recursive) using defaults
[2.054s] Level 1:colcon.colcon_core.package_discovery:discover_packages(ignore) discover
[2.054s] Level 1:colcon.colcon_core.package_discovery:discover_packages(ignore) using defaults
[2.054s] Level 1:colcon.colcon_core.package_discovery:discover_packages(path) discover
[2.054s] Level 1:colcon.colcon_core.package_discovery:discover_packages(path) using defaults
[2.235s] Level 1:colcon.colcon_core.package_discovery:discover_packages(prefix_path) check parameters
[2.235s] Level 1:colcon.colcon_core.package_discovery:discover_packages(prefix_path) discover
[2.304s] DEBUG:colcon.colcon_installed_package_information.package_discovery:Found 32 installed packages in /home/deivideich/Holonomic_Base_Simulation/ros_2_ws/install
[2.343s] DEBUG:colcon.colcon_installed_package_information.package_discovery:Found 375 installed packages in /opt/ros/foxy
[2.386s] DEBUG:colcon.colcon_installed_package_information.package_discovery:Found 3 installed packages in /opt/ros/noetic
[2.386s] Level 1:colcon.colcon_core.package_discovery:discover_packages(prefix_path) using defaults
[2.515s] Level 5:colcon.colcon_core.verb:set package 'octobot_2' build argument 'cmake_args' from command line to 'None'
[2.515s] Level 5:colcon.colcon_core.verb:set package 'octobot_2' build argument 'cmake_target' from command line to 'None'
[2.515s] Level 5:colcon.colcon_core.verb:set package 'octobot_2' build argument 'cmake_target_skip_unavailable' from command line to 'False'
[2.515s] Level 5:colcon.colcon_core.verb:set package 'octobot_2' build argument 'cmake_clean_cache' from command line to 'False'
[2.515s] Level 5:colcon.colcon_core.verb:set package 'octobot_2' build argument 'cmake_clean_first' from command line to 'False'
[2.515s] Level 5:colcon.colcon_core.verb:set package 'octobot_2' build argument 'cmake_force_configure' from command line to 'False'
[2.515s] Level 5:colcon.colcon_core.verb:set package 'octobot_2' build argument 'ament_cmake_args' from command line to 'None'
[2.515s] Level 5:colcon.colcon_core.verb:set package 'octobot_2' build argument 'catkin_cmake_args' from command line to 'None'
[2.515s] Level 5:colcon.colcon_core.verb:set package 'octobot_2' build argument 'catkin_skip_building_tests' from command line to 'False'
[2.515s] DEBUG:colcon.colcon_core.verb:Building package 'octobot_2' with the following arguments: {'ament_cmake_args': None, 'build_base': '/home/deivideich/Holonomic_Base_Simulation/ros_2_ws/src/octobot_2/build/octobot_2', 'catkin_cmake_args': None, 'catkin_skip_building_tests': False, 'cmake_args': None, 'cmake_clean_cache': False, 'cmake_clean_first': False, 'cmake_force_configure': False, 'cmake_target': None, 'cmake_target_skip_unavailable': False, 'install_base': '/home/deivideich/Holonomic_Base_Simulation/ros_2_ws/src/octobot_2/install/octobot_2', 'merge_install': False, 'path': '/home/deivideich/Holonomic_Base_Simulation/ros_2_ws/src/octobot_2', 'symlink_install': False, 'test_result_base': None}
[2.547s] INFO:colcon.colcon_core.executor:Executing jobs using 'parallel' executor
[2.580s] DEBUG:colcon.colcon_parallel_executor.executor.parallel:run_until_complete
[2.580s] INFO:colcon.colcon_ros.task.ament_python.build:Building ROS package in '/home/deivideich/Holonomic_Base_Simulation/ros_2_ws/src/octobot_2' with build type 'ament_python'
[2.580s] Level 1:colcon.colcon_core.shell:create_environment_hook('octobot_2', 'ament_prefix_path')
[2.613s] INFO:colcon.colcon_core.plugin_system:Skipping extension 'colcon_core.shell.bat': Not used on non-Windows systems
[2.614s] INFO:colcon.colcon_core.shell:Creating environment hook '/home/deivideich/Holonomic_Base_Simulation/ros_2_ws/src/octobot_2/install/octobot_2/share/octobot_2/hook/ament_prefix_path.ps1'
[2.614s] INFO:colcon.colcon_core.shell:Creating environment descriptor '/home/deivideich/Holonomic_Base_Simulation/ros_2_ws/src/octobot_2/install/octobot_2/share/octobot_2/hook/ament_prefix_path.dsv'
[2.614s] INFO:colcon.colcon_core.shell:Creating environment hook '/home/deivideich/Holonomic_Base_Simulation/ros_2_ws/src/octobot_2/install/octobot_2/share/octobot_2/hook/ament_prefix_path.sh'
[2.647s] INFO:colcon.colcon_core.shell:Skip shell extension 'powershell' for command environment: Not usable outside of PowerShell
[2.647s] DEBUG:colcon.colcon_core.shell:Skip shell extension 'dsv' for command environment
[2.992s] INFO:colcon.colcon_core.task.python.build:Building Python package in '/home/deivideich/Holonomic_Base_Simulation/ros_2_ws/src/octobot_2'
[3.031s] INFO:colcon.colcon_core.shell:Skip shell extension 'powershell' for command environment: Not usable outside of PowerShell
[3.031s] DEBUG:colcon.colcon_core.shell:Skip shell extension 'dsv' for command environment
[3.503s] DEBUG:colcon.colcon_core.event_handler.log_command:Invoking command in '/home/deivideich/Holonomic_Base_Simulation/ros_2_ws/src/octobot_2': PYTHONPATH=/home/deivideich/Holonomic_Base_Simulation/ros_2_ws/src/octobot_2/build/octobot_2/prefix_override:/home/deivideich/Holonomic_Base_Simulation/ros_2_ws/src/octobot_2/install/octobot_2/lib/python3.8/site-packages:${PYTHONPATH} /usr/bin/python3 setup.py egg_info --egg-base build/octobot_2 build --build-base /home/deivideich/Holonomic_Base_Simulation/ros_2_ws/src/octobot_2/build/octobot_2/build install --record /home/deivideich/Holonomic_Base_Simulation/ros_2_ws/src/octobot_2/build/octobot_2/install.log --install-scripts $base/lib/octobot_2 --single-version-externally-managed
[3.751s] DEBUG:colcon.colcon_core.event_handler.log_command:Invoked command in '/home/deivideich/Holonomic_Base_Simulation/ros_2_ws/src/octobot_2' returned '0': PYTHONPATH=/home/deivideich/Holonomic_Base_Simulation/ros_2_ws/src/octobot_2/build/octobot_2/prefix_override:/home/deivideich/Holonomic_Base_Simulation/ros_2_ws/src/octobot_2/install/octobot_2/lib/python3.8/site-packages:${PYTHONPATH} /usr/bin/python3 setup.py egg_info --egg-base build/octobot_2 build --build-base /home/deivideich/Holonomic_Base_Simulation/ros_2_ws/src/octobot_2/build/octobot_2/build install --record /home/deivideich/Holonomic_Base_Simulation/ros_2_ws/src/octobot_2/build/octobot_2/install.log --install-scripts $base/lib/octobot_2 --single-version-externally-managed
[3.791s] Level 1:colcon.colcon_core.environment:checking '/home/deivideich/Holonomic_Base_Simulation/ros_2_ws/src/octobot_2/install/octobot_2' for CMake module files
[3.791s] Level 1:colcon.colcon_core.environment:checking '/home/deivideich/Holonomic_Base_Simulation/ros_2_ws/src/octobot_2/install/octobot_2' for CMake config files
[3.792s] Level 1:colcon.colcon_core.environment:checking '/home/deivideich/Holonomic_Base_Simulation/ros_2_ws/src/octobot_2/install/octobot_2/lib'
[3.792s] Level 1:colcon.colcon_core.environment:checking '/home/deivideich/Holonomic_Base_Simulation/ros_2_ws/src/octobot_2/install/octobot_2/bin'
[3.792s] Level 1:colcon.colcon_core.environment:checking '/home/deivideich/Holonomic_Base_Simulation/ros_2_ws/src/octobot_2/install/octobot_2/lib/pkgconfig/octobot_2.pc'
[3.792s] Level 1:colcon.colcon_core.environment:checking '/home/deivideich/Holonomic_Base_Simulation/ros_2_ws/src/octobot_2/install/octobot_2/lib/python3.8/site-packages'
[3.792s] Level 1:colcon.colcon_core.shell:create_environment_hook('octobot_2', 'pythonpath')
[3.826s] INFO:colcon.colcon_core.shell:Creating environment hook '/home/deivideich/Holonomic_Base_Simulation/ros_2_ws/src/octobot_2/install/octobot_2/share/octobot_2/hook/pythonpath.ps1'
[3.826s] INFO:colcon.colcon_core.shell:Creating environment descriptor '/home/deivideich/Holonomic_Base_Simulation/ros_2_ws/src/octobot_2/install/octobot_2/share/octobot_2/hook/pythonpath.dsv'
[3.826s] INFO:colcon.colcon_core.shell:Creating environment hook '/home/deivideich/Holonomic_Base_Simulation/ros_2_ws/src/octobot_2/install/octobot_2/share/octobot_2/hook/pythonpath.sh'
[3.827s] Level 1:colcon.colcon_core.environment:checking '/home/deivideich/Holonomic_Base_Simulation/ros_2_ws/src/octobot_2/install/octobot_2/bin'
[3.827s] Level 1:colcon.colcon_core.environment:create_environment_scripts_only(octobot_2)
[3.864s] INFO:colcon.colcon_core.shell:Creating package script '/home/deivideich/Holonomic_Base_Simulation/ros_2_ws/src/octobot_2/install/octobot_2/share/octobot_2/package.ps1'
[3.864s] INFO:colcon.colcon_core.shell:Creating package descriptor '/home/deivideich/Holonomic_Base_Simulation/ros_2_ws/src/octobot_2/install/octobot_2/share/octobot_2/package.dsv'
[3.865s] INFO:colcon.colcon_core.shell:Creating package script '/home/deivideich/Holonomic_Base_Simulation/ros_2_ws/src/octobot_2/install/octobot_2/share/octobot_2/package.sh'
[3.865s] INFO:colcon.colcon_core.shell:Creating package script '/home/deivideich/Holonomic_Base_Simulation/ros_2_ws/src/octobot_2/install/octobot_2/share/octobot_2/package.bash'
[3.866s] INFO:colcon.colcon_core.shell:Creating package script '/home/deivideich/Holonomic_Base_Simulation/ros_2_ws/src/octobot_2/install/octobot_2/share/octobot_2/package.zsh'
[3.866s] Level 1:colcon.colcon_core.environment:create_file_with_runtime_dependencies(/home/deivideich/Holonomic_Base_Simulation/ros_2_ws/src/octobot_2/install/octobot_2/share/colcon-core/packages/octobot_2)
[3.866s] DEBUG:colcon.colcon_parallel_executor.executor.parallel:closing loop
[3.867s] DEBUG:colcon.colcon_parallel_executor.executor.parallel:loop closed
[3.867s] DEBUG:colcon.colcon_parallel_executor.executor.parallel:run_until_complete finished with '0'
[3.867s] DEBUG:colcon.colcon_core.event_reactor:joining thread
[3.910s] INFO:colcon.colcon_core.plugin_system:Skipping extension 'colcon_notification.desktop_notification.terminal_notifier': Not used on non-Darwin systems
[3.910s] INFO:colcon.colcon_core.plugin_system:Skipping extension 'colcon_notification.desktop_notification.win32': Not used on non-Windows systems
[3.910s] INFO:colcon.colcon_notification.desktop_notification:Sending desktop notification using 'notify2'
[3.929s] DEBUG:colcon.colcon_core.event_reactor:joined thread
[3.973s] INFO:colcon.colcon_core.shell:Creating prefix script '/home/deivideich/Holonomic_Base_Simulation/ros_2_ws/src/octobot_2/install/local_setup.ps1'
[3.973s] INFO:colcon.colcon_core.shell:Creating prefix util module '/home/deivideich/Holonomic_Base_Simulation/ros_2_ws/src/octobot_2/install/_local_setup_util_ps1.py'
[3.974s] INFO:colcon.colcon_core.shell:Creating prefix chain script '/home/deivideich/Holonomic_Base_Simulation/ros_2_ws/src/octobot_2/install/setup.ps1'
[4.010s] INFO:colcon.colcon_core.shell:Creating prefix script '/home/deivideich/Holonomic_Base_Simulation/ros_2_ws/src/octobot_2/install/local_setup.sh'
[4.010s] INFO:colcon.colcon_core.shell:Creating prefix util module '/home/deivideich/Holonomic_Base_Simulation/ros_2_ws/src/octobot_2/install/_local_setup_util_sh.py'
[4.010s] INFO:colcon.colcon_core.shell:Creating prefix chain script '/home/deivideich/Holonomic_Base_Simulation/ros_2_ws/src/octobot_2/install/setup.sh'
[4.045s] INFO:colcon.colcon_core.shell:Creating prefix script '/home/deivideich/Holonomic_Base_Simulation/ros_2_ws/src/octobot_2/install/local_setup.bash'
[4.045s] INFO:colcon.colcon_core.shell:Creating prefix chain script '/home/deivideich/Holonomic_Base_Simulation/ros_2_ws/src/octobot_2/install/setup.bash'
[4.079s] INFO:colcon.colcon_core.shell:Creating prefix script '/home/deivideich/Holonomic_Base_Simulation/ros_2_ws/src/octobot_2/install/local_setup.zsh'
[4.080s] INFO:colcon.colcon_core.shell:Creating prefix chain script '/home/deivideich/Holonomic_Base_Simulation/ros_2_ws/src/octobot_2/install/setup.zsh'
