running egg_info
creating ../../build/octobot_2/octobot_2.egg-info
writing ../../build/octobot_2/octobot_2.egg-info/PKG-INFO
writing dependency_links to ../../build/octobot_2/octobot_2.egg-info/dependency_links.txt
writing entry points to ../../build/octobot_2/octobot_2.egg-info/entry_points.txt
writing requirements to ../../build/octobot_2/octobot_2.egg-info/requires.txt
writing top-level names to ../../build/octobot_2/octobot_2.egg-info/top_level.txt
writing manifest file '../../build/octobot_2/octobot_2.egg-info/SOURCES.txt'
reading manifest file '../../build/octobot_2/octobot_2.egg-info/SOURCES.txt'
writing manifest file '../../build/octobot_2/octobot_2.egg-info/SOURCES.txt'
running build
running build_py
creating /home/deivideich/ros_2_ws/build/octobot_2/build
creating /home/deivideich/ros_2_ws/build/octobot_2/build/lib
creating /home/deivideich/ros_2_ws/build/octobot_2/build/lib/octobot_2
copying octobot_2/__init__.py -> /home/deivideich/ros_2_ws/build/octobot_2/build/lib/octobot_2
running install
running install_lib
creating /home/deivideich/ros_2_ws/install/octobot_2/lib/python3.8/site-packages/octobot_2
copying /home/deivideich/ros_2_ws/build/octobot_2/build/lib/octobot_2/__init__.py -> /home/deivideich/ros_2_ws/install/octobot_2/lib/python3.8/site-packages/octobot_2
byte-compiling /home/deivideich/ros_2_ws/install/octobot_2/lib/python3.8/site-packages/octobot_2/__init__.py to __init__.cpython-38.pyc
running install_data
creating /home/deivideich/ros_2_ws/install/octobot_2/share/ament_index
creating /home/deivideich/ros_2_ws/install/octobot_2/share/ament_index/resource_index
creating /home/deivideich/ros_2_ws/install/octobot_2/share/ament_index/resource_index/packages
copying resource/octobot_2 -> /home/deivideich/ros_2_ws/install/octobot_2/share/ament_index/resource_index/packages
copying package.xml -> /home/deivideich/ros_2_ws/install/octobot_2/share/octobot_2
creating /home/deivideich/ros_2_ws/install/octobot_2/share/octobot_2/urdf
copying urdf/NuevaBaseMetal2.urdf -> /home/deivideich/ros_2_ws/install/octobot_2/share/octobot_2/urdf
creating /home/deivideich/ros_2_ws/install/octobot_2/share/octobot_2/launch
copying launch/diplay.launch.py -> /home/deivideich/ros_2_ws/install/octobot_2/share/octobot_2/launch
creating /home/deivideich/ros_2_ws/install/octobot_2/share/octobot_2/meshes
copying meshes/BL_Link.STL -> /home/deivideich/ros_2_ws/install/octobot_2/share/octobot_2/meshes
copying meshes/Camera_Link.STL -> /home/deivideich/ros_2_ws/install/octobot_2/share/octobot_2/meshes
copying meshes/Lidar_Link.STL -> /home/deivideich/ros_2_ws/install/octobot_2/share/octobot_2/meshes
copying meshes/FR_Link.STL -> /home/deivideich/ros_2_ws/install/octobot_2/share/octobot_2/meshes
copying meshes/BR_Link.STL -> /home/deivideich/ros_2_ws/install/octobot_2/share/octobot_2/meshes
copying meshes/FL_Link.STL -> /home/deivideich/ros_2_ws/install/octobot_2/share/octobot_2/meshes
copying meshes/Base_link.STL -> /home/deivideich/ros_2_ws/install/octobot_2/share/octobot_2/meshes
running install_egg_info
Copying ../../build/octobot_2/octobot_2.egg-info to /home/deivideich/ros_2_ws/install/octobot_2/lib/python3.8/site-packages/octobot_2-0.0.0-py3.8.egg-info
running install_scripts
writing list of installed files to '/home/deivideich/ros_2_ws/build/octobot_2/install.log'
