[0.724s] Invoking command in '/home/deivideich/ros_2_ws/src/octobot_2': PYTHONPATH=/home/deivideich/ros_2_ws/build/octobot_2/prefix_override:/home/deivideich/ros_2_ws/install/octobot_2/lib/python3.8/site-packages:${PYTHONPATH} /usr/bin/python3 setup.py egg_info --egg-base ../../build/octobot_2 build --build-base /home/deivideich/ros_2_ws/build/octobot_2/build install --record /home/deivideich/ros_2_ws/build/octobot_2/install.log --install-scripts $base/lib/octobot_2 --single-version-externally-managed
[0.877s] running egg_info
[0.877s] creating ../../build/octobot_2/octobot_2.egg-info
[0.877s] writing ../../build/octobot_2/octobot_2.egg-info/PKG-INFO
[0.877s] writing dependency_links to ../../build/octobot_2/octobot_2.egg-info/dependency_links.txt
[0.877s] writing entry points to ../../build/octobot_2/octobot_2.egg-info/entry_points.txt
[0.877s] writing requirements to ../../build/octobot_2/octobot_2.egg-info/requires.txt
[0.878s] writing top-level names to ../../build/octobot_2/octobot_2.egg-info/top_level.txt
[0.878s] writing manifest file '../../build/octobot_2/octobot_2.egg-info/SOURCES.txt'
[0.900s] reading manifest file '../../build/octobot_2/octobot_2.egg-info/SOURCES.txt'
[0.901s] writing manifest file '../../build/octobot_2/octobot_2.egg-info/SOURCES.txt'
[0.901s] running build
[0.901s] running build_py
[0.901s] creating /home/deivideich/ros_2_ws/build/octobot_2/build
[0.901s] creating /home/deivideich/ros_2_ws/build/octobot_2/build/lib
[0.901s] creating /home/deivideich/ros_2_ws/build/octobot_2/build/lib/octobot_2
[0.901s] copying octobot_2/__init__.py -> /home/deivideich/ros_2_ws/build/octobot_2/build/lib/octobot_2
[0.901s] running install
[0.902s] running install_lib
[0.902s] creating /home/deivideich/ros_2_ws/install/octobot_2/lib/python3.8/site-packages/octobot_2
[0.902s] copying /home/deivideich/ros_2_ws/build/octobot_2/build/lib/octobot_2/__init__.py -> /home/deivideich/ros_2_ws/install/octobot_2/lib/python3.8/site-packages/octobot_2
[0.903s] byte-compiling /home/deivideich/ros_2_ws/install/octobot_2/lib/python3.8/site-packages/octobot_2/__init__.py to __init__.cpython-38.pyc
[0.903s] running install_data
[0.904s] creating /home/deivideich/ros_2_ws/install/octobot_2/share/ament_index
[0.904s] creating /home/deivideich/ros_2_ws/install/octobot_2/share/ament_index/resource_index
[0.904s] creating /home/deivideich/ros_2_ws/install/octobot_2/share/ament_index/resource_index/packages
[0.904s] copying resource/octobot_2 -> /home/deivideich/ros_2_ws/install/octobot_2/share/ament_index/resource_index/packages
[0.904s] copying package.xml -> /home/deivideich/ros_2_ws/install/octobot_2/share/octobot_2
[0.904s] creating /home/deivideich/ros_2_ws/install/octobot_2/share/octobot_2/urdf
[0.904s] copying urdf/NuevaBaseMetal2.urdf -> /home/deivideich/ros_2_ws/install/octobot_2/share/octobot_2/urdf
[0.904s] creating /home/deivideich/ros_2_ws/install/octobot_2/share/octobot_2/launch
[0.904s] copying launch/diplay.launch.py -> /home/deivideich/ros_2_ws/install/octobot_2/share/octobot_2/launch
[0.904s] creating /home/deivideich/ros_2_ws/install/octobot_2/share/octobot_2/meshes
[0.904s] copying meshes/BL_Link.STL -> /home/deivideich/ros_2_ws/install/octobot_2/share/octobot_2/meshes
[0.908s] copying meshes/Camera_Link.STL -> /home/deivideich/ros_2_ws/install/octobot_2/share/octobot_2/meshes
[0.908s] copying meshes/Lidar_Link.STL -> /home/deivideich/ros_2_ws/install/octobot_2/share/octobot_2/meshes
[0.908s] copying meshes/FR_Link.STL -> /home/deivideich/ros_2_ws/install/octobot_2/share/octobot_2/meshes
[0.912s] copying meshes/BR_Link.STL -> /home/deivideich/ros_2_ws/install/octobot_2/share/octobot_2/meshes
[0.918s] copying meshes/FL_Link.STL -> /home/deivideich/ros_2_ws/install/octobot_2/share/octobot_2/meshes
[0.922s] copying meshes/Base_link.STL -> /home/deivideich/ros_2_ws/install/octobot_2/share/octobot_2/meshes
[0.923s] running install_egg_info
[0.924s] Copying ../../build/octobot_2/octobot_2.egg-info to /home/deivideich/ros_2_ws/install/octobot_2/lib/python3.8/site-packages/octobot_2-0.0.0-py3.8.egg-info
[0.925s] running install_scripts
[0.937s] writing list of installed files to '/home/deivideich/ros_2_ws/build/octobot_2/install.log'
[0.955s] Invoked command in '/home/deivideich/ros_2_ws/src/octobot_2' returned '0': PYTHONPATH=/home/deivideich/ros_2_ws/build/octobot_2/prefix_override:/home/deivideich/ros_2_ws/install/octobot_2/lib/python3.8/site-packages:${PYTHONPATH} /usr/bin/python3 setup.py egg_info --egg-base ../../build/octobot_2 build --build-base /home/deivideich/ros_2_ws/build/octobot_2/build install --record /home/deivideich/ros_2_ws/build/octobot_2/install.log --install-scripts $base/lib/octobot_2 --single-version-externally-managed
