[2.908s] Invoking command in '/home/deivideich/Holonomic_Base_Simulation/ros_2_ws/src/octobot_2': PYTHONPATH=/home/deivideich/Holonomic_Base_Simulation/ros_2_ws/build/octobot_2/prefix_override:/home/deivideich/Holonomic_Base_Simulation/ros_2_ws/install/octobot_2/lib/python3.8/site-packages:${PYTHONPATH} /usr/bin/python3 setup.py egg_info --egg-base ../../build/octobot_2 build --build-base /home/deivideich/Holonomic_Base_Simulation/ros_2_ws/build/octobot_2/build install --record /home/deivideich/Holonomic_Base_Simulation/ros_2_ws/build/octobot_2/install.log --install-scripts $base/lib/octobot_2 --single-version-externally-managed
[3.180s] running egg_info
[3.180s] writing ../../build/octobot_2/octobot_2.egg-info/PKG-INFO
[3.181s] writing dependency_links to ../../build/octobot_2/octobot_2.egg-info/dependency_links.txt
[3.182s] writing entry points to ../../build/octobot_2/octobot_2.egg-info/entry_points.txt
[3.182s] writing requirements to ../../build/octobot_2/octobot_2.egg-info/requires.txt
[3.183s] writing top-level names to ../../build/octobot_2/octobot_2.egg-info/top_level.txt
[3.213s] reading manifest file '../../build/octobot_2/octobot_2.egg-info/SOURCES.txt'
[3.213s] writing manifest file '../../build/octobot_2/octobot_2.egg-info/SOURCES.txt'
[3.216s] running build
[3.216s] running build_py
[3.216s] running install
[3.216s] running install_lib
[3.217s] running install_data
[3.218s] copying urdf/NuevaBaseMetal3.urdf -> /home/deivideich/Holonomic_Base_Simulation/ros_2_ws/install/octobot_2/share/octobot_2/urdf
[3.219s] running install_egg_info
[3.220s] removing '/home/deivideich/Holonomic_Base_Simulation/ros_2_ws/install/octobot_2/lib/python3.8/site-packages/octobot_2-0.0.0-py3.8.egg-info' (and everything under it)
[3.220s] Copying ../../build/octobot_2/octobot_2.egg-info to /home/deivideich/Holonomic_Base_Simulation/ros_2_ws/install/octobot_2/lib/python3.8/site-packages/octobot_2-0.0.0-py3.8.egg-info
[3.220s] running install_scripts
[3.246s] writing list of installed files to '/home/deivideich/Holonomic_Base_Simulation/ros_2_ws/build/octobot_2/install.log'
[3.893s] Invoked command in '/home/deivideich/Holonomic_Base_Simulation/ros_2_ws/src/octobot_2' returned '0': PYTHONPATH=/home/deivideich/Holonomic_Base_Simulation/ros_2_ws/build/octobot_2/prefix_override:/home/deivideich/Holonomic_Base_Simulation/ros_2_ws/install/octobot_2/lib/python3.8/site-packages:${PYTHONPATH} /usr/bin/python3 setup.py egg_info --egg-base ../../build/octobot_2 build --build-base /home/deivideich/Holonomic_Base_Simulation/ros_2_ws/build/octobot_2/build install --record /home/deivideich/Holonomic_Base_Simulation/ros_2_ws/build/octobot_2/install.log --install-scripts $base/lib/octobot_2 --single-version-externally-managed
