[0.652s] Invoking command in '/home/deivideich/Holonomic_Base_Simulation/build/NuevaBaseMetal2': /usr/bin/cmake /home/deivideich/Holonomic_Base_Simulation/ros_1_ws/src/nuevaBaseMetal2 -DCATKIN_INSTALL_INTO_PREFIX_ROOT=0 -DCMAKE_INSTALL_PREFIX=/home/deivideich/Holonomic_Base_Simulation/install/NuevaBaseMetal2
[0.659s] CMake Warning (dev) at CMakeLists.txt:3 (project):
[0.659s]   Policy CMP0048 is not set: project() command manages VERSION variables.
[0.659s]   Run "cmake --help-policy CMP0048" for policy details.  Use the cmake_policy
[0.659s]   command to set the policy and suppress this warning.
[0.659s] 
[0.659s]   The following variable(s) would be set to empty:
[0.659s] 
[0.660s]     CMAKE_PROJECT_VERSION
[0.660s]     CMAKE_PROJECT_VERSION_MAJOR
[0.660s]     CMAKE_PROJECT_VERSION_MINOR
[0.660s]     CMAKE_PROJECT_VERSION_PATCH
[0.660s] This warning is for project developers.  Use -Wno-dev to suppress it.
[0.660s] 
[0.664s] -- Using CATKIN_DEVEL_PREFIX: /home/deivideich/Holonomic_Base_Simulation/build/NuevaBaseMetal2/devel
[0.664s] -- Using CMAKE_PREFIX_PATH: /home/deivideich/articubot_example/install/articubot_one;/home/deivideich/Holonomic_Base_Simulation/ros_1_ws/devel;/home/deivideich/ros_1_ws/devel;/opt/ros/noetic
[0.664s] -- This workspace overlays: /home/deivideich/Holonomic_Base_Simulation/ros_1_ws/devel;/home/deivideich/ros_1_ws/devel;/opt/ros/noetic
[0.687s] -- Found PythonInterp: /usr/bin/python3 (found suitable version "3.8.10", minimum required is "3") 
[0.687s] -- Using PYTHON_EXECUTABLE: /usr/bin/python3
[0.687s] -- Using Debian Python package layout
[0.687s] -- Using empy: /usr/lib/python3/dist-packages/em.py
[0.778s] -- Using CATKIN_ENABLE_TESTING: ON
[0.779s] -- Call enable_testing()
[0.779s] -- Using CATKIN_TEST_RESULTS_DIR: /home/deivideich/Holonomic_Base_Simulation/build/NuevaBaseMetal2/test_results
[0.816s] -- Forcing gtest/gmock from source, though one was otherwise available.
[0.816s] -- Found gtest sources under '/usr/src/googletest': gtests will be built
[0.816s] -- Found gmock sources under '/usr/src/googletest': gmock will be built
[0.840s] -- Found PythonInterp: /usr/bin/python3 (found version "3.8.10") 
[0.845s] -- Using Python nosetests: /usr/bin/nosetests3
[0.890s] -- catkin 0.8.10
[0.890s] -- BUILD_SHARED_LIBS is on
[1.096s] Traceback (most recent call last):
[1.097s]   File "/home/deivideich/Holonomic_Base_Simulation/build/NuevaBaseMetal2/catkin_generated/generate_cached_setup.py", line 22, in <module>
[1.097s]     code = generate_environment_script('/home/deivideich/Holonomic_Base_Simulation/build/NuevaBaseMetal2/devel/env.sh')
[1.097s]   File "/opt/ros/noetic/lib/python3/dist-packages/catkin/environment_cache.py", line 63, in generate_environment_script
[1.097s]     env_after = ast.literal_eval(output.decode('utf8'))
[1.097s]   File "/usr/lib/python3.8/ast.py", line 59, in literal_eval
[1.097s]     node_or_string = parse(node_or_string, mode='eval')
[1.098s]   File "/usr/lib/python3.8/ast.py", line 47, in parse
[1.098s]     return compile(source, filename, mode, flags,
[1.098s]   File "<unknown>", line 1
[1.099s]     ROS_DISTRO was set to 'foxy' before. Please make sure that the environment does not mix paths from different distributions.
[1.099s]                ^
[1.099s] SyntaxError: invalid syntax
[1.115s] CMake Error at /opt/ros/noetic/share/catkin/cmake/safe_execute_process.cmake:11 (message):
[1.116s]   execute_process(/usr/bin/python3
[1.116s]   "/home/deivideich/Holonomic_Base_Simulation/build/NuevaBaseMetal2/catkin_generated/generate_cached_setup.py")
[1.116s]   returned error code 1
[1.116s] Call Stack (most recent call first):
[1.117s]   /opt/ros/noetic/share/catkin/cmake/all.cmake:208 (safe_execute_process)
[1.117s]   /opt/ros/noetic/share/catkin/cmake/catkinConfig.cmake:20 (include)
[1.117s]   CMakeLists.txt:5 (find_package)
[1.117s] 
[1.117s] 
[1.117s] -- Configuring incomplete, errors occurred!
[1.117s] See also "/home/deivideich/Holonomic_Base_Simulation/build/NuevaBaseMetal2/CMakeFiles/CMakeOutput.log".
[1.118s] See also "/home/deivideich/Holonomic_Base_Simulation/build/NuevaBaseMetal2/CMakeFiles/CMakeError.log".
[1.172s] Invoked command in '/home/deivideich/Holonomic_Base_Simulation/build/NuevaBaseMetal2' returned '1': /usr/bin/cmake /home/deivideich/Holonomic_Base_Simulation/ros_1_ws/src/nuevaBaseMetal2 -DCATKIN_INSTALL_INTO_PREFIX_ROOT=0 -DCMAKE_INSTALL_PREFIX=/home/deivideich/Holonomic_Base_Simulation/install/NuevaBaseMetal2
