[0.537s] Invoking command in '/home/deivideich/Holonomic_Base_Simulation/ros_2_ws/build/nav2_recoveries': AMENT_PREFIX_PATH=/home/deivideich/Holonomic_Base_Simulation/ros_2_ws/install/nav2_core:/home/deivideich/Holonomic_Base_Simulation/ros_2_ws/install/nav2_costmap_2d:/home/deivideich/Holonomic_Base_Simulation/ros_2_ws/install/nav2_behavior_tree:/home/deivideich/Holonomic_Base_Simulation/ros_2_ws/install/nav2_util:/home/deivideich/Holonomic_Base_Simulation/ros_2_ws/install/nav2_voxel_grid:/home/deivideich/Holonomic_Base_Simulation/ros_2_ws/install/nav2_msgs:/home/deivideich/Holonomic_Base_Simulation/ros_2_ws/install/nav2_common:${AMENT_PREFIX_PATH} CMAKE_PREFIX_PATH=/home/deivideich/Holonomic_Base_Simulation/ros_2_ws/install/nav2_core:/home/deivideich/Holonomic_Base_Simulation/ros_2_ws/install/nav2_costmap_2d:/home/deivideich/Holonomic_Base_Simulation/ros_2_ws/install/nav2_behavior_tree:/home/deivideich/Holonomic_Base_Simulation/ros_2_ws/install/nav2_util:/home/deivideich/Holonomic_Base_Simulation/ros_2_ws/install/nav2_voxel_grid:/home/deivideich/Holonomic_Base_Simulation/ros_2_ws/install/nav2_msgs:/home/deivideich/Holonomic_Base_Simulation/ros_2_ws/install/nav2_common:/home/deivideich/Holonomic_Base_Simulation/ros_2_ws/install/octobot_2:/opt/ros/foxy:${CMAKE_PREFIX_PATH} LD_LIBRARY_PATH=/home/deivideich/Holonomic_Base_Simulation/ros_2_ws/install/nav2_costmap_2d/lib:/home/deivideich/Holonomic_Base_Simulation/ros_2_ws/install/nav2_behavior_tree/lib:/home/deivideich/Holonomic_Base_Simulation/ros_2_ws/install/nav2_util/lib:/home/deivideich/Holonomic_Base_Simulation/ros_2_ws/install/nav2_voxel_grid/lib:/home/deivideich/Holonomic_Base_Simulation/ros_2_ws/install/nav2_msgs/lib:${LD_LIBRARY_PATH} PYTHONPATH=/home/deivideich/Holonomic_Base_Simulation/ros_2_ws/install/nav2_msgs/lib/python3.8/site-packages:/home/deivideich/Holonomic_Base_Simulation/ros_2_ws/install/nav2_common/lib/python3.8/site-packages:${PYTHONPATH} /usr/bin/cmake --build /home/deivideich/Holonomic_Base_Simulation/ros_2_ws/build/nav2_recoveries -- -j16 -l16
[0.619s] [ 25%] Built target gtest
[0.619s] [ 25%] Built target gtest_main
[0.625s] [ 37%] Built target recoveries_server_core
[0.626s] [ 50%] Built target nav2_spin_recovery
[0.627s] [ 62%] Built target nav2_backup_recovery
[0.627s] [ 75%] Built target nav2_wait_recovery
[0.632s] [100%] Built target test_recoveries
[0.632s] [100%] Built target recoveries_server
[0.721s] Invoked command in '/home/deivideich/Holonomic_Base_Simulation/ros_2_ws/build/nav2_recoveries' returned '0': AMENT_PREFIX_PATH=/home/deivideich/Holonomic_Base_Simulation/ros_2_ws/install/nav2_core:/home/deivideich/Holonomic_Base_Simulation/ros_2_ws/install/nav2_costmap_2d:/home/deivideich/Holonomic_Base_Simulation/ros_2_ws/install/nav2_behavior_tree:/home/deivideich/Holonomic_Base_Simulation/ros_2_ws/install/nav2_util:/home/deivideich/Holonomic_Base_Simulation/ros_2_ws/install/nav2_voxel_grid:/home/deivideich/Holonomic_Base_Simulation/ros_2_ws/install/nav2_msgs:/home/deivideich/Holonomic_Base_Simulation/ros_2_ws/install/nav2_common:${AMENT_PREFIX_PATH} CMAKE_PREFIX_PATH=/home/deivideich/Holonomic_Base_Simulation/ros_2_ws/install/nav2_core:/home/deivideich/Holonomic_Base_Simulation/ros_2_ws/install/nav2_costmap_2d:/home/deivideich/Holonomic_Base_Simulation/ros_2_ws/install/nav2_behavior_tree:/home/deivideich/Holonomic_Base_Simulation/ros_2_ws/install/nav2_util:/home/deivideich/Holonomic_Base_Simulation/ros_2_ws/install/nav2_voxel_grid:/home/deivideich/Holonomic_Base_Simulation/ros_2_ws/install/nav2_msgs:/home/deivideich/Holonomic_Base_Simulation/ros_2_ws/install/nav2_common:/home/deivideich/Holonomic_Base_Simulation/ros_2_ws/install/octobot_2:/opt/ros/foxy:${CMAKE_PREFIX_PATH} LD_LIBRARY_PATH=/home/deivideich/Holonomic_Base_Simulation/ros_2_ws/install/nav2_costmap_2d/lib:/home/deivideich/Holonomic_Base_Simulation/ros_2_ws/install/nav2_behavior_tree/lib:/home/deivideich/Holonomic_Base_Simulation/ros_2_ws/install/nav2_util/lib:/home/deivideich/Holonomic_Base_Simulation/ros_2_ws/install/nav2_voxel_grid/lib:/home/deivideich/Holonomic_Base_Simulation/ros_2_ws/install/nav2_msgs/lib:${LD_LIBRARY_PATH} PYTHONPATH=/home/deivideich/Holonomic_Base_Simulation/ros_2_ws/install/nav2_msgs/lib/python3.8/site-packages:/home/deivideich/Holonomic_Base_Simulation/ros_2_ws/install/nav2_common/lib/python3.8/site-packages:${PYTHONPATH} /usr/bin/cmake --build /home/deivideich/Holonomic_Base_Simulation/ros_2_ws/build/nav2_recoveries -- -j16 -l16
[0.893s] Invoking command in '/home/deivideich/Holonomic_Base_Simulation/ros_2_ws/build/nav2_recoveries': AMENT_PREFIX_PATH=/home/deivideich/Holonomic_Base_Simulation/ros_2_ws/install/nav2_core:/home/deivideich/Holonomic_Base_Simulation/ros_2_ws/install/nav2_costmap_2d:/home/deivideich/Holonomic_Base_Simulation/ros_2_ws/install/nav2_behavior_tree:/home/deivideich/Holonomic_Base_Simulation/ros_2_ws/install/nav2_util:/home/deivideich/Holonomic_Base_Simulation/ros_2_ws/install/nav2_voxel_grid:/home/deivideich/Holonomic_Base_Simulation/ros_2_ws/install/nav2_msgs:/home/deivideich/Holonomic_Base_Simulation/ros_2_ws/install/nav2_common:${AMENT_PREFIX_PATH} CMAKE_PREFIX_PATH=/home/deivideich/Holonomic_Base_Simulation/ros_2_ws/install/nav2_core:/home/deivideich/Holonomic_Base_Simulation/ros_2_ws/install/nav2_costmap_2d:/home/deivideich/Holonomic_Base_Simulation/ros_2_ws/install/nav2_behavior_tree:/home/deivideich/Holonomic_Base_Simulation/ros_2_ws/install/nav2_util:/home/deivideich/Holonomic_Base_Simulation/ros_2_ws/install/nav2_voxel_grid:/home/deivideich/Holonomic_Base_Simulation/ros_2_ws/install/nav2_msgs:/home/deivideich/Holonomic_Base_Simulation/ros_2_ws/install/nav2_common:/home/deivideich/Holonomic_Base_Simulation/ros_2_ws/install/octobot_2:/opt/ros/foxy:${CMAKE_PREFIX_PATH} LD_LIBRARY_PATH=/home/deivideich/Holonomic_Base_Simulation/ros_2_ws/install/nav2_costmap_2d/lib:/home/deivideich/Holonomic_Base_Simulation/ros_2_ws/install/nav2_behavior_tree/lib:/home/deivideich/Holonomic_Base_Simulation/ros_2_ws/install/nav2_util/lib:/home/deivideich/Holonomic_Base_Simulation/ros_2_ws/install/nav2_voxel_grid/lib:/home/deivideich/Holonomic_Base_Simulation/ros_2_ws/install/nav2_msgs/lib:${LD_LIBRARY_PATH} PYTHONPATH=/home/deivideich/Holonomic_Base_Simulation/ros_2_ws/install/nav2_msgs/lib/python3.8/site-packages:/home/deivideich/Holonomic_Base_Simulation/ros_2_ws/install/nav2_common/lib/python3.8/site-packages:${PYTHONPATH} /usr/bin/cmake --install /home/deivideich/Holonomic_Base_Simulation/ros_2_ws/build/nav2_recoveries
[0.912s] -- Install configuration: "Release"
[0.912s] -- Up-to-date: /home/deivideich/Holonomic_Base_Simulation/ros_2_ws/install/nav2_recoveries/share/nav2_recoveries/recovery_plugin.xml
[0.912s] -- Up-to-date: /home/deivideich/Holonomic_Base_Simulation/ros_2_ws/install/nav2_recoveries/lib/librecoveries_server_core.a
[0.912s] -- Up-to-date: /home/deivideich/Holonomic_Base_Simulation/ros_2_ws/install/nav2_recoveries/lib/libnav2_backup_recovery.so
[0.912s] -- Up-to-date: /home/deivideich/Holonomic_Base_Simulation/ros_2_ws/install/nav2_recoveries/lib/libnav2_spin_recovery.so
[0.912s] -- Up-to-date: /home/deivideich/Holonomic_Base_Simulation/ros_2_ws/install/nav2_recoveries/lib/libnav2_wait_recovery.so
[0.912s] -- Up-to-date: /home/deivideich/Holonomic_Base_Simulation/ros_2_ws/install/nav2_recoveries/lib/nav2_recoveries/recoveries_server
[0.912s] -- Up-to-date: /home/deivideich/Holonomic_Base_Simulation/ros_2_ws/install/nav2_recoveries/include/
[0.912s] -- Up-to-date: /home/deivideich/Holonomic_Base_Simulation/ros_2_ws/install/nav2_recoveries/include//nav2_recoveries
[0.912s] -- Up-to-date: /home/deivideich/Holonomic_Base_Simulation/ros_2_ws/install/nav2_recoveries/include//nav2_recoveries/recovery_server.hpp
[0.912s] -- Up-to-date: /home/deivideich/Holonomic_Base_Simulation/ros_2_ws/install/nav2_recoveries/include//nav2_recoveries/recovery.hpp
[0.912s] -- Up-to-date: /home/deivideich/Holonomic_Base_Simulation/ros_2_ws/install/nav2_recoveries/share/nav2_recoveries/recovery_plugin.xml
[0.912s] -- Up-to-date: /home/deivideich/Holonomic_Base_Simulation/ros_2_ws/install/nav2_recoveries/share/nav2_recoveries/environment/library_path.sh
[0.912s] -- Up-to-date: /home/deivideich/Holonomic_Base_Simulation/ros_2_ws/install/nav2_recoveries/share/nav2_recoveries/environment/library_path.dsv
[0.912s] -- Up-to-date: /home/deivideich/Holonomic_Base_Simulation/ros_2_ws/install/nav2_recoveries/share/ament_index/resource_index/package_run_dependencies/nav2_recoveries
[0.912s] -- Up-to-date: /home/deivideich/Holonomic_Base_Simulation/ros_2_ws/install/nav2_recoveries/share/ament_index/resource_index/parent_prefix_path/nav2_recoveries
[0.912s] -- Up-to-date: /home/deivideich/Holonomic_Base_Simulation/ros_2_ws/install/nav2_recoveries/share/nav2_recoveries/environment/ament_prefix_path.sh
[0.912s] -- Up-to-date: /home/deivideich/Holonomic_Base_Simulation/ros_2_ws/install/nav2_recoveries/share/nav2_recoveries/environment/ament_prefix_path.dsv
[0.912s] -- Up-to-date: /home/deivideich/Holonomic_Base_Simulation/ros_2_ws/install/nav2_recoveries/share/nav2_recoveries/environment/path.sh
[0.912s] -- Up-to-date: /home/deivideich/Holonomic_Base_Simulation/ros_2_ws/install/nav2_recoveries/share/nav2_recoveries/environment/path.dsv
[0.913s] -- Up-to-date: /home/deivideich/Holonomic_Base_Simulation/ros_2_ws/install/nav2_recoveries/share/nav2_recoveries/local_setup.bash
[0.913s] -- Up-to-date: /home/deivideich/Holonomic_Base_Simulation/ros_2_ws/install/nav2_recoveries/share/nav2_recoveries/local_setup.sh
[0.913s] -- Up-to-date: /home/deivideich/Holonomic_Base_Simulation/ros_2_ws/install/nav2_recoveries/share/nav2_recoveries/local_setup.zsh
[0.913s] -- Up-to-date: /home/deivideich/Holonomic_Base_Simulation/ros_2_ws/install/nav2_recoveries/share/nav2_recoveries/local_setup.dsv
[0.913s] -- Installing: /home/deivideich/Holonomic_Base_Simulation/ros_2_ws/install/nav2_recoveries/share/nav2_recoveries/package.dsv
[0.913s] -- Up-to-date: /home/deivideich/Holonomic_Base_Simulation/ros_2_ws/install/nav2_recoveries/share/ament_index/resource_index/packages/nav2_recoveries
[0.913s] -- Up-to-date: /home/deivideich/Holonomic_Base_Simulation/ros_2_ws/install/nav2_recoveries/share/ament_index/resource_index/nav2_core__pluginlib__plugin/nav2_recoveries
[0.913s] -- Up-to-date: /home/deivideich/Holonomic_Base_Simulation/ros_2_ws/install/nav2_recoveries/share/nav2_recoveries/cmake/ament_cmake_export_include_directories-extras.cmake
[0.913s] -- Up-to-date: /home/deivideich/Holonomic_Base_Simulation/ros_2_ws/install/nav2_recoveries/share/nav2_recoveries/cmake/ament_cmake_export_libraries-extras.cmake
[0.913s] -- Up-to-date: /home/deivideich/Holonomic_Base_Simulation/ros_2_ws/install/nav2_recoveries/share/nav2_recoveries/cmake/ament_cmake_export_definitions-extras.cmake
[0.913s] -- Up-to-date: /home/deivideich/Holonomic_Base_Simulation/ros_2_ws/install/nav2_recoveries/share/nav2_recoveries/cmake/nav2_recoveriesConfig.cmake
[0.913s] -- Up-to-date: /home/deivideich/Holonomic_Base_Simulation/ros_2_ws/install/nav2_recoveries/share/nav2_recoveries/cmake/nav2_recoveriesConfig-version.cmake
[0.913s] -- Up-to-date: /home/deivideich/Holonomic_Base_Simulation/ros_2_ws/install/nav2_recoveries/share/nav2_recoveries/package.xml
[1.492s] Invoked command in '/home/deivideich/Holonomic_Base_Simulation/ros_2_ws/build/nav2_recoveries' returned '0': AMENT_PREFIX_PATH=/home/deivideich/Holonomic_Base_Simulation/ros_2_ws/install/nav2_core:/home/deivideich/Holonomic_Base_Simulation/ros_2_ws/install/nav2_costmap_2d:/home/deivideich/Holonomic_Base_Simulation/ros_2_ws/install/nav2_behavior_tree:/home/deivideich/Holonomic_Base_Simulation/ros_2_ws/install/nav2_util:/home/deivideich/Holonomic_Base_Simulation/ros_2_ws/install/nav2_voxel_grid:/home/deivideich/Holonomic_Base_Simulation/ros_2_ws/install/nav2_msgs:/home/deivideich/Holonomic_Base_Simulation/ros_2_ws/install/nav2_common:${AMENT_PREFIX_PATH} CMAKE_PREFIX_PATH=/home/deivideich/Holonomic_Base_Simulation/ros_2_ws/install/nav2_core:/home/deivideich/Holonomic_Base_Simulation/ros_2_ws/install/nav2_costmap_2d:/home/deivideich/Holonomic_Base_Simulation/ros_2_ws/install/nav2_behavior_tree:/home/deivideich/Holonomic_Base_Simulation/ros_2_ws/install/nav2_util:/home/deivideich/Holonomic_Base_Simulation/ros_2_ws/install/nav2_voxel_grid:/home/deivideich/Holonomic_Base_Simulation/ros_2_ws/install/nav2_msgs:/home/deivideich/Holonomic_Base_Simulation/ros_2_ws/install/nav2_common:/home/deivideich/Holonomic_Base_Simulation/ros_2_ws/install/octobot_2:/opt/ros/foxy:${CMAKE_PREFIX_PATH} LD_LIBRARY_PATH=/home/deivideich/Holonomic_Base_Simulation/ros_2_ws/install/nav2_costmap_2d/lib:/home/deivideich/Holonomic_Base_Simulation/ros_2_ws/install/nav2_behavior_tree/lib:/home/deivideich/Holonomic_Base_Simulation/ros_2_ws/install/nav2_util/lib:/home/deivideich/Holonomic_Base_Simulation/ros_2_ws/install/nav2_voxel_grid/lib:/home/deivideich/Holonomic_Base_Simulation/ros_2_ws/install/nav2_msgs/lib:${LD_LIBRARY_PATH} PYTHONPATH=/home/deivideich/Holonomic_Base_Simulation/ros_2_ws/install/nav2_msgs/lib/python3.8/site-packages:/home/deivideich/Holonomic_Base_Simulation/ros_2_ws/install/nav2_common/lib/python3.8/site-packages:${PYTHONPATH} /usr/bin/cmake --install /home/deivideich/Holonomic_Base_Simulation/ros_2_ws/build/nav2_recoveries
