[0.203s] Invoking command in '/home/deivideich/Holonomic_Base_Simulation/ros_2_ws/build/costmap_queue': AMENT_PREFIX_PATH=/home/deivideich/Holonomic_Base_Simulation/ros_2_ws/install/nav2_costmap_2d:/home/deivideich/Holonomic_Base_Simulation/ros_2_ws/install/nav2_util:/home/deivideich/Holonomic_Base_Simulation/ros_2_ws/install/nav2_voxel_grid:/home/deivideich/Holonomic_Base_Simulation/ros_2_ws/install/nav2_msgs:/home/deivideich/Holonomic_Base_Simulation/ros_2_ws/install/nav2_common:${AMENT_PREFIX_PATH} CMAKE_PREFIX_PATH=/home/deivideich/Holonomic_Base_Simulation/ros_2_ws/install/nav2_costmap_2d:/home/deivideich/Holonomic_Base_Simulation/ros_2_ws/install/nav2_util:/home/deivideich/Holonomic_Base_Simulation/ros_2_ws/install/nav2_voxel_grid:/home/deivideich/Holonomic_Base_Simulation/ros_2_ws/install/nav2_msgs:/home/deivideich/Holonomic_Base_Simulation/ros_2_ws/install/nav2_common:/home/deivideich/Holonomic_Base_Simulation/ros_2_ws/install/octobot_2:/opt/ros/foxy:${CMAKE_PREFIX_PATH} LD_LIBRARY_PATH=/home/deivideich/Holonomic_Base_Simulation/ros_2_ws/install/nav2_costmap_2d/lib:/home/deivideich/Holonomic_Base_Simulation/ros_2_ws/install/nav2_util/lib:/home/deivideich/Holonomic_Base_Simulation/ros_2_ws/install/nav2_voxel_grid/lib:/home/deivideich/Holonomic_Base_Simulation/ros_2_ws/install/nav2_msgs/lib:${LD_LIBRARY_PATH} PYTHONPATH=/home/deivideich/Holonomic_Base_Simulation/ros_2_ws/install/nav2_msgs/lib/python3.8/site-packages:/home/deivideich/Holonomic_Base_Simulation/ros_2_ws/install/nav2_common/lib/python3.8/site-packages:${PYTHONPATH} /usr/bin/cmake /home/deivideich/Holonomic_Base_Simulation/ros_2_ws/navigation2/nav2_dwb_controller/costmap_queue -DCMAKE_INSTALL_PREFIX=/home/deivideich/Holonomic_Base_Simulation/ros_2_ws/install/costmap_queue
[0.253s] -- The C compiler identification is GNU 9.4.0
[0.295s] -- The CXX compiler identification is GNU 9.4.0
[0.301s] -- Check for working C compiler: /usr/bin/cc
[0.358s] -- Check for working C compiler: /usr/bin/cc -- works
[0.359s] -- Detecting C compiler ABI info
[0.419s] -- Detecting C compiler ABI info - done
[0.426s] -- Detecting C compile features
[0.426s] -- Detecting C compile features - done
[0.428s] -- Check for working CXX compiler: /usr/bin/c++
[0.490s] -- Check for working CXX compiler: /usr/bin/c++ -- works
[0.493s] -- Detecting CXX compiler ABI info
[0.572s] -- Detecting CXX compiler ABI info - done
[0.582s] -- Detecting CXX compile features
[0.582s] -- Detecting CXX compile features - done
[0.584s] -- Found ament_cmake: 0.9.12 (/opt/ros/foxy/share/ament_cmake/cmake)
[0.614s] -- Found PythonInterp: /usr/bin/python3 (found suitable version "3.8.10", minimum required is "3") 
[0.614s] -- Using PYTHON_EXECUTABLE: /usr/bin/python3
[0.793s] -- Found nav2_common: 0.4.7 (/home/deivideich/Holonomic_Base_Simulation/ros_2_ws/install/nav2_common/share/nav2_common/cmake)
[0.793s] -- Found nav2_costmap_2d: 0.4.7 (/home/deivideich/Holonomic_Base_Simulation/ros_2_ws/install/nav2_costmap_2d/share/nav2_costmap_2d/cmake)
[0.820s] -- Using all available rosidl_typesupport_c: rosidl_typesupport_fastrtps_c;rosidl_typesupport_introspection_c
[0.826s] -- Found rosidl_adapter: 1.3.1 (/opt/ros/foxy/share/rosidl_adapter/cmake)
[0.916s] -- Found OpenSSL: /usr/lib/x86_64-linux-gnu/libcrypto.so (found version "1.1.1f")  
[0.937s] -- Found FastRTPS: /opt/ros/foxy/include  
[1.000s] -- Using all available rosidl_typesupport_cpp: rosidl_typesupport_fastrtps_cpp;rosidl_typesupport_introspection_cpp
[1.673s] -- Found rmw_implementation_cmake: 1.0.4 (/opt/ros/foxy/share/rmw_implementation_cmake/cmake)
[1.674s] -- Using RMW implementation 'rmw_fastrtps_cpp' as default
[1.674s] -- Looking for pthread.h
[1.729s] -- Looking for pthread.h - found
[1.729s] -- Performing Test CMAKE_HAVE_LIBC_PTHREAD
[1.785s] -- Performing Test CMAKE_HAVE_LIBC_PTHREAD - Failed
[1.785s] -- Looking for pthread_create in pthreads
[1.828s] -- Looking for pthread_create in pthreads - not found
[1.828s] -- Looking for pthread_create in pthread
[1.886s] -- Looking for pthread_create in pthread - found
[1.886s] -- Found Threads: TRUE  
[2.225s] -- Found Eigen3: TRUE (found version "3.3.7") 
[2.579s] -- Setting build type to Release as none was specified.
[2.864s] -- Found ament_lint_auto: 0.9.8 (/opt/ros/foxy/share/ament_lint_auto/cmake)
[2.922s] -- Found gtest sources under '/opt/ros/foxy/src/gtest_vendor': C++ tests using 'Google Test' will be built
[2.925s] -- Check if compiler accepts -pthread
[2.987s] -- Check if compiler accepts -pthread - yes
[3.486s] -- Added test 'cppcheck' to perform static code analysis on C / C++ code
[3.486s] -- Configured cppcheck include dirs: /home/deivideich/Holonomic_Base_Simulation/ros_2_ws/navigation2/nav2_dwb_controller/costmap_queue/include
[3.487s] -- Configured cppcheck exclude dirs and/or files: 
[3.487s] -- Added test 'cpplint' to check C / C++ code against the Google style
[3.487s] -- Configured cpplint exclude dirs and/or files: 
[3.487s] -- Added test 'lint_cmake' to check CMake code style
[3.487s] -- Added test 'uncrustify' to check C / C++ code style
[3.487s] -- Configured uncrustify additional arguments: 
[3.488s] -- Added test 'xmllint' to check XML markup files
[3.492s] -- Configuring done
[3.563s] -- Generating done
[3.565s] -- Build files have been written to: /home/deivideich/Holonomic_Base_Simulation/ros_2_ws/build/costmap_queue
[4.339s] Invoked command in '/home/deivideich/Holonomic_Base_Simulation/ros_2_ws/build/costmap_queue' returned '0': AMENT_PREFIX_PATH=/home/deivideich/Holonomic_Base_Simulation/ros_2_ws/install/nav2_costmap_2d:/home/deivideich/Holonomic_Base_Simulation/ros_2_ws/install/nav2_util:/home/deivideich/Holonomic_Base_Simulation/ros_2_ws/install/nav2_voxel_grid:/home/deivideich/Holonomic_Base_Simulation/ros_2_ws/install/nav2_msgs:/home/deivideich/Holonomic_Base_Simulation/ros_2_ws/install/nav2_common:${AMENT_PREFIX_PATH} CMAKE_PREFIX_PATH=/home/deivideich/Holonomic_Base_Simulation/ros_2_ws/install/nav2_costmap_2d:/home/deivideich/Holonomic_Base_Simulation/ros_2_ws/install/nav2_util:/home/deivideich/Holonomic_Base_Simulation/ros_2_ws/install/nav2_voxel_grid:/home/deivideich/Holonomic_Base_Simulation/ros_2_ws/install/nav2_msgs:/home/deivideich/Holonomic_Base_Simulation/ros_2_ws/install/nav2_common:/home/deivideich/Holonomic_Base_Simulation/ros_2_ws/install/octobot_2:/opt/ros/foxy:${CMAKE_PREFIX_PATH} LD_LIBRARY_PATH=/home/deivideich/Holonomic_Base_Simulation/ros_2_ws/install/nav2_costmap_2d/lib:/home/deivideich/Holonomic_Base_Simulation/ros_2_ws/install/nav2_util/lib:/home/deivideich/Holonomic_Base_Simulation/ros_2_ws/install/nav2_voxel_grid/lib:/home/deivideich/Holonomic_Base_Simulation/ros_2_ws/install/nav2_msgs/lib:${LD_LIBRARY_PATH} PYTHONPATH=/home/deivideich/Holonomic_Base_Simulation/ros_2_ws/install/nav2_msgs/lib/python3.8/site-packages:/home/deivideich/Holonomic_Base_Simulation/ros_2_ws/install/nav2_common/lib/python3.8/site-packages:${PYTHONPATH} /usr/bin/cmake /home/deivideich/Holonomic_Base_Simulation/ros_2_ws/navigation2/nav2_dwb_controller/costmap_queue -DCMAKE_INSTALL_PREFIX=/home/deivideich/Holonomic_Base_Simulation/ros_2_ws/install/costmap_queue
[4.342s] Invoking command in '/home/deivideich/Holonomic_Base_Simulation/ros_2_ws/build/costmap_queue': AMENT_PREFIX_PATH=/home/deivideich/Holonomic_Base_Simulation/ros_2_ws/install/nav2_costmap_2d:/home/deivideich/Holonomic_Base_Simulation/ros_2_ws/install/nav2_util:/home/deivideich/Holonomic_Base_Simulation/ros_2_ws/install/nav2_voxel_grid:/home/deivideich/Holonomic_Base_Simulation/ros_2_ws/install/nav2_msgs:/home/deivideich/Holonomic_Base_Simulation/ros_2_ws/install/nav2_common:${AMENT_PREFIX_PATH} CMAKE_PREFIX_PATH=/home/deivideich/Holonomic_Base_Simulation/ros_2_ws/install/nav2_costmap_2d:/home/deivideich/Holonomic_Base_Simulation/ros_2_ws/install/nav2_util:/home/deivideich/Holonomic_Base_Simulation/ros_2_ws/install/nav2_voxel_grid:/home/deivideich/Holonomic_Base_Simulation/ros_2_ws/install/nav2_msgs:/home/deivideich/Holonomic_Base_Simulation/ros_2_ws/install/nav2_common:/home/deivideich/Holonomic_Base_Simulation/ros_2_ws/install/octobot_2:/opt/ros/foxy:${CMAKE_PREFIX_PATH} LD_LIBRARY_PATH=/home/deivideich/Holonomic_Base_Simulation/ros_2_ws/install/nav2_costmap_2d/lib:/home/deivideich/Holonomic_Base_Simulation/ros_2_ws/install/nav2_util/lib:/home/deivideich/Holonomic_Base_Simulation/ros_2_ws/install/nav2_voxel_grid/lib:/home/deivideich/Holonomic_Base_Simulation/ros_2_ws/install/nav2_msgs/lib:${LD_LIBRARY_PATH} PYTHONPATH=/home/deivideich/Holonomic_Base_Simulation/ros_2_ws/install/nav2_msgs/lib/python3.8/site-packages:/home/deivideich/Holonomic_Base_Simulation/ros_2_ws/install/nav2_common/lib/python3.8/site-packages:${PYTHONPATH} /usr/bin/cmake --build /home/deivideich/Holonomic_Base_Simulation/ros_2_ws/build/costmap_queue -- -j16 -l16
[4.376s] [35m[1mScanning dependencies of target gtest_main[0m
[4.376s] [35m[1mScanning dependencies of target gtest[0m
[4.377s] [35m[1mScanning dependencies of target costmap_queue[0m
[4.390s] [ 18%] [32mBuilding CXX object CMakeFiles/costmap_queue.dir/src/costmap_queue.cpp.o[0m
[4.390s] [ 18%] [32mBuilding CXX object gtest/CMakeFiles/gtest_main.dir/src/gtest_main.cc.o[0m
[4.391s] [ 27%] [32mBuilding CXX object CMakeFiles/costmap_queue.dir/src/limited_costmap_queue.cpp.o[0m
[4.399s] [ 36%] [32mBuilding CXX object gtest/CMakeFiles/gtest.dir/src/gtest-all.cc.o[0m
[5.147s] [ 45%] [32m[1mLinking CXX static library libgtest_main.a[0m
[5.181s] [ 45%] Built target gtest_main
[5.209s] [ 54%] [32m[1mLinking CXX static library libcostmap_queue.a[0m
[5.237s] [ 54%] Built target costmap_queue
[11.081s] [ 63%] [32m[1mLinking CXX static library libgtest.a[0m
[11.136s] [ 63%] Built target gtest
[11.153s] [35m[1mScanning dependencies of target utest[0m
[11.153s] [35m[1mScanning dependencies of target mbq_test[0m
[11.179s] [ 72%] [32mBuilding CXX object CMakeFiles/mbq_test.dir/test/mbq_test.cpp.o[0m
[11.254s] [ 81%] [32mBuilding CXX object CMakeFiles/utest.dir/test/utest.cpp.o[0m
[12.949s] [ 90%] [32m[1mLinking CXX executable mbq_test[0m
[13.199s] [ 90%] Built target mbq_test
[15.067s] [100%] [32m[1mLinking CXX executable utest[0m
[15.433s] [100%] Built target utest
[15.449s] Invoked command in '/home/deivideich/Holonomic_Base_Simulation/ros_2_ws/build/costmap_queue' returned '0': AMENT_PREFIX_PATH=/home/deivideich/Holonomic_Base_Simulation/ros_2_ws/install/nav2_costmap_2d:/home/deivideich/Holonomic_Base_Simulation/ros_2_ws/install/nav2_util:/home/deivideich/Holonomic_Base_Simulation/ros_2_ws/install/nav2_voxel_grid:/home/deivideich/Holonomic_Base_Simulation/ros_2_ws/install/nav2_msgs:/home/deivideich/Holonomic_Base_Simulation/ros_2_ws/install/nav2_common:${AMENT_PREFIX_PATH} CMAKE_PREFIX_PATH=/home/deivideich/Holonomic_Base_Simulation/ros_2_ws/install/nav2_costmap_2d:/home/deivideich/Holonomic_Base_Simulation/ros_2_ws/install/nav2_util:/home/deivideich/Holonomic_Base_Simulation/ros_2_ws/install/nav2_voxel_grid:/home/deivideich/Holonomic_Base_Simulation/ros_2_ws/install/nav2_msgs:/home/deivideich/Holonomic_Base_Simulation/ros_2_ws/install/nav2_common:/home/deivideich/Holonomic_Base_Simulation/ros_2_ws/install/octobot_2:/opt/ros/foxy:${CMAKE_PREFIX_PATH} LD_LIBRARY_PATH=/home/deivideich/Holonomic_Base_Simulation/ros_2_ws/install/nav2_costmap_2d/lib:/home/deivideich/Holonomic_Base_Simulation/ros_2_ws/install/nav2_util/lib:/home/deivideich/Holonomic_Base_Simulation/ros_2_ws/install/nav2_voxel_grid/lib:/home/deivideich/Holonomic_Base_Simulation/ros_2_ws/install/nav2_msgs/lib:${LD_LIBRARY_PATH} PYTHONPATH=/home/deivideich/Holonomic_Base_Simulation/ros_2_ws/install/nav2_msgs/lib/python3.8/site-packages:/home/deivideich/Holonomic_Base_Simulation/ros_2_ws/install/nav2_common/lib/python3.8/site-packages:${PYTHONPATH} /usr/bin/cmake --build /home/deivideich/Holonomic_Base_Simulation/ros_2_ws/build/costmap_queue -- -j16 -l16
[15.492s] Invoking command in '/home/deivideich/Holonomic_Base_Simulation/ros_2_ws/build/costmap_queue': AMENT_PREFIX_PATH=/home/deivideich/Holonomic_Base_Simulation/ros_2_ws/install/nav2_costmap_2d:/home/deivideich/Holonomic_Base_Simulation/ros_2_ws/install/nav2_util:/home/deivideich/Holonomic_Base_Simulation/ros_2_ws/install/nav2_voxel_grid:/home/deivideich/Holonomic_Base_Simulation/ros_2_ws/install/nav2_msgs:/home/deivideich/Holonomic_Base_Simulation/ros_2_ws/install/nav2_common:${AMENT_PREFIX_PATH} CMAKE_PREFIX_PATH=/home/deivideich/Holonomic_Base_Simulation/ros_2_ws/install/nav2_costmap_2d:/home/deivideich/Holonomic_Base_Simulation/ros_2_ws/install/nav2_util:/home/deivideich/Holonomic_Base_Simulation/ros_2_ws/install/nav2_voxel_grid:/home/deivideich/Holonomic_Base_Simulation/ros_2_ws/install/nav2_msgs:/home/deivideich/Holonomic_Base_Simulation/ros_2_ws/install/nav2_common:/home/deivideich/Holonomic_Base_Simulation/ros_2_ws/install/octobot_2:/opt/ros/foxy:${CMAKE_PREFIX_PATH} LD_LIBRARY_PATH=/home/deivideich/Holonomic_Base_Simulation/ros_2_ws/install/nav2_costmap_2d/lib:/home/deivideich/Holonomic_Base_Simulation/ros_2_ws/install/nav2_util/lib:/home/deivideich/Holonomic_Base_Simulation/ros_2_ws/install/nav2_voxel_grid/lib:/home/deivideich/Holonomic_Base_Simulation/ros_2_ws/install/nav2_msgs/lib:${LD_LIBRARY_PATH} PYTHONPATH=/home/deivideich/Holonomic_Base_Simulation/ros_2_ws/install/nav2_msgs/lib/python3.8/site-packages:/home/deivideich/Holonomic_Base_Simulation/ros_2_ws/install/nav2_common/lib/python3.8/site-packages:${PYTHONPATH} /usr/bin/cmake --install /home/deivideich/Holonomic_Base_Simulation/ros_2_ws/build/costmap_queue
[15.504s] -- Install configuration: "Release"
[15.505s] -- Installing: /home/deivideich/Holonomic_Base_Simulation/ros_2_ws/install/costmap_queue/lib/libcostmap_queue.a
[15.505s] -- Installing: /home/deivideich/Holonomic_Base_Simulation/ros_2_ws/install/costmap_queue/include/
[15.505s] -- Installing: /home/deivideich/Holonomic_Base_Simulation/ros_2_ws/install/costmap_queue/include//costmap_queue
[15.505s] -- Installing: /home/deivideich/Holonomic_Base_Simulation/ros_2_ws/install/costmap_queue/include//costmap_queue/limited_costmap_queue.hpp
[15.505s] -- Installing: /home/deivideich/Holonomic_Base_Simulation/ros_2_ws/install/costmap_queue/include//costmap_queue/map_based_queue.hpp
[15.505s] -- Installing: /home/deivideich/Holonomic_Base_Simulation/ros_2_ws/install/costmap_queue/include//costmap_queue/costmap_queue.hpp
[15.505s] -- Installing: /home/deivideich/Holonomic_Base_Simulation/ros_2_ws/install/costmap_queue/share/costmap_queue/environment/library_path.sh
[15.506s] -- Installing: /home/deivideich/Holonomic_Base_Simulation/ros_2_ws/install/costmap_queue/share/costmap_queue/environment/library_path.dsv
[15.506s] -- Installing: /home/deivideich/Holonomic_Base_Simulation/ros_2_ws/install/costmap_queue/share/ament_index/resource_index/package_run_dependencies/costmap_queue
[15.506s] -- Installing: /home/deivideich/Holonomic_Base_Simulation/ros_2_ws/install/costmap_queue/share/ament_index/resource_index/parent_prefix_path/costmap_queue
[15.506s] -- Installing: /home/deivideich/Holonomic_Base_Simulation/ros_2_ws/install/costmap_queue/share/costmap_queue/environment/ament_prefix_path.sh
[15.506s] -- Installing: /home/deivideich/Holonomic_Base_Simulation/ros_2_ws/install/costmap_queue/share/costmap_queue/environment/ament_prefix_path.dsv
[15.506s] -- Installing: /home/deivideich/Holonomic_Base_Simulation/ros_2_ws/install/costmap_queue/share/costmap_queue/environment/path.sh
[15.506s] -- Installing: /home/deivideich/Holonomic_Base_Simulation/ros_2_ws/install/costmap_queue/share/costmap_queue/environment/path.dsv
[15.507s] -- Installing: /home/deivideich/Holonomic_Base_Simulation/ros_2_ws/install/costmap_queue/share/costmap_queue/local_setup.bash
[15.507s] -- Installing: /home/deivideich/Holonomic_Base_Simulation/ros_2_ws/install/costmap_queue/share/costmap_queue/local_setup.sh
[15.507s] -- Installing: /home/deivideich/Holonomic_Base_Simulation/ros_2_ws/install/costmap_queue/share/costmap_queue/local_setup.zsh
[15.507s] -- Installing: /home/deivideich/Holonomic_Base_Simulation/ros_2_ws/install/costmap_queue/share/costmap_queue/local_setup.dsv
[15.507s] -- Installing: /home/deivideich/Holonomic_Base_Simulation/ros_2_ws/install/costmap_queue/share/costmap_queue/package.dsv
[15.507s] -- Installing: /home/deivideich/Holonomic_Base_Simulation/ros_2_ws/install/costmap_queue/share/ament_index/resource_index/packages/costmap_queue
[15.507s] -- Installing: /home/deivideich/Holonomic_Base_Simulation/ros_2_ws/install/costmap_queue/share/costmap_queue/cmake/ament_cmake_export_include_directories-extras.cmake
[15.508s] -- Installing: /home/deivideich/Holonomic_Base_Simulation/ros_2_ws/install/costmap_queue/share/costmap_queue/cmake/ament_cmake_export_libraries-extras.cmake
[15.508s] -- Installing: /home/deivideich/Holonomic_Base_Simulation/ros_2_ws/install/costmap_queue/share/costmap_queue/cmake/costmap_queueConfig.cmake
[15.508s] -- Installing: /home/deivideich/Holonomic_Base_Simulation/ros_2_ws/install/costmap_queue/share/costmap_queue/cmake/costmap_queueConfig-version.cmake
[15.508s] -- Installing: /home/deivideich/Holonomic_Base_Simulation/ros_2_ws/install/costmap_queue/share/costmap_queue/package.xml
[15.511s] Invoked command in '/home/deivideich/Holonomic_Base_Simulation/ros_2_ws/build/costmap_queue' returned '0': AMENT_PREFIX_PATH=/home/deivideich/Holonomic_Base_Simulation/ros_2_ws/install/nav2_costmap_2d:/home/deivideich/Holonomic_Base_Simulation/ros_2_ws/install/nav2_util:/home/deivideich/Holonomic_Base_Simulation/ros_2_ws/install/nav2_voxel_grid:/home/deivideich/Holonomic_Base_Simulation/ros_2_ws/install/nav2_msgs:/home/deivideich/Holonomic_Base_Simulation/ros_2_ws/install/nav2_common:${AMENT_PREFIX_PATH} CMAKE_PREFIX_PATH=/home/deivideich/Holonomic_Base_Simulation/ros_2_ws/install/nav2_costmap_2d:/home/deivideich/Holonomic_Base_Simulation/ros_2_ws/install/nav2_util:/home/deivideich/Holonomic_Base_Simulation/ros_2_ws/install/nav2_voxel_grid:/home/deivideich/Holonomic_Base_Simulation/ros_2_ws/install/nav2_msgs:/home/deivideich/Holonomic_Base_Simulation/ros_2_ws/install/nav2_common:/home/deivideich/Holonomic_Base_Simulation/ros_2_ws/install/octobot_2:/opt/ros/foxy:${CMAKE_PREFIX_PATH} LD_LIBRARY_PATH=/home/deivideich/Holonomic_Base_Simulation/ros_2_ws/install/nav2_costmap_2d/lib:/home/deivideich/Holonomic_Base_Simulation/ros_2_ws/install/nav2_util/lib:/home/deivideich/Holonomic_Base_Simulation/ros_2_ws/install/nav2_voxel_grid/lib:/home/deivideich/Holonomic_Base_Simulation/ros_2_ws/install/nav2_msgs/lib:${LD_LIBRARY_PATH} PYTHONPATH=/home/deivideich/Holonomic_Base_Simulation/ros_2_ws/install/nav2_msgs/lib/python3.8/site-packages:/home/deivideich/Holonomic_Base_Simulation/ros_2_ws/install/nav2_common/lib/python3.8/site-packages:${PYTHONPATH} /usr/bin/cmake --install /home/deivideich/Holonomic_Base_Simulation/ros_2_ws/build/costmap_queue
