[1.987s] DEBUG:colcon:Command line arguments: ['/usr/bin/colcon', 'build']
[1.987s] DEBUG:colcon:Parsed command line arguments: Namespace(allow_overriding=[], ament_cmake_args=None, base_paths=['.'], build_base='build', catkin_cmake_args=None, catkin_skip_building_tests=False, cmake_args=None, cmake_clean_cache=False, cmake_clean_first=False, cmake_force_configure=False, cmake_target=None, cmake_target_skip_unavailable=False, continue_on_error=False, event_handlers=None, executor='parallel', ignore_user_meta=False, install_base='install', log_base=None, log_level=None, main=<bound method BuildVerb.main of <colcon_core.verb.build.BuildVerb object at 0x7f8d467755e0>>, merge_install=False, metas=['./colcon.meta'], packages_above=None, packages_above_and_dependencies=None, packages_above_depth=None, packages_end=None, packages_ignore=None, packages_ignore_regex=None, packages_select=None, packages_select_build_failed=False, packages_select_by_dep=None, packages_select_regex=None, packages_select_test_failures=False, packages_skip=None, packages_skip_build_finished=False, packages_skip_by_dep=None, packages_skip_regex=None, packages_skip_test_passed=False, packages_skip_up_to=None, packages_start=None, packages_up_to=None, packages_up_to_regex=None, parallel_workers=16, paths=None, symlink_install=False, test_result_base=None, verb_extension=<colcon_core.verb.build.BuildVerb object at 0x7f8d467755e0>, verb_name='build', verb_parser=<colcon_defaults.argument_parser.defaults.DefaultArgumentsDecorator object at 0x7f8d46775af0>)
[2.075s] Level 1:colcon.colcon_core.package_discovery:discover_packages(colcon_meta) check parameters
[2.075s] Level 1:colcon.colcon_core.package_discovery:discover_packages(recursive) check parameters
[2.076s] Level 1:colcon.colcon_core.package_discovery:discover_packages(ignore) check parameters
[2.076s] Level 1:colcon.colcon_core.package_discovery:discover_packages(path) check parameters
[2.076s] Level 1:colcon.colcon_core.package_discovery:discover_packages(colcon_meta) discover
[2.076s] Level 1:colcon.colcon_core.package_discovery:discover_packages(recursive) discover
[2.076s] INFO:colcon.colcon_core.package_discovery:Crawling recursively for packages in '/home/deivideich/Holonomic_Base_Simulation/ros_2_ws'
[2.076s] Level 1:colcon.colcon_core.package_identification:_identify(.) by extensions ['ignore', 'ignore_ament_install']
[2.076s] Level 1:colcon.colcon_core.package_identification:_identify(.) by extension 'ignore'
[2.076s] Level 1:colcon.colcon_core.package_identification:_identify(.) by extension 'ignore_ament_install'
[2.076s] Level 1:colcon.colcon_core.package_identification:_identify(.) by extensions ['colcon_pkg']
[2.076s] Level 1:colcon.colcon_core.package_identification:_identify(.) by extension 'colcon_pkg'
[2.076s] Level 1:colcon.colcon_core.package_identification:_identify(.) by extensions ['colcon_meta']
[2.076s] Level 1:colcon.colcon_core.package_identification:_identify(.) by extension 'colcon_meta'
[2.076s] Level 1:colcon.colcon_core.package_identification:_identify(.) by extensions ['ros']
[2.076s] Level 1:colcon.colcon_core.package_identification:_identify(.) by extension 'ros'
[2.083s] Level 1:colcon.colcon_core.package_identification:_identify(.) by extensions ['cmake', 'python']
[2.083s] Level 1:colcon.colcon_core.package_identification:_identify(.) by extension 'cmake'
[2.084s] Level 1:colcon.colcon_core.package_identification:_identify(.) by extension 'python'
[2.084s] Level 1:colcon.colcon_core.package_identification:_identify(.) by extensions ['python_setup_py']
[2.084s] Level 1:colcon.colcon_core.package_identification:_identify(.) by extension 'python_setup_py'
[2.084s] Level 1:colcon.colcon_core.package_identification:_identify(build) by extensions ['ignore', 'ignore_ament_install']
[2.084s] Level 1:colcon.colcon_core.package_identification:_identify(build) by extension 'ignore'
[2.085s] Level 1:colcon.colcon_core.package_identification:_identify(build) ignored
[2.085s] Level 1:colcon.colcon_core.package_identification:_identify(install) by extensions ['ignore', 'ignore_ament_install']
[2.085s] Level 1:colcon.colcon_core.package_identification:_identify(install) by extension 'ignore'
[2.085s] Level 1:colcon.colcon_core.package_identification:_identify(install) ignored
[2.086s] Level 1:colcon.colcon_core.package_identification:_identify(log) by extensions ['ignore', 'ignore_ament_install']
[2.086s] Level 1:colcon.colcon_core.package_identification:_identify(log) by extension 'ignore'
[2.086s] Level 1:colcon.colcon_core.package_identification:_identify(log) ignored
[2.086s] Level 1:colcon.colcon_core.package_identification:_identify(src) by extensions ['ignore', 'ignore_ament_install']
[2.087s] Level 1:colcon.colcon_core.package_identification:_identify(src) by extension 'ignore'
[2.087s] Level 1:colcon.colcon_core.package_identification:_identify(src) by extension 'ignore_ament_install'
[2.087s] Level 1:colcon.colcon_core.package_identification:_identify(src) by extensions ['colcon_pkg']
[2.087s] Level 1:colcon.colcon_core.package_identification:_identify(src) by extension 'colcon_pkg'
[2.087s] Level 1:colcon.colcon_core.package_identification:_identify(src) by extensions ['colcon_meta']
[2.087s] Level 1:colcon.colcon_core.package_identification:_identify(src) by extension 'colcon_meta'
[2.088s] Level 1:colcon.colcon_core.package_identification:_identify(src) by extensions ['ros']
[2.088s] Level 1:colcon.colcon_core.package_identification:_identify(src) by extension 'ros'
[2.088s] Level 1:colcon.colcon_core.package_identification:_identify(src) by extensions ['cmake', 'python']
[2.088s] Level 1:colcon.colcon_core.package_identification:_identify(src) by extension 'cmake'
[2.088s] Level 1:colcon.colcon_core.package_identification:_identify(src) by extension 'python'
[2.088s] Level 1:colcon.colcon_core.package_identification:_identify(src) by extensions ['python_setup_py']
[2.088s] Level 1:colcon.colcon_core.package_identification:_identify(src) by extension 'python_setup_py'
[2.088s] Level 1:colcon.colcon_core.package_identification:_identify(src/octobot_2) by extensions ['ignore', 'ignore_ament_install']
[2.088s] Level 1:colcon.colcon_core.package_identification:_identify(src/octobot_2) by extension 'ignore'
[2.088s] Level 1:colcon.colcon_core.package_identification:_identify(src/octobot_2) by extension 'ignore_ament_install'
[2.088s] Level 1:colcon.colcon_core.package_identification:_identify(src/octobot_2) by extensions ['colcon_pkg']
[2.088s] Level 1:colcon.colcon_core.package_identification:_identify(src/octobot_2) by extension 'colcon_pkg'
[2.088s] Level 1:colcon.colcon_core.package_identification:_identify(src/octobot_2) by extensions ['colcon_meta']
[2.088s] Level 1:colcon.colcon_core.package_identification:_identify(src/octobot_2) by extension 'colcon_meta'
[2.088s] Level 1:colcon.colcon_core.package_identification:_identify(src/octobot_2) by extensions ['ros']
[2.088s] Level 1:colcon.colcon_core.package_identification:_identify(src/octobot_2) by extension 'ros'
[2.090s] DEBUG:colcon.colcon_core.package_identification:Package 'src/octobot_2' with type 'ros.ament_python' and name 'octobot_2'
[2.090s] Level 1:colcon.colcon_core.package_discovery:discover_packages(recursive) using defaults
[2.090s] Level 1:colcon.colcon_core.package_discovery:discover_packages(ignore) discover
[2.090s] Level 1:colcon.colcon_core.package_discovery:discover_packages(ignore) using defaults
[2.090s] Level 1:colcon.colcon_core.package_discovery:discover_packages(path) discover
[2.090s] Level 1:colcon.colcon_core.package_discovery:discover_packages(path) using defaults
[2.278s] Level 1:colcon.colcon_core.package_discovery:discover_packages(prefix_path) check parameters
[2.278s] Level 1:colcon.colcon_core.package_discovery:discover_packages(prefix_path) discover
[2.311s] WARNING:colcon.colcon_ros.prefix_path.ament:The path '/home/deivideich/Holonomic_Base_Simulation/ros_2_ws/install/nav2_system_tests' in the environment variable AMENT_PREFIX_PATH doesn't exist
[2.311s] WARNING:colcon.colcon_ros.prefix_path.ament:The path '/home/deivideich/Holonomic_Base_Simulation/ros_2_ws/install/nav2_bringup' in the environment variable AMENT_PREFIX_PATH doesn't exist
[2.311s] WARNING:colcon.colcon_ros.prefix_path.ament:The path '/home/deivideich/Holonomic_Base_Simulation/ros_2_ws/install/navigation2' in the environment variable AMENT_PREFIX_PATH doesn't exist
[2.311s] WARNING:colcon.colcon_ros.prefix_path.ament:The path '/home/deivideich/Holonomic_Base_Simulation/ros_2_ws/install/smac_planner' in the environment variable AMENT_PREFIX_PATH doesn't exist
[2.311s] WARNING:colcon.colcon_ros.prefix_path.ament:The path '/home/deivideich/Holonomic_Base_Simulation/ros_2_ws/install/nav2_dwb_controller' in the environment variable AMENT_PREFIX_PATH doesn't exist
[2.311s] WARNING:colcon.colcon_ros.prefix_path.ament:The path '/home/deivideich/Holonomic_Base_Simulation/ros_2_ws/install/nav2_controller' in the environment variable AMENT_PREFIX_PATH doesn't exist
[2.311s] WARNING:colcon.colcon_ros.prefix_path.ament:The path '/home/deivideich/Holonomic_Base_Simulation/ros_2_ws/install/dwb_plugins' in the environment variable AMENT_PREFIX_PATH doesn't exist
[2.311s] WARNING:colcon.colcon_ros.prefix_path.ament:The path '/home/deivideich/Holonomic_Base_Simulation/ros_2_ws/install/dwb_critics' in the environment variable AMENT_PREFIX_PATH doesn't exist
[2.311s] WARNING:colcon.colcon_ros.prefix_path.ament:The path '/home/deivideich/Holonomic_Base_Simulation/ros_2_ws/install/dwb_core' in the environment variable AMENT_PREFIX_PATH doesn't exist
[2.311s] WARNING:colcon.colcon_ros.prefix_path.ament:The path '/home/deivideich/Holonomic_Base_Simulation/ros_2_ws/install/nav_2d_utils' in the environment variable AMENT_PREFIX_PATH doesn't exist
[2.311s] WARNING:colcon.colcon_ros.prefix_path.ament:The path '/home/deivideich/Holonomic_Base_Simulation/ros_2_ws/install/dwb_msgs' in the environment variable AMENT_PREFIX_PATH doesn't exist
[2.311s] WARNING:colcon.colcon_ros.prefix_path.ament:The path '/home/deivideich/Holonomic_Base_Simulation/ros_2_ws/install/nav_2d_msgs' in the environment variable AMENT_PREFIX_PATH doesn't exist
[2.311s] WARNING:colcon.colcon_ros.prefix_path.ament:The path '/home/deivideich/Holonomic_Base_Simulation/ros_2_ws/install/nav2_waypoint_follower' in the environment variable AMENT_PREFIX_PATH doesn't exist
[2.311s] WARNING:colcon.colcon_ros.prefix_path.ament:The path '/home/deivideich/Holonomic_Base_Simulation/ros_2_ws/install/nav2_regulated_pure_pursuit_controller' in the environment variable AMENT_PREFIX_PATH doesn't exist
[2.311s] WARNING:colcon.colcon_ros.prefix_path.ament:The path '/home/deivideich/Holonomic_Base_Simulation/ros_2_ws/install/nav2_recoveries' in the environment variable AMENT_PREFIX_PATH doesn't exist
[2.311s] WARNING:colcon.colcon_ros.prefix_path.ament:The path '/home/deivideich/Holonomic_Base_Simulation/ros_2_ws/install/nav2_planner' in the environment variable AMENT_PREFIX_PATH doesn't exist
[2.311s] WARNING:colcon.colcon_ros.prefix_path.ament:The path '/home/deivideich/Holonomic_Base_Simulation/ros_2_ws/install/nav2_navfn_planner' in the environment variable AMENT_PREFIX_PATH doesn't exist
[2.311s] WARNING:colcon.colcon_ros.prefix_path.ament:The path '/home/deivideich/Holonomic_Base_Simulation/ros_2_ws/install/nav2_core' in the environment variable AMENT_PREFIX_PATH doesn't exist
[2.311s] WARNING:colcon.colcon_ros.prefix_path.ament:The path '/home/deivideich/Holonomic_Base_Simulation/ros_2_ws/install/costmap_queue' in the environment variable AMENT_PREFIX_PATH doesn't exist
[2.311s] WARNING:colcon.colcon_ros.prefix_path.ament:The path '/home/deivideich/Holonomic_Base_Simulation/ros_2_ws/install/nav2_costmap_2d' in the environment variable AMENT_PREFIX_PATH doesn't exist
[2.311s] WARNING:colcon.colcon_ros.prefix_path.ament:The path '/home/deivideich/Holonomic_Base_Simulation/ros_2_ws/install/nav2_voxel_grid' in the environment variable AMENT_PREFIX_PATH doesn't exist
[2.311s] WARNING:colcon.colcon_ros.prefix_path.ament:The path '/home/deivideich/Holonomic_Base_Simulation/ros_2_ws/install/nav2_rviz_plugins' in the environment variable AMENT_PREFIX_PATH doesn't exist
[2.312s] WARNING:colcon.colcon_ros.prefix_path.ament:The path '/home/deivideich/Holonomic_Base_Simulation/ros_2_ws/install/nav2_map_server' in the environment variable AMENT_PREFIX_PATH doesn't exist
[2.312s] WARNING:colcon.colcon_ros.prefix_path.ament:The path '/home/deivideich/Holonomic_Base_Simulation/ros_2_ws/install/nav2_lifecycle_manager' in the environment variable AMENT_PREFIX_PATH doesn't exist
[2.312s] WARNING:colcon.colcon_ros.prefix_path.ament:The path '/home/deivideich/Holonomic_Base_Simulation/ros_2_ws/install/nav2_bt_navigator' in the environment variable AMENT_PREFIX_PATH doesn't exist
[2.312s] WARNING:colcon.colcon_ros.prefix_path.ament:The path '/home/deivideich/Holonomic_Base_Simulation/ros_2_ws/install/nav2_behavior_tree' in the environment variable AMENT_PREFIX_PATH doesn't exist
[2.312s] WARNING:colcon.colcon_ros.prefix_path.ament:The path '/home/deivideich/Holonomic_Base_Simulation/ros_2_ws/install/nav2_amcl' in the environment variable AMENT_PREFIX_PATH doesn't exist
[2.312s] WARNING:colcon.colcon_ros.prefix_path.ament:The path '/home/deivideich/Holonomic_Base_Simulation/ros_2_ws/install/nav2_util' in the environment variable AMENT_PREFIX_PATH doesn't exist
[2.312s] WARNING:colcon.colcon_ros.prefix_path.ament:The path '/home/deivideich/Holonomic_Base_Simulation/ros_2_ws/install/nav2_msgs' in the environment variable AMENT_PREFIX_PATH doesn't exist
[2.312s] WARNING:colcon.colcon_ros.prefix_path.ament:The path '/home/deivideich/Holonomic_Base_Simulation/ros_2_ws/install/nav2_gazebo_spawner' in the environment variable AMENT_PREFIX_PATH doesn't exist
[2.312s] WARNING:colcon.colcon_ros.prefix_path.ament:The path '/home/deivideich/Holonomic_Base_Simulation/ros_2_ws/install/nav2_common' in the environment variable AMENT_PREFIX_PATH doesn't exist
[2.312s] WARNING:colcon.colcon_ros.prefix_path.catkin:The path '/home/deivideich/Holonomic_Base_Simulation/ros_2_ws/install/nav2_system_tests' in the environment variable CMAKE_PREFIX_PATH doesn't exist
[2.312s] WARNING:colcon.colcon_ros.prefix_path.catkin:The path '/home/deivideich/Holonomic_Base_Simulation/ros_2_ws/install/nav2_bringup' in the environment variable CMAKE_PREFIX_PATH doesn't exist
[2.312s] WARNING:colcon.colcon_ros.prefix_path.catkin:The path '/home/deivideich/Holonomic_Base_Simulation/ros_2_ws/install/navigation2' in the environment variable CMAKE_PREFIX_PATH doesn't exist
[2.312s] WARNING:colcon.colcon_ros.prefix_path.catkin:The path '/home/deivideich/Holonomic_Base_Simulation/ros_2_ws/install/smac_planner' in the environment variable CMAKE_PREFIX_PATH doesn't exist
[2.312s] WARNING:colcon.colcon_ros.prefix_path.catkin:The path '/home/deivideich/Holonomic_Base_Simulation/ros_2_ws/install/nav2_dwb_controller' in the environment variable CMAKE_PREFIX_PATH doesn't exist
[2.312s] WARNING:colcon.colcon_ros.prefix_path.catkin:The path '/home/deivideich/Holonomic_Base_Simulation/ros_2_ws/install/nav2_controller' in the environment variable CMAKE_PREFIX_PATH doesn't exist
[2.312s] WARNING:colcon.colcon_ros.prefix_path.catkin:The path '/home/deivideich/Holonomic_Base_Simulation/ros_2_ws/install/dwb_plugins' in the environment variable CMAKE_PREFIX_PATH doesn't exist
[2.312s] WARNING:colcon.colcon_ros.prefix_path.catkin:The path '/home/deivideich/Holonomic_Base_Simulation/ros_2_ws/install/dwb_critics' in the environment variable CMAKE_PREFIX_PATH doesn't exist
[2.312s] WARNING:colcon.colcon_ros.prefix_path.catkin:The path '/home/deivideich/Holonomic_Base_Simulation/ros_2_ws/install/dwb_core' in the environment variable CMAKE_PREFIX_PATH doesn't exist
[2.312s] WARNING:colcon.colcon_ros.prefix_path.catkin:The path '/home/deivideich/Holonomic_Base_Simulation/ros_2_ws/install/nav_2d_utils' in the environment variable CMAKE_PREFIX_PATH doesn't exist
[2.312s] WARNING:colcon.colcon_ros.prefix_path.catkin:The path '/home/deivideich/Holonomic_Base_Simulation/ros_2_ws/install/dwb_msgs' in the environment variable CMAKE_PREFIX_PATH doesn't exist
[2.312s] WARNING:colcon.colcon_ros.prefix_path.catkin:The path '/home/deivideich/Holonomic_Base_Simulation/ros_2_ws/install/nav_2d_msgs' in the environment variable CMAKE_PREFIX_PATH doesn't exist
[2.312s] WARNING:colcon.colcon_ros.prefix_path.catkin:The path '/home/deivideich/Holonomic_Base_Simulation/ros_2_ws/install/nav2_waypoint_follower' in the environment variable CMAKE_PREFIX_PATH doesn't exist
[2.312s] WARNING:colcon.colcon_ros.prefix_path.catkin:The path '/home/deivideich/Holonomic_Base_Simulation/ros_2_ws/install/nav2_regulated_pure_pursuit_controller' in the environment variable CMAKE_PREFIX_PATH doesn't exist
[2.312s] WARNING:colcon.colcon_ros.prefix_path.catkin:The path '/home/deivideich/Holonomic_Base_Simulation/ros_2_ws/install/nav2_recoveries' in the environment variable CMAKE_PREFIX_PATH doesn't exist
[2.312s] WARNING:colcon.colcon_ros.prefix_path.catkin:The path '/home/deivideich/Holonomic_Base_Simulation/ros_2_ws/install/nav2_planner' in the environment variable CMAKE_PREFIX_PATH doesn't exist
[2.312s] WARNING:colcon.colcon_ros.prefix_path.catkin:The path '/home/deivideich/Holonomic_Base_Simulation/ros_2_ws/install/nav2_navfn_planner' in the environment variable CMAKE_PREFIX_PATH doesn't exist
[2.312s] WARNING:colcon.colcon_ros.prefix_path.catkin:The path '/home/deivideich/Holonomic_Base_Simulation/ros_2_ws/install/nav2_core' in the environment variable CMAKE_PREFIX_PATH doesn't exist
[2.312s] WARNING:colcon.colcon_ros.prefix_path.catkin:The path '/home/deivideich/Holonomic_Base_Simulation/ros_2_ws/install/costmap_queue' in the environment variable CMAKE_PREFIX_PATH doesn't exist
[2.313s] WARNING:colcon.colcon_ros.prefix_path.catkin:The path '/home/deivideich/Holonomic_Base_Simulation/ros_2_ws/install/nav2_costmap_2d' in the environment variable CMAKE_PREFIX_PATH doesn't exist
[2.313s] WARNING:colcon.colcon_ros.prefix_path.catkin:The path '/home/deivideich/Holonomic_Base_Simulation/ros_2_ws/install/nav2_voxel_grid' in the environment variable CMAKE_PREFIX_PATH doesn't exist
[2.313s] WARNING:colcon.colcon_ros.prefix_path.catkin:The path '/home/deivideich/Holonomic_Base_Simulation/ros_2_ws/install/nav2_rviz_plugins' in the environment variable CMAKE_PREFIX_PATH doesn't exist
[2.313s] WARNING:colcon.colcon_ros.prefix_path.catkin:The path '/home/deivideich/Holonomic_Base_Simulation/ros_2_ws/install/nav2_map_server' in the environment variable CMAKE_PREFIX_PATH doesn't exist
[2.313s] WARNING:colcon.colcon_ros.prefix_path.catkin:The path '/home/deivideich/Holonomic_Base_Simulation/ros_2_ws/install/nav2_lifecycle_manager' in the environment variable CMAKE_PREFIX_PATH doesn't exist
[2.313s] WARNING:colcon.colcon_ros.prefix_path.catkin:The path '/home/deivideich/Holonomic_Base_Simulation/ros_2_ws/install/nav2_bt_navigator' in the environment variable CMAKE_PREFIX_PATH doesn't exist
[2.313s] WARNING:colcon.colcon_ros.prefix_path.catkin:The path '/home/deivideich/Holonomic_Base_Simulation/ros_2_ws/install/nav2_behavior_tree' in the environment variable CMAKE_PREFIX_PATH doesn't exist
[2.313s] WARNING:colcon.colcon_ros.prefix_path.catkin:The path '/home/deivideich/Holonomic_Base_Simulation/ros_2_ws/install/nav2_amcl' in the environment variable CMAKE_PREFIX_PATH doesn't exist
[2.313s] WARNING:colcon.colcon_ros.prefix_path.catkin:The path '/home/deivideich/Holonomic_Base_Simulation/ros_2_ws/install/nav2_util' in the environment variable CMAKE_PREFIX_PATH doesn't exist
[2.313s] WARNING:colcon.colcon_ros.prefix_path.catkin:The path '/home/deivideich/Holonomic_Base_Simulation/ros_2_ws/install/nav2_msgs' in the environment variable CMAKE_PREFIX_PATH doesn't exist
[2.313s] WARNING:colcon.colcon_ros.prefix_path.catkin:The path '/home/deivideich/Holonomic_Base_Simulation/ros_2_ws/install/nav2_common' in the environment variable CMAKE_PREFIX_PATH doesn't exist
[2.352s] DEBUG:colcon.colcon_installed_package_information.package_discovery:Found 1 installed packages in /home/deivideich/Holonomic_Base_Simulation/ros_2_ws/install
[2.393s] DEBUG:colcon.colcon_installed_package_information.package_discovery:Found 4 installed packages in /home/deivideich/axebot_example/install
[2.432s] DEBUG:colcon.colcon_installed_package_information.package_discovery:Found 4 installed packages in /home/deivideich/axebot_example/src/install
[2.466s] DEBUG:colcon.colcon_installed_package_information.package_discovery:Found 377 installed packages in /opt/ros/foxy
[2.499s] DEBUG:colcon.colcon_installed_package_information.package_discovery:Found 3 installed packages in /opt/ros/noetic
[2.499s] Level 1:colcon.colcon_core.package_discovery:discover_packages(prefix_path) using defaults
[2.636s] Level 5:colcon.colcon_core.verb:set package 'octobot_2' build argument 'cmake_args' from command line to 'None'
[2.636s] Level 5:colcon.colcon_core.verb:set package 'octobot_2' build argument 'cmake_target' from command line to 'None'
[2.636s] Level 5:colcon.colcon_core.verb:set package 'octobot_2' build argument 'cmake_target_skip_unavailable' from command line to 'False'
[2.636s] Level 5:colcon.colcon_core.verb:set package 'octobot_2' build argument 'cmake_clean_cache' from command line to 'False'
[2.636s] Level 5:colcon.colcon_core.verb:set package 'octobot_2' build argument 'cmake_clean_first' from command line to 'False'
[2.636s] Level 5:colcon.colcon_core.verb:set package 'octobot_2' build argument 'cmake_force_configure' from command line to 'False'
[2.636s] Level 5:colcon.colcon_core.verb:set package 'octobot_2' build argument 'ament_cmake_args' from command line to 'None'
[2.636s] Level 5:colcon.colcon_core.verb:set package 'octobot_2' build argument 'catkin_cmake_args' from command line to 'None'
[2.636s] Level 5:colcon.colcon_core.verb:set package 'octobot_2' build argument 'catkin_skip_building_tests' from command line to 'False'
[2.636s] DEBUG:colcon.colcon_core.verb:Building package 'octobot_2' with the following arguments: {'ament_cmake_args': None, 'build_base': '/home/deivideich/Holonomic_Base_Simulation/ros_2_ws/build/octobot_2', 'catkin_cmake_args': None, 'catkin_skip_building_tests': False, 'cmake_args': None, 'cmake_clean_cache': False, 'cmake_clean_first': False, 'cmake_force_configure': False, 'cmake_target': None, 'cmake_target_skip_unavailable': False, 'install_base': '/home/deivideich/Holonomic_Base_Simulation/ros_2_ws/install/octobot_2', 'merge_install': False, 'path': '/home/deivideich/Holonomic_Base_Simulation/ros_2_ws/src/octobot_2', 'symlink_install': False, 'test_result_base': None}
[2.672s] INFO:colcon.colcon_core.executor:Executing jobs using 'parallel' executor
[2.706s] DEBUG:colcon.colcon_parallel_executor.executor.parallel:run_until_complete
[2.706s] INFO:colcon.colcon_ros.task.ament_python.build:Building ROS package in '/home/deivideich/Holonomic_Base_Simulation/ros_2_ws/src/octobot_2' with build type 'ament_python'
[2.706s] Level 1:colcon.colcon_core.shell:create_environment_hook('octobot_2', 'ament_prefix_path')
[2.752s] INFO:colcon.colcon_core.plugin_system:Skipping extension 'colcon_core.shell.bat': Not used on non-Windows systems
[2.752s] INFO:colcon.colcon_core.shell:Creating environment hook '/home/deivideich/Holonomic_Base_Simulation/ros_2_ws/install/octobot_2/share/octobot_2/hook/ament_prefix_path.ps1'
[2.752s] INFO:colcon.colcon_core.shell:Creating environment descriptor '/home/deivideich/Holonomic_Base_Simulation/ros_2_ws/install/octobot_2/share/octobot_2/hook/ament_prefix_path.dsv'
[2.753s] INFO:colcon.colcon_core.shell:Creating environment hook '/home/deivideich/Holonomic_Base_Simulation/ros_2_ws/install/octobot_2/share/octobot_2/hook/ament_prefix_path.sh'
[2.788s] INFO:colcon.colcon_core.shell:Skip shell extension 'powershell' for command environment: Not usable outside of PowerShell
[2.788s] DEBUG:colcon.colcon_core.shell:Skip shell extension 'dsv' for command environment
[3.191s] INFO:colcon.colcon_core.task.python.build:Building Python package in '/home/deivideich/Holonomic_Base_Simulation/ros_2_ws/src/octobot_2'
[3.231s] INFO:colcon.colcon_core.shell:Skip shell extension 'powershell' for command environment: Not usable outside of PowerShell
[3.231s] DEBUG:colcon.colcon_core.shell:Skip shell extension 'dsv' for command environment
[3.813s] DEBUG:colcon.colcon_core.event_handler.log_command:Invoking command in '/home/deivideich/Holonomic_Base_Simulation/ros_2_ws/src/octobot_2': PYTHONPATH=/home/deivideich/Holonomic_Base_Simulation/ros_2_ws/build/octobot_2/prefix_override:/home/deivideich/Holonomic_Base_Simulation/ros_2_ws/install/octobot_2/lib/python3.8/site-packages:${PYTHONPATH} /usr/bin/python3 setup.py egg_info --egg-base ../../build/octobot_2 build --build-base /home/deivideich/Holonomic_Base_Simulation/ros_2_ws/build/octobot_2/build install --record /home/deivideich/Holonomic_Base_Simulation/ros_2_ws/build/octobot_2/install.log --install-scripts $base/lib/octobot_2 --single-version-externally-managed
[4.032s] DEBUG:colcon.colcon_core.event_handler.log_command:Invoked command in '/home/deivideich/Holonomic_Base_Simulation/ros_2_ws/src/octobot_2' returned '0': PYTHONPATH=/home/deivideich/Holonomic_Base_Simulation/ros_2_ws/build/octobot_2/prefix_override:/home/deivideich/Holonomic_Base_Simulation/ros_2_ws/install/octobot_2/lib/python3.8/site-packages:${PYTHONPATH} /usr/bin/python3 setup.py egg_info --egg-base ../../build/octobot_2 build --build-base /home/deivideich/Holonomic_Base_Simulation/ros_2_ws/build/octobot_2/build install --record /home/deivideich/Holonomic_Base_Simulation/ros_2_ws/build/octobot_2/install.log --install-scripts $base/lib/octobot_2 --single-version-externally-managed
[4.072s] Level 1:colcon.colcon_core.environment:checking '/home/deivideich/Holonomic_Base_Simulation/ros_2_ws/install/octobot_2' for CMake module files
[4.073s] Level 1:colcon.colcon_core.environment:checking '/home/deivideich/Holonomic_Base_Simulation/ros_2_ws/install/octobot_2' for CMake config files
[4.073s] Level 1:colcon.colcon_core.environment:checking '/home/deivideich/Holonomic_Base_Simulation/ros_2_ws/install/octobot_2/lib'
[4.073s] Level 1:colcon.colcon_core.environment:checking '/home/deivideich/Holonomic_Base_Simulation/ros_2_ws/install/octobot_2/bin'
[4.073s] Level 1:colcon.colcon_core.environment:checking '/home/deivideich/Holonomic_Base_Simulation/ros_2_ws/install/octobot_2/lib/pkgconfig/octobot_2.pc'
[4.074s] Level 1:colcon.colcon_core.environment:checking '/home/deivideich/Holonomic_Base_Simulation/ros_2_ws/install/octobot_2/lib/python3.8/site-packages'
[4.074s] Level 1:colcon.colcon_core.shell:create_environment_hook('octobot_2', 'pythonpath')
[4.107s] INFO:colcon.colcon_core.shell:Creating environment hook '/home/deivideich/Holonomic_Base_Simulation/ros_2_ws/install/octobot_2/share/octobot_2/hook/pythonpath.ps1'
[4.107s] INFO:colcon.colcon_core.shell:Creating environment descriptor '/home/deivideich/Holonomic_Base_Simulation/ros_2_ws/install/octobot_2/share/octobot_2/hook/pythonpath.dsv'
[4.108s] INFO:colcon.colcon_core.shell:Creating environment hook '/home/deivideich/Holonomic_Base_Simulation/ros_2_ws/install/octobot_2/share/octobot_2/hook/pythonpath.sh'
[4.108s] Level 1:colcon.colcon_core.environment:checking '/home/deivideich/Holonomic_Base_Simulation/ros_2_ws/install/octobot_2/bin'
[4.108s] Level 1:colcon.colcon_core.environment:create_environment_scripts_only(octobot_2)
[4.141s] INFO:colcon.colcon_core.shell:Creating package script '/home/deivideich/Holonomic_Base_Simulation/ros_2_ws/install/octobot_2/share/octobot_2/package.ps1'
[4.141s] INFO:colcon.colcon_core.shell:Creating package descriptor '/home/deivideich/Holonomic_Base_Simulation/ros_2_ws/install/octobot_2/share/octobot_2/package.dsv'
[4.142s] INFO:colcon.colcon_core.shell:Creating package script '/home/deivideich/Holonomic_Base_Simulation/ros_2_ws/install/octobot_2/share/octobot_2/package.sh'
[4.142s] INFO:colcon.colcon_core.shell:Creating package script '/home/deivideich/Holonomic_Base_Simulation/ros_2_ws/install/octobot_2/share/octobot_2/package.bash'
[4.143s] INFO:colcon.colcon_core.shell:Creating package script '/home/deivideich/Holonomic_Base_Simulation/ros_2_ws/install/octobot_2/share/octobot_2/package.zsh'
[4.143s] Level 1:colcon.colcon_core.environment:create_file_with_runtime_dependencies(/home/deivideich/Holonomic_Base_Simulation/ros_2_ws/install/octobot_2/share/colcon-core/packages/octobot_2)
[4.143s] DEBUG:colcon.colcon_parallel_executor.executor.parallel:closing loop
[4.144s] DEBUG:colcon.colcon_parallel_executor.executor.parallel:loop closed
[4.144s] DEBUG:colcon.colcon_parallel_executor.executor.parallel:run_until_complete finished with '0'
[4.144s] DEBUG:colcon.colcon_core.event_reactor:joining thread
[4.187s] INFO:colcon.colcon_core.plugin_system:Skipping extension 'colcon_notification.desktop_notification.terminal_notifier': Not used on non-Darwin systems
[4.187s] INFO:colcon.colcon_core.plugin_system:Skipping extension 'colcon_notification.desktop_notification.win32': Not used on non-Windows systems
[4.187s] INFO:colcon.colcon_notification.desktop_notification:Sending desktop notification using 'notify2'
[4.198s] DEBUG:colcon.colcon_core.event_reactor:joined thread
[4.235s] INFO:colcon.colcon_core.shell:Creating prefix script '/home/deivideich/Holonomic_Base_Simulation/ros_2_ws/install/local_setup.ps1'
[4.236s] INFO:colcon.colcon_core.shell:Creating prefix util module '/home/deivideich/Holonomic_Base_Simulation/ros_2_ws/install/_local_setup_util_ps1.py'
[4.237s] INFO:colcon.colcon_core.shell:Creating prefix chain script '/home/deivideich/Holonomic_Base_Simulation/ros_2_ws/install/setup.ps1'
[4.275s] INFO:colcon.colcon_core.shell:Creating prefix script '/home/deivideich/Holonomic_Base_Simulation/ros_2_ws/install/local_setup.sh'
[4.275s] INFO:colcon.colcon_core.shell:Creating prefix util module '/home/deivideich/Holonomic_Base_Simulation/ros_2_ws/install/_local_setup_util_sh.py'
[4.275s] INFO:colcon.colcon_core.shell:Creating prefix chain script '/home/deivideich/Holonomic_Base_Simulation/ros_2_ws/install/setup.sh'
[4.324s] INFO:colcon.colcon_core.shell:Creating prefix script '/home/deivideich/Holonomic_Base_Simulation/ros_2_ws/install/local_setup.bash'
[4.325s] INFO:colcon.colcon_core.shell:Creating prefix chain script '/home/deivideich/Holonomic_Base_Simulation/ros_2_ws/install/setup.bash'
[4.366s] INFO:colcon.colcon_core.shell:Creating prefix script '/home/deivideich/Holonomic_Base_Simulation/ros_2_ws/install/local_setup.zsh'
[4.366s] INFO:colcon.colcon_core.shell:Creating prefix chain script '/home/deivideich/Holonomic_Base_Simulation/ros_2_ws/install/setup.zsh'
