[0.327s] Invoking command in '/home/deivideich/Holonomic_Base_Simulation/ros_2_ws/build/nav2_costmap_2d': AMENT_PREFIX_PATH=/home/deivideich/Holonomic_Base_Simulation/ros_2_ws/install/nav2_map_server:/home/deivideich/Holonomic_Base_Simulation/ros_2_ws/install/nav2_lifecycle_manager:/home/deivideich/Holonomic_Base_Simulation/ros_2_ws/install/nav2_util:/home/deivideich/Holonomic_Base_Simulation/ros_2_ws/install/nav2_voxel_grid:/home/deivideich/Holonomic_Base_Simulation/ros_2_ws/install/nav2_msgs:/home/deivideich/Holonomic_Base_Simulation/ros_2_ws/install/nav2_common:${AMENT_PREFIX_PATH} CMAKE_PREFIX_PATH=/home/deivideich/Holonomic_Base_Simulation/ros_2_ws/install/nav2_map_server:/home/deivideich/Holonomic_Base_Simulation/ros_2_ws/install/nav2_lifecycle_manager:/home/deivideich/Holonomic_Base_Simulation/ros_2_ws/install/nav2_util:/home/deivideich/Holonomic_Base_Simulation/ros_2_ws/install/nav2_voxel_grid:/home/deivideich/Holonomic_Base_Simulation/ros_2_ws/install/nav2_msgs:/home/deivideich/Holonomic_Base_Simulation/ros_2_ws/install/nav2_common:/home/deivideich/Holonomic_Base_Simulation/ros_2_ws/install/octobot_2:/opt/ros/foxy:${CMAKE_PREFIX_PATH} LD_LIBRARY_PATH=/home/deivideich/Holonomic_Base_Simulation/ros_2_ws/install/nav2_map_server/lib:/home/deivideich/Holonomic_Base_Simulation/ros_2_ws/install/nav2_lifecycle_manager/lib:/home/deivideich/Holonomic_Base_Simulation/ros_2_ws/install/nav2_util/lib:/home/deivideich/Holonomic_Base_Simulation/ros_2_ws/install/nav2_voxel_grid/lib:/home/deivideich/Holonomic_Base_Simulation/ros_2_ws/install/nav2_msgs/lib:${LD_LIBRARY_PATH} PYTHONPATH=/home/deivideich/Holonomic_Base_Simulation/ros_2_ws/install/nav2_msgs/lib/python3.8/site-packages:/home/deivideich/Holonomic_Base_Simulation/ros_2_ws/install/nav2_common/lib/python3.8/site-packages:${PYTHONPATH} /usr/bin/cmake /home/deivideich/Holonomic_Base_Simulation/ros_2_ws/navigation2/nav2_costmap_2d -DCMAKE_INSTALL_PREFIX=/home/deivideich/Holonomic_Base_Simulation/ros_2_ws/install/nav2_costmap_2d
[0.379s] -- The C compiler identification is GNU 9.4.0
[0.431s] -- The CXX compiler identification is GNU 9.4.0
[0.435s] -- Check for working C compiler: /usr/bin/cc
[0.497s] -- Check for working C compiler: /usr/bin/cc -- works
[0.498s] -- Detecting C compiler ABI info
[0.562s] -- Detecting C compiler ABI info - done
[0.571s] -- Detecting C compile features
[0.571s] -- Detecting C compile features - done
[0.574s] -- Check for working CXX compiler: /usr/bin/c++
[0.646s] -- Check for working CXX compiler: /usr/bin/c++ -- works
[0.647s] -- Detecting CXX compiler ABI info
[0.718s] -- Detecting CXX compiler ABI info - done
[0.726s] -- Detecting CXX compile features
[0.727s] -- Detecting CXX compile features - done
[0.729s] -- Found ament_cmake: 0.9.12 (/opt/ros/foxy/share/ament_cmake/cmake)
[0.757s] -- Found PythonInterp: /usr/bin/python3 (found suitable version "3.8.10", minimum required is "3") 
[0.757s] -- Using PYTHON_EXECUTABLE: /usr/bin/python3
[0.960s] -- Found geometry_msgs: 2.0.5 (/opt/ros/foxy/share/geometry_msgs/cmake)
[0.989s] -- Using all available rosidl_typesupport_c: rosidl_typesupport_fastrtps_c;rosidl_typesupport_introspection_c
[0.997s] -- Found rosidl_adapter: 1.3.1 (/opt/ros/foxy/share/rosidl_adapter/cmake)
[1.081s] -- Found OpenSSL: /usr/lib/x86_64-linux-gnu/libcrypto.so (found version "1.1.1f")  
[1.107s] -- Found FastRTPS: /opt/ros/foxy/include  
[1.175s] -- Using all available rosidl_typesupport_cpp: rosidl_typesupport_fastrtps_cpp;rosidl_typesupport_introspection_cpp
[1.314s] -- Found laser_geometry: 2.2.0 (/opt/ros/foxy/share/laser_geometry/cmake)
[1.330s] -- Found map_msgs: 2.0.2 (/opt/ros/foxy/share/map_msgs/cmake)
[2.048s] -- Found message_filters: 3.2.7 (/opt/ros/foxy/share/message_filters/cmake)
[2.053s] -- Found nav2_common: 0.4.7 (/home/deivideich/Holonomic_Base_Simulation/ros_2_ws/install/nav2_common/share/nav2_common/cmake)
[2.054s] -- Found nav2_msgs: 0.4.7 (/home/deivideich/Holonomic_Base_Simulation/ros_2_ws/install/nav2_msgs/share/nav2_msgs/cmake)
[2.779s] -- Found nav2_util: 0.4.7 (/home/deivideich/Holonomic_Base_Simulation/ros_2_ws/install/nav2_util/share/nav2_util/cmake)
[2.913s] -- Found rmw_implementation_cmake: 1.0.4 (/opt/ros/foxy/share/rmw_implementation_cmake/cmake)
[2.915s] -- Using RMW implementation 'rmw_fastrtps_cpp' as default
[2.917s] -- Looking for pthread.h
[3.279s] -- Looking for pthread.h - found
[3.284s] -- Performing Test CMAKE_HAVE_LIBC_PTHREAD
[3.678s] -- Performing Test CMAKE_HAVE_LIBC_PTHREAD - Failed
[3.678s] -- Looking for pthread_create in pthreads
[3.972s] -- Looking for pthread_create in pthreads - not found
[3.972s] -- Looking for pthread_create in pthread
[4.316s] -- Looking for pthread_create in pthread - found
[4.316s] -- Found Threads: TRUE  
[5.232s] -- Found Eigen3: TRUE (found version "3.3.7") 
[5.507s] -- Found nav2_voxel_grid: 0.4.7 (/home/deivideich/Holonomic_Base_Simulation/ros_2_ws/install/nav2_voxel_grid/share/nav2_voxel_grid/cmake)
[5.516s] -- Found pluginlib: 2.5.4 (/opt/ros/foxy/share/pluginlib/cmake)
[5.552s] -- Found tf2_sensor_msgs: 0.13.14 (/opt/ros/foxy/share/tf2_sensor_msgs/cmake)
[5.581s] -- Found visualization_msgs: 2.0.5 (/opt/ros/foxy/share/visualization_msgs/cmake)
[5.701s] -- Found angles: 1.12.6 (/opt/ros/foxy/share/angles/cmake)
[5.704s] -- Setting build type to Release as none was specified.
[7.659s] -- Found ament_lint_auto: 0.9.8 (/opt/ros/foxy/share/ament_lint_auto/cmake)
[8.298s] -- Found gtest sources under '/opt/ros/foxy/src/gtest_vendor': C++ tests using 'Google Test' will be built
[8.302s] -- Check if compiler accepts -pthread
[8.700s] -- Check if compiler accepts -pthread - yes
[8.708s] -- Found gtest sources under '/opt/ros/foxy/src/gtest_vendor': C++ tests using 'Google Test' will be built
[10.417s] -- Added test 'cppcheck' to perform static code analysis on C / C++ code
[10.418s] -- Configured cppcheck include dirs: /home/deivideich/Holonomic_Base_Simulation/ros_2_ws/navigation2/nav2_costmap_2d/include
[10.418s] -- Configured cppcheck exclude dirs and/or files: 
[10.420s] -- Added test 'flake8' to check Python code syntax and style conventions
[10.423s] -- Added test 'lint_cmake' to check CMake code style
[10.424s] -- Added test 'pep257' to check Python code against some of the style conventions in PEP 257
[10.429s] -- Added test 'uncrustify' to check C / C++ code style
[10.429s] -- Configured uncrustify additional arguments: 
[10.431s] -- Added test 'xmllint' to check XML markup files
[10.451s] -- Configuring done
[11.312s] -- Generating done
[11.319s] -- Build files have been written to: /home/deivideich/Holonomic_Base_Simulation/ros_2_ws/build/nav2_costmap_2d
[11.362s] Invoked command in '/home/deivideich/Holonomic_Base_Simulation/ros_2_ws/build/nav2_costmap_2d' returned '0': AMENT_PREFIX_PATH=/home/deivideich/Holonomic_Base_Simulation/ros_2_ws/install/nav2_map_server:/home/deivideich/Holonomic_Base_Simulation/ros_2_ws/install/nav2_lifecycle_manager:/home/deivideich/Holonomic_Base_Simulation/ros_2_ws/install/nav2_util:/home/deivideich/Holonomic_Base_Simulation/ros_2_ws/install/nav2_voxel_grid:/home/deivideich/Holonomic_Base_Simulation/ros_2_ws/install/nav2_msgs:/home/deivideich/Holonomic_Base_Simulation/ros_2_ws/install/nav2_common:${AMENT_PREFIX_PATH} CMAKE_PREFIX_PATH=/home/deivideich/Holonomic_Base_Simulation/ros_2_ws/install/nav2_map_server:/home/deivideich/Holonomic_Base_Simulation/ros_2_ws/install/nav2_lifecycle_manager:/home/deivideich/Holonomic_Base_Simulation/ros_2_ws/install/nav2_util:/home/deivideich/Holonomic_Base_Simulation/ros_2_ws/install/nav2_voxel_grid:/home/deivideich/Holonomic_Base_Simulation/ros_2_ws/install/nav2_msgs:/home/deivideich/Holonomic_Base_Simulation/ros_2_ws/install/nav2_common:/home/deivideich/Holonomic_Base_Simulation/ros_2_ws/install/octobot_2:/opt/ros/foxy:${CMAKE_PREFIX_PATH} LD_LIBRARY_PATH=/home/deivideich/Holonomic_Base_Simulation/ros_2_ws/install/nav2_map_server/lib:/home/deivideich/Holonomic_Base_Simulation/ros_2_ws/install/nav2_lifecycle_manager/lib:/home/deivideich/Holonomic_Base_Simulation/ros_2_ws/install/nav2_util/lib:/home/deivideich/Holonomic_Base_Simulation/ros_2_ws/install/nav2_voxel_grid/lib:/home/deivideich/Holonomic_Base_Simulation/ros_2_ws/install/nav2_msgs/lib:${LD_LIBRARY_PATH} PYTHONPATH=/home/deivideich/Holonomic_Base_Simulation/ros_2_ws/install/nav2_msgs/lib/python3.8/site-packages:/home/deivideich/Holonomic_Base_Simulation/ros_2_ws/install/nav2_common/lib/python3.8/site-packages:${PYTHONPATH} /usr/bin/cmake /home/deivideich/Holonomic_Base_Simulation/ros_2_ws/navigation2/nav2_costmap_2d -DCMAKE_INSTALL_PREFIX=/home/deivideich/Holonomic_Base_Simulation/ros_2_ws/install/nav2_costmap_2d
[11.364s] Invoking command in '/home/deivideich/Holonomic_Base_Simulation/ros_2_ws/build/nav2_costmap_2d': AMENT_PREFIX_PATH=/home/deivideich/Holonomic_Base_Simulation/ros_2_ws/install/nav2_map_server:/home/deivideich/Holonomic_Base_Simulation/ros_2_ws/install/nav2_lifecycle_manager:/home/deivideich/Holonomic_Base_Simulation/ros_2_ws/install/nav2_util:/home/deivideich/Holonomic_Base_Simulation/ros_2_ws/install/nav2_voxel_grid:/home/deivideich/Holonomic_Base_Simulation/ros_2_ws/install/nav2_msgs:/home/deivideich/Holonomic_Base_Simulation/ros_2_ws/install/nav2_common:${AMENT_PREFIX_PATH} CMAKE_PREFIX_PATH=/home/deivideich/Holonomic_Base_Simulation/ros_2_ws/install/nav2_map_server:/home/deivideich/Holonomic_Base_Simulation/ros_2_ws/install/nav2_lifecycle_manager:/home/deivideich/Holonomic_Base_Simulation/ros_2_ws/install/nav2_util:/home/deivideich/Holonomic_Base_Simulation/ros_2_ws/install/nav2_voxel_grid:/home/deivideich/Holonomic_Base_Simulation/ros_2_ws/install/nav2_msgs:/home/deivideich/Holonomic_Base_Simulation/ros_2_ws/install/nav2_common:/home/deivideich/Holonomic_Base_Simulation/ros_2_ws/install/octobot_2:/opt/ros/foxy:${CMAKE_PREFIX_PATH} LD_LIBRARY_PATH=/home/deivideich/Holonomic_Base_Simulation/ros_2_ws/install/nav2_map_server/lib:/home/deivideich/Holonomic_Base_Simulation/ros_2_ws/install/nav2_lifecycle_manager/lib:/home/deivideich/Holonomic_Base_Simulation/ros_2_ws/install/nav2_util/lib:/home/deivideich/Holonomic_Base_Simulation/ros_2_ws/install/nav2_voxel_grid/lib:/home/deivideich/Holonomic_Base_Simulation/ros_2_ws/install/nav2_msgs/lib:${LD_LIBRARY_PATH} PYTHONPATH=/home/deivideich/Holonomic_Base_Simulation/ros_2_ws/install/nav2_msgs/lib/python3.8/site-packages:/home/deivideich/Holonomic_Base_Simulation/ros_2_ws/install/nav2_common/lib/python3.8/site-packages:${PYTHONPATH} /usr/bin/cmake --build /home/deivideich/Holonomic_Base_Simulation/ros_2_ws/build/nav2_costmap_2d -- -j16 -l16
[11.611s] [35m[1mScanning dependencies of target nav2_costmap_2d_core[0m
[11.627s] [35m[1mScanning dependencies of target gtest[0m
[11.642s] [35m[1mScanning dependencies of target gtest_main[0m
[11.735s] [  2%] [32mBuilding CXX object gtest/CMakeFiles/gtest.dir/src/gtest-all.cc.o[0m
[11.752s] [  4%] [32mBuilding CXX object gtest/CMakeFiles/gtest_main.dir/src/gtest_main.cc.o[0m
[12.019s] [  6%] [32mBuilding CXX object CMakeFiles/nav2_costmap_2d_core.dir/src/costmap_2d.cpp.o[0m
[12.027s] [  8%] [32mBuilding CXX object CMakeFiles/nav2_costmap_2d_core.dir/src/array_parser.cpp.o[0m
[12.037s] [ 10%] [32mBuilding CXX object CMakeFiles/nav2_costmap_2d_core.dir/src/layer.cpp.o[0m
[12.072s] [ 12%] [32mBuilding CXX object CMakeFiles/nav2_costmap_2d_core.dir/src/layered_costmap.cpp.o[0m
[12.133s] [ 14%] [32mBuilding CXX object CMakeFiles/nav2_costmap_2d_core.dir/src/costmap_2d_ros.cpp.o[0m
[12.157s] [ 18%] [32mBuilding CXX object CMakeFiles/nav2_costmap_2d_core.dir/src/costmap_math.cpp.o[0m
[12.160s] [ 18%] [32mBuilding CXX object CMakeFiles/nav2_costmap_2d_core.dir/src/costmap_2d_publisher.cpp.o[0m
[12.180s] [ 20%] [32mBuilding CXX object CMakeFiles/nav2_costmap_2d_core.dir/src/footprint.cpp.o[0m
[12.192s] [ 22%] [32mBuilding CXX object CMakeFiles/nav2_costmap_2d_core.dir/src/costmap_layer.cpp.o[0m
[12.280s] [ 25%] [32mBuilding CXX object CMakeFiles/nav2_costmap_2d_core.dir/src/observation_buffer.cpp.o[0m
[12.320s] [ 27%] [32mBuilding CXX object CMakeFiles/nav2_costmap_2d_core.dir/src/clear_costmap_service.cpp.o[0m
[12.331s] [ 29%] [32mBuilding CXX object CMakeFiles/nav2_costmap_2d_core.dir/src/footprint_collision_checker.cpp.o[0m
[14.013s] [ 31%] [32m[1mLinking CXX static library libgtest_main.a[0m
[14.172s] [ 31%] Built target gtest_main
[22.299s] [ 33%] [32m[1mLinking CXX static library libgtest.a[0m
[22.330s] [ 33%] Built target gtest
[27.459s] [ 35%] [32m[1mLinking CXX shared library libnav2_costmap_2d_core.so[0m
[27.662s] [ 35%] Built target nav2_costmap_2d_core
[27.672s] [35m[1mScanning dependencies of target collision_footprint_test[0m
[27.672s] [35m[1mScanning dependencies of target nav2_costmap_2d_client[0m
[27.672s] [35m[1mScanning dependencies of target nav2_costmap_2d_markers[0m
[27.672s] [35m[1mScanning dependencies of target layers[0m
[27.672s] [35m[1mScanning dependencies of target array_parser_test[0m
[27.672s] [35m[1mScanning dependencies of target nav2_costmap_2d_cloud[0m
[27.688s] [ 37%] [32mBuilding CXX object test/unit/CMakeFiles/array_parser_test.dir/array_parser_test.cpp.o[0m
[27.706s] [ 39%] [32mBuilding CXX object CMakeFiles/nav2_costmap_2d_cloud.dir/src/costmap_2d_cloud.cpp.o[0m
[27.706s] [ 41%] [32mBuilding CXX object CMakeFiles/nav2_costmap_2d_markers.dir/src/costmap_2d_markers.cpp.o[0m
[27.714s] [ 43%] [32mBuilding CXX object test/unit/CMakeFiles/collision_footprint_test.dir/footprint_collision_checker_test.cpp.o[0m
[27.723s] [ 45%] [32mBuilding CXX object CMakeFiles/nav2_costmap_2d_client.dir/src/footprint_subscriber.cpp.o[0m
[27.723s] [ 47%] [32mBuilding CXX object CMakeFiles/nav2_costmap_2d_client.dir/src/costmap_subscriber.cpp.o[0m
[27.728s] [ 50%] [32mBuilding CXX object CMakeFiles/nav2_costmap_2d_client.dir/src/costmap_topic_collision_checker.cpp.o[0m
[27.822s] [ 52%] [32mBuilding CXX object CMakeFiles/layers.dir/plugins/inflation_layer.cpp.o[0m
[27.824s] [ 54%] [32mBuilding CXX object CMakeFiles/layers.dir/plugins/static_layer.cpp.o[0m
[27.830s] [ 56%] [32mBuilding CXX object CMakeFiles/layers.dir/plugins/obstacle_layer.cpp.o[0m
[27.831s] [ 58%] [32mBuilding CXX object CMakeFiles/layers.dir/src/observation_buffer.cpp.o[0m
[27.835s] [ 60%] [32mBuilding CXX object CMakeFiles/layers.dir/plugins/voxel_layer.cpp.o[0m
[27.849s] [ 62%] [32mBuilding CXX object CMakeFiles/layers.dir/plugins/range_sensor_layer.cpp.o[0m
[29.458s] [ 64%] [32m[1mLinking CXX executable array_parser_test[0m
[29.777s] [ 64%] Built target array_parser_test
[31.843s] [ 66%] [32m[1mLinking CXX executable collision_footprint_test[0m
[32.149s] [ 66%] Built target collision_footprint_test
[35.327s] [ 68%] [32m[1mLinking CXX shared library libnav2_costmap_2d_client.so[0m
[35.573s] [ 68%] Built target nav2_costmap_2d_client
[35.880s] [ 70%] [32m[1mLinking CXX executable nav2_costmap_2d_cloud[0m
[36.044s] [ 70%] Built target nav2_costmap_2d_cloud
[36.902s] [ 72%] [32m[1mLinking CXX executable nav2_costmap_2d_markers[0m
[37.045s] [ 72%] Built target nav2_costmap_2d_markers
[40.786s] [ 75%] [32m[1mLinking CXX shared library liblayers.so[0m
[41.032s] [ 75%] Built target layers
[41.040s] [35m[1mScanning dependencies of target inflation_tests_exec[0m
[41.041s] [35m[1mScanning dependencies of target range_tests_exec[0m
[41.041s] [35m[1mScanning dependencies of target nav2_costmap_2d[0m
[41.041s] [35m[1mScanning dependencies of target footprint_tests_exec[0m
[41.041s] [35m[1mScanning dependencies of target obstacle_tests_exec[0m
[41.041s] [35m[1mScanning dependencies of target test_collision_checker_exec[0m
[41.084s] [ 77%] [32mBuilding CXX object test/integration/CMakeFiles/footprint_tests_exec.dir/footprint_tests.cpp.o[0m
[41.097s] [ 79%] [32mBuilding CXX object CMakeFiles/nav2_costmap_2d.dir/src/costmap_2d_node.cpp.o[0m
[41.112s] [ 83%] [32mBuilding CXX object test/integration/CMakeFiles/range_tests_exec.dir/range_tests.cpp.o[0m
[41.112s] [ 83%] [32mBuilding CXX object test/integration/CMakeFiles/obstacle_tests_exec.dir/obstacle_tests.cpp.o[0m
[41.113s] [ 85%] [32mBuilding CXX object test/integration/CMakeFiles/test_collision_checker_exec.dir/test_costmap_topic_collision_checker.cpp.o[0m
[41.113s] [ 87%] [32mBuilding CXX object test/integration/CMakeFiles/inflation_tests_exec.dir/inflation_tests.cpp.o[0m
[43.952s] [ 89%] [32m[1mLinking CXX executable footprint_tests_exec[0m
[43.991s] [ 91%] [32m[1mLinking CXX executable nav2_costmap_2d[0m
[44.212s] [ 91%] Built target footprint_tests_exec
[44.223s] [ 91%] Built target nav2_costmap_2d
[46.000s] [ 93%] [32m[1mLinking CXX executable obstacle_tests_exec[0m
[46.112s] [ 95%] [32m[1mLinking CXX executable range_tests_exec[0m
[46.266s] [ 95%] Built target obstacle_tests_exec
[46.360s] [ 95%] Built target range_tests_exec
[46.481s] [ 97%] [32m[1mLinking CXX executable inflation_tests_exec[0m
[46.722s] [ 97%] Built target inflation_tests_exec
[47.317s] [100%] [32m[1mLinking CXX executable test_collision_checker_exec[0m
[47.562s] [100%] Built target test_collision_checker_exec
[47.569s] Invoked command in '/home/deivideich/Holonomic_Base_Simulation/ros_2_ws/build/nav2_costmap_2d' returned '0': AMENT_PREFIX_PATH=/home/deivideich/Holonomic_Base_Simulation/ros_2_ws/install/nav2_map_server:/home/deivideich/Holonomic_Base_Simulation/ros_2_ws/install/nav2_lifecycle_manager:/home/deivideich/Holonomic_Base_Simulation/ros_2_ws/install/nav2_util:/home/deivideich/Holonomic_Base_Simulation/ros_2_ws/install/nav2_voxel_grid:/home/deivideich/Holonomic_Base_Simulation/ros_2_ws/install/nav2_msgs:/home/deivideich/Holonomic_Base_Simulation/ros_2_ws/install/nav2_common:${AMENT_PREFIX_PATH} CMAKE_PREFIX_PATH=/home/deivideich/Holonomic_Base_Simulation/ros_2_ws/install/nav2_map_server:/home/deivideich/Holonomic_Base_Simulation/ros_2_ws/install/nav2_lifecycle_manager:/home/deivideich/Holonomic_Base_Simulation/ros_2_ws/install/nav2_util:/home/deivideich/Holonomic_Base_Simulation/ros_2_ws/install/nav2_voxel_grid:/home/deivideich/Holonomic_Base_Simulation/ros_2_ws/install/nav2_msgs:/home/deivideich/Holonomic_Base_Simulation/ros_2_ws/install/nav2_common:/home/deivideich/Holonomic_Base_Simulation/ros_2_ws/install/octobot_2:/opt/ros/foxy:${CMAKE_PREFIX_PATH} LD_LIBRARY_PATH=/home/deivideich/Holonomic_Base_Simulation/ros_2_ws/install/nav2_map_server/lib:/home/deivideich/Holonomic_Base_Simulation/ros_2_ws/install/nav2_lifecycle_manager/lib:/home/deivideich/Holonomic_Base_Simulation/ros_2_ws/install/nav2_util/lib:/home/deivideich/Holonomic_Base_Simulation/ros_2_ws/install/nav2_voxel_grid/lib:/home/deivideich/Holonomic_Base_Simulation/ros_2_ws/install/nav2_msgs/lib:${LD_LIBRARY_PATH} PYTHONPATH=/home/deivideich/Holonomic_Base_Simulation/ros_2_ws/install/nav2_msgs/lib/python3.8/site-packages:/home/deivideich/Holonomic_Base_Simulation/ros_2_ws/install/nav2_common/lib/python3.8/site-packages:${PYTHONPATH} /usr/bin/cmake --build /home/deivideich/Holonomic_Base_Simulation/ros_2_ws/build/nav2_costmap_2d -- -j16 -l16
[47.701s] Invoking command in '/home/deivideich/Holonomic_Base_Simulation/ros_2_ws/build/nav2_costmap_2d': AMENT_PREFIX_PATH=/home/deivideich/Holonomic_Base_Simulation/ros_2_ws/install/nav2_map_server:/home/deivideich/Holonomic_Base_Simulation/ros_2_ws/install/nav2_lifecycle_manager:/home/deivideich/Holonomic_Base_Simulation/ros_2_ws/install/nav2_util:/home/deivideich/Holonomic_Base_Simulation/ros_2_ws/install/nav2_voxel_grid:/home/deivideich/Holonomic_Base_Simulation/ros_2_ws/install/nav2_msgs:/home/deivideich/Holonomic_Base_Simulation/ros_2_ws/install/nav2_common:${AMENT_PREFIX_PATH} CMAKE_PREFIX_PATH=/home/deivideich/Holonomic_Base_Simulation/ros_2_ws/install/nav2_map_server:/home/deivideich/Holonomic_Base_Simulation/ros_2_ws/install/nav2_lifecycle_manager:/home/deivideich/Holonomic_Base_Simulation/ros_2_ws/install/nav2_util:/home/deivideich/Holonomic_Base_Simulation/ros_2_ws/install/nav2_voxel_grid:/home/deivideich/Holonomic_Base_Simulation/ros_2_ws/install/nav2_msgs:/home/deivideich/Holonomic_Base_Simulation/ros_2_ws/install/nav2_common:/home/deivideich/Holonomic_Base_Simulation/ros_2_ws/install/octobot_2:/opt/ros/foxy:${CMAKE_PREFIX_PATH} LD_LIBRARY_PATH=/home/deivideich/Holonomic_Base_Simulation/ros_2_ws/install/nav2_map_server/lib:/home/deivideich/Holonomic_Base_Simulation/ros_2_ws/install/nav2_lifecycle_manager/lib:/home/deivideich/Holonomic_Base_Simulation/ros_2_ws/install/nav2_util/lib:/home/deivideich/Holonomic_Base_Simulation/ros_2_ws/install/nav2_voxel_grid/lib:/home/deivideich/Holonomic_Base_Simulation/ros_2_ws/install/nav2_msgs/lib:${LD_LIBRARY_PATH} PYTHONPATH=/home/deivideich/Holonomic_Base_Simulation/ros_2_ws/install/nav2_msgs/lib/python3.8/site-packages:/home/deivideich/Holonomic_Base_Simulation/ros_2_ws/install/nav2_common/lib/python3.8/site-packages:${PYTHONPATH} /usr/bin/cmake --install /home/deivideich/Holonomic_Base_Simulation/ros_2_ws/build/nav2_costmap_2d
[47.712s] -- Install configuration: "Release"
[47.712s] -- Installing: /home/deivideich/Holonomic_Base_Simulation/ros_2_ws/install/nav2_costmap_2d/lib/libnav2_costmap_2d_core.so
[47.714s] -- Set runtime path of "/home/deivideich/Holonomic_Base_Simulation/ros_2_ws/install/nav2_costmap_2d/lib/libnav2_costmap_2d_core.so" to ""
[47.714s] -- Installing: /home/deivideich/Holonomic_Base_Simulation/ros_2_ws/install/nav2_costmap_2d/lib/liblayers.so
[47.715s] -- Set runtime path of "/home/deivideich/Holonomic_Base_Simulation/ros_2_ws/install/nav2_costmap_2d/lib/liblayers.so" to ""
[47.715s] -- Installing: /home/deivideich/Holonomic_Base_Simulation/ros_2_ws/install/nav2_costmap_2d/lib/libnav2_costmap_2d_client.so
[47.716s] -- Set runtime path of "/home/deivideich/Holonomic_Base_Simulation/ros_2_ws/install/nav2_costmap_2d/lib/libnav2_costmap_2d_client.so" to ""
[47.716s] -- Installing: /home/deivideich/Holonomic_Base_Simulation/ros_2_ws/install/nav2_costmap_2d/lib/nav2_costmap_2d/nav2_costmap_2d
[47.716s] -- Set runtime path of "/home/deivideich/Holonomic_Base_Simulation/ros_2_ws/install/nav2_costmap_2d/lib/nav2_costmap_2d/nav2_costmap_2d" to ""
[47.716s] -- Installing: /home/deivideich/Holonomic_Base_Simulation/ros_2_ws/install/nav2_costmap_2d/lib/nav2_costmap_2d/nav2_costmap_2d_markers
[47.717s] -- Set runtime path of "/home/deivideich/Holonomic_Base_Simulation/ros_2_ws/install/nav2_costmap_2d/lib/nav2_costmap_2d/nav2_costmap_2d_markers" to ""
[47.717s] -- Installing: /home/deivideich/Holonomic_Base_Simulation/ros_2_ws/install/nav2_costmap_2d/lib/nav2_costmap_2d/nav2_costmap_2d_cloud
[47.717s] -- Set runtime path of "/home/deivideich/Holonomic_Base_Simulation/ros_2_ws/install/nav2_costmap_2d/lib/nav2_costmap_2d/nav2_costmap_2d_cloud" to ""
[47.718s] -- Installing: /home/deivideich/Holonomic_Base_Simulation/ros_2_ws/install/nav2_costmap_2d/share/nav2_costmap_2d/costmap_plugins.xml
[47.718s] -- Installing: /home/deivideich/Holonomic_Base_Simulation/ros_2_ws/install/nav2_costmap_2d/include/
[47.718s] -- Installing: /home/deivideich/Holonomic_Base_Simulation/ros_2_ws/install/nav2_costmap_2d/include//nav2_costmap_2d
[47.718s] -- Installing: /home/deivideich/Holonomic_Base_Simulation/ros_2_ws/install/nav2_costmap_2d/include//nav2_costmap_2d/costmap_subscriber.hpp
[47.718s] -- Installing: /home/deivideich/Holonomic_Base_Simulation/ros_2_ws/install/nav2_costmap_2d/include//nav2_costmap_2d/voxel_layer.hpp
[47.718s] -- Installing: /home/deivideich/Holonomic_Base_Simulation/ros_2_ws/install/nav2_costmap_2d/include//nav2_costmap_2d/exceptions.hpp
[47.718s] -- Installing: /home/deivideich/Holonomic_Base_Simulation/ros_2_ws/install/nav2_costmap_2d/include//nav2_costmap_2d/layered_costmap.hpp
[47.718s] -- Installing: /home/deivideich/Holonomic_Base_Simulation/ros_2_ws/install/nav2_costmap_2d/include//nav2_costmap_2d/costmap_layer.hpp
[47.718s] -- Installing: /home/deivideich/Holonomic_Base_Simulation/ros_2_ws/install/nav2_costmap_2d/include//nav2_costmap_2d/costmap_2d_publisher.hpp
[47.718s] -- Installing: /home/deivideich/Holonomic_Base_Simulation/ros_2_ws/install/nav2_costmap_2d/include//nav2_costmap_2d/cost_values.hpp
[47.718s] -- Installing: /home/deivideich/Holonomic_Base_Simulation/ros_2_ws/install/nav2_costmap_2d/include//nav2_costmap_2d/clear_costmap_service.hpp
[47.718s] -- Installing: /home/deivideich/Holonomic_Base_Simulation/ros_2_ws/install/nav2_costmap_2d/include//nav2_costmap_2d/observation_buffer.hpp
[47.718s] -- Installing: /home/deivideich/Holonomic_Base_Simulation/ros_2_ws/install/nav2_costmap_2d/include//nav2_costmap_2d/footprint_subscriber.hpp
[47.718s] -- Installing: /home/deivideich/Holonomic_Base_Simulation/ros_2_ws/install/nav2_costmap_2d/include//nav2_costmap_2d/costmap_topic_collision_checker.hpp
[47.718s] -- Installing: /home/deivideich/Holonomic_Base_Simulation/ros_2_ws/install/nav2_costmap_2d/include//nav2_costmap_2d/costmap_2d_ros.hpp
[47.719s] -- Installing: /home/deivideich/Holonomic_Base_Simulation/ros_2_ws/install/nav2_costmap_2d/include//nav2_costmap_2d/observation.hpp
[47.719s] -- Installing: /home/deivideich/Holonomic_Base_Simulation/ros_2_ws/install/nav2_costmap_2d/include//nav2_costmap_2d/layer.hpp
[47.719s] -- Installing: /home/deivideich/Holonomic_Base_Simulation/ros_2_ws/install/nav2_costmap_2d/include//nav2_costmap_2d/footprint_collision_checker.hpp
[47.719s] -- Installing: /home/deivideich/Holonomic_Base_Simulation/ros_2_ws/install/nav2_costmap_2d/include//nav2_costmap_2d/range_sensor_layer.hpp
[47.719s] -- Installing: /home/deivideich/Holonomic_Base_Simulation/ros_2_ws/install/nav2_costmap_2d/include//nav2_costmap_2d/inflation_layer.hpp
[47.719s] -- Installing: /home/deivideich/Holonomic_Base_Simulation/ros_2_ws/install/nav2_costmap_2d/include//nav2_costmap_2d/static_layer.hpp
[47.719s] -- Installing: /home/deivideich/Holonomic_Base_Simulation/ros_2_ws/install/nav2_costmap_2d/include//nav2_costmap_2d/costmap_2d.hpp
[47.719s] -- Installing: /home/deivideich/Holonomic_Base_Simulation/ros_2_ws/install/nav2_costmap_2d/include//nav2_costmap_2d/array_parser.hpp
[47.719s] -- Installing: /home/deivideich/Holonomic_Base_Simulation/ros_2_ws/install/nav2_costmap_2d/include//nav2_costmap_2d/obstacle_layer.hpp
[47.719s] -- Installing: /home/deivideich/Holonomic_Base_Simulation/ros_2_ws/install/nav2_costmap_2d/include//nav2_costmap_2d/costmap_math.hpp
[47.719s] -- Installing: /home/deivideich/Holonomic_Base_Simulation/ros_2_ws/install/nav2_costmap_2d/include//nav2_costmap_2d/footprint.hpp
[47.719s] -- Installing: /home/deivideich/Holonomic_Base_Simulation/ros_2_ws/install/nav2_costmap_2d/share/nav2_costmap_2d/environment/library_path.sh
[47.719s] -- Installing: /home/deivideich/Holonomic_Base_Simulation/ros_2_ws/install/nav2_costmap_2d/share/nav2_costmap_2d/environment/library_path.dsv
[47.719s] -- Up-to-date: /home/deivideich/Holonomic_Base_Simulation/ros_2_ws/install/nav2_costmap_2d/share/nav2_costmap_2d/costmap_plugins.xml
[47.719s] -- Installing: /home/deivideich/Holonomic_Base_Simulation/ros_2_ws/install/nav2_costmap_2d/share/ament_index/resource_index/package_run_dependencies/nav2_costmap_2d
[47.719s] -- Installing: /home/deivideich/Holonomic_Base_Simulation/ros_2_ws/install/nav2_costmap_2d/share/ament_index/resource_index/parent_prefix_path/nav2_costmap_2d
[47.719s] -- Installing: /home/deivideich/Holonomic_Base_Simulation/ros_2_ws/install/nav2_costmap_2d/share/nav2_costmap_2d/environment/ament_prefix_path.sh
[47.720s] -- Installing: /home/deivideich/Holonomic_Base_Simulation/ros_2_ws/install/nav2_costmap_2d/share/nav2_costmap_2d/environment/ament_prefix_path.dsv
[47.720s] -- Installing: /home/deivideich/Holonomic_Base_Simulation/ros_2_ws/install/nav2_costmap_2d/share/nav2_costmap_2d/environment/path.sh
[47.720s] -- Installing: /home/deivideich/Holonomic_Base_Simulation/ros_2_ws/install/nav2_costmap_2d/share/nav2_costmap_2d/environment/path.dsv
[47.720s] -- Installing: /home/deivideich/Holonomic_Base_Simulation/ros_2_ws/install/nav2_costmap_2d/share/nav2_costmap_2d/local_setup.bash
[47.720s] -- Installing: /home/deivideich/Holonomic_Base_Simulation/ros_2_ws/install/nav2_costmap_2d/share/nav2_costmap_2d/local_setup.sh
[47.720s] -- Installing: /home/deivideich/Holonomic_Base_Simulation/ros_2_ws/install/nav2_costmap_2d/share/nav2_costmap_2d/local_setup.zsh
[47.720s] -- Installing: /home/deivideich/Holonomic_Base_Simulation/ros_2_ws/install/nav2_costmap_2d/share/nav2_costmap_2d/local_setup.dsv
[47.720s] -- Installing: /home/deivideich/Holonomic_Base_Simulation/ros_2_ws/install/nav2_costmap_2d/share/nav2_costmap_2d/package.dsv
[47.720s] -- Installing: /home/deivideich/Holonomic_Base_Simulation/ros_2_ws/install/nav2_costmap_2d/share/ament_index/resource_index/packages/nav2_costmap_2d
[47.720s] -- Installing: /home/deivideich/Holonomic_Base_Simulation/ros_2_ws/install/nav2_costmap_2d/share/ament_index/resource_index/nav2_costmap_2d__pluginlib__plugin/nav2_costmap_2d
[47.720s] -- Installing: /home/deivideich/Holonomic_Base_Simulation/ros_2_ws/install/nav2_costmap_2d/share/nav2_costmap_2d/cmake/ament_cmake_export_include_directories-extras.cmake
[47.720s] -- Installing: /home/deivideich/Holonomic_Base_Simulation/ros_2_ws/install/nav2_costmap_2d/share/nav2_costmap_2d/cmake/ament_cmake_export_libraries-extras.cmake
[47.721s] -- Installing: /home/deivideich/Holonomic_Base_Simulation/ros_2_ws/install/nav2_costmap_2d/share/nav2_costmap_2d/cmake/ament_cmake_export_dependencies-extras.cmake
[47.721s] -- Installing: /home/deivideich/Holonomic_Base_Simulation/ros_2_ws/install/nav2_costmap_2d/share/nav2_costmap_2d/cmake/ament_cmake_export_definitions-extras.cmake
[47.721s] -- Installing: /home/deivideich/Holonomic_Base_Simulation/ros_2_ws/install/nav2_costmap_2d/share/nav2_costmap_2d/cmake/nav2_costmap_2dConfig.cmake
[47.721s] -- Installing: /home/deivideich/Holonomic_Base_Simulation/ros_2_ws/install/nav2_costmap_2d/share/nav2_costmap_2d/cmake/nav2_costmap_2dConfig-version.cmake
[47.721s] -- Installing: /home/deivideich/Holonomic_Base_Simulation/ros_2_ws/install/nav2_costmap_2d/share/nav2_costmap_2d/package.xml
[47.723s] Invoked command in '/home/deivideich/Holonomic_Base_Simulation/ros_2_ws/build/nav2_costmap_2d' returned '0': AMENT_PREFIX_PATH=/home/deivideich/Holonomic_Base_Simulation/ros_2_ws/install/nav2_map_server:/home/deivideich/Holonomic_Base_Simulation/ros_2_ws/install/nav2_lifecycle_manager:/home/deivideich/Holonomic_Base_Simulation/ros_2_ws/install/nav2_util:/home/deivideich/Holonomic_Base_Simulation/ros_2_ws/install/nav2_voxel_grid:/home/deivideich/Holonomic_Base_Simulation/ros_2_ws/install/nav2_msgs:/home/deivideich/Holonomic_Base_Simulation/ros_2_ws/install/nav2_common:${AMENT_PREFIX_PATH} CMAKE_PREFIX_PATH=/home/deivideich/Holonomic_Base_Simulation/ros_2_ws/install/nav2_map_server:/home/deivideich/Holonomic_Base_Simulation/ros_2_ws/install/nav2_lifecycle_manager:/home/deivideich/Holonomic_Base_Simulation/ros_2_ws/install/nav2_util:/home/deivideich/Holonomic_Base_Simulation/ros_2_ws/install/nav2_voxel_grid:/home/deivideich/Holonomic_Base_Simulation/ros_2_ws/install/nav2_msgs:/home/deivideich/Holonomic_Base_Simulation/ros_2_ws/install/nav2_common:/home/deivideich/Holonomic_Base_Simulation/ros_2_ws/install/octobot_2:/opt/ros/foxy:${CMAKE_PREFIX_PATH} LD_LIBRARY_PATH=/home/deivideich/Holonomic_Base_Simulation/ros_2_ws/install/nav2_map_server/lib:/home/deivideich/Holonomic_Base_Simulation/ros_2_ws/install/nav2_lifecycle_manager/lib:/home/deivideich/Holonomic_Base_Simulation/ros_2_ws/install/nav2_util/lib:/home/deivideich/Holonomic_Base_Simulation/ros_2_ws/install/nav2_voxel_grid/lib:/home/deivideich/Holonomic_Base_Simulation/ros_2_ws/install/nav2_msgs/lib:${LD_LIBRARY_PATH} PYTHONPATH=/home/deivideich/Holonomic_Base_Simulation/ros_2_ws/install/nav2_msgs/lib/python3.8/site-packages:/home/deivideich/Holonomic_Base_Simulation/ros_2_ws/install/nav2_common/lib/python3.8/site-packages:${PYTHONPATH} /usr/bin/cmake --install /home/deivideich/Holonomic_Base_Simulation/ros_2_ws/build/nav2_costmap_2d
