[0.708s] Invoking command in '/home/deivideich/Holonomic_Base_Simulation/ros_2_ws/build/nav2_lifecycle_manager': AMENT_PREFIX_PATH=/home/deivideich/Holonomic_Base_Simulation/ros_2_ws/install/nav2_util:/home/deivideich/Holonomic_Base_Simulation/ros_2_ws/install/nav2_msgs:/home/deivideich/Holonomic_Base_Simulation/ros_2_ws/install/nav2_common:${AMENT_PREFIX_PATH} CMAKE_PREFIX_PATH=/home/deivideich/Holonomic_Base_Simulation/ros_2_ws/install/nav2_util:/home/deivideich/Holonomic_Base_Simulation/ros_2_ws/install/nav2_msgs:/home/deivideich/Holonomic_Base_Simulation/ros_2_ws/install/nav2_common:/home/deivideich/Holonomic_Base_Simulation/ros_2_ws/install/octobot_2:/opt/ros/foxy:${CMAKE_PREFIX_PATH} LD_LIBRARY_PATH=/home/deivideich/Holonomic_Base_Simulation/ros_2_ws/install/nav2_util/lib:/home/deivideich/Holonomic_Base_Simulation/ros_2_ws/install/nav2_msgs/lib:${LD_LIBRARY_PATH} PYTHONPATH=/home/deivideich/Holonomic_Base_Simulation/ros_2_ws/install/nav2_msgs/lib/python3.8/site-packages:/home/deivideich/Holonomic_Base_Simulation/ros_2_ws/install/nav2_common/lib/python3.8/site-packages:${PYTHONPATH} /usr/bin/cmake /home/deivideich/Holonomic_Base_Simulation/ros_2_ws/navigation2/nav2_lifecycle_manager -DCMAKE_INSTALL_PREFIX=/home/deivideich/Holonomic_Base_Simulation/ros_2_ws/install/nav2_lifecycle_manager
[0.746s] -- The C compiler identification is GNU 9.4.0
[0.791s] -- The CXX compiler identification is GNU 9.4.0
[0.797s] -- Check for working C compiler: /usr/bin/cc
[0.851s] -- Check for working C compiler: /usr/bin/cc -- works
[0.852s] -- Detecting C compiler ABI info
[0.908s] -- Detecting C compiler ABI info - done
[0.916s] -- Detecting C compile features
[0.917s] -- Detecting C compile features - done
[0.919s] -- Check for working CXX compiler: /usr/bin/c++
[0.984s] -- Check for working CXX compiler: /usr/bin/c++ -- works
[0.985s] -- Detecting CXX compiler ABI info
[1.043s] -- Detecting CXX compiler ABI info - done
[1.053s] -- Detecting CXX compile features
[1.054s] -- Detecting CXX compile features - done
[1.057s] -- Found ament_cmake: 0.9.12 (/opt/ros/foxy/share/ament_cmake/cmake)
[1.081s] -- Found PythonInterp: /usr/bin/python3 (found suitable version "3.8.10", minimum required is "3") 
[1.081s] -- Using PYTHON_EXECUTABLE: /usr/bin/python3
[1.287s] -- Found geometry_msgs: 2.0.5 (/opt/ros/foxy/share/geometry_msgs/cmake)
[1.329s] -- Using all available rosidl_typesupport_c: rosidl_typesupport_fastrtps_c;rosidl_typesupport_introspection_c
[1.339s] -- Found rosidl_adapter: 1.3.1 (/opt/ros/foxy/share/rosidl_adapter/cmake)
[1.416s] -- Found OpenSSL: /usr/lib/x86_64-linux-gnu/libcrypto.so (found version "1.1.1f")  
[1.441s] -- Found FastRTPS: /opt/ros/foxy/include  
[1.506s] -- Using all available rosidl_typesupport_cpp: rosidl_typesupport_fastrtps_cpp;rosidl_typesupport_introspection_cpp
[1.576s] -- Found lifecycle_msgs: 1.0.0 (/opt/ros/foxy/share/lifecycle_msgs/cmake)
[1.584s] -- Found nav2_common: 0.4.7 (/home/deivideich/Holonomic_Base_Simulation/ros_2_ws/install/nav2_common/share/nav2_common/cmake)
[1.585s] -- Found nav2_msgs: 0.4.7 (/home/deivideich/Holonomic_Base_Simulation/ros_2_ws/install/nav2_msgs/share/nav2_msgs/cmake)
[1.983s] -- Found nav2_util: 0.4.7 (/home/deivideich/Holonomic_Base_Simulation/ros_2_ws/install/nav2_util/share/nav2_util/cmake)
[2.073s] -- Found rmw_implementation_cmake: 1.0.4 (/opt/ros/foxy/share/rmw_implementation_cmake/cmake)
[2.074s] -- Using RMW implementation 'rmw_fastrtps_cpp' as default
[2.075s] -- Looking for pthread.h
[2.130s] -- Looking for pthread.h - found
[2.130s] -- Performing Test CMAKE_HAVE_LIBC_PTHREAD
[2.190s] -- Performing Test CMAKE_HAVE_LIBC_PTHREAD - Failed
[2.190s] -- Looking for pthread_create in pthreads
[2.240s] -- Looking for pthread_create in pthreads - not found
[2.240s] -- Looking for pthread_create in pthread
[2.296s] -- Looking for pthread_create in pthread - found
[2.297s] -- Found Threads: TRUE  
[2.668s] -- Found eigen3_cmake_module: 0.1.1 (/opt/ros/foxy/share/eigen3_cmake_module/cmake)
[2.671s] -- Found Eigen3: TRUE (found version "3.3.7") 
[2.802s] -- Found std_srvs: 2.0.5 (/opt/ros/foxy/share/std_srvs/cmake)
[2.811s] -- Setting build type to Release as none was specified.
[3.039s] -- Found ament_lint_auto: 0.9.8 (/opt/ros/foxy/share/ament_lint_auto/cmake)
[3.105s] -- Found ament_cmake_gtest: 0.9.12 (/opt/ros/foxy/share/ament_cmake_gtest/cmake)
[3.105s] -- Found ament_cmake_pytest: 0.9.12 (/opt/ros/foxy/share/ament_cmake_pytest/cmake)
[3.108s] -- Found gtest sources under '/opt/ros/foxy/src/gtest_vendor': C++ tests using 'Google Test' will be built
[3.110s] -- Check if compiler accepts -pthread
[3.171s] -- Check if compiler accepts -pthread - yes
[3.313s] -- Added test 'copyright' to check source files copyright and LICENSE
[3.313s] -- Added test 'cppcheck' to perform static code analysis on C / C++ code
[3.314s] -- Configured cppcheck include dirs: /home/deivideich/Holonomic_Base_Simulation/ros_2_ws/navigation2/nav2_lifecycle_manager/include
[3.314s] -- Configured cppcheck exclude dirs and/or files: 
[3.315s] -- Added test 'cpplint' to check C / C++ code against the Google style
[3.315s] -- Configured cpplint exclude dirs and/or files: 
[3.315s] -- Added test 'flake8' to check Python code syntax and style conventions
[3.315s] -- Added test 'lint_cmake' to check CMake code style
[3.316s] -- Added test 'pep257' to check Python code against some of the style conventions in PEP 257
[3.317s] -- Added test 'uncrustify' to check C / C++ code style
[3.317s] -- Configured uncrustify additional arguments: 
[3.317s] -- Added test 'xmllint' to check XML markup files
[3.321s] -- Configuring done
[3.389s] -- Generating done
[3.391s] -- Build files have been written to: /home/deivideich/Holonomic_Base_Simulation/ros_2_ws/build/nav2_lifecycle_manager
[3.402s] Invoked command in '/home/deivideich/Holonomic_Base_Simulation/ros_2_ws/build/nav2_lifecycle_manager' returned '0': AMENT_PREFIX_PATH=/home/deivideich/Holonomic_Base_Simulation/ros_2_ws/install/nav2_util:/home/deivideich/Holonomic_Base_Simulation/ros_2_ws/install/nav2_msgs:/home/deivideich/Holonomic_Base_Simulation/ros_2_ws/install/nav2_common:${AMENT_PREFIX_PATH} CMAKE_PREFIX_PATH=/home/deivideich/Holonomic_Base_Simulation/ros_2_ws/install/nav2_util:/home/deivideich/Holonomic_Base_Simulation/ros_2_ws/install/nav2_msgs:/home/deivideich/Holonomic_Base_Simulation/ros_2_ws/install/nav2_common:/home/deivideich/Holonomic_Base_Simulation/ros_2_ws/install/octobot_2:/opt/ros/foxy:${CMAKE_PREFIX_PATH} LD_LIBRARY_PATH=/home/deivideich/Holonomic_Base_Simulation/ros_2_ws/install/nav2_util/lib:/home/deivideich/Holonomic_Base_Simulation/ros_2_ws/install/nav2_msgs/lib:${LD_LIBRARY_PATH} PYTHONPATH=/home/deivideich/Holonomic_Base_Simulation/ros_2_ws/install/nav2_msgs/lib/python3.8/site-packages:/home/deivideich/Holonomic_Base_Simulation/ros_2_ws/install/nav2_common/lib/python3.8/site-packages:${PYTHONPATH} /usr/bin/cmake /home/deivideich/Holonomic_Base_Simulation/ros_2_ws/navigation2/nav2_lifecycle_manager -DCMAKE_INSTALL_PREFIX=/home/deivideich/Holonomic_Base_Simulation/ros_2_ws/install/nav2_lifecycle_manager
[3.405s] Invoking command in '/home/deivideich/Holonomic_Base_Simulation/ros_2_ws/build/nav2_lifecycle_manager': AMENT_PREFIX_PATH=/home/deivideich/Holonomic_Base_Simulation/ros_2_ws/install/nav2_util:/home/deivideich/Holonomic_Base_Simulation/ros_2_ws/install/nav2_msgs:/home/deivideich/Holonomic_Base_Simulation/ros_2_ws/install/nav2_common:${AMENT_PREFIX_PATH} CMAKE_PREFIX_PATH=/home/deivideich/Holonomic_Base_Simulation/ros_2_ws/install/nav2_util:/home/deivideich/Holonomic_Base_Simulation/ros_2_ws/install/nav2_msgs:/home/deivideich/Holonomic_Base_Simulation/ros_2_ws/install/nav2_common:/home/deivideich/Holonomic_Base_Simulation/ros_2_ws/install/octobot_2:/opt/ros/foxy:${CMAKE_PREFIX_PATH} LD_LIBRARY_PATH=/home/deivideich/Holonomic_Base_Simulation/ros_2_ws/install/nav2_util/lib:/home/deivideich/Holonomic_Base_Simulation/ros_2_ws/install/nav2_msgs/lib:${LD_LIBRARY_PATH} PYTHONPATH=/home/deivideich/Holonomic_Base_Simulation/ros_2_ws/install/nav2_msgs/lib/python3.8/site-packages:/home/deivideich/Holonomic_Base_Simulation/ros_2_ws/install/nav2_common/lib/python3.8/site-packages:${PYTHONPATH} /usr/bin/cmake --build /home/deivideich/Holonomic_Base_Simulation/ros_2_ws/build/nav2_lifecycle_manager -- -j16 -l16
[3.442s] [35m[1mScanning dependencies of target nav2_lifecycle_manager_core[0m
[3.443s] [35m[1mScanning dependencies of target gtest[0m
[3.444s] [35m[1mScanning dependencies of target gtest_main[0m
[3.462s] [  9%] [32mBuilding CXX object gtest/CMakeFiles/gtest_main.dir/src/gtest_main.cc.o[0m
[3.463s] [ 18%] [32mBuilding CXX object gtest/CMakeFiles/gtest.dir/src/gtest-all.cc.o[0m
[3.501s] [ 27%] [32mBuilding CXX object CMakeFiles/nav2_lifecycle_manager_core.dir/src/lifecycle_manager.cpp.o[0m
[3.503s] [ 36%] [32mBuilding CXX object CMakeFiles/nav2_lifecycle_manager_core.dir/src/lifecycle_manager_client.cpp.o[0m
[4.417s] [ 45%] [32m[1mLinking CXX static library libgtest_main.a[0m
[4.464s] [ 45%] Built target gtest_main
[7.728s] [ 54%] [32m[1mLinking CXX shared library libnav2_lifecycle_manager_core.so[0m
[7.887s] [ 54%] Built target nav2_lifecycle_manager_core
[7.896s] [35m[1mScanning dependencies of target lifecycle_manager[0m
[7.940s] [ 63%] [32mBuilding CXX object CMakeFiles/lifecycle_manager.dir/src/main.cpp.o[0m
[9.656s] [ 72%] [32m[1mLinking CXX executable lifecycle_manager[0m
[9.814s] [ 72%] Built target lifecycle_manager
[10.299s] [ 81%] [32m[1mLinking CXX static library libgtest.a[0m
[10.335s] [ 81%] Built target gtest
[10.345s] [35m[1mScanning dependencies of target test_lifecycle_gtest[0m
[10.394s] [ 90%] [32mBuilding CXX object test/CMakeFiles/test_lifecycle_gtest.dir/test_lifecycle_manager.cpp.o[0m
[14.049s] [100%] [32m[1mLinking CXX executable test_lifecycle_gtest[0m
[14.597s] [100%] Built target test_lifecycle_gtest
[14.645s] Invoked command in '/home/deivideich/Holonomic_Base_Simulation/ros_2_ws/build/nav2_lifecycle_manager' returned '0': AMENT_PREFIX_PATH=/home/deivideich/Holonomic_Base_Simulation/ros_2_ws/install/nav2_util:/home/deivideich/Holonomic_Base_Simulation/ros_2_ws/install/nav2_msgs:/home/deivideich/Holonomic_Base_Simulation/ros_2_ws/install/nav2_common:${AMENT_PREFIX_PATH} CMAKE_PREFIX_PATH=/home/deivideich/Holonomic_Base_Simulation/ros_2_ws/install/nav2_util:/home/deivideich/Holonomic_Base_Simulation/ros_2_ws/install/nav2_msgs:/home/deivideich/Holonomic_Base_Simulation/ros_2_ws/install/nav2_common:/home/deivideich/Holonomic_Base_Simulation/ros_2_ws/install/octobot_2:/opt/ros/foxy:${CMAKE_PREFIX_PATH} LD_LIBRARY_PATH=/home/deivideich/Holonomic_Base_Simulation/ros_2_ws/install/nav2_util/lib:/home/deivideich/Holonomic_Base_Simulation/ros_2_ws/install/nav2_msgs/lib:${LD_LIBRARY_PATH} PYTHONPATH=/home/deivideich/Holonomic_Base_Simulation/ros_2_ws/install/nav2_msgs/lib/python3.8/site-packages:/home/deivideich/Holonomic_Base_Simulation/ros_2_ws/install/nav2_common/lib/python3.8/site-packages:${PYTHONPATH} /usr/bin/cmake --build /home/deivideich/Holonomic_Base_Simulation/ros_2_ws/build/nav2_lifecycle_manager -- -j16 -l16
[15.161s] Invoking command in '/home/deivideich/Holonomic_Base_Simulation/ros_2_ws/build/nav2_lifecycle_manager': AMENT_PREFIX_PATH=/home/deivideich/Holonomic_Base_Simulation/ros_2_ws/install/nav2_util:/home/deivideich/Holonomic_Base_Simulation/ros_2_ws/install/nav2_msgs:/home/deivideich/Holonomic_Base_Simulation/ros_2_ws/install/nav2_common:${AMENT_PREFIX_PATH} CMAKE_PREFIX_PATH=/home/deivideich/Holonomic_Base_Simulation/ros_2_ws/install/nav2_util:/home/deivideich/Holonomic_Base_Simulation/ros_2_ws/install/nav2_msgs:/home/deivideich/Holonomic_Base_Simulation/ros_2_ws/install/nav2_common:/home/deivideich/Holonomic_Base_Simulation/ros_2_ws/install/octobot_2:/opt/ros/foxy:${CMAKE_PREFIX_PATH} LD_LIBRARY_PATH=/home/deivideich/Holonomic_Base_Simulation/ros_2_ws/install/nav2_util/lib:/home/deivideich/Holonomic_Base_Simulation/ros_2_ws/install/nav2_msgs/lib:${LD_LIBRARY_PATH} PYTHONPATH=/home/deivideich/Holonomic_Base_Simulation/ros_2_ws/install/nav2_msgs/lib/python3.8/site-packages:/home/deivideich/Holonomic_Base_Simulation/ros_2_ws/install/nav2_common/lib/python3.8/site-packages:${PYTHONPATH} /usr/bin/cmake --install /home/deivideich/Holonomic_Base_Simulation/ros_2_ws/build/nav2_lifecycle_manager
[15.193s] -- Install configuration: "Release"
[15.193s] -- Installing: /home/deivideich/Holonomic_Base_Simulation/ros_2_ws/install/nav2_lifecycle_manager/lib/libnav2_lifecycle_manager_core.so
[15.194s] -- Set runtime path of "/home/deivideich/Holonomic_Base_Simulation/ros_2_ws/install/nav2_lifecycle_manager/lib/libnav2_lifecycle_manager_core.so" to ""
[15.194s] -- Installing: /home/deivideich/Holonomic_Base_Simulation/ros_2_ws/install/nav2_lifecycle_manager/lib/nav2_lifecycle_manager/lifecycle_manager
[15.194s] -- Set runtime path of "/home/deivideich/Holonomic_Base_Simulation/ros_2_ws/install/nav2_lifecycle_manager/lib/nav2_lifecycle_manager/lifecycle_manager" to ""
[15.194s] -- Installing: /home/deivideich/Holonomic_Base_Simulation/ros_2_ws/install/nav2_lifecycle_manager/include/
[15.195s] -- Installing: /home/deivideich/Holonomic_Base_Simulation/ros_2_ws/install/nav2_lifecycle_manager/include//nav2_lifecycle_manager
[15.195s] -- Installing: /home/deivideich/Holonomic_Base_Simulation/ros_2_ws/install/nav2_lifecycle_manager/include//nav2_lifecycle_manager/lifecycle_manager_client.hpp
[15.195s] -- Installing: /home/deivideich/Holonomic_Base_Simulation/ros_2_ws/install/nav2_lifecycle_manager/include//nav2_lifecycle_manager/lifecycle_manager.hpp
[15.195s] -- Installing: /home/deivideich/Holonomic_Base_Simulation/ros_2_ws/install/nav2_lifecycle_manager/share/nav2_lifecycle_manager/environment/library_path.sh
[15.195s] -- Installing: /home/deivideich/Holonomic_Base_Simulation/ros_2_ws/install/nav2_lifecycle_manager/share/nav2_lifecycle_manager/environment/library_path.dsv
[15.195s] -- Installing: /home/deivideich/Holonomic_Base_Simulation/ros_2_ws/install/nav2_lifecycle_manager/share/ament_index/resource_index/package_run_dependencies/nav2_lifecycle_manager
[15.196s] -- Installing: /home/deivideich/Holonomic_Base_Simulation/ros_2_ws/install/nav2_lifecycle_manager/share/ament_index/resource_index/parent_prefix_path/nav2_lifecycle_manager
[15.196s] -- Installing: /home/deivideich/Holonomic_Base_Simulation/ros_2_ws/install/nav2_lifecycle_manager/share/nav2_lifecycle_manager/environment/ament_prefix_path.sh
[15.196s] -- Installing: /home/deivideich/Holonomic_Base_Simulation/ros_2_ws/install/nav2_lifecycle_manager/share/nav2_lifecycle_manager/environment/ament_prefix_path.dsv
[15.196s] -- Installing: /home/deivideich/Holonomic_Base_Simulation/ros_2_ws/install/nav2_lifecycle_manager/share/nav2_lifecycle_manager/environment/path.sh
[15.196s] -- Installing: /home/deivideich/Holonomic_Base_Simulation/ros_2_ws/install/nav2_lifecycle_manager/share/nav2_lifecycle_manager/environment/path.dsv
[15.209s] -- Installing: /home/deivideich/Holonomic_Base_Simulation/ros_2_ws/install/nav2_lifecycle_manager/share/nav2_lifecycle_manager/local_setup.bash
[15.209s] -- Installing: /home/deivideich/Holonomic_Base_Simulation/ros_2_ws/install/nav2_lifecycle_manager/share/nav2_lifecycle_manager/local_setup.sh
[15.210s] -- Installing: /home/deivideich/Holonomic_Base_Simulation/ros_2_ws/install/nav2_lifecycle_manager/share/nav2_lifecycle_manager/local_setup.zsh
[15.217s] -- Installing: /home/deivideich/Holonomic_Base_Simulation/ros_2_ws/install/nav2_lifecycle_manager/share/nav2_lifecycle_manager/local_setup.dsv
[15.217s] -- Installing: /home/deivideich/Holonomic_Base_Simulation/ros_2_ws/install/nav2_lifecycle_manager/share/nav2_lifecycle_manager/package.dsv
[15.217s] -- Installing: /home/deivideich/Holonomic_Base_Simulation/ros_2_ws/install/nav2_lifecycle_manager/share/ament_index/resource_index/packages/nav2_lifecycle_manager
[15.217s] -- Installing: /home/deivideich/Holonomic_Base_Simulation/ros_2_ws/install/nav2_lifecycle_manager/share/nav2_lifecycle_manager/cmake/ament_cmake_export_include_directories-extras.cmake
[15.218s] -- Installing: /home/deivideich/Holonomic_Base_Simulation/ros_2_ws/install/nav2_lifecycle_manager/share/nav2_lifecycle_manager/cmake/ament_cmake_export_libraries-extras.cmake
[15.218s] -- Installing: /home/deivideich/Holonomic_Base_Simulation/ros_2_ws/install/nav2_lifecycle_manager/share/nav2_lifecycle_manager/cmake/ament_cmake_export_dependencies-extras.cmake
[15.218s] -- Installing: /home/deivideich/Holonomic_Base_Simulation/ros_2_ws/install/nav2_lifecycle_manager/share/nav2_lifecycle_manager/cmake/nav2_lifecycle_managerConfig.cmake
[15.218s] -- Installing: /home/deivideich/Holonomic_Base_Simulation/ros_2_ws/install/nav2_lifecycle_manager/share/nav2_lifecycle_manager/cmake/nav2_lifecycle_managerConfig-version.cmake
[15.218s] -- Installing: /home/deivideich/Holonomic_Base_Simulation/ros_2_ws/install/nav2_lifecycle_manager/share/nav2_lifecycle_manager/package.xml
[15.222s] Invoked command in '/home/deivideich/Holonomic_Base_Simulation/ros_2_ws/build/nav2_lifecycle_manager' returned '0': AMENT_PREFIX_PATH=/home/deivideich/Holonomic_Base_Simulation/ros_2_ws/install/nav2_util:/home/deivideich/Holonomic_Base_Simulation/ros_2_ws/install/nav2_msgs:/home/deivideich/Holonomic_Base_Simulation/ros_2_ws/install/nav2_common:${AMENT_PREFIX_PATH} CMAKE_PREFIX_PATH=/home/deivideich/Holonomic_Base_Simulation/ros_2_ws/install/nav2_util:/home/deivideich/Holonomic_Base_Simulation/ros_2_ws/install/nav2_msgs:/home/deivideich/Holonomic_Base_Simulation/ros_2_ws/install/nav2_common:/home/deivideich/Holonomic_Base_Simulation/ros_2_ws/install/octobot_2:/opt/ros/foxy:${CMAKE_PREFIX_PATH} LD_LIBRARY_PATH=/home/deivideich/Holonomic_Base_Simulation/ros_2_ws/install/nav2_util/lib:/home/deivideich/Holonomic_Base_Simulation/ros_2_ws/install/nav2_msgs/lib:${LD_LIBRARY_PATH} PYTHONPATH=/home/deivideich/Holonomic_Base_Simulation/ros_2_ws/install/nav2_msgs/lib/python3.8/site-packages:/home/deivideich/Holonomic_Base_Simulation/ros_2_ws/install/nav2_common/lib/python3.8/site-packages:${PYTHONPATH} /usr/bin/cmake --install /home/deivideich/Holonomic_Base_Simulation/ros_2_ws/build/nav2_lifecycle_manager
