[1.394s] Invoking command in '/home/deivideich/Holonomic_Base_Simulation/ros_2_ws/build/nav2_behavior_tree': CMAKE_PREFIX_PATH=/home/deivideich/Holonomic_Base_Simulation/ros_2_ws/install/nav2_util:/home/deivideich/Holonomic_Base_Simulation/ros_2_ws/install/nav2_msgs:/home/deivideich/Holonomic_Base_Simulation/ros_2_ws/install/nav2_common:/home/deivideich/Holonomic_Base_Simulation/ros_2_ws/install/nav2_system_tests:/home/deivideich/Holonomic_Base_Simulation/ros_2_ws/install/nav2_bringup:/home/deivideich/Holonomic_Base_Simulation/ros_2_ws/install/navigation2:/home/deivideich/Holonomic_Base_Simulation/ros_2_ws/install/smac_planner:/home/deivideich/Holonomic_Base_Simulation/ros_2_ws/install/nav2_dwb_controller:/home/deivideich/Holonomic_Base_Simulation/ros_2_ws/install/nav2_controller:/home/deivideich/Holonomic_Base_Simulation/ros_2_ws/install/dwb_plugins:/home/deivideich/Holonomic_Base_Simulation/ros_2_ws/install/dwb_critics:/home/deivideich/Holonomic_Base_Simulation/ros_2_ws/install/dwb_core:/home/deivideich/Holonomic_Base_Simulation/ros_2_ws/install/nav_2d_utils:/home/deivideich/Holonomic_Base_Simulation/ros_2_ws/install/dwb_msgs:/home/deivideich/Holonomic_Base_Simulation/ros_2_ws/install/nav_2d_msgs:/home/deivideich/Holonomic_Base_Simulation/ros_2_ws/install/nav2_waypoint_follower:/home/deivideich/Holonomic_Base_Simulation/ros_2_ws/install/nav2_regulated_pure_pursuit_controller:/home/deivideich/Holonomic_Base_Simulation/ros_2_ws/install/nav2_recoveries:/home/deivideich/Holonomic_Base_Simulation/ros_2_ws/install/nav2_planner:/home/deivideich/Holonomic_Base_Simulation/ros_2_ws/install/nav2_navfn_planner:/home/deivideich/Holonomic_Base_Simulation/ros_2_ws/install/nav2_core:/home/deivideich/Holonomic_Base_Simulation/ros_2_ws/install/costmap_queue:/home/deivideich/Holonomic_Base_Simulation/ros_2_ws/install/nav2_costmap_2d:/home/deivideich/Holonomic_Base_Simulation/ros_2_ws/install/nav2_voxel_grid:/home/deivideich/Holonomic_Base_Simulation/ros_2_ws/install/nav2_rviz_plugins:/home/deivideich/Holonomic_Base_Simulation/ros_2_ws/install/nav2_map_server:/home/deivideich/Holonomic_Base_Simulation/ros_2_ws/install/nav2_lifecycle_manager:/home/deivideich/Holonomic_Base_Simulation/ros_2_ws/install/nav2_bt_navigator:/home/deivideich/Holonomic_Base_Simulation/ros_2_ws/install/nav2_behavior_tree:/home/deivideich/Holonomic_Base_Simulation/ros_2_ws/install/nav2_amcl:/home/deivideich/axebot_example/install/omnidirectional_controllers:/home/deivideich/axebot_example/install/axebot_gazebo:/home/deivideich/axebot_example/install/axebot_description:/home/deivideich/axebot_example/install/axebot_control:/home/deivideich/axebot_example/src/install/omnidirectional_controllers:/home/deivideich/axebot_example/src/install/axebot_gazebo:/home/deivideich/axebot_example/src/install/axebot_description:/home/deivideich/axebot_example/src/install/axebot_control:/home/deivideich/Holonomic_Base_Simulation/ros_2_ws/src/octobot_2/install/octobot_2:/home/deivideich/Holonomic_Base_Simulation/ros_2_ws/install/octobot_2:/home/deivideich/Holonomic_Base_Simulation/ros_2_ws/install/nav2_gazebo_spawner:/opt/ros/foxy:/opt/ros/noetic LD_LIBRARY_PATH=/home/deivideich/Holonomic_Base_Simulation/ros_2_ws/install/nav2_util/lib:/home/deivideich/Holonomic_Base_Simulation/ros_2_ws/install/nav2_msgs/lib:/home/deivideich/Holonomic_Base_Simulation/ros_2_ws/install/smac_planner/lib:/home/deivideich/Holonomic_Base_Simulation/ros_2_ws/install/nav2_controller/lib:/home/deivideich/Holonomic_Base_Simulation/ros_2_ws/install/dwb_plugins/lib:/home/deivideich/Holonomic_Base_Simulation/ros_2_ws/install/dwb_critics/lib:/home/deivideich/Holonomic_Base_Simulation/ros_2_ws/install/dwb_core/lib:/home/deivideich/Holonomic_Base_Simulation/ros_2_ws/install/nav_2d_utils/lib:/home/deivideich/Holonomic_Base_Simulation/ros_2_ws/install/dwb_msgs/lib:/home/deivideich/Holonomic_Base_Simulation/ros_2_ws/install/nav_2d_msgs/lib:/home/deivideich/Holonomic_Base_Simulation/ros_2_ws/install/nav2_waypoint_follower/lib:/home/deivideich/Holonomic_Base_Simulation/ros_2_ws/install/nav2_regulated_pure_pursuit_controller/lib:/home/deivideich/Holonomic_Base_Simulation/ros_2_ws/install/nav2_recoveries/lib:/home/deivideich/Holonomic_Base_Simulation/ros_2_ws/install/nav2_planner/lib:/home/deivideich/Holonomic_Base_Simulation/ros_2_ws/install/nav2_navfn_planner/lib:/home/deivideich/Holonomic_Base_Simulation/ros_2_ws/install/costmap_queue/lib:/home/deivideich/Holonomic_Base_Simulation/ros_2_ws/install/nav2_costmap_2d/lib:/home/deivideich/Holonomic_Base_Simulation/ros_2_ws/install/nav2_voxel_grid/lib:/home/deivideich/Holonomic_Base_Simulation/ros_2_ws/install/nav2_rviz_plugins/lib:/home/deivideich/Holonomic_Base_Simulation/ros_2_ws/install/nav2_map_server/lib:/home/deivideich/Holonomic_Base_Simulation/ros_2_ws/install/nav2_lifecycle_manager/lib:/home/deivideich/Holonomic_Base_Simulation/ros_2_ws/install/nav2_bt_navigator/lib:/home/deivideich/Holonomic_Base_Simulation/ros_2_ws/install/nav2_behavior_tree/lib:/home/deivideich/Holonomic_Base_Simulation/ros_2_ws/install/nav2_amcl/lib:/home/deivideich/axebot_example/install/omnidirectional_controllers/lib:/home/deivideich/axebot_example/src/install/omnidirectional_controllers/lib:/usr/lib/x86_64-linux-gnu/gazebo-11/plugins:/opt/ros/foxy/opt/yaml_cpp_vendor/lib:/opt/ros/foxy/opt/rviz_ogre_vendor/lib:/opt/ros/foxy/lib/x86_64-linux-gnu:/opt/ros/foxy/lib:/opt/ros/noetic/lib:/opt/ros/noetic/lib/x86_64-linux-gnu PYTHONPATH=/home/deivideich/Holonomic_Base_Simulation/ros_2_ws/install/nav2_msgs/lib/python3.8/site-packages:/home/deivideich/Holonomic_Base_Simulation/ros_2_ws/install/nav2_common/lib/python3.8/site-packages:/home/deivideich/Holonomic_Base_Simulation/ros_2_ws/src/octobot_2/install/octobot_2/lib/python3.8/site-packages:/home/deivideich/Holonomic_Base_Simulation/ros_2_ws/install/octobot_2/lib/python3.8/site-packages:/home/deivideich/Holonomic_Base_Simulation/ros_2_ws/install/dwb_msgs/lib/python3.8/site-packages:/home/deivideich/Holonomic_Base_Simulation/ros_2_ws/install/nav_2d_msgs/lib/python3.8/site-packages:/home/deivideich/Holonomic_Base_Simulation/ros_2_ws/install/nav2_gazebo_spawner/lib/python3.8/site-packages:/opt/ros/foxy/lib/python3.8/site-packages:/opt/ros/noetic/lib/python3/dist-packages /usr/bin/cmake --build /home/deivideich/Holonomic_Base_Simulation/ros_2_ws/build/nav2_behavior_tree -- -j16 -l16
[1.494s] [  4%] Built target nav2_pipeline_sequence_bt_node
[1.495s] [  4%] Built target nav2_transform_available_condition_bt_node
[1.497s] [ 10%] Built target nav2_goal_updated_condition_bt_node
[1.497s] [ 10%] Built target nav2_spin_action_bt_node
[1.498s] [ 10%] Built target nav2_compute_path_to_pose_action_bt_node
[1.503s] [ 12%] Built target nav2_wait_action_bt_node
[1.507s] [ 14%] Built target nav2_is_stuck_condition_bt_node
[1.508s] [ 16%] Built target nav2_behavior_tree
[1.508s] [ 18%] Built target nav2_follow_path_action_bt_node
[1.510s] [ 20%] Built target nav2_goal_reached_condition_bt_node
[1.516s] [ 26%] Built target nav2_goal_updater_node_bt_node
[1.516s] [ 26%] Built target nav2_time_expired_condition_bt_node
[1.517s] [ 26%] Built target nav2_initial_pose_received_condition_bt_node
[1.523s] [ 28%] Built target nav2_is_battery_low_condition_bt_node
[1.523s] [ 30%] Built target nav2_distance_traveled_condition_bt_node
[1.561s] [ 32%] Built target nav2_rate_controller_bt_node
[1.571s] [ 34%] Built target nav2_reinitialize_global_localization_service_bt_node
[1.574s] [ 40%] Built target nav2_round_robin_node_bt_node
[1.574s] [ 40%] Built target nav2_clear_costmap_service_bt_node
[1.575s] [ 40%] Built target nav2_truncate_path_action_bt_node
[1.575s] [ 42%] Built target nav2_distance_controller_bt_node
[1.580s] [ 44%] Built target nav2_navigate_to_pose_action_bt_node
[1.583s] [ 46%] Built target nav2_recovery_node_bt_node
[1.587s] [ 51%] Built target nav2_back_up_action_bt_node
[1.588s] [ 51%] Built target nav2_speed_controller_bt_node
[1.605s] [ 53%] Built target gtest_main
[1.606s] [ 55%] Built target gtest
[1.660s] [ 59%] Built target test_condition_goal_updated
[1.660s] [ 59%] Built target test_condition_is_battery_low
[1.660s] [ 61%] Built target test_bt_conversions
[1.660s] [ 67%] Built target test_condition_distance_traveled
[1.660s] [ 67%] Built target test_condition_transform_available
[1.660s] [ 67%] Built target test_condition_time_expired
[1.665s] [ 69%] Built target test_condition_goal_reached
[1.667s] [ 71%] Built target test_goal_updater_node
[1.671s] [ 77%] Built target test_control_round_robin_node
[1.671s] [ 77%] Built target test_decorator_rate_controller
[1.672s] [ 77%] Built target test_condition_is_stuck
[1.674s] [ 79%] Built target test_condition_initial_pose_received
[1.674s] [ 81%] Built target test_decorator_distance_controller
[1.676s] [ 83%] Built target test_control_pipeline_sequence
[1.685s] [ 85%] Built target test_decorator_speed_controller
[1.694s] [ 87%] Built target test_control_recovery_node
[1.702s] [ 91%] Built target test_action_navigate_to_pose_action
[1.702s] [ 91%] Built target test_action_reinitialize_global_localization_service
[1.703s] [ 93%] Built target test_action_compute_path_to_pose_action
[1.707s] [ 95%] Built target test_action_clear_costmap_service
[1.707s] [ 97%] Built target test_truncate_path_action
[1.708s] [100%] Built target test_action_follow_path_action
[1.953s] Invoked command in '/home/deivideich/Holonomic_Base_Simulation/ros_2_ws/build/nav2_behavior_tree' returned '0': CMAKE_PREFIX_PATH=/home/deivideich/Holonomic_Base_Simulation/ros_2_ws/install/nav2_util:/home/deivideich/Holonomic_Base_Simulation/ros_2_ws/install/nav2_msgs:/home/deivideich/Holonomic_Base_Simulation/ros_2_ws/install/nav2_common:/home/deivideich/Holonomic_Base_Simulation/ros_2_ws/install/nav2_system_tests:/home/deivideich/Holonomic_Base_Simulation/ros_2_ws/install/nav2_bringup:/home/deivideich/Holonomic_Base_Simulation/ros_2_ws/install/navigation2:/home/deivideich/Holonomic_Base_Simulation/ros_2_ws/install/smac_planner:/home/deivideich/Holonomic_Base_Simulation/ros_2_ws/install/nav2_dwb_controller:/home/deivideich/Holonomic_Base_Simulation/ros_2_ws/install/nav2_controller:/home/deivideich/Holonomic_Base_Simulation/ros_2_ws/install/dwb_plugins:/home/deivideich/Holonomic_Base_Simulation/ros_2_ws/install/dwb_critics:/home/deivideich/Holonomic_Base_Simulation/ros_2_ws/install/dwb_core:/home/deivideich/Holonomic_Base_Simulation/ros_2_ws/install/nav_2d_utils:/home/deivideich/Holonomic_Base_Simulation/ros_2_ws/install/dwb_msgs:/home/deivideich/Holonomic_Base_Simulation/ros_2_ws/install/nav_2d_msgs:/home/deivideich/Holonomic_Base_Simulation/ros_2_ws/install/nav2_waypoint_follower:/home/deivideich/Holonomic_Base_Simulation/ros_2_ws/install/nav2_regulated_pure_pursuit_controller:/home/deivideich/Holonomic_Base_Simulation/ros_2_ws/install/nav2_recoveries:/home/deivideich/Holonomic_Base_Simulation/ros_2_ws/install/nav2_planner:/home/deivideich/Holonomic_Base_Simulation/ros_2_ws/install/nav2_navfn_planner:/home/deivideich/Holonomic_Base_Simulation/ros_2_ws/install/nav2_core:/home/deivideich/Holonomic_Base_Simulation/ros_2_ws/install/costmap_queue:/home/deivideich/Holonomic_Base_Simulation/ros_2_ws/install/nav2_costmap_2d:/home/deivideich/Holonomic_Base_Simulation/ros_2_ws/install/nav2_voxel_grid:/home/deivideich/Holonomic_Base_Simulation/ros_2_ws/install/nav2_rviz_plugins:/home/deivideich/Holonomic_Base_Simulation/ros_2_ws/install/nav2_map_server:/home/deivideich/Holonomic_Base_Simulation/ros_2_ws/install/nav2_lifecycle_manager:/home/deivideich/Holonomic_Base_Simulation/ros_2_ws/install/nav2_bt_navigator:/home/deivideich/Holonomic_Base_Simulation/ros_2_ws/install/nav2_behavior_tree:/home/deivideich/Holonomic_Base_Simulation/ros_2_ws/install/nav2_amcl:/home/deivideich/axebot_example/install/omnidirectional_controllers:/home/deivideich/axebot_example/install/axebot_gazebo:/home/deivideich/axebot_example/install/axebot_description:/home/deivideich/axebot_example/install/axebot_control:/home/deivideich/axebot_example/src/install/omnidirectional_controllers:/home/deivideich/axebot_example/src/install/axebot_gazebo:/home/deivideich/axebot_example/src/install/axebot_description:/home/deivideich/axebot_example/src/install/axebot_control:/home/deivideich/Holonomic_Base_Simulation/ros_2_ws/src/octobot_2/install/octobot_2:/home/deivideich/Holonomic_Base_Simulation/ros_2_ws/install/octobot_2:/home/deivideich/Holonomic_Base_Simulation/ros_2_ws/install/nav2_gazebo_spawner:/opt/ros/foxy:/opt/ros/noetic LD_LIBRARY_PATH=/home/deivideich/Holonomic_Base_Simulation/ros_2_ws/install/nav2_util/lib:/home/deivideich/Holonomic_Base_Simulation/ros_2_ws/install/nav2_msgs/lib:/home/deivideich/Holonomic_Base_Simulation/ros_2_ws/install/smac_planner/lib:/home/deivideich/Holonomic_Base_Simulation/ros_2_ws/install/nav2_controller/lib:/home/deivideich/Holonomic_Base_Simulation/ros_2_ws/install/dwb_plugins/lib:/home/deivideich/Holonomic_Base_Simulation/ros_2_ws/install/dwb_critics/lib:/home/deivideich/Holonomic_Base_Simulation/ros_2_ws/install/dwb_core/lib:/home/deivideich/Holonomic_Base_Simulation/ros_2_ws/install/nav_2d_utils/lib:/home/deivideich/Holonomic_Base_Simulation/ros_2_ws/install/dwb_msgs/lib:/home/deivideich/Holonomic_Base_Simulation/ros_2_ws/install/nav_2d_msgs/lib:/home/deivideich/Holonomic_Base_Simulation/ros_2_ws/install/nav2_waypoint_follower/lib:/home/deivideich/Holonomic_Base_Simulation/ros_2_ws/install/nav2_regulated_pure_pursuit_controller/lib:/home/deivideich/Holonomic_Base_Simulation/ros_2_ws/install/nav2_recoveries/lib:/home/deivideich/Holonomic_Base_Simulation/ros_2_ws/install/nav2_planner/lib:/home/deivideich/Holonomic_Base_Simulation/ros_2_ws/install/nav2_navfn_planner/lib:/home/deivideich/Holonomic_Base_Simulation/ros_2_ws/install/costmap_queue/lib:/home/deivideich/Holonomic_Base_Simulation/ros_2_ws/install/nav2_costmap_2d/lib:/home/deivideich/Holonomic_Base_Simulation/ros_2_ws/install/nav2_voxel_grid/lib:/home/deivideich/Holonomic_Base_Simulation/ros_2_ws/install/nav2_rviz_plugins/lib:/home/deivideich/Holonomic_Base_Simulation/ros_2_ws/install/nav2_map_server/lib:/home/deivideich/Holonomic_Base_Simulation/ros_2_ws/install/nav2_lifecycle_manager/lib:/home/deivideich/Holonomic_Base_Simulation/ros_2_ws/install/nav2_bt_navigator/lib:/home/deivideich/Holonomic_Base_Simulation/ros_2_ws/install/nav2_behavior_tree/lib:/home/deivideich/Holonomic_Base_Simulation/ros_2_ws/install/nav2_amcl/lib:/home/deivideich/axebot_example/install/omnidirectional_controllers/lib:/home/deivideich/axebot_example/src/install/omnidirectional_controllers/lib:/usr/lib/x86_64-linux-gnu/gazebo-11/plugins:/opt/ros/foxy/opt/yaml_cpp_vendor/lib:/opt/ros/foxy/opt/rviz_ogre_vendor/lib:/opt/ros/foxy/lib/x86_64-linux-gnu:/opt/ros/foxy/lib:/opt/ros/noetic/lib:/opt/ros/noetic/lib/x86_64-linux-gnu PYTHONPATH=/home/deivideich/Holonomic_Base_Simulation/ros_2_ws/install/nav2_msgs/lib/python3.8/site-packages:/home/deivideich/Holonomic_Base_Simulation/ros_2_ws/install/nav2_common/lib/python3.8/site-packages:/home/deivideich/Holonomic_Base_Simulation/ros_2_ws/src/octobot_2/install/octobot_2/lib/python3.8/site-packages:/home/deivideich/Holonomic_Base_Simulation/ros_2_ws/install/octobot_2/lib/python3.8/site-packages:/home/deivideich/Holonomic_Base_Simulation/ros_2_ws/install/dwb_msgs/lib/python3.8/site-packages:/home/deivideich/Holonomic_Base_Simulation/ros_2_ws/install/nav_2d_msgs/lib/python3.8/site-packages:/home/deivideich/Holonomic_Base_Simulation/ros_2_ws/install/nav2_gazebo_spawner/lib/python3.8/site-packages:/opt/ros/foxy/lib/python3.8/site-packages:/opt/ros/noetic/lib/python3/dist-packages /usr/bin/cmake --build /home/deivideich/Holonomic_Base_Simulation/ros_2_ws/build/nav2_behavior_tree -- -j16 -l16
[2.339s] Invoking command in '/home/deivideich/Holonomic_Base_Simulation/ros_2_ws/build/nav2_behavior_tree': CMAKE_PREFIX_PATH=/home/deivideich/Holonomic_Base_Simulation/ros_2_ws/install/nav2_util:/home/deivideich/Holonomic_Base_Simulation/ros_2_ws/install/nav2_msgs:/home/deivideich/Holonomic_Base_Simulation/ros_2_ws/install/nav2_common:/home/deivideich/Holonomic_Base_Simulation/ros_2_ws/install/nav2_system_tests:/home/deivideich/Holonomic_Base_Simulation/ros_2_ws/install/nav2_bringup:/home/deivideich/Holonomic_Base_Simulation/ros_2_ws/install/navigation2:/home/deivideich/Holonomic_Base_Simulation/ros_2_ws/install/smac_planner:/home/deivideich/Holonomic_Base_Simulation/ros_2_ws/install/nav2_dwb_controller:/home/deivideich/Holonomic_Base_Simulation/ros_2_ws/install/nav2_controller:/home/deivideich/Holonomic_Base_Simulation/ros_2_ws/install/dwb_plugins:/home/deivideich/Holonomic_Base_Simulation/ros_2_ws/install/dwb_critics:/home/deivideich/Holonomic_Base_Simulation/ros_2_ws/install/dwb_core:/home/deivideich/Holonomic_Base_Simulation/ros_2_ws/install/nav_2d_utils:/home/deivideich/Holonomic_Base_Simulation/ros_2_ws/install/dwb_msgs:/home/deivideich/Holonomic_Base_Simulation/ros_2_ws/install/nav_2d_msgs:/home/deivideich/Holonomic_Base_Simulation/ros_2_ws/install/nav2_waypoint_follower:/home/deivideich/Holonomic_Base_Simulation/ros_2_ws/install/nav2_regulated_pure_pursuit_controller:/home/deivideich/Holonomic_Base_Simulation/ros_2_ws/install/nav2_recoveries:/home/deivideich/Holonomic_Base_Simulation/ros_2_ws/install/nav2_planner:/home/deivideich/Holonomic_Base_Simulation/ros_2_ws/install/nav2_navfn_planner:/home/deivideich/Holonomic_Base_Simulation/ros_2_ws/install/nav2_core:/home/deivideich/Holonomic_Base_Simulation/ros_2_ws/install/costmap_queue:/home/deivideich/Holonomic_Base_Simulation/ros_2_ws/install/nav2_costmap_2d:/home/deivideich/Holonomic_Base_Simulation/ros_2_ws/install/nav2_voxel_grid:/home/deivideich/Holonomic_Base_Simulation/ros_2_ws/install/nav2_rviz_plugins:/home/deivideich/Holonomic_Base_Simulation/ros_2_ws/install/nav2_map_server:/home/deivideich/Holonomic_Base_Simulation/ros_2_ws/install/nav2_lifecycle_manager:/home/deivideich/Holonomic_Base_Simulation/ros_2_ws/install/nav2_bt_navigator:/home/deivideich/Holonomic_Base_Simulation/ros_2_ws/install/nav2_behavior_tree:/home/deivideich/Holonomic_Base_Simulation/ros_2_ws/install/nav2_amcl:/home/deivideich/axebot_example/install/omnidirectional_controllers:/home/deivideich/axebot_example/install/axebot_gazebo:/home/deivideich/axebot_example/install/axebot_description:/home/deivideich/axebot_example/install/axebot_control:/home/deivideich/axebot_example/src/install/omnidirectional_controllers:/home/deivideich/axebot_example/src/install/axebot_gazebo:/home/deivideich/axebot_example/src/install/axebot_description:/home/deivideich/axebot_example/src/install/axebot_control:/home/deivideich/Holonomic_Base_Simulation/ros_2_ws/src/octobot_2/install/octobot_2:/home/deivideich/Holonomic_Base_Simulation/ros_2_ws/install/octobot_2:/home/deivideich/Holonomic_Base_Simulation/ros_2_ws/install/nav2_gazebo_spawner:/opt/ros/foxy:/opt/ros/noetic LD_LIBRARY_PATH=/home/deivideich/Holonomic_Base_Simulation/ros_2_ws/install/nav2_util/lib:/home/deivideich/Holonomic_Base_Simulation/ros_2_ws/install/nav2_msgs/lib:/home/deivideich/Holonomic_Base_Simulation/ros_2_ws/install/smac_planner/lib:/home/deivideich/Holonomic_Base_Simulation/ros_2_ws/install/nav2_controller/lib:/home/deivideich/Holonomic_Base_Simulation/ros_2_ws/install/dwb_plugins/lib:/home/deivideich/Holonomic_Base_Simulation/ros_2_ws/install/dwb_critics/lib:/home/deivideich/Holonomic_Base_Simulation/ros_2_ws/install/dwb_core/lib:/home/deivideich/Holonomic_Base_Simulation/ros_2_ws/install/nav_2d_utils/lib:/home/deivideich/Holonomic_Base_Simulation/ros_2_ws/install/dwb_msgs/lib:/home/deivideich/Holonomic_Base_Simulation/ros_2_ws/install/nav_2d_msgs/lib:/home/deivideich/Holonomic_Base_Simulation/ros_2_ws/install/nav2_waypoint_follower/lib:/home/deivideich/Holonomic_Base_Simulation/ros_2_ws/install/nav2_regulated_pure_pursuit_controller/lib:/home/deivideich/Holonomic_Base_Simulation/ros_2_ws/install/nav2_recoveries/lib:/home/deivideich/Holonomic_Base_Simulation/ros_2_ws/install/nav2_planner/lib:/home/deivideich/Holonomic_Base_Simulation/ros_2_ws/install/nav2_navfn_planner/lib:/home/deivideich/Holonomic_Base_Simulation/ros_2_ws/install/costmap_queue/lib:/home/deivideich/Holonomic_Base_Simulation/ros_2_ws/install/nav2_costmap_2d/lib:/home/deivideich/Holonomic_Base_Simulation/ros_2_ws/install/nav2_voxel_grid/lib:/home/deivideich/Holonomic_Base_Simulation/ros_2_ws/install/nav2_rviz_plugins/lib:/home/deivideich/Holonomic_Base_Simulation/ros_2_ws/install/nav2_map_server/lib:/home/deivideich/Holonomic_Base_Simulation/ros_2_ws/install/nav2_lifecycle_manager/lib:/home/deivideich/Holonomic_Base_Simulation/ros_2_ws/install/nav2_bt_navigator/lib:/home/deivideich/Holonomic_Base_Simulation/ros_2_ws/install/nav2_behavior_tree/lib:/home/deivideich/Holonomic_Base_Simulation/ros_2_ws/install/nav2_amcl/lib:/home/deivideich/axebot_example/install/omnidirectional_controllers/lib:/home/deivideich/axebot_example/src/install/omnidirectional_controllers/lib:/usr/lib/x86_64-linux-gnu/gazebo-11/plugins:/opt/ros/foxy/opt/yaml_cpp_vendor/lib:/opt/ros/foxy/opt/rviz_ogre_vendor/lib:/opt/ros/foxy/lib/x86_64-linux-gnu:/opt/ros/foxy/lib:/opt/ros/noetic/lib:/opt/ros/noetic/lib/x86_64-linux-gnu PYTHONPATH=/home/deivideich/Holonomic_Base_Simulation/ros_2_ws/install/nav2_msgs/lib/python3.8/site-packages:/home/deivideich/Holonomic_Base_Simulation/ros_2_ws/install/nav2_common/lib/python3.8/site-packages:/home/deivideich/Holonomic_Base_Simulation/ros_2_ws/src/octobot_2/install/octobot_2/lib/python3.8/site-packages:/home/deivideich/Holonomic_Base_Simulation/ros_2_ws/install/octobot_2/lib/python3.8/site-packages:/home/deivideich/Holonomic_Base_Simulation/ros_2_ws/install/dwb_msgs/lib/python3.8/site-packages:/home/deivideich/Holonomic_Base_Simulation/ros_2_ws/install/nav_2d_msgs/lib/python3.8/site-packages:/home/deivideich/Holonomic_Base_Simulation/ros_2_ws/install/nav2_gazebo_spawner/lib/python3.8/site-packages:/opt/ros/foxy/lib/python3.8/site-packages:/opt/ros/noetic/lib/python3/dist-packages /usr/bin/cmake --install /home/deivideich/Holonomic_Base_Simulation/ros_2_ws/build/nav2_behavior_tree
[2.620s] -- Install configuration: "Release"
[2.620s] -- Up-to-date: /home/deivideich/Holonomic_Base_Simulation/ros_2_ws/install/nav2_behavior_tree/lib/libnav2_behavior_tree.so
[2.620s] -- Up-to-date: /home/deivideich/Holonomic_Base_Simulation/ros_2_ws/install/nav2_behavior_tree/lib/libnav2_compute_path_to_pose_action_bt_node.so
[2.620s] -- Up-to-date: /home/deivideich/Holonomic_Base_Simulation/ros_2_ws/install/nav2_behavior_tree/lib/libnav2_follow_path_action_bt_node.so
[2.620s] -- Up-to-date: /home/deivideich/Holonomic_Base_Simulation/ros_2_ws/install/nav2_behavior_tree/lib/libnav2_back_up_action_bt_node.so
[2.620s] -- Up-to-date: /home/deivideich/Holonomic_Base_Simulation/ros_2_ws/install/nav2_behavior_tree/lib/libnav2_spin_action_bt_node.so
[2.620s] -- Up-to-date: /home/deivideich/Holonomic_Base_Simulation/ros_2_ws/install/nav2_behavior_tree/lib/libnav2_wait_action_bt_node.so
[2.620s] -- Up-to-date: /home/deivideich/Holonomic_Base_Simulation/ros_2_ws/install/nav2_behavior_tree/lib/libnav2_clear_costmap_service_bt_node.so
[2.621s] -- Up-to-date: /home/deivideich/Holonomic_Base_Simulation/ros_2_ws/install/nav2_behavior_tree/lib/libnav2_is_stuck_condition_bt_node.so
[2.621s] -- Up-to-date: /home/deivideich/Holonomic_Base_Simulation/ros_2_ws/install/nav2_behavior_tree/lib/libnav2_transform_available_condition_bt_node.so
[2.621s] -- Up-to-date: /home/deivideich/Holonomic_Base_Simulation/ros_2_ws/install/nav2_behavior_tree/lib/libnav2_goal_reached_condition_bt_node.so
[2.621s] -- Up-to-date: /home/deivideich/Holonomic_Base_Simulation/ros_2_ws/install/nav2_behavior_tree/lib/libnav2_goal_updated_condition_bt_node.so
[2.621s] -- Up-to-date: /home/deivideich/Holonomic_Base_Simulation/ros_2_ws/install/nav2_behavior_tree/lib/libnav2_time_expired_condition_bt_node.so
[2.621s] -- Up-to-date: /home/deivideich/Holonomic_Base_Simulation/ros_2_ws/install/nav2_behavior_tree/lib/libnav2_distance_traveled_condition_bt_node.so
[2.621s] -- Up-to-date: /home/deivideich/Holonomic_Base_Simulation/ros_2_ws/install/nav2_behavior_tree/lib/libnav2_initial_pose_received_condition_bt_node.so
[2.622s] -- Up-to-date: /home/deivideich/Holonomic_Base_Simulation/ros_2_ws/install/nav2_behavior_tree/lib/libnav2_is_battery_low_condition_bt_node.so
[2.622s] -- Up-to-date: /home/deivideich/Holonomic_Base_Simulation/ros_2_ws/install/nav2_behavior_tree/lib/libnav2_reinitialize_global_localization_service_bt_node.so
[2.622s] -- Up-to-date: /home/deivideich/Holonomic_Base_Simulation/ros_2_ws/install/nav2_behavior_tree/lib/libnav2_rate_controller_bt_node.so
[2.622s] -- Up-to-date: /home/deivideich/Holonomic_Base_Simulation/ros_2_ws/install/nav2_behavior_tree/lib/libnav2_distance_controller_bt_node.so
[2.622s] -- Up-to-date: /home/deivideich/Holonomic_Base_Simulation/ros_2_ws/install/nav2_behavior_tree/lib/libnav2_speed_controller_bt_node.so
[2.623s] -- Up-to-date: /home/deivideich/Holonomic_Base_Simulation/ros_2_ws/install/nav2_behavior_tree/lib/libnav2_truncate_path_action_bt_node.so
[2.623s] -- Up-to-date: /home/deivideich/Holonomic_Base_Simulation/ros_2_ws/install/nav2_behavior_tree/lib/libnav2_goal_updater_node_bt_node.so
[2.623s] -- Up-to-date: /home/deivideich/Holonomic_Base_Simulation/ros_2_ws/install/nav2_behavior_tree/lib/libnav2_recovery_node_bt_node.so
[2.623s] -- Up-to-date: /home/deivideich/Holonomic_Base_Simulation/ros_2_ws/install/nav2_behavior_tree/lib/libnav2_navigate_to_pose_action_bt_node.so
[2.623s] -- Up-to-date: /home/deivideich/Holonomic_Base_Simulation/ros_2_ws/install/nav2_behavior_tree/lib/libnav2_pipeline_sequence_bt_node.so
[2.624s] -- Up-to-date: /home/deivideich/Holonomic_Base_Simulation/ros_2_ws/install/nav2_behavior_tree/lib/libnav2_round_robin_node_bt_node.so
[2.624s] -- Up-to-date: /home/deivideich/Holonomic_Base_Simulation/ros_2_ws/install/nav2_behavior_tree/include/
[2.624s] -- Up-to-date: /home/deivideich/Holonomic_Base_Simulation/ros_2_ws/install/nav2_behavior_tree/include//nav2_behavior_tree
[2.624s] -- Up-to-date: /home/deivideich/Holonomic_Base_Simulation/ros_2_ws/install/nav2_behavior_tree/include//nav2_behavior_tree/behavior_tree_engine.hpp
[2.624s] -- Up-to-date: /home/deivideich/Holonomic_Base_Simulation/ros_2_ws/install/nav2_behavior_tree/include//nav2_behavior_tree/bt_service_node.hpp
[2.624s] -- Up-to-date: /home/deivideich/Holonomic_Base_Simulation/ros_2_ws/install/nav2_behavior_tree/include//nav2_behavior_tree/bt_conversions.hpp
[2.624s] -- Up-to-date: /home/deivideich/Holonomic_Base_Simulation/ros_2_ws/install/nav2_behavior_tree/include//nav2_behavior_tree/plugins
[2.624s] -- Up-to-date: /home/deivideich/Holonomic_Base_Simulation/ros_2_ws/install/nav2_behavior_tree/include//nav2_behavior_tree/plugins/condition
[2.624s] -- Up-to-date: /home/deivideich/Holonomic_Base_Simulation/ros_2_ws/install/nav2_behavior_tree/include//nav2_behavior_tree/plugins/condition/goal_reached_condition.hpp
[2.624s] -- Up-to-date: /home/deivideich/Holonomic_Base_Simulation/ros_2_ws/install/nav2_behavior_tree/include//nav2_behavior_tree/plugins/condition/initial_pose_received_condition.hpp
[2.624s] -- Up-to-date: /home/deivideich/Holonomic_Base_Simulation/ros_2_ws/install/nav2_behavior_tree/include//nav2_behavior_tree/plugins/condition/transform_available_condition.hpp
[2.624s] -- Up-to-date: /home/deivideich/Holonomic_Base_Simulation/ros_2_ws/install/nav2_behavior_tree/include//nav2_behavior_tree/plugins/condition/goal_updated_condition.hpp
[2.624s] -- Up-to-date: /home/deivideich/Holonomic_Base_Simulation/ros_2_ws/install/nav2_behavior_tree/include//nav2_behavior_tree/plugins/condition/is_battery_low_condition.hpp
[2.624s] -- Up-to-date: /home/deivideich/Holonomic_Base_Simulation/ros_2_ws/install/nav2_behavior_tree/include//nav2_behavior_tree/plugins/condition/distance_traveled_condition.hpp
[2.624s] -- Up-to-date: /home/deivideich/Holonomic_Base_Simulation/ros_2_ws/install/nav2_behavior_tree/include//nav2_behavior_tree/plugins/condition/is_stuck_condition.hpp
[2.625s] -- Up-to-date: /home/deivideich/Holonomic_Base_Simulation/ros_2_ws/install/nav2_behavior_tree/include//nav2_behavior_tree/plugins/condition/time_expired_condition.hpp
[2.625s] -- Up-to-date: /home/deivideich/Holonomic_Base_Simulation/ros_2_ws/install/nav2_behavior_tree/include//nav2_behavior_tree/plugins/decorator
[2.626s] -- Up-to-date: /home/deivideich/Holonomic_Base_Simulation/ros_2_ws/install/nav2_behavior_tree/include//nav2_behavior_tree/plugins/decorator/rate_controller.hpp
[2.626s] -- Up-to-date: /home/deivideich/Holonomic_Base_Simulation/ros_2_ws/install/nav2_behavior_tree/include//nav2_behavior_tree/plugins/decorator/distance_controller.hpp
[2.626s] -- Up-to-date: /home/deivideich/Holonomic_Base_Simulation/ros_2_ws/install/nav2_behavior_tree/include//nav2_behavior_tree/plugins/decorator/speed_controller.hpp
[2.626s] -- Up-to-date: /home/deivideich/Holonomic_Base_Simulation/ros_2_ws/install/nav2_behavior_tree/include//nav2_behavior_tree/plugins/decorator/goal_updater_node.hpp
[2.626s] -- Up-to-date: /home/deivideich/Holonomic_Base_Simulation/ros_2_ws/install/nav2_behavior_tree/include//nav2_behavior_tree/plugins/action
[2.626s] -- Up-to-date: /home/deivideich/Holonomic_Base_Simulation/ros_2_ws/install/nav2_behavior_tree/include//nav2_behavior_tree/plugins/action/truncate_path_action.hpp
[2.626s] -- Up-to-date: /home/deivideich/Holonomic_Base_Simulation/ros_2_ws/install/nav2_behavior_tree/include//nav2_behavior_tree/plugins/action/spin_action.hpp
[2.626s] -- Up-to-date: /home/deivideich/Holonomic_Base_Simulation/ros_2_ws/install/nav2_behavior_tree/include//nav2_behavior_tree/plugins/action/follow_path_action.hpp
[2.626s] -- Up-to-date: /home/deivideich/Holonomic_Base_Simulation/ros_2_ws/install/nav2_behavior_tree/include//nav2_behavior_tree/plugins/action/clear_costmap_service.hpp
[2.626s] -- Up-to-date: /home/deivideich/Holonomic_Base_Simulation/ros_2_ws/install/nav2_behavior_tree/include//nav2_behavior_tree/plugins/action/wait_action.hpp
[2.626s] -- Up-to-date: /home/deivideich/Holonomic_Base_Simulation/ros_2_ws/install/nav2_behavior_tree/include//nav2_behavior_tree/plugins/action/compute_path_to_pose_action.hpp
[2.626s] -- Up-to-date: /home/deivideich/Holonomic_Base_Simulation/ros_2_ws/install/nav2_behavior_tree/include//nav2_behavior_tree/plugins/action/back_up_action.hpp
[2.626s] -- Up-to-date: /home/deivideich/Holonomic_Base_Simulation/ros_2_ws/install/nav2_behavior_tree/include//nav2_behavior_tree/plugins/action/navigate_to_pose_action.hpp
[2.626s] -- Up-to-date: /home/deivideich/Holonomic_Base_Simulation/ros_2_ws/install/nav2_behavior_tree/include//nav2_behavior_tree/plugins/action/reinitialize_global_localization_service.hpp
[2.626s] -- Up-to-date: /home/deivideich/Holonomic_Base_Simulation/ros_2_ws/install/nav2_behavior_tree/include//nav2_behavior_tree/plugins/control
[2.626s] -- Up-to-date: /home/deivideich/Holonomic_Base_Simulation/ros_2_ws/install/nav2_behavior_tree/include//nav2_behavior_tree/plugins/control/round_robin_node.hpp
[2.626s] -- Up-to-date: /home/deivideich/Holonomic_Base_Simulation/ros_2_ws/install/nav2_behavior_tree/include//nav2_behavior_tree/plugins/control/pipeline_sequence.hpp
[2.627s] -- Up-to-date: /home/deivideich/Holonomic_Base_Simulation/ros_2_ws/install/nav2_behavior_tree/include//nav2_behavior_tree/plugins/control/recovery_node.hpp
[2.627s] -- Up-to-date: /home/deivideich/Holonomic_Base_Simulation/ros_2_ws/install/nav2_behavior_tree/include//nav2_behavior_tree/bt_action_node.hpp
[2.627s] -- Up-to-date: /home/deivideich/Holonomic_Base_Simulation/ros_2_ws/install/nav2_behavior_tree/share/nav2_behavior_tree/nav2_tree_nodes.xml
[2.627s] -- Up-to-date: /home/deivideich/Holonomic_Base_Simulation/ros_2_ws/install/nav2_behavior_tree/share/nav2_behavior_tree/environment/library_path.sh
[2.627s] -- Up-to-date: /home/deivideich/Holonomic_Base_Simulation/ros_2_ws/install/nav2_behavior_tree/share/nav2_behavior_tree/environment/library_path.dsv
[2.627s] -- Up-to-date: /home/deivideich/Holonomic_Base_Simulation/ros_2_ws/install/nav2_behavior_tree/share/ament_index/resource_index/package_run_dependencies/nav2_behavior_tree
[2.627s] -- Up-to-date: /home/deivideich/Holonomic_Base_Simulation/ros_2_ws/install/nav2_behavior_tree/share/ament_index/resource_index/parent_prefix_path/nav2_behavior_tree
[2.627s] -- Up-to-date: /home/deivideich/Holonomic_Base_Simulation/ros_2_ws/install/nav2_behavior_tree/share/nav2_behavior_tree/environment/ament_prefix_path.sh
[2.627s] -- Up-to-date: /home/deivideich/Holonomic_Base_Simulation/ros_2_ws/install/nav2_behavior_tree/share/nav2_behavior_tree/environment/ament_prefix_path.dsv
[2.627s] -- Up-to-date: /home/deivideich/Holonomic_Base_Simulation/ros_2_ws/install/nav2_behavior_tree/share/nav2_behavior_tree/environment/path.sh
[2.627s] -- Up-to-date: /home/deivideich/Holonomic_Base_Simulation/ros_2_ws/install/nav2_behavior_tree/share/nav2_behavior_tree/environment/path.dsv
[2.627s] -- Up-to-date: /home/deivideich/Holonomic_Base_Simulation/ros_2_ws/install/nav2_behavior_tree/share/nav2_behavior_tree/local_setup.bash
[2.627s] -- Up-to-date: /home/deivideich/Holonomic_Base_Simulation/ros_2_ws/install/nav2_behavior_tree/share/nav2_behavior_tree/local_setup.sh
[2.627s] -- Up-to-date: /home/deivideich/Holonomic_Base_Simulation/ros_2_ws/install/nav2_behavior_tree/share/nav2_behavior_tree/local_setup.zsh
[2.627s] -- Up-to-date: /home/deivideich/Holonomic_Base_Simulation/ros_2_ws/install/nav2_behavior_tree/share/nav2_behavior_tree/local_setup.dsv
[2.627s] -- Installing: /home/deivideich/Holonomic_Base_Simulation/ros_2_ws/install/nav2_behavior_tree/share/nav2_behavior_tree/package.dsv
[2.627s] -- Up-to-date: /home/deivideich/Holonomic_Base_Simulation/ros_2_ws/install/nav2_behavior_tree/share/ament_index/resource_index/packages/nav2_behavior_tree
[2.627s] -- Up-to-date: /home/deivideich/Holonomic_Base_Simulation/ros_2_ws/install/nav2_behavior_tree/share/nav2_behavior_tree/cmake/ament_cmake_export_include_directories-extras.cmake
[2.628s] -- Up-to-date: /home/deivideich/Holonomic_Base_Simulation/ros_2_ws/install/nav2_behavior_tree/share/nav2_behavior_tree/cmake/ament_cmake_export_libraries-extras.cmake
[2.628s] -- Up-to-date: /home/deivideich/Holonomic_Base_Simulation/ros_2_ws/install/nav2_behavior_tree/share/nav2_behavior_tree/cmake/ament_cmake_export_dependencies-extras.cmake
[2.628s] -- Up-to-date: /home/deivideich/Holonomic_Base_Simulation/ros_2_ws/install/nav2_behavior_tree/share/nav2_behavior_tree/cmake/nav2_behavior_treeConfig.cmake
[2.628s] -- Up-to-date: /home/deivideich/Holonomic_Base_Simulation/ros_2_ws/install/nav2_behavior_tree/share/nav2_behavior_tree/cmake/nav2_behavior_treeConfig-version.cmake
[2.628s] -- Up-to-date: /home/deivideich/Holonomic_Base_Simulation/ros_2_ws/install/nav2_behavior_tree/share/nav2_behavior_tree/package.xml
[3.100s] Invoked command in '/home/deivideich/Holonomic_Base_Simulation/ros_2_ws/build/nav2_behavior_tree' returned '0': CMAKE_PREFIX_PATH=/home/deivideich/Holonomic_Base_Simulation/ros_2_ws/install/nav2_util:/home/deivideich/Holonomic_Base_Simulation/ros_2_ws/install/nav2_msgs:/home/deivideich/Holonomic_Base_Simulation/ros_2_ws/install/nav2_common:/home/deivideich/Holonomic_Base_Simulation/ros_2_ws/install/nav2_system_tests:/home/deivideich/Holonomic_Base_Simulation/ros_2_ws/install/nav2_bringup:/home/deivideich/Holonomic_Base_Simulation/ros_2_ws/install/navigation2:/home/deivideich/Holonomic_Base_Simulation/ros_2_ws/install/smac_planner:/home/deivideich/Holonomic_Base_Simulation/ros_2_ws/install/nav2_dwb_controller:/home/deivideich/Holonomic_Base_Simulation/ros_2_ws/install/nav2_controller:/home/deivideich/Holonomic_Base_Simulation/ros_2_ws/install/dwb_plugins:/home/deivideich/Holonomic_Base_Simulation/ros_2_ws/install/dwb_critics:/home/deivideich/Holonomic_Base_Simulation/ros_2_ws/install/dwb_core:/home/deivideich/Holonomic_Base_Simulation/ros_2_ws/install/nav_2d_utils:/home/deivideich/Holonomic_Base_Simulation/ros_2_ws/install/dwb_msgs:/home/deivideich/Holonomic_Base_Simulation/ros_2_ws/install/nav_2d_msgs:/home/deivideich/Holonomic_Base_Simulation/ros_2_ws/install/nav2_waypoint_follower:/home/deivideich/Holonomic_Base_Simulation/ros_2_ws/install/nav2_regulated_pure_pursuit_controller:/home/deivideich/Holonomic_Base_Simulation/ros_2_ws/install/nav2_recoveries:/home/deivideich/Holonomic_Base_Simulation/ros_2_ws/install/nav2_planner:/home/deivideich/Holonomic_Base_Simulation/ros_2_ws/install/nav2_navfn_planner:/home/deivideich/Holonomic_Base_Simulation/ros_2_ws/install/nav2_core:/home/deivideich/Holonomic_Base_Simulation/ros_2_ws/install/costmap_queue:/home/deivideich/Holonomic_Base_Simulation/ros_2_ws/install/nav2_costmap_2d:/home/deivideich/Holonomic_Base_Simulation/ros_2_ws/install/nav2_voxel_grid:/home/deivideich/Holonomic_Base_Simulation/ros_2_ws/install/nav2_rviz_plugins:/home/deivideich/Holonomic_Base_Simulation/ros_2_ws/install/nav2_map_server:/home/deivideich/Holonomic_Base_Simulation/ros_2_ws/install/nav2_lifecycle_manager:/home/deivideich/Holonomic_Base_Simulation/ros_2_ws/install/nav2_bt_navigator:/home/deivideich/Holonomic_Base_Simulation/ros_2_ws/install/nav2_behavior_tree:/home/deivideich/Holonomic_Base_Simulation/ros_2_ws/install/nav2_amcl:/home/deivideich/axebot_example/install/omnidirectional_controllers:/home/deivideich/axebot_example/install/axebot_gazebo:/home/deivideich/axebot_example/install/axebot_description:/home/deivideich/axebot_example/install/axebot_control:/home/deivideich/axebot_example/src/install/omnidirectional_controllers:/home/deivideich/axebot_example/src/install/axebot_gazebo:/home/deivideich/axebot_example/src/install/axebot_description:/home/deivideich/axebot_example/src/install/axebot_control:/home/deivideich/Holonomic_Base_Simulation/ros_2_ws/src/octobot_2/install/octobot_2:/home/deivideich/Holonomic_Base_Simulation/ros_2_ws/install/octobot_2:/home/deivideich/Holonomic_Base_Simulation/ros_2_ws/install/nav2_gazebo_spawner:/opt/ros/foxy:/opt/ros/noetic LD_LIBRARY_PATH=/home/deivideich/Holonomic_Base_Simulation/ros_2_ws/install/nav2_util/lib:/home/deivideich/Holonomic_Base_Simulation/ros_2_ws/install/nav2_msgs/lib:/home/deivideich/Holonomic_Base_Simulation/ros_2_ws/install/smac_planner/lib:/home/deivideich/Holonomic_Base_Simulation/ros_2_ws/install/nav2_controller/lib:/home/deivideich/Holonomic_Base_Simulation/ros_2_ws/install/dwb_plugins/lib:/home/deivideich/Holonomic_Base_Simulation/ros_2_ws/install/dwb_critics/lib:/home/deivideich/Holonomic_Base_Simulation/ros_2_ws/install/dwb_core/lib:/home/deivideich/Holonomic_Base_Simulation/ros_2_ws/install/nav_2d_utils/lib:/home/deivideich/Holonomic_Base_Simulation/ros_2_ws/install/dwb_msgs/lib:/home/deivideich/Holonomic_Base_Simulation/ros_2_ws/install/nav_2d_msgs/lib:/home/deivideich/Holonomic_Base_Simulation/ros_2_ws/install/nav2_waypoint_follower/lib:/home/deivideich/Holonomic_Base_Simulation/ros_2_ws/install/nav2_regulated_pure_pursuit_controller/lib:/home/deivideich/Holonomic_Base_Simulation/ros_2_ws/install/nav2_recoveries/lib:/home/deivideich/Holonomic_Base_Simulation/ros_2_ws/install/nav2_planner/lib:/home/deivideich/Holonomic_Base_Simulation/ros_2_ws/install/nav2_navfn_planner/lib:/home/deivideich/Holonomic_Base_Simulation/ros_2_ws/install/costmap_queue/lib:/home/deivideich/Holonomic_Base_Simulation/ros_2_ws/install/nav2_costmap_2d/lib:/home/deivideich/Holonomic_Base_Simulation/ros_2_ws/install/nav2_voxel_grid/lib:/home/deivideich/Holonomic_Base_Simulation/ros_2_ws/install/nav2_rviz_plugins/lib:/home/deivideich/Holonomic_Base_Simulation/ros_2_ws/install/nav2_map_server/lib:/home/deivideich/Holonomic_Base_Simulation/ros_2_ws/install/nav2_lifecycle_manager/lib:/home/deivideich/Holonomic_Base_Simulation/ros_2_ws/install/nav2_bt_navigator/lib:/home/deivideich/Holonomic_Base_Simulation/ros_2_ws/install/nav2_behavior_tree/lib:/home/deivideich/Holonomic_Base_Simulation/ros_2_ws/install/nav2_amcl/lib:/home/deivideich/axebot_example/install/omnidirectional_controllers/lib:/home/deivideich/axebot_example/src/install/omnidirectional_controllers/lib:/usr/lib/x86_64-linux-gnu/gazebo-11/plugins:/opt/ros/foxy/opt/yaml_cpp_vendor/lib:/opt/ros/foxy/opt/rviz_ogre_vendor/lib:/opt/ros/foxy/lib/x86_64-linux-gnu:/opt/ros/foxy/lib:/opt/ros/noetic/lib:/opt/ros/noetic/lib/x86_64-linux-gnu PYTHONPATH=/home/deivideich/Holonomic_Base_Simulation/ros_2_ws/install/nav2_msgs/lib/python3.8/site-packages:/home/deivideich/Holonomic_Base_Simulation/ros_2_ws/install/nav2_common/lib/python3.8/site-packages:/home/deivideich/Holonomic_Base_Simulation/ros_2_ws/src/octobot_2/install/octobot_2/lib/python3.8/site-packages:/home/deivideich/Holonomic_Base_Simulation/ros_2_ws/install/octobot_2/lib/python3.8/site-packages:/home/deivideich/Holonomic_Base_Simulation/ros_2_ws/install/dwb_msgs/lib/python3.8/site-packages:/home/deivideich/Holonomic_Base_Simulation/ros_2_ws/install/nav_2d_msgs/lib/python3.8/site-packages:/home/deivideich/Holonomic_Base_Simulation/ros_2_ws/install/nav2_gazebo_spawner/lib/python3.8/site-packages:/opt/ros/foxy/lib/python3.8/site-packages:/opt/ros/noetic/lib/python3/dist-packages /usr/bin/cmake --install /home/deivideich/Holonomic_Base_Simulation/ros_2_ws/build/nav2_behavior_tree
