[0.610s] Invoking command in '/home/deivideich/Holonomic_Base_Simulation/ros_2_ws/build/nav_2d_msgs': CMAKE_PREFIX_PATH=/home/deivideich/Holonomic_Base_Simulation/ros_2_ws/install/nav2_system_tests:/home/deivideich/Holonomic_Base_Simulation/ros_2_ws/install/nav2_bringup:/home/deivideich/Holonomic_Base_Simulation/ros_2_ws/install/navigation2:/home/deivideich/Holonomic_Base_Simulation/ros_2_ws/install/smac_planner:/home/deivideich/Holonomic_Base_Simulation/ros_2_ws/install/nav2_dwb_controller:/home/deivideich/Holonomic_Base_Simulation/ros_2_ws/install/nav2_controller:/home/deivideich/Holonomic_Base_Simulation/ros_2_ws/install/dwb_plugins:/home/deivideich/Holonomic_Base_Simulation/ros_2_ws/install/dwb_critics:/home/deivideich/Holonomic_Base_Simulation/ros_2_ws/install/dwb_core:/home/deivideich/Holonomic_Base_Simulation/ros_2_ws/install/nav_2d_utils:/home/deivideich/Holonomic_Base_Simulation/ros_2_ws/install/dwb_msgs:/home/deivideich/Holonomic_Base_Simulation/ros_2_ws/install/nav_2d_msgs:/home/deivideich/Holonomic_Base_Simulation/ros_2_ws/install/nav2_waypoint_follower:/home/deivideich/Holonomic_Base_Simulation/ros_2_ws/install/nav2_regulated_pure_pursuit_controller:/home/deivideich/Holonomic_Base_Simulation/ros_2_ws/install/nav2_recoveries:/home/deivideich/Holonomic_Base_Simulation/ros_2_ws/install/nav2_planner:/home/deivideich/Holonomic_Base_Simulation/ros_2_ws/install/nav2_navfn_planner:/home/deivideich/Holonomic_Base_Simulation/ros_2_ws/install/nav2_core:/home/deivideich/Holonomic_Base_Simulation/ros_2_ws/install/costmap_queue:/home/deivideich/Holonomic_Base_Simulation/ros_2_ws/install/nav2_costmap_2d:/home/deivideich/Holonomic_Base_Simulation/ros_2_ws/install/nav2_voxel_grid:/home/deivideich/Holonomic_Base_Simulation/ros_2_ws/install/nav2_rviz_plugins:/home/deivideich/Holonomic_Base_Simulation/ros_2_ws/install/nav2_map_server:/home/deivideich/Holonomic_Base_Simulation/ros_2_ws/install/nav2_lifecycle_manager:/home/deivideich/Holonomic_Base_Simulation/ros_2_ws/install/nav2_bt_navigator:/home/deivideich/Holonomic_Base_Simulation/ros_2_ws/install/nav2_behavior_tree:/home/deivideich/Holonomic_Base_Simulation/ros_2_ws/install/nav2_amcl:/home/deivideich/Holonomic_Base_Simulation/ros_2_ws/install/nav2_util:/home/deivideich/Holonomic_Base_Simulation/ros_2_ws/install/nav2_msgs:/home/deivideich/Holonomic_Base_Simulation/ros_2_ws/install/nav2_common:/home/deivideich/Holonomic_Base_Simulation/ros_2_ws/install/nav2_gazebo_spawner:/home/deivideich/Holonomic_Base_Simulation/ros_2_ws/install/octobot_2:/opt/ros/foxy:/opt/ros/noetic /usr/bin/cmake --build /home/deivideich/Holonomic_Base_Simulation/ros_2_ws/build/nav_2d_msgs -- -j16 -l16
[0.988s] [  4%] Built target nav_2d_msgs__cpp
[0.989s] [ 12%] Built target nav_2d_msgs__rosidl_generator_c
[0.989s] [ 54%] Built target nav_2d_msgs__rosidl_typesupport_c
[0.989s] [ 54%] Built target nav_2d_msgs__rosidl_typesupport_cpp
[0.989s] [ 54%] Built target nav_2d_msgs__rosidl_typesupport_introspection_c
[0.989s] [ 57%] Built target nav_2d_msgs__rosidl_typesupport_introspection_cpp
[0.989s] [ 69%] Built target nav_2d_msgs__rosidl_typesupport_fastrtps_cpp
[0.990s] [ 80%] Built target nav_2d_msgs__rosidl_typesupport_fastrtps_c
[0.990s] [ 80%] Built target nav_2d_msgs
[0.990s] [ 81%] Built target nav_2d_msgs__py
[0.991s] [ 91%] Built target nav_2d_msgs__python
[0.991s] [100%] Built target nav_2d_msgs__rosidl_typesupport_fastrtps_c__pyext
[0.991s] [100%] Built target nav_2d_msgs__rosidl_typesupport_introspection_c__pyext
[0.991s] [100%] Built target nav_2d_msgs__rosidl_typesupport_c__pyext
[1.375s] Invoked command in '/home/deivideich/Holonomic_Base_Simulation/ros_2_ws/build/nav_2d_msgs' returned '0': CMAKE_PREFIX_PATH=/home/deivideich/Holonomic_Base_Simulation/ros_2_ws/install/nav2_system_tests:/home/deivideich/Holonomic_Base_Simulation/ros_2_ws/install/nav2_bringup:/home/deivideich/Holonomic_Base_Simulation/ros_2_ws/install/navigation2:/home/deivideich/Holonomic_Base_Simulation/ros_2_ws/install/smac_planner:/home/deivideich/Holonomic_Base_Simulation/ros_2_ws/install/nav2_dwb_controller:/home/deivideich/Holonomic_Base_Simulation/ros_2_ws/install/nav2_controller:/home/deivideich/Holonomic_Base_Simulation/ros_2_ws/install/dwb_plugins:/home/deivideich/Holonomic_Base_Simulation/ros_2_ws/install/dwb_critics:/home/deivideich/Holonomic_Base_Simulation/ros_2_ws/install/dwb_core:/home/deivideich/Holonomic_Base_Simulation/ros_2_ws/install/nav_2d_utils:/home/deivideich/Holonomic_Base_Simulation/ros_2_ws/install/dwb_msgs:/home/deivideich/Holonomic_Base_Simulation/ros_2_ws/install/nav_2d_msgs:/home/deivideich/Holonomic_Base_Simulation/ros_2_ws/install/nav2_waypoint_follower:/home/deivideich/Holonomic_Base_Simulation/ros_2_ws/install/nav2_regulated_pure_pursuit_controller:/home/deivideich/Holonomic_Base_Simulation/ros_2_ws/install/nav2_recoveries:/home/deivideich/Holonomic_Base_Simulation/ros_2_ws/install/nav2_planner:/home/deivideich/Holonomic_Base_Simulation/ros_2_ws/install/nav2_navfn_planner:/home/deivideich/Holonomic_Base_Simulation/ros_2_ws/install/nav2_core:/home/deivideich/Holonomic_Base_Simulation/ros_2_ws/install/costmap_queue:/home/deivideich/Holonomic_Base_Simulation/ros_2_ws/install/nav2_costmap_2d:/home/deivideich/Holonomic_Base_Simulation/ros_2_ws/install/nav2_voxel_grid:/home/deivideich/Holonomic_Base_Simulation/ros_2_ws/install/nav2_rviz_plugins:/home/deivideich/Holonomic_Base_Simulation/ros_2_ws/install/nav2_map_server:/home/deivideich/Holonomic_Base_Simulation/ros_2_ws/install/nav2_lifecycle_manager:/home/deivideich/Holonomic_Base_Simulation/ros_2_ws/install/nav2_bt_navigator:/home/deivideich/Holonomic_Base_Simulation/ros_2_ws/install/nav2_behavior_tree:/home/deivideich/Holonomic_Base_Simulation/ros_2_ws/install/nav2_amcl:/home/deivideich/Holonomic_Base_Simulation/ros_2_ws/install/nav2_util:/home/deivideich/Holonomic_Base_Simulation/ros_2_ws/install/nav2_msgs:/home/deivideich/Holonomic_Base_Simulation/ros_2_ws/install/nav2_common:/home/deivideich/Holonomic_Base_Simulation/ros_2_ws/install/nav2_gazebo_spawner:/home/deivideich/Holonomic_Base_Simulation/ros_2_ws/install/octobot_2:/opt/ros/foxy:/opt/ros/noetic /usr/bin/cmake --build /home/deivideich/Holonomic_Base_Simulation/ros_2_ws/build/nav_2d_msgs -- -j16 -l16
[1.602s] Invoking command in '/home/deivideich/Holonomic_Base_Simulation/ros_2_ws/build/nav_2d_msgs': CMAKE_PREFIX_PATH=/home/deivideich/Holonomic_Base_Simulation/ros_2_ws/install/nav2_system_tests:/home/deivideich/Holonomic_Base_Simulation/ros_2_ws/install/nav2_bringup:/home/deivideich/Holonomic_Base_Simulation/ros_2_ws/install/navigation2:/home/deivideich/Holonomic_Base_Simulation/ros_2_ws/install/smac_planner:/home/deivideich/Holonomic_Base_Simulation/ros_2_ws/install/nav2_dwb_controller:/home/deivideich/Holonomic_Base_Simulation/ros_2_ws/install/nav2_controller:/home/deivideich/Holonomic_Base_Simulation/ros_2_ws/install/dwb_plugins:/home/deivideich/Holonomic_Base_Simulation/ros_2_ws/install/dwb_critics:/home/deivideich/Holonomic_Base_Simulation/ros_2_ws/install/dwb_core:/home/deivideich/Holonomic_Base_Simulation/ros_2_ws/install/nav_2d_utils:/home/deivideich/Holonomic_Base_Simulation/ros_2_ws/install/dwb_msgs:/home/deivideich/Holonomic_Base_Simulation/ros_2_ws/install/nav_2d_msgs:/home/deivideich/Holonomic_Base_Simulation/ros_2_ws/install/nav2_waypoint_follower:/home/deivideich/Holonomic_Base_Simulation/ros_2_ws/install/nav2_regulated_pure_pursuit_controller:/home/deivideich/Holonomic_Base_Simulation/ros_2_ws/install/nav2_recoveries:/home/deivideich/Holonomic_Base_Simulation/ros_2_ws/install/nav2_planner:/home/deivideich/Holonomic_Base_Simulation/ros_2_ws/install/nav2_navfn_planner:/home/deivideich/Holonomic_Base_Simulation/ros_2_ws/install/nav2_core:/home/deivideich/Holonomic_Base_Simulation/ros_2_ws/install/costmap_queue:/home/deivideich/Holonomic_Base_Simulation/ros_2_ws/install/nav2_costmap_2d:/home/deivideich/Holonomic_Base_Simulation/ros_2_ws/install/nav2_voxel_grid:/home/deivideich/Holonomic_Base_Simulation/ros_2_ws/install/nav2_rviz_plugins:/home/deivideich/Holonomic_Base_Simulation/ros_2_ws/install/nav2_map_server:/home/deivideich/Holonomic_Base_Simulation/ros_2_ws/install/nav2_lifecycle_manager:/home/deivideich/Holonomic_Base_Simulation/ros_2_ws/install/nav2_bt_navigator:/home/deivideich/Holonomic_Base_Simulation/ros_2_ws/install/nav2_behavior_tree:/home/deivideich/Holonomic_Base_Simulation/ros_2_ws/install/nav2_amcl:/home/deivideich/Holonomic_Base_Simulation/ros_2_ws/install/nav2_util:/home/deivideich/Holonomic_Base_Simulation/ros_2_ws/install/nav2_msgs:/home/deivideich/Holonomic_Base_Simulation/ros_2_ws/install/nav2_common:/home/deivideich/Holonomic_Base_Simulation/ros_2_ws/install/nav2_gazebo_spawner:/home/deivideich/Holonomic_Base_Simulation/ros_2_ws/install/octobot_2:/opt/ros/foxy:/opt/ros/noetic /usr/bin/cmake --install /home/deivideich/Holonomic_Base_Simulation/ros_2_ws/build/nav_2d_msgs
[1.611s] -- Install configuration: ""
[1.611s] -- Up-to-date: /home/deivideich/Holonomic_Base_Simulation/ros_2_ws/install/nav_2d_msgs/share/ament_index/resource_index/rosidl_interfaces/nav_2d_msgs
[1.611s] -- Up-to-date: /home/deivideich/Holonomic_Base_Simulation/ros_2_ws/install/nav_2d_msgs/include/nav_2d_msgs
[1.611s] -- Up-to-date: /home/deivideich/Holonomic_Base_Simulation/ros_2_ws/install/nav_2d_msgs/include/nav_2d_msgs/msg
[1.611s] -- Up-to-date: /home/deivideich/Holonomic_Base_Simulation/ros_2_ws/install/nav_2d_msgs/include/nav_2d_msgs/msg/path2_d.h
[1.611s] -- Up-to-date: /home/deivideich/Holonomic_Base_Simulation/ros_2_ws/install/nav_2d_msgs/include/nav_2d_msgs/msg/twist2_d.h
[1.611s] -- Up-to-date: /home/deivideich/Holonomic_Base_Simulation/ros_2_ws/install/nav_2d_msgs/include/nav_2d_msgs/msg/pose2_d_stamped.h
[1.611s] -- Up-to-date: /home/deivideich/Holonomic_Base_Simulation/ros_2_ws/install/nav_2d_msgs/include/nav_2d_msgs/msg/twist2_d_stamped.h
[1.611s] -- Up-to-date: /home/deivideich/Holonomic_Base_Simulation/ros_2_ws/install/nav_2d_msgs/include/nav_2d_msgs/msg/twist2_d32.h
[1.611s] -- Up-to-date: /home/deivideich/Holonomic_Base_Simulation/ros_2_ws/install/nav_2d_msgs/include/nav_2d_msgs/msg/detail
[1.612s] -- Up-to-date: /home/deivideich/Holonomic_Base_Simulation/ros_2_ws/install/nav_2d_msgs/include/nav_2d_msgs/msg/detail/twist2_d32__functions.h
[1.612s] -- Up-to-date: /home/deivideich/Holonomic_Base_Simulation/ros_2_ws/install/nav_2d_msgs/include/nav_2d_msgs/msg/detail/twist2_d__type_support.h
[1.612s] -- Up-to-date: /home/deivideich/Holonomic_Base_Simulation/ros_2_ws/install/nav_2d_msgs/include/nav_2d_msgs/msg/detail/path2_d__functions.c
[1.612s] -- Up-to-date: /home/deivideich/Holonomic_Base_Simulation/ros_2_ws/install/nav_2d_msgs/include/nav_2d_msgs/msg/detail/pose2_d32__functions.h
[1.612s] -- Up-to-date: /home/deivideich/Holonomic_Base_Simulation/ros_2_ws/install/nav_2d_msgs/include/nav_2d_msgs/msg/detail/path2_d__type_support.h
[1.612s] -- Up-to-date: /home/deivideich/Holonomic_Base_Simulation/ros_2_ws/install/nav_2d_msgs/include/nav_2d_msgs/msg/detail/twist2_d32__struct.h
[1.612s] -- Up-to-date: /home/deivideich/Holonomic_Base_Simulation/ros_2_ws/install/nav_2d_msgs/include/nav_2d_msgs/msg/detail/path2_d__struct.h
[1.612s] -- Up-to-date: /home/deivideich/Holonomic_Base_Simulation/ros_2_ws/install/nav_2d_msgs/include/nav_2d_msgs/msg/detail/twist2_d32__type_support.h
[1.612s] -- Up-to-date: /home/deivideich/Holonomic_Base_Simulation/ros_2_ws/install/nav_2d_msgs/include/nav_2d_msgs/msg/detail/twist2_d__functions.h
[1.612s] -- Up-to-date: /home/deivideich/Holonomic_Base_Simulation/ros_2_ws/install/nav_2d_msgs/include/nav_2d_msgs/msg/detail/pose2_d32__struct.h
[1.612s] -- Up-to-date: /home/deivideich/Holonomic_Base_Simulation/ros_2_ws/install/nav_2d_msgs/include/nav_2d_msgs/msg/detail/pose2_d_stamped__functions.h
[1.612s] -- Up-to-date: /home/deivideich/Holonomic_Base_Simulation/ros_2_ws/install/nav_2d_msgs/include/nav_2d_msgs/msg/detail/path2_d__functions.h
[1.612s] -- Up-to-date: /home/deivideich/Holonomic_Base_Simulation/ros_2_ws/install/nav_2d_msgs/include/nav_2d_msgs/msg/detail/twist2_d_stamped__functions.h
[1.612s] -- Up-to-date: /home/deivideich/Holonomic_Base_Simulation/ros_2_ws/install/nav_2d_msgs/include/nav_2d_msgs/msg/detail/twist2_d_stamped__struct.h
[1.612s] -- Up-to-date: /home/deivideich/Holonomic_Base_Simulation/ros_2_ws/install/nav_2d_msgs/include/nav_2d_msgs/msg/detail/pose2_d_stamped__functions.c
[1.613s] -- Up-to-date: /home/deivideich/Holonomic_Base_Simulation/ros_2_ws/install/nav_2d_msgs/include/nav_2d_msgs/msg/detail/twist2_d__struct.h
[1.613s] -- Up-to-date: /home/deivideich/Holonomic_Base_Simulation/ros_2_ws/install/nav_2d_msgs/include/nav_2d_msgs/msg/detail/pose2_d_stamped__struct.h
[1.613s] -- Up-to-date: /home/deivideich/Holonomic_Base_Simulation/ros_2_ws/install/nav_2d_msgs/include/nav_2d_msgs/msg/detail/twist2_d__functions.c
[1.613s] -- Up-to-date: /home/deivideich/Holonomic_Base_Simulation/ros_2_ws/install/nav_2d_msgs/include/nav_2d_msgs/msg/detail/pose2_d32__functions.c
[1.613s] -- Up-to-date: /home/deivideich/Holonomic_Base_Simulation/ros_2_ws/install/nav_2d_msgs/include/nav_2d_msgs/msg/detail/twist2_d32__functions.c
[1.613s] -- Up-to-date: /home/deivideich/Holonomic_Base_Simulation/ros_2_ws/install/nav_2d_msgs/include/nav_2d_msgs/msg/detail/pose2_d_stamped__type_support.h
[1.613s] -- Up-to-date: /home/deivideich/Holonomic_Base_Simulation/ros_2_ws/install/nav_2d_msgs/include/nav_2d_msgs/msg/detail/twist2_d_stamped__type_support.h
[1.613s] -- Up-to-date: /home/deivideich/Holonomic_Base_Simulation/ros_2_ws/install/nav_2d_msgs/include/nav_2d_msgs/msg/detail/pose2_d32__type_support.h
[1.613s] -- Up-to-date: /home/deivideich/Holonomic_Base_Simulation/ros_2_ws/install/nav_2d_msgs/include/nav_2d_msgs/msg/detail/twist2_d_stamped__functions.c
[1.613s] -- Up-to-date: /home/deivideich/Holonomic_Base_Simulation/ros_2_ws/install/nav_2d_msgs/include/nav_2d_msgs/msg/rosidl_generator_c__visibility_control.h
[1.613s] -- Up-to-date: /home/deivideich/Holonomic_Base_Simulation/ros_2_ws/install/nav_2d_msgs/include/nav_2d_msgs/msg/pose2_d32.h
[1.613s] -- Up-to-date: /home/deivideich/Holonomic_Base_Simulation/ros_2_ws/install/nav_2d_msgs/share/nav_2d_msgs/environment/library_path.sh
[1.613s] -- Up-to-date: /home/deivideich/Holonomic_Base_Simulation/ros_2_ws/install/nav_2d_msgs/share/nav_2d_msgs/environment/library_path.dsv
[1.613s] -- Up-to-date: /home/deivideich/Holonomic_Base_Simulation/ros_2_ws/install/nav_2d_msgs/lib/libnav_2d_msgs__rosidl_generator_c.so
[1.613s] -- Up-to-date: /home/deivideich/Holonomic_Base_Simulation/ros_2_ws/install/nav_2d_msgs/include/nav_2d_msgs
[1.613s] -- Up-to-date: /home/deivideich/Holonomic_Base_Simulation/ros_2_ws/install/nav_2d_msgs/include/nav_2d_msgs/msg
[1.614s] -- Up-to-date: /home/deivideich/Holonomic_Base_Simulation/ros_2_ws/install/nav_2d_msgs/include/nav_2d_msgs/msg/detail
[1.614s] -- Up-to-date: /home/deivideich/Holonomic_Base_Simulation/ros_2_ws/install/nav_2d_msgs/include/nav_2d_msgs/msg/detail/twist2_d_stamped__rosidl_typesupport_fastrtps_c.h
[1.614s] -- Up-to-date: /home/deivideich/Holonomic_Base_Simulation/ros_2_ws/install/nav_2d_msgs/include/nav_2d_msgs/msg/detail/pose2_d32__rosidl_typesupport_fastrtps_c.h
[1.614s] -- Up-to-date: /home/deivideich/Holonomic_Base_Simulation/ros_2_ws/install/nav_2d_msgs/include/nav_2d_msgs/msg/detail/twist2_d32__rosidl_typesupport_fastrtps_c.h
[1.614s] -- Up-to-date: /home/deivideich/Holonomic_Base_Simulation/ros_2_ws/install/nav_2d_msgs/include/nav_2d_msgs/msg/detail/path2_d__rosidl_typesupport_fastrtps_c.h
[1.614s] -- Up-to-date: /home/deivideich/Holonomic_Base_Simulation/ros_2_ws/install/nav_2d_msgs/include/nav_2d_msgs/msg/detail/twist2_d__rosidl_typesupport_fastrtps_c.h
[1.614s] -- Up-to-date: /home/deivideich/Holonomic_Base_Simulation/ros_2_ws/install/nav_2d_msgs/include/nav_2d_msgs/msg/detail/pose2_d_stamped__rosidl_typesupport_fastrtps_c.h
[1.614s] -- Up-to-date: /home/deivideich/Holonomic_Base_Simulation/ros_2_ws/install/nav_2d_msgs/include/nav_2d_msgs/msg/rosidl_typesupport_fastrtps_c__visibility_control.h
[1.614s] -- Up-to-date: /home/deivideich/Holonomic_Base_Simulation/ros_2_ws/install/nav_2d_msgs/lib/libnav_2d_msgs__rosidl_typesupport_fastrtps_c.so
[1.614s] -- Up-to-date: /home/deivideich/Holonomic_Base_Simulation/ros_2_ws/install/nav_2d_msgs/include/nav_2d_msgs
[1.614s] -- Up-to-date: /home/deivideich/Holonomic_Base_Simulation/ros_2_ws/install/nav_2d_msgs/include/nav_2d_msgs/msg
[1.614s] -- Up-to-date: /home/deivideich/Holonomic_Base_Simulation/ros_2_ws/install/nav_2d_msgs/include/nav_2d_msgs/msg/rosidl_typesupport_fastrtps_cpp__visibility_control.h
[1.614s] -- Up-to-date: /home/deivideich/Holonomic_Base_Simulation/ros_2_ws/install/nav_2d_msgs/include/nav_2d_msgs/msg/detail
[1.615s] -- Up-to-date: /home/deivideich/Holonomic_Base_Simulation/ros_2_ws/install/nav_2d_msgs/include/nav_2d_msgs/msg/detail/twist2_d_stamped__rosidl_typesupport_fastrtps_cpp.hpp
[1.615s] -- Up-to-date: /home/deivideich/Holonomic_Base_Simulation/ros_2_ws/install/nav_2d_msgs/include/nav_2d_msgs/msg/detail/twist2_d32__rosidl_typesupport_fastrtps_cpp.hpp
[1.615s] -- Up-to-date: /home/deivideich/Holonomic_Base_Simulation/ros_2_ws/install/nav_2d_msgs/include/nav_2d_msgs/msg/detail/path2_d__rosidl_typesupport_fastrtps_cpp.hpp
[1.615s] -- Up-to-date: /home/deivideich/Holonomic_Base_Simulation/ros_2_ws/install/nav_2d_msgs/include/nav_2d_msgs/msg/detail/pose2_d_stamped__rosidl_typesupport_fastrtps_cpp.hpp
[1.615s] -- Up-to-date: /home/deivideich/Holonomic_Base_Simulation/ros_2_ws/install/nav_2d_msgs/include/nav_2d_msgs/msg/detail/pose2_d32__rosidl_typesupport_fastrtps_cpp.hpp
[1.615s] -- Up-to-date: /home/deivideich/Holonomic_Base_Simulation/ros_2_ws/install/nav_2d_msgs/include/nav_2d_msgs/msg/detail/twist2_d__rosidl_typesupport_fastrtps_cpp.hpp
[1.615s] -- Up-to-date: /home/deivideich/Holonomic_Base_Simulation/ros_2_ws/install/nav_2d_msgs/include/nav_2d_msgs/msg/detail/dds_fastrtps
[1.615s] -- Up-to-date: /home/deivideich/Holonomic_Base_Simulation/ros_2_ws/install/nav_2d_msgs/lib/libnav_2d_msgs__rosidl_typesupport_fastrtps_cpp.so
[1.615s] -- Up-to-date: /home/deivideich/Holonomic_Base_Simulation/ros_2_ws/install/nav_2d_msgs/include/nav_2d_msgs
[1.615s] -- Up-to-date: /home/deivideich/Holonomic_Base_Simulation/ros_2_ws/install/nav_2d_msgs/include/nav_2d_msgs/msg
[1.615s] -- Up-to-date: /home/deivideich/Holonomic_Base_Simulation/ros_2_ws/install/nav_2d_msgs/include/nav_2d_msgs/msg/rosidl_typesupport_introspection_c__visibility_control.h
[1.615s] -- Up-to-date: /home/deivideich/Holonomic_Base_Simulation/ros_2_ws/install/nav_2d_msgs/include/nav_2d_msgs/msg/detail
[1.615s] -- Up-to-date: /home/deivideich/Holonomic_Base_Simulation/ros_2_ws/install/nav_2d_msgs/include/nav_2d_msgs/msg/detail/twist2_d__rosidl_typesupport_introspection_c.h
[1.615s] -- Up-to-date: /home/deivideich/Holonomic_Base_Simulation/ros_2_ws/install/nav_2d_msgs/include/nav_2d_msgs/msg/detail/twist2_d_stamped__rosidl_typesupport_introspection_c.h
[1.615s] -- Up-to-date: /home/deivideich/Holonomic_Base_Simulation/ros_2_ws/install/nav_2d_msgs/include/nav_2d_msgs/msg/detail/pose2_d_stamped__rosidl_typesupport_introspection_c.h
[1.615s] -- Up-to-date: /home/deivideich/Holonomic_Base_Simulation/ros_2_ws/install/nav_2d_msgs/include/nav_2d_msgs/msg/detail/pose2_d32__type_support.c
[1.615s] -- Up-to-date: /home/deivideich/Holonomic_Base_Simulation/ros_2_ws/install/nav_2d_msgs/include/nav_2d_msgs/msg/detail/twist2_d32__type_support.c
[1.615s] -- Up-to-date: /home/deivideich/Holonomic_Base_Simulation/ros_2_ws/install/nav_2d_msgs/include/nav_2d_msgs/msg/detail/pose2_d_stamped__type_support.c
[1.615s] -- Up-to-date: /home/deivideich/Holonomic_Base_Simulation/ros_2_ws/install/nav_2d_msgs/include/nav_2d_msgs/msg/detail/path2_d__type_support.c
[1.616s] -- Up-to-date: /home/deivideich/Holonomic_Base_Simulation/ros_2_ws/install/nav_2d_msgs/include/nav_2d_msgs/msg/detail/path2_d__rosidl_typesupport_introspection_c.h
[1.616s] -- Up-to-date: /home/deivideich/Holonomic_Base_Simulation/ros_2_ws/install/nav_2d_msgs/include/nav_2d_msgs/msg/detail/twist2_d__type_support.c
[1.616s] -- Up-to-date: /home/deivideich/Holonomic_Base_Simulation/ros_2_ws/install/nav_2d_msgs/include/nav_2d_msgs/msg/detail/twist2_d_stamped__type_support.c
[1.616s] -- Up-to-date: /home/deivideich/Holonomic_Base_Simulation/ros_2_ws/install/nav_2d_msgs/include/nav_2d_msgs/msg/detail/twist2_d32__rosidl_typesupport_introspection_c.h
[1.616s] -- Up-to-date: /home/deivideich/Holonomic_Base_Simulation/ros_2_ws/install/nav_2d_msgs/include/nav_2d_msgs/msg/detail/pose2_d32__rosidl_typesupport_introspection_c.h
[1.616s] -- Up-to-date: /home/deivideich/Holonomic_Base_Simulation/ros_2_ws/install/nav_2d_msgs/lib/libnav_2d_msgs__rosidl_typesupport_introspection_c.so
[1.616s] -- Up-to-date: /home/deivideich/Holonomic_Base_Simulation/ros_2_ws/install/nav_2d_msgs/lib/libnav_2d_msgs__rosidl_typesupport_c.so
[1.616s] -- Up-to-date: /home/deivideich/Holonomic_Base_Simulation/ros_2_ws/install/nav_2d_msgs/include/nav_2d_msgs
[1.616s] -- Up-to-date: /home/deivideich/Holonomic_Base_Simulation/ros_2_ws/install/nav_2d_msgs/include/nav_2d_msgs/msg
[1.616s] -- Up-to-date: /home/deivideich/Holonomic_Base_Simulation/ros_2_ws/install/nav_2d_msgs/include/nav_2d_msgs/msg/twist2_d.hpp
[1.616s] -- Up-to-date: /home/deivideich/Holonomic_Base_Simulation/ros_2_ws/install/nav_2d_msgs/include/nav_2d_msgs/msg/path2_d.hpp
[1.616s] -- Up-to-date: /home/deivideich/Holonomic_Base_Simulation/ros_2_ws/install/nav_2d_msgs/include/nav_2d_msgs/msg/rosidl_generator_cpp__visibility_control.hpp
[1.616s] -- Up-to-date: /home/deivideich/Holonomic_Base_Simulation/ros_2_ws/install/nav_2d_msgs/include/nav_2d_msgs/msg/twist2_d_stamped.hpp
[1.616s] -- Up-to-date: /home/deivideich/Holonomic_Base_Simulation/ros_2_ws/install/nav_2d_msgs/include/nav_2d_msgs/msg/detail
[1.616s] -- Up-to-date: /home/deivideich/Holonomic_Base_Simulation/ros_2_ws/install/nav_2d_msgs/include/nav_2d_msgs/msg/detail/twist2_d32__type_support.hpp
[1.616s] -- Up-to-date: /home/deivideich/Holonomic_Base_Simulation/ros_2_ws/install/nav_2d_msgs/include/nav_2d_msgs/msg/detail/path2_d__type_support.hpp
[1.616s] -- Up-to-date: /home/deivideich/Holonomic_Base_Simulation/ros_2_ws/install/nav_2d_msgs/include/nav_2d_msgs/msg/detail/path2_d__builder.hpp
[1.617s] -- Up-to-date: /home/deivideich/Holonomic_Base_Simulation/ros_2_ws/install/nav_2d_msgs/include/nav_2d_msgs/msg/detail/pose2_d_stamped__type_support.hpp
[1.617s] -- Up-to-date: /home/deivideich/Holonomic_Base_Simulation/ros_2_ws/install/nav_2d_msgs/include/nav_2d_msgs/msg/detail/pose2_d_stamped__builder.hpp
[1.617s] -- Up-to-date: /home/deivideich/Holonomic_Base_Simulation/ros_2_ws/install/nav_2d_msgs/include/nav_2d_msgs/msg/detail/path2_d__struct.hpp
[1.617s] -- Up-to-date: /home/deivideich/Holonomic_Base_Simulation/ros_2_ws/install/nav_2d_msgs/include/nav_2d_msgs/msg/detail/twist2_d__type_support.hpp
[1.617s] -- Up-to-date: /home/deivideich/Holonomic_Base_Simulation/ros_2_ws/install/nav_2d_msgs/include/nav_2d_msgs/msg/detail/pose2_d_stamped__traits.hpp
[1.617s] -- Up-to-date: /home/deivideich/Holonomic_Base_Simulation/ros_2_ws/install/nav_2d_msgs/include/nav_2d_msgs/msg/detail/twist2_d32__struct.hpp
[1.617s] -- Up-to-date: /home/deivideich/Holonomic_Base_Simulation/ros_2_ws/install/nav_2d_msgs/include/nav_2d_msgs/msg/detail/pose2_d32__struct.hpp
[1.617s] -- Up-to-date: /home/deivideich/Holonomic_Base_Simulation/ros_2_ws/install/nav_2d_msgs/include/nav_2d_msgs/msg/detail/twist2_d_stamped__struct.hpp
[1.617s] -- Up-to-date: /home/deivideich/Holonomic_Base_Simulation/ros_2_ws/install/nav_2d_msgs/include/nav_2d_msgs/msg/detail/pose2_d32__traits.hpp
[1.617s] -- Up-to-date: /home/deivideich/Holonomic_Base_Simulation/ros_2_ws/install/nav_2d_msgs/include/nav_2d_msgs/msg/detail/twist2_d__builder.hpp
[1.617s] -- Up-to-date: /home/deivideich/Holonomic_Base_Simulation/ros_2_ws/install/nav_2d_msgs/include/nav_2d_msgs/msg/detail/twist2_d__struct.hpp
[1.617s] -- Up-to-date: /home/deivideich/Holonomic_Base_Simulation/ros_2_ws/install/nav_2d_msgs/include/nav_2d_msgs/msg/detail/twist2_d_stamped__builder.hpp
[1.617s] -- Up-to-date: /home/deivideich/Holonomic_Base_Simulation/ros_2_ws/install/nav_2d_msgs/include/nav_2d_msgs/msg/detail/pose2_d32__builder.hpp
[1.617s] -- Up-to-date: /home/deivideich/Holonomic_Base_Simulation/ros_2_ws/install/nav_2d_msgs/include/nav_2d_msgs/msg/detail/twist2_d_stamped__type_support.hpp
[1.617s] -- Up-to-date: /home/deivideich/Holonomic_Base_Simulation/ros_2_ws/install/nav_2d_msgs/include/nav_2d_msgs/msg/detail/twist2_d_stamped__traits.hpp
[1.617s] -- Up-to-date: /home/deivideich/Holonomic_Base_Simulation/ros_2_ws/install/nav_2d_msgs/include/nav_2d_msgs/msg/detail/twist2_d__traits.hpp
[1.617s] -- Up-to-date: /home/deivideich/Holonomic_Base_Simulation/ros_2_ws/install/nav_2d_msgs/include/nav_2d_msgs/msg/detail/path2_d__traits.hpp
[1.618s] -- Up-to-date: /home/deivideich/Holonomic_Base_Simulation/ros_2_ws/install/nav_2d_msgs/include/nav_2d_msgs/msg/detail/twist2_d32__builder.hpp
[1.618s] -- Up-to-date: /home/deivideich/Holonomic_Base_Simulation/ros_2_ws/install/nav_2d_msgs/include/nav_2d_msgs/msg/detail/pose2_d32__type_support.hpp
[1.618s] -- Up-to-date: /home/deivideich/Holonomic_Base_Simulation/ros_2_ws/install/nav_2d_msgs/include/nav_2d_msgs/msg/detail/twist2_d32__traits.hpp
[1.618s] -- Up-to-date: /home/deivideich/Holonomic_Base_Simulation/ros_2_ws/install/nav_2d_msgs/include/nav_2d_msgs/msg/detail/pose2_d_stamped__struct.hpp
[1.618s] -- Up-to-date: /home/deivideich/Holonomic_Base_Simulation/ros_2_ws/install/nav_2d_msgs/include/nav_2d_msgs/msg/twist2_d32.hpp
[1.618s] -- Up-to-date: /home/deivideich/Holonomic_Base_Simulation/ros_2_ws/install/nav_2d_msgs/include/nav_2d_msgs/msg/pose2_d32.hpp
[1.618s] -- Up-to-date: /home/deivideich/Holonomic_Base_Simulation/ros_2_ws/install/nav_2d_msgs/include/nav_2d_msgs/msg/pose2_d_stamped.hpp
[1.618s] -- Up-to-date: /home/deivideich/Holonomic_Base_Simulation/ros_2_ws/install/nav_2d_msgs/include/nav_2d_msgs
[1.618s] -- Up-to-date: /home/deivideich/Holonomic_Base_Simulation/ros_2_ws/install/nav_2d_msgs/include/nav_2d_msgs/msg
[1.618s] -- Up-to-date: /home/deivideich/Holonomic_Base_Simulation/ros_2_ws/install/nav_2d_msgs/include/nav_2d_msgs/msg/detail
[1.618s] -- Up-to-date: /home/deivideich/Holonomic_Base_Simulation/ros_2_ws/install/nav_2d_msgs/include/nav_2d_msgs/msg/detail/twist2_d__rosidl_typesupport_introspection_cpp.hpp
[1.618s] -- Up-to-date: /home/deivideich/Holonomic_Base_Simulation/ros_2_ws/install/nav_2d_msgs/include/nav_2d_msgs/msg/detail/path2_d__rosidl_typesupport_introspection_cpp.hpp
[1.618s] -- Up-to-date: /home/deivideich/Holonomic_Base_Simulation/ros_2_ws/install/nav_2d_msgs/include/nav_2d_msgs/msg/detail/twist2_d_stamped__type_support.cpp
[1.618s] -- Up-to-date: /home/deivideich/Holonomic_Base_Simulation/ros_2_ws/install/nav_2d_msgs/include/nav_2d_msgs/msg/detail/twist2_d32__type_support.cpp
[1.618s] -- Up-to-date: /home/deivideich/Holonomic_Base_Simulation/ros_2_ws/install/nav_2d_msgs/include/nav_2d_msgs/msg/detail/pose2_d_stamped__rosidl_typesupport_introspection_cpp.hpp
[1.618s] -- Up-to-date: /home/deivideich/Holonomic_Base_Simulation/ros_2_ws/install/nav_2d_msgs/include/nav_2d_msgs/msg/detail/twist2_d__type_support.cpp
[1.619s] -- Up-to-date: /home/deivideich/Holonomic_Base_Simulation/ros_2_ws/install/nav_2d_msgs/include/nav_2d_msgs/msg/detail/path2_d__type_support.cpp
[1.619s] -- Up-to-date: /home/deivideich/Holonomic_Base_Simulation/ros_2_ws/install/nav_2d_msgs/include/nav_2d_msgs/msg/detail/twist2_d32__rosidl_typesupport_introspection_cpp.hpp
[1.619s] -- Up-to-date: /home/deivideich/Holonomic_Base_Simulation/ros_2_ws/install/nav_2d_msgs/include/nav_2d_msgs/msg/detail/twist2_d_stamped__rosidl_typesupport_introspection_cpp.hpp
[1.619s] -- Up-to-date: /home/deivideich/Holonomic_Base_Simulation/ros_2_ws/install/nav_2d_msgs/include/nav_2d_msgs/msg/detail/pose2_d_stamped__type_support.cpp
[1.619s] -- Up-to-date: /home/deivideich/Holonomic_Base_Simulation/ros_2_ws/install/nav_2d_msgs/include/nav_2d_msgs/msg/detail/pose2_d32__rosidl_typesupport_introspection_cpp.hpp
[1.619s] -- Up-to-date: /home/deivideich/Holonomic_Base_Simulation/ros_2_ws/install/nav_2d_msgs/include/nav_2d_msgs/msg/detail/pose2_d32__type_support.cpp
[1.619s] -- Up-to-date: /home/deivideich/Holonomic_Base_Simulation/ros_2_ws/install/nav_2d_msgs/lib/libnav_2d_msgs__rosidl_typesupport_introspection_cpp.so
[1.619s] -- Up-to-date: /home/deivideich/Holonomic_Base_Simulation/ros_2_ws/install/nav_2d_msgs/lib/libnav_2d_msgs__rosidl_typesupport_cpp.so
[1.619s] -- Up-to-date: /home/deivideich/Holonomic_Base_Simulation/ros_2_ws/install/nav_2d_msgs/share/nav_2d_msgs/environment/pythonpath.sh
[1.619s] -- Up-to-date: /home/deivideich/Holonomic_Base_Simulation/ros_2_ws/install/nav_2d_msgs/share/nav_2d_msgs/environment/pythonpath.dsv
[1.619s] -- Up-to-date: /home/deivideich/Holonomic_Base_Simulation/ros_2_ws/install/nav_2d_msgs/lib/python3.8/site-packages/nav_2d_msgs/__init__.py
[1.643s] -- Up-to-date: /home/deivideich/Holonomic_Base_Simulation/ros_2_ws/install/nav_2d_msgs/lib/python3.8/site-packages/nav_2d_msgs/msg
[1.643s] -- Up-to-date: /home/deivideich/Holonomic_Base_Simulation/ros_2_ws/install/nav_2d_msgs/lib/python3.8/site-packages/nav_2d_msgs/msg/_path2_d_s.c
[1.643s] -- Up-to-date: /home/deivideich/Holonomic_Base_Simulation/ros_2_ws/install/nav_2d_msgs/lib/python3.8/site-packages/nav_2d_msgs/msg/_pose2_d_stamped.py
[1.643s] -- Up-to-date: /home/deivideich/Holonomic_Base_Simulation/ros_2_ws/install/nav_2d_msgs/lib/python3.8/site-packages/nav_2d_msgs/msg/__init__.py
[1.643s] -- Up-to-date: /home/deivideich/Holonomic_Base_Simulation/ros_2_ws/install/nav_2d_msgs/lib/python3.8/site-packages/nav_2d_msgs/msg/_twist2_d.py
[1.644s] -- Up-to-date: /home/deivideich/Holonomic_Base_Simulation/ros_2_ws/install/nav_2d_msgs/lib/python3.8/site-packages/nav_2d_msgs/msg/_twist2_d32_s.c
[1.644s] -- Up-to-date: /home/deivideich/Holonomic_Base_Simulation/ros_2_ws/install/nav_2d_msgs/lib/python3.8/site-packages/nav_2d_msgs/msg/_pose2_d32.py
[1.644s] -- Up-to-date: /home/deivideich/Holonomic_Base_Simulation/ros_2_ws/install/nav_2d_msgs/lib/python3.8/site-packages/nav_2d_msgs/msg/_path2_d.py
[1.644s] -- Up-to-date: /home/deivideich/Holonomic_Base_Simulation/ros_2_ws/install/nav_2d_msgs/lib/python3.8/site-packages/nav_2d_msgs/msg/_pose2_d_stamped_s.c
[1.644s] -- Up-to-date: /home/deivideich/Holonomic_Base_Simulation/ros_2_ws/install/nav_2d_msgs/lib/python3.8/site-packages/nav_2d_msgs/msg/_twist2_d_s.c
[1.644s] -- Up-to-date: /home/deivideich/Holonomic_Base_Simulation/ros_2_ws/install/nav_2d_msgs/lib/python3.8/site-packages/nav_2d_msgs/msg/_twist2_d_stamped_s.c
[1.644s] -- Up-to-date: /home/deivideich/Holonomic_Base_Simulation/ros_2_ws/install/nav_2d_msgs/lib/python3.8/site-packages/nav_2d_msgs/msg/_pose2_d32_s.c
[1.644s] -- Up-to-date: /home/deivideich/Holonomic_Base_Simulation/ros_2_ws/install/nav_2d_msgs/lib/python3.8/site-packages/nav_2d_msgs/msg/_twist2_d_stamped.py
[1.645s] -- Up-to-date: /home/deivideich/Holonomic_Base_Simulation/ros_2_ws/install/nav_2d_msgs/lib/python3.8/site-packages/nav_2d_msgs/msg/_twist2_d32.py
[1.645s] -- Up-to-date: /home/deivideich/Holonomic_Base_Simulation/ros_2_ws/install/nav_2d_msgs/lib/python3.8/site-packages/nav_2d_msgs/nav_2d_msgs_s__rosidl_typesupport_fastrtps_c.cpython-38-x86_64-linux-gnu.so
[1.645s] -- Up-to-date: /home/deivideich/Holonomic_Base_Simulation/ros_2_ws/install/nav_2d_msgs/lib/python3.8/site-packages/nav_2d_msgs/nav_2d_msgs_s__rosidl_typesupport_introspection_c.cpython-38-x86_64-linux-gnu.so
[1.645s] -- Up-to-date: /home/deivideich/Holonomic_Base_Simulation/ros_2_ws/install/nav_2d_msgs/lib/python3.8/site-packages/nav_2d_msgs/nav_2d_msgs_s__rosidl_typesupport_c.cpython-38-x86_64-linux-gnu.so
[1.645s] -- Up-to-date: /home/deivideich/Holonomic_Base_Simulation/ros_2_ws/install/nav_2d_msgs/lib/libnav_2d_msgs__python.so
[1.646s] -- Up-to-date: /home/deivideich/Holonomic_Base_Simulation/ros_2_ws/install/nav_2d_msgs/share/nav_2d_msgs/msg/Path2D.idl
[1.646s] -- Up-to-date: /home/deivideich/Holonomic_Base_Simulation/ros_2_ws/install/nav_2d_msgs/share/nav_2d_msgs/msg/Pose2D32.idl
[1.646s] -- Up-to-date: /home/deivideich/Holonomic_Base_Simulation/ros_2_ws/install/nav_2d_msgs/share/nav_2d_msgs/msg/Pose2DStamped.idl
[1.647s] -- Up-to-date: /home/deivideich/Holonomic_Base_Simulation/ros_2_ws/install/nav_2d_msgs/share/nav_2d_msgs/msg/Twist2D.idl
[1.647s] -- Up-to-date: /home/deivideich/Holonomic_Base_Simulation/ros_2_ws/install/nav_2d_msgs/share/nav_2d_msgs/msg/Twist2D32.idl
[1.647s] -- Up-to-date: /home/deivideich/Holonomic_Base_Simulation/ros_2_ws/install/nav_2d_msgs/share/nav_2d_msgs/msg/Twist2DStamped.idl
[1.648s] -- Up-to-date: /home/deivideich/Holonomic_Base_Simulation/ros_2_ws/install/nav_2d_msgs/share/nav_2d_msgs/msg/Path2D.msg
[1.648s] -- Up-to-date: /home/deivideich/Holonomic_Base_Simulation/ros_2_ws/install/nav_2d_msgs/share/nav_2d_msgs/msg/Pose2D32.msg
[1.648s] -- Up-to-date: /home/deivideich/Holonomic_Base_Simulation/ros_2_ws/install/nav_2d_msgs/share/nav_2d_msgs/msg/Pose2DStamped.msg
[1.648s] -- Up-to-date: /home/deivideich/Holonomic_Base_Simulation/ros_2_ws/install/nav_2d_msgs/share/nav_2d_msgs/msg/Twist2D.msg
[1.648s] -- Up-to-date: /home/deivideich/Holonomic_Base_Simulation/ros_2_ws/install/nav_2d_msgs/share/nav_2d_msgs/msg/Twist2D32.msg
[1.648s] -- Up-to-date: /home/deivideich/Holonomic_Base_Simulation/ros_2_ws/install/nav_2d_msgs/share/nav_2d_msgs/msg/Twist2DStamped.msg
[1.648s] -- Up-to-date: /home/deivideich/Holonomic_Base_Simulation/ros_2_ws/install/nav_2d_msgs/share/ament_index/resource_index/package_run_dependencies/nav_2d_msgs
[1.648s] -- Up-to-date: /home/deivideich/Holonomic_Base_Simulation/ros_2_ws/install/nav_2d_msgs/share/ament_index/resource_index/parent_prefix_path/nav_2d_msgs
[1.648s] -- Up-to-date: /home/deivideich/Holonomic_Base_Simulation/ros_2_ws/install/nav_2d_msgs/share/nav_2d_msgs/environment/ament_prefix_path.sh
[1.648s] -- Up-to-date: /home/deivideich/Holonomic_Base_Simulation/ros_2_ws/install/nav_2d_msgs/share/nav_2d_msgs/environment/ament_prefix_path.dsv
[1.649s] -- Up-to-date: /home/deivideich/Holonomic_Base_Simulation/ros_2_ws/install/nav_2d_msgs/share/nav_2d_msgs/environment/path.sh
[1.649s] -- Up-to-date: /home/deivideich/Holonomic_Base_Simulation/ros_2_ws/install/nav_2d_msgs/share/nav_2d_msgs/environment/path.dsv
[1.649s] -- Up-to-date: /home/deivideich/Holonomic_Base_Simulation/ros_2_ws/install/nav_2d_msgs/share/nav_2d_msgs/local_setup.bash
[1.649s] -- Up-to-date: /home/deivideich/Holonomic_Base_Simulation/ros_2_ws/install/nav_2d_msgs/share/nav_2d_msgs/local_setup.sh
[1.649s] -- Up-to-date: /home/deivideich/Holonomic_Base_Simulation/ros_2_ws/install/nav_2d_msgs/share/nav_2d_msgs/local_setup.zsh
[1.649s] -- Up-to-date: /home/deivideich/Holonomic_Base_Simulation/ros_2_ws/install/nav_2d_msgs/share/nav_2d_msgs/local_setup.dsv
[1.650s] -- Installing: /home/deivideich/Holonomic_Base_Simulation/ros_2_ws/install/nav_2d_msgs/share/nav_2d_msgs/package.dsv
[1.650s] -- Up-to-date: /home/deivideich/Holonomic_Base_Simulation/ros_2_ws/install/nav_2d_msgs/share/ament_index/resource_index/packages/nav_2d_msgs
[1.650s] -- Up-to-date: /home/deivideich/Holonomic_Base_Simulation/ros_2_ws/install/nav_2d_msgs/share/nav_2d_msgs/cmake/nav_2d_msgs__rosidl_generator_cExport.cmake
[1.651s] -- Up-to-date: /home/deivideich/Holonomic_Base_Simulation/ros_2_ws/install/nav_2d_msgs/share/nav_2d_msgs/cmake/nav_2d_msgs__rosidl_generator_cExport-noconfig.cmake
[1.651s] -- Up-to-date: /home/deivideich/Holonomic_Base_Simulation/ros_2_ws/install/nav_2d_msgs/share/nav_2d_msgs/cmake/nav_2d_msgs__rosidl_typesupport_introspection_cExport.cmake
[1.651s] -- Up-to-date: /home/deivideich/Holonomic_Base_Simulation/ros_2_ws/install/nav_2d_msgs/share/nav_2d_msgs/cmake/nav_2d_msgs__rosidl_typesupport_introspection_cExport-noconfig.cmake
[1.651s] -- Up-to-date: /home/deivideich/Holonomic_Base_Simulation/ros_2_ws/install/nav_2d_msgs/share/nav_2d_msgs/cmake/nav_2d_msgs__rosidl_typesupport_cExport.cmake
[1.651s] -- Up-to-date: /home/deivideich/Holonomic_Base_Simulation/ros_2_ws/install/nav_2d_msgs/share/nav_2d_msgs/cmake/nav_2d_msgs__rosidl_typesupport_cExport-noconfig.cmake
[1.652s] -- Up-to-date: /home/deivideich/Holonomic_Base_Simulation/ros_2_ws/install/nav_2d_msgs/share/nav_2d_msgs/cmake/nav_2d_msgs__rosidl_generator_cppExport.cmake
[1.652s] -- Up-to-date: /home/deivideich/Holonomic_Base_Simulation/ros_2_ws/install/nav_2d_msgs/share/nav_2d_msgs/cmake/nav_2d_msgs__rosidl_typesupport_introspection_cppExport.cmake
[1.652s] -- Up-to-date: /home/deivideich/Holonomic_Base_Simulation/ros_2_ws/install/nav_2d_msgs/share/nav_2d_msgs/cmake/nav_2d_msgs__rosidl_typesupport_introspection_cppExport-noconfig.cmake
[1.652s] -- Up-to-date: /home/deivideich/Holonomic_Base_Simulation/ros_2_ws/install/nav_2d_msgs/share/nav_2d_msgs/cmake/nav_2d_msgs__rosidl_typesupport_cppExport.cmake
[1.652s] -- Up-to-date: /home/deivideich/Holonomic_Base_Simulation/ros_2_ws/install/nav_2d_msgs/share/nav_2d_msgs/cmake/nav_2d_msgs__rosidl_typesupport_cppExport-noconfig.cmake
[1.652s] -- Up-to-date: /home/deivideich/Holonomic_Base_Simulation/ros_2_ws/install/nav_2d_msgs/share/nav_2d_msgs/cmake/rosidl_cmake-extras.cmake
[1.652s] -- Up-to-date: /home/deivideich/Holonomic_Base_Simulation/ros_2_ws/install/nav_2d_msgs/share/nav_2d_msgs/cmake/ament_cmake_export_dependencies-extras.cmake
[1.652s] -- Up-to-date: /home/deivideich/Holonomic_Base_Simulation/ros_2_ws/install/nav_2d_msgs/share/nav_2d_msgs/cmake/ament_cmake_export_libraries-extras.cmake
[1.652s] -- Up-to-date: /home/deivideich/Holonomic_Base_Simulation/ros_2_ws/install/nav_2d_msgs/share/nav_2d_msgs/cmake/ament_cmake_export_targets-extras.cmake
[1.652s] -- Up-to-date: /home/deivideich/Holonomic_Base_Simulation/ros_2_ws/install/nav_2d_msgs/share/nav_2d_msgs/cmake/ament_cmake_export_include_directories-extras.cmake
[1.652s] -- Up-to-date: /home/deivideich/Holonomic_Base_Simulation/ros_2_ws/install/nav_2d_msgs/share/nav_2d_msgs/cmake/rosidl_cmake_export_typesupport_libraries-extras.cmake
[1.652s] -- Up-to-date: /home/deivideich/Holonomic_Base_Simulation/ros_2_ws/install/nav_2d_msgs/share/nav_2d_msgs/cmake/rosidl_cmake_export_typesupport_targets-extras.cmake
[1.653s] -- Up-to-date: /home/deivideich/Holonomic_Base_Simulation/ros_2_ws/install/nav_2d_msgs/share/nav_2d_msgs/cmake/nav_2d_msgsConfig.cmake
[1.653s] -- Up-to-date: /home/deivideich/Holonomic_Base_Simulation/ros_2_ws/install/nav_2d_msgs/share/nav_2d_msgs/cmake/nav_2d_msgsConfig-version.cmake
[1.653s] -- Up-to-date: /home/deivideich/Holonomic_Base_Simulation/ros_2_ws/install/nav_2d_msgs/share/nav_2d_msgs/package.xml
[2.162s] Invoked command in '/home/deivideich/Holonomic_Base_Simulation/ros_2_ws/build/nav_2d_msgs' returned '0': CMAKE_PREFIX_PATH=/home/deivideich/Holonomic_Base_Simulation/ros_2_ws/install/nav2_system_tests:/home/deivideich/Holonomic_Base_Simulation/ros_2_ws/install/nav2_bringup:/home/deivideich/Holonomic_Base_Simulation/ros_2_ws/install/navigation2:/home/deivideich/Holonomic_Base_Simulation/ros_2_ws/install/smac_planner:/home/deivideich/Holonomic_Base_Simulation/ros_2_ws/install/nav2_dwb_controller:/home/deivideich/Holonomic_Base_Simulation/ros_2_ws/install/nav2_controller:/home/deivideich/Holonomic_Base_Simulation/ros_2_ws/install/dwb_plugins:/home/deivideich/Holonomic_Base_Simulation/ros_2_ws/install/dwb_critics:/home/deivideich/Holonomic_Base_Simulation/ros_2_ws/install/dwb_core:/home/deivideich/Holonomic_Base_Simulation/ros_2_ws/install/nav_2d_utils:/home/deivideich/Holonomic_Base_Simulation/ros_2_ws/install/dwb_msgs:/home/deivideich/Holonomic_Base_Simulation/ros_2_ws/install/nav_2d_msgs:/home/deivideich/Holonomic_Base_Simulation/ros_2_ws/install/nav2_waypoint_follower:/home/deivideich/Holonomic_Base_Simulation/ros_2_ws/install/nav2_regulated_pure_pursuit_controller:/home/deivideich/Holonomic_Base_Simulation/ros_2_ws/install/nav2_recoveries:/home/deivideich/Holonomic_Base_Simulation/ros_2_ws/install/nav2_planner:/home/deivideich/Holonomic_Base_Simulation/ros_2_ws/install/nav2_navfn_planner:/home/deivideich/Holonomic_Base_Simulation/ros_2_ws/install/nav2_core:/home/deivideich/Holonomic_Base_Simulation/ros_2_ws/install/costmap_queue:/home/deivideich/Holonomic_Base_Simulation/ros_2_ws/install/nav2_costmap_2d:/home/deivideich/Holonomic_Base_Simulation/ros_2_ws/install/nav2_voxel_grid:/home/deivideich/Holonomic_Base_Simulation/ros_2_ws/install/nav2_rviz_plugins:/home/deivideich/Holonomic_Base_Simulation/ros_2_ws/install/nav2_map_server:/home/deivideich/Holonomic_Base_Simulation/ros_2_ws/install/nav2_lifecycle_manager:/home/deivideich/Holonomic_Base_Simulation/ros_2_ws/install/nav2_bt_navigator:/home/deivideich/Holonomic_Base_Simulation/ros_2_ws/install/nav2_behavior_tree:/home/deivideich/Holonomic_Base_Simulation/ros_2_ws/install/nav2_amcl:/home/deivideich/Holonomic_Base_Simulation/ros_2_ws/install/nav2_util:/home/deivideich/Holonomic_Base_Simulation/ros_2_ws/install/nav2_msgs:/home/deivideich/Holonomic_Base_Simulation/ros_2_ws/install/nav2_common:/home/deivideich/Holonomic_Base_Simulation/ros_2_ws/install/nav2_gazebo_spawner:/home/deivideich/Holonomic_Base_Simulation/ros_2_ws/install/octobot_2:/opt/ros/foxy:/opt/ros/noetic /usr/bin/cmake --install /home/deivideich/Holonomic_Base_Simulation/ros_2_ws/build/nav_2d_msgs
