[0.119s] Invoking command in '/home/deivideich/ros_2_ws/build/octobot': CMAKE_PREFIX_PATH=${CMAKE_PREFIX_PATH}:/opt/ros/foxy /usr/bin/cmake /home/deivideich/ros_2_ws/src/octobot -DCMAKE_INSTALL_PREFIX=/home/deivideich/ros_2_ws/install/octobot
[0.168s] -- The C compiler identification is GNU 9.4.0
[0.214s] -- The CXX compiler identification is GNU 9.4.0
[0.217s] -- Check for working C compiler: /usr/bin/cc
[0.267s] -- Check for working C compiler: /usr/bin/cc -- works
[0.268s] -- Detecting C compiler ABI info
[0.328s] -- Detecting C compiler ABI info - done
[0.341s] -- Detecting C compile features
[0.341s] -- Detecting C compile features - done
[0.343s] -- Check for working CXX compiler: /usr/bin/c++
[0.414s] -- Check for working CXX compiler: /usr/bin/c++ -- works
[0.415s] -- Detecting CXX compiler ABI info
[0.483s] -- Detecting CXX compiler ABI info - done
[0.492s] -- Detecting CXX compile features
[0.493s] -- Detecting CXX compile features - done
[0.494s] -- Found ament_cmake: 0.9.12 (/opt/ros/foxy/share/ament_cmake/cmake)
[0.511s] -- Found PythonInterp: /usr/bin/python3 (found suitable version "3.8.10", minimum required is "3") 
[0.511s] -- Using PYTHON_EXECUTABLE: /usr/bin/python3
[0.659s] -- Found ament_lint_auto: 0.9.8 (/opt/ros/foxy/share/ament_lint_auto/cmake)
[0.723s] -- Added test 'copyright' to check source files copyright and LICENSE
[0.724s] -- Added test 'lint_cmake' to check CMake code style
[0.724s] -- Added test 'xmllint' to check XML markup files
[0.726s] -- Configuring done
[0.727s] -- Generating done
[0.727s] -- Build files have been written to: /home/deivideich/ros_2_ws/build/octobot
