[1.591s] DEBUG:colcon:Command line arguments: ['/usr/bin/colcon', 'build']
[1.591s] DEBUG:colcon:Parsed command line arguments: Namespace(allow_overriding=[], ament_cmake_args=None, base_paths=['.'], build_base='build', catkin_cmake_args=None, catkin_skip_building_tests=False, cmake_args=None, cmake_clean_cache=False, cmake_clean_first=False, cmake_force_configure=False, cmake_target=None, cmake_target_skip_unavailable=False, continue_on_error=False, event_handlers=None, executor='parallel', ignore_user_meta=False, install_base='install', log_base=None, log_level=None, main=<bound method BuildVerb.main of <colcon_core.verb.build.BuildVerb object at 0x7fe0dba41b80>>, merge_install=False, metas=['./colcon.meta'], packages_above=None, packages_above_and_dependencies=None, packages_above_depth=None, packages_end=None, packages_ignore=None, packages_ignore_regex=None, packages_select=None, packages_select_build_failed=False, packages_select_by_dep=None, packages_select_regex=None, packages_select_test_failures=False, packages_skip=None, packages_skip_build_finished=False, packages_skip_by_dep=None, packages_skip_regex=None, packages_skip_test_passed=False, packages_skip_up_to=None, packages_start=None, packages_up_to=None, packages_up_to_regex=None, parallel_workers=16, paths=None, symlink_install=False, test_result_base=None, verb_extension=<colcon_core.verb.build.BuildVerb object at 0x7fe0dba41b80>, verb_name='build', verb_parser=<colcon_defaults.argument_parser.defaults.DefaultArgumentsDecorator object at 0x7fe0db9d1e80>)
[1.662s] Level 1:colcon.colcon_core.package_discovery:discover_packages(colcon_meta) check parameters
[1.662s] Level 1:colcon.colcon_core.package_discovery:discover_packages(recursive) check parameters
[1.662s] Level 1:colcon.colcon_core.package_discovery:discover_packages(ignore) check parameters
[1.662s] Level 1:colcon.colcon_core.package_discovery:discover_packages(path) check parameters
[1.662s] Level 1:colcon.colcon_core.package_discovery:discover_packages(colcon_meta) discover
[1.662s] Level 1:colcon.colcon_core.package_discovery:discover_packages(recursive) discover
[1.662s] INFO:colcon.colcon_core.package_discovery:Crawling recursively for packages in '/home/deivideich/ros_2_ws'
[1.663s] Level 1:colcon.colcon_core.package_identification:_identify(.) by extensions ['ignore', 'ignore_ament_install']
[1.663s] Level 1:colcon.colcon_core.package_identification:_identify(.) by extension 'ignore'
[1.663s] Level 1:colcon.colcon_core.package_identification:_identify(.) by extension 'ignore_ament_install'
[1.663s] Level 1:colcon.colcon_core.package_identification:_identify(.) by extensions ['colcon_pkg']
[1.663s] Level 1:colcon.colcon_core.package_identification:_identify(.) by extension 'colcon_pkg'
[1.663s] Level 1:colcon.colcon_core.package_identification:_identify(.) by extensions ['colcon_meta']
[1.663s] Level 1:colcon.colcon_core.package_identification:_identify(.) by extension 'colcon_meta'
[1.663s] Level 1:colcon.colcon_core.package_identification:_identify(.) by extensions ['ros']
[1.663s] Level 1:colcon.colcon_core.package_identification:_identify(.) by extension 'ros'
[1.671s] Level 1:colcon.colcon_core.package_identification:_identify(.) by extensions ['cmake', 'python']
[1.671s] Level 1:colcon.colcon_core.package_identification:_identify(.) by extension 'cmake'
[1.672s] Level 1:colcon.colcon_core.package_identification:_identify(.) by extension 'python'
[1.672s] Level 1:colcon.colcon_core.package_identification:_identify(.) by extensions ['python_setup_py']
[1.672s] Level 1:colcon.colcon_core.package_identification:_identify(.) by extension 'python_setup_py'
[1.672s] Level 1:colcon.colcon_core.package_identification:_identify(build) by extensions ['ignore', 'ignore_ament_install']
[1.672s] Level 1:colcon.colcon_core.package_identification:_identify(build) by extension 'ignore'
[1.672s] Level 1:colcon.colcon_core.package_identification:_identify(build) ignored
[1.672s] Level 1:colcon.colcon_core.package_identification:_identify(install) by extensions ['ignore', 'ignore_ament_install']
[1.672s] Level 1:colcon.colcon_core.package_identification:_identify(install) by extension 'ignore'
[1.672s] Level 1:colcon.colcon_core.package_identification:_identify(install) ignored
[1.672s] Level 1:colcon.colcon_core.package_identification:_identify(log) by extensions ['ignore', 'ignore_ament_install']
[1.672s] Level 1:colcon.colcon_core.package_identification:_identify(log) by extension 'ignore'
[1.672s] Level 1:colcon.colcon_core.package_identification:_identify(log) ignored
[1.672s] Level 1:colcon.colcon_core.package_identification:_identify(src) by extensions ['ignore', 'ignore_ament_install']
[1.672s] Level 1:colcon.colcon_core.package_identification:_identify(src) by extension 'ignore'
[1.672s] Level 1:colcon.colcon_core.package_identification:_identify(src) by extension 'ignore_ament_install'
[1.672s] Level 1:colcon.colcon_core.package_identification:_identify(src) by extensions ['colcon_pkg']
[1.672s] Level 1:colcon.colcon_core.package_identification:_identify(src) by extension 'colcon_pkg'
[1.672s] Level 1:colcon.colcon_core.package_identification:_identify(src) by extensions ['colcon_meta']
[1.672s] Level 1:colcon.colcon_core.package_identification:_identify(src) by extension 'colcon_meta'
[1.672s] Level 1:colcon.colcon_core.package_identification:_identify(src) by extensions ['ros']
[1.673s] Level 1:colcon.colcon_core.package_identification:_identify(src) by extension 'ros'
[1.673s] Level 1:colcon.colcon_core.package_identification:_identify(src) by extensions ['cmake', 'python']
[1.673s] Level 1:colcon.colcon_core.package_identification:_identify(src) by extension 'cmake'
[1.673s] Level 1:colcon.colcon_core.package_identification:_identify(src) by extension 'python'
[1.673s] Level 1:colcon.colcon_core.package_identification:_identify(src) by extensions ['python_setup_py']
[1.673s] Level 1:colcon.colcon_core.package_identification:_identify(src) by extension 'python_setup_py'
[1.673s] Level 1:colcon.colcon_core.package_identification:_identify(src/build) by extensions ['ignore', 'ignore_ament_install']
[1.673s] Level 1:colcon.colcon_core.package_identification:_identify(src/build) by extension 'ignore'
[1.673s] Level 1:colcon.colcon_core.package_identification:_identify(src/build) ignored
[1.673s] Level 1:colcon.colcon_core.package_identification:_identify(src/install) by extensions ['ignore', 'ignore_ament_install']
[1.673s] Level 1:colcon.colcon_core.package_identification:_identify(src/install) by extension 'ignore'
[1.673s] Level 1:colcon.colcon_core.package_identification:_identify(src/install) ignored
[1.673s] Level 1:colcon.colcon_core.package_identification:_identify(src/log) by extensions ['ignore', 'ignore_ament_install']
[1.673s] Level 1:colcon.colcon_core.package_identification:_identify(src/log) by extension 'ignore'
[1.673s] Level 1:colcon.colcon_core.package_identification:_identify(src/log) ignored
[1.673s] Level 1:colcon.colcon_core.package_identification:_identify(src/octobot_2) by extensions ['ignore', 'ignore_ament_install']
[1.673s] Level 1:colcon.colcon_core.package_identification:_identify(src/octobot_2) by extension 'ignore'
[1.673s] Level 1:colcon.colcon_core.package_identification:_identify(src/octobot_2) by extension 'ignore_ament_install'
[1.673s] Level 1:colcon.colcon_core.package_identification:_identify(src/octobot_2) by extensions ['colcon_pkg']
[1.673s] Level 1:colcon.colcon_core.package_identification:_identify(src/octobot_2) by extension 'colcon_pkg'
[1.673s] Level 1:colcon.colcon_core.package_identification:_identify(src/octobot_2) by extensions ['colcon_meta']
[1.673s] Level 1:colcon.colcon_core.package_identification:_identify(src/octobot_2) by extension 'colcon_meta'
[1.673s] Level 1:colcon.colcon_core.package_identification:_identify(src/octobot_2) by extensions ['ros']
[1.674s] Level 1:colcon.colcon_core.package_identification:_identify(src/octobot_2) by extension 'ros'
[1.675s] DEBUG:colcon.colcon_core.package_identification:Package 'src/octobot_2' with type 'ros.ament_python' and name 'octobot_2'
[1.675s] Level 1:colcon.colcon_core.package_discovery:discover_packages(recursive) using defaults
[1.675s] Level 1:colcon.colcon_core.package_discovery:discover_packages(ignore) discover
[1.675s] Level 1:colcon.colcon_core.package_discovery:discover_packages(ignore) using defaults
[1.675s] Level 1:colcon.colcon_core.package_discovery:discover_packages(path) discover
[1.675s] Level 1:colcon.colcon_core.package_discovery:discover_packages(path) using defaults
[1.822s] Level 1:colcon.colcon_core.package_discovery:discover_packages(prefix_path) check parameters
[1.822s] Level 1:colcon.colcon_core.package_discovery:discover_packages(prefix_path) discover
[1.852s] WARNING:colcon.colcon_ros.prefix_path.ament:The path '/home/deivideich/ros_2_ws/install/articubot_one' in the environment variable AMENT_PREFIX_PATH doesn't exist
[1.852s] WARNING:colcon.colcon_ros.prefix_path.catkin:The path '/home/deivideich/ros_2_ws/install/articubot_one' in the environment variable CMAKE_PREFIX_PATH doesn't exist
[1.879s] DEBUG:colcon.colcon_installed_package_information.package_discovery:Found 3 installed packages in /home/deivideich/ros_2_ws/install
[1.918s] DEBUG:colcon.colcon_installed_package_information.package_discovery:Found 324 installed packages in /opt/ros/foxy
[1.919s] Level 1:colcon.colcon_core.package_discovery:discover_packages(prefix_path) using defaults
[2.025s] Level 5:colcon.colcon_core.verb:set package 'octobot_2' build argument 'cmake_args' from command line to 'None'
[2.025s] Level 5:colcon.colcon_core.verb:set package 'octobot_2' build argument 'cmake_target' from command line to 'None'
[2.025s] Level 5:colcon.colcon_core.verb:set package 'octobot_2' build argument 'cmake_target_skip_unavailable' from command line to 'False'
[2.025s] Level 5:colcon.colcon_core.verb:set package 'octobot_2' build argument 'cmake_clean_cache' from command line to 'False'
[2.025s] Level 5:colcon.colcon_core.verb:set package 'octobot_2' build argument 'cmake_clean_first' from command line to 'False'
[2.025s] Level 5:colcon.colcon_core.verb:set package 'octobot_2' build argument 'cmake_force_configure' from command line to 'False'
[2.025s] Level 5:colcon.colcon_core.verb:set package 'octobot_2' build argument 'ament_cmake_args' from command line to 'None'
[2.025s] Level 5:colcon.colcon_core.verb:set package 'octobot_2' build argument 'catkin_cmake_args' from command line to 'None'
[2.025s] Level 5:colcon.colcon_core.verb:set package 'octobot_2' build argument 'catkin_skip_building_tests' from command line to 'False'
[2.025s] DEBUG:colcon.colcon_core.verb:Building package 'octobot_2' with the following arguments: {'ament_cmake_args': None, 'build_base': '/home/deivideich/ros_2_ws/build/octobot_2', 'catkin_cmake_args': None, 'catkin_skip_building_tests': False, 'cmake_args': None, 'cmake_clean_cache': False, 'cmake_clean_first': False, 'cmake_force_configure': False, 'cmake_target': None, 'cmake_target_skip_unavailable': False, 'install_base': '/home/deivideich/ros_2_ws/install/octobot_2', 'merge_install': False, 'path': '/home/deivideich/ros_2_ws/src/octobot_2', 'symlink_install': False, 'test_result_base': None}
[2.051s] INFO:colcon.colcon_core.executor:Executing jobs using 'parallel' executor
[2.078s] DEBUG:colcon.colcon_parallel_executor.executor.parallel:run_until_complete
[2.078s] INFO:colcon.colcon_ros.task.ament_python.build:Building ROS package in '/home/deivideich/ros_2_ws/src/octobot_2' with build type 'ament_python'
[2.078s] Level 1:colcon.colcon_core.shell:create_environment_hook('octobot_2', 'ament_prefix_path')
[2.106s] INFO:colcon.colcon_core.plugin_system:Skipping extension 'colcon_core.shell.bat': Not used on non-Windows systems
[2.106s] INFO:colcon.colcon_core.shell:Creating environment hook '/home/deivideich/ros_2_ws/install/octobot_2/share/octobot_2/hook/ament_prefix_path.ps1'
[2.107s] INFO:colcon.colcon_core.shell:Creating environment descriptor '/home/deivideich/ros_2_ws/install/octobot_2/share/octobot_2/hook/ament_prefix_path.dsv'
[2.107s] INFO:colcon.colcon_core.shell:Creating environment hook '/home/deivideich/ros_2_ws/install/octobot_2/share/octobot_2/hook/ament_prefix_path.sh'
[2.134s] INFO:colcon.colcon_core.shell:Skip shell extension 'powershell' for command environment: Not usable outside of PowerShell
[2.134s] DEBUG:colcon.colcon_core.shell:Skip shell extension 'dsv' for command environment
[2.388s] INFO:colcon.colcon_core.task.python.build:Building Python package in '/home/deivideich/ros_2_ws/src/octobot_2'
[2.420s] INFO:colcon.colcon_core.shell:Skip shell extension 'powershell' for command environment: Not usable outside of PowerShell
[2.420s] DEBUG:colcon.colcon_core.shell:Skip shell extension 'dsv' for command environment
[2.835s] DEBUG:colcon.colcon_core.event_handler.log_command:Invoking command in '/home/deivideich/ros_2_ws/src/octobot_2': PYTHONPATH=/home/deivideich/ros_2_ws/build/octobot_2/prefix_override:/home/deivideich/ros_2_ws/install/octobot_2/lib/python3.8/site-packages:${PYTHONPATH} /usr/bin/python3 setup.py egg_info --egg-base ../../build/octobot_2 build --build-base /home/deivideich/ros_2_ws/build/octobot_2/build install --record /home/deivideich/ros_2_ws/build/octobot_2/install.log --install-scripts $base/lib/octobot_2 --single-version-externally-managed
[3.059s] DEBUG:colcon.colcon_core.event_handler.log_command:Invoked command in '/home/deivideich/ros_2_ws/src/octobot_2' returned '0': PYTHONPATH=/home/deivideich/ros_2_ws/build/octobot_2/prefix_override:/home/deivideich/ros_2_ws/install/octobot_2/lib/python3.8/site-packages:${PYTHONPATH} /usr/bin/python3 setup.py egg_info --egg-base ../../build/octobot_2 build --build-base /home/deivideich/ros_2_ws/build/octobot_2/build install --record /home/deivideich/ros_2_ws/build/octobot_2/install.log --install-scripts $base/lib/octobot_2 --single-version-externally-managed
[3.094s] Level 1:colcon.colcon_core.environment:checking '/home/deivideich/ros_2_ws/install/octobot_2' for CMake module files
[3.094s] Level 1:colcon.colcon_core.environment:checking '/home/deivideich/ros_2_ws/install/octobot_2' for CMake config files
[3.095s] Level 1:colcon.colcon_core.environment:checking '/home/deivideich/ros_2_ws/install/octobot_2/lib'
[3.095s] Level 1:colcon.colcon_core.environment:checking '/home/deivideich/ros_2_ws/install/octobot_2/bin'
[3.095s] Level 1:colcon.colcon_core.environment:checking '/home/deivideich/ros_2_ws/install/octobot_2/lib/pkgconfig/octobot_2.pc'
[3.095s] Level 1:colcon.colcon_core.environment:checking '/home/deivideich/ros_2_ws/install/octobot_2/lib/python3.8/site-packages'
[3.095s] Level 1:colcon.colcon_core.shell:create_environment_hook('octobot_2', 'pythonpath')
[3.122s] INFO:colcon.colcon_core.shell:Creating environment hook '/home/deivideich/ros_2_ws/install/octobot_2/share/octobot_2/hook/pythonpath.ps1'
[3.123s] INFO:colcon.colcon_core.shell:Creating environment descriptor '/home/deivideich/ros_2_ws/install/octobot_2/share/octobot_2/hook/pythonpath.dsv'
[3.123s] INFO:colcon.colcon_core.shell:Creating environment hook '/home/deivideich/ros_2_ws/install/octobot_2/share/octobot_2/hook/pythonpath.sh'
[3.123s] Level 1:colcon.colcon_core.environment:checking '/home/deivideich/ros_2_ws/install/octobot_2/bin'
[3.123s] Level 1:colcon.colcon_core.environment:create_environment_scripts_only(octobot_2)
[3.150s] INFO:colcon.colcon_core.shell:Creating package script '/home/deivideich/ros_2_ws/install/octobot_2/share/octobot_2/package.ps1'
[3.150s] INFO:colcon.colcon_core.shell:Creating package descriptor '/home/deivideich/ros_2_ws/install/octobot_2/share/octobot_2/package.dsv'
[3.150s] INFO:colcon.colcon_core.shell:Creating package script '/home/deivideich/ros_2_ws/install/octobot_2/share/octobot_2/package.sh'
[3.151s] INFO:colcon.colcon_core.shell:Creating package script '/home/deivideich/ros_2_ws/install/octobot_2/share/octobot_2/package.bash'
[3.151s] INFO:colcon.colcon_core.shell:Creating package script '/home/deivideich/ros_2_ws/install/octobot_2/share/octobot_2/package.zsh'
[3.152s] Level 1:colcon.colcon_core.environment:create_file_with_runtime_dependencies(/home/deivideich/ros_2_ws/install/octobot_2/share/colcon-core/packages/octobot_2)
[3.152s] DEBUG:colcon.colcon_parallel_executor.executor.parallel:closing loop
[3.152s] DEBUG:colcon.colcon_parallel_executor.executor.parallel:loop closed
[3.152s] DEBUG:colcon.colcon_parallel_executor.executor.parallel:run_until_complete finished with '0'
[3.152s] DEBUG:colcon.colcon_core.event_reactor:joining thread
[3.189s] INFO:colcon.colcon_core.plugin_system:Skipping extension 'colcon_notification.desktop_notification.terminal_notifier': Not used on non-Darwin systems
[3.189s] INFO:colcon.colcon_core.plugin_system:Skipping extension 'colcon_notification.desktop_notification.win32': Not used on non-Windows systems
[3.190s] INFO:colcon.colcon_notification.desktop_notification:Sending desktop notification using 'notify2'
[3.208s] DEBUG:colcon.colcon_core.event_reactor:joined thread
[3.239s] INFO:colcon.colcon_core.shell:Creating prefix script '/home/deivideich/ros_2_ws/install/local_setup.ps1'
[3.239s] INFO:colcon.colcon_core.shell:Creating prefix util module '/home/deivideich/ros_2_ws/install/_local_setup_util_ps1.py'
[3.240s] INFO:colcon.colcon_core.shell:Creating prefix chain script '/home/deivideich/ros_2_ws/install/setup.ps1'
[3.270s] INFO:colcon.colcon_core.shell:Creating prefix script '/home/deivideich/ros_2_ws/install/local_setup.sh'
[3.271s] INFO:colcon.colcon_core.shell:Creating prefix util module '/home/deivideich/ros_2_ws/install/_local_setup_util_sh.py'
[3.271s] INFO:colcon.colcon_core.shell:Creating prefix chain script '/home/deivideich/ros_2_ws/install/setup.sh'
[3.298s] INFO:colcon.colcon_core.shell:Creating prefix script '/home/deivideich/ros_2_ws/install/local_setup.bash'
[3.298s] INFO:colcon.colcon_core.shell:Creating prefix chain script '/home/deivideich/ros_2_ws/install/setup.bash'
[3.325s] INFO:colcon.colcon_core.shell:Creating prefix script '/home/deivideich/ros_2_ws/install/local_setup.zsh'
[3.325s] INFO:colcon.colcon_core.shell:Creating prefix chain script '/home/deivideich/ros_2_ws/install/setup.zsh'
