[2.550s] Invoking command in '/home/deivideich/Holonomic_Base_Simulation/ros_2_ws/src/octobot_2': PYTHONPATH=/home/deivideich/Holonomic_Base_Simulation/ros_2_ws/build/octobot_2/prefix_override:/home/deivideich/Holonomic_Base_Simulation/ros_2_ws/install/octobot_2/lib/python3.8/site-packages:${PYTHONPATH} /usr/bin/python3 setup.py egg_info --egg-base ../../build/octobot_2 build --build-base /home/deivideich/Holonomic_Base_Simulation/ros_2_ws/build/octobot_2/build install --record /home/deivideich/Holonomic_Base_Simulation/ros_2_ws/build/octobot_2/install.log --install-scripts $base/lib/octobot_2 --single-version-externally-managed
[2.796s] running egg_info
[2.797s] writing ../../build/octobot_2/octobot_2.egg-info/PKG-INFO
[2.798s] writing dependency_links to ../../build/octobot_2/octobot_2.egg-info/dependency_links.txt
[2.799s] writing entry points to ../../build/octobot_2/octobot_2.egg-info/entry_points.txt
[2.799s] writing requirements to ../../build/octobot_2/octobot_2.egg-info/requires.txt
[2.799s] writing top-level names to ../../build/octobot_2/octobot_2.egg-info/top_level.txt
[2.846s] reading manifest file '../../build/octobot_2/octobot_2.egg-info/SOURCES.txt'
[2.846s] writing manifest file '../../build/octobot_2/octobot_2.egg-info/SOURCES.txt'
[2.846s] running build
[2.846s] running build_py
[2.846s] running install
[2.846s] running install_lib
[2.847s] running install_data
[2.848s] copying urdf/NuevaBaseMetal3.urdf -> /home/deivideich/Holonomic_Base_Simulation/ros_2_ws/install/octobot_2/share/octobot_2/urdf
[2.849s] running install_egg_info
[2.850s] removing '/home/deivideich/Holonomic_Base_Simulation/ros_2_ws/install/octobot_2/lib/python3.8/site-packages/octobot_2-0.0.0-py3.8.egg-info' (and everything under it)
[2.851s] Copying ../../build/octobot_2/octobot_2.egg-info to /home/deivideich/Holonomic_Base_Simulation/ros_2_ws/install/octobot_2/lib/python3.8/site-packages/octobot_2-0.0.0-py3.8.egg-info
[2.853s] running install_scripts
[2.873s] writing list of installed files to '/home/deivideich/Holonomic_Base_Simulation/ros_2_ws/build/octobot_2/install.log'
[3.599s] Invoked command in '/home/deivideich/Holonomic_Base_Simulation/ros_2_ws/src/octobot_2' returned '0': PYTHONPATH=/home/deivideich/Holonomic_Base_Simulation/ros_2_ws/build/octobot_2/prefix_override:/home/deivideich/Holonomic_Base_Simulation/ros_2_ws/install/octobot_2/lib/python3.8/site-packages:${PYTHONPATH} /usr/bin/python3 setup.py egg_info --egg-base ../../build/octobot_2 build --build-base /home/deivideich/Holonomic_Base_Simulation/ros_2_ws/build/octobot_2/build install --record /home/deivideich/Holonomic_Base_Simulation/ros_2_ws/build/octobot_2/install.log --install-scripts $base/lib/octobot_2 --single-version-externally-managed
