/home/deivideich/Holonomic_Base_Simulation/ros_2_ws/install/octobot_2/lib/python3.8/site-packages/octobot_2/__init__.py
/home/deivideich/Holonomic_Base_Simulation/ros_2_ws/install/octobot_2/lib/python3.8/site-packages/octobot_2/__pycache__/__init__.cpython-38.pyc
/home/deivideich/Holonomic_Base_Simulation/ros_2_ws/install/octobot_2/share/ament_index/resource_index/packages/octobot_2
/home/deivideich/Holonomic_Base_Simulation/ros_2_ws/install/octobot_2/share/octobot_2/package.xml
/home/deivideich/Holonomic_Base_Simulation/ros_2_ws/install/octobot_2/share/octobot_2/urdf/NuevaBaseMetal3.urdf
/home/deivideich/Holonomic_Base_Simulation/ros_2_ws/install/octobot_2/share/octobot_2/urdf/NuevaBaseMetal4.urdf
/home/deivideich/Holonomic_Base_Simulation/ros_2_ws/install/octobot_2/share/octobot_2/urdf/NuevaBaseMetal2.urdf
/home/deivideich/Holonomic_Base_Simulation/ros_2_ws/install/octobot_2/share/octobot_2/launch/gazebo_test.launch.py
/home/deivideich/Holonomic_Base_Simulation/ros_2_ws/install/octobot_2/share/octobot_2/launch/gazebo.launch.py
/home/deivideich/Holonomic_Base_Simulation/ros_2_ws/install/octobot_2/share/octobot_2/launch/gazebo_2.launch.py
/home/deivideich/Holonomic_Base_Simulation/ros_2_ws/install/octobot_2/share/octobot_2/launch/rsp.launch.py
/home/deivideich/Holonomic_Base_Simulation/ros_2_ws/install/octobot_2/share/octobot_2/launch/display.launch copy.py
/home/deivideich/Holonomic_Base_Simulation/ros_2_ws/install/octobot_2/share/octobot_2/meshes/cam_link.STL
/home/deivideich/Holonomic_Base_Simulation/ros_2_ws/install/octobot_2/share/octobot_2/meshes/base_link.STL
/home/deivideich/Holonomic_Base_Simulation/ros_2_ws/install/octobot_2/share/octobot_2/meshes/BL_Link.STL
/home/deivideich/Holonomic_Base_Simulation/ros_2_ws/install/octobot_2/share/octobot_2/meshes/Camera_Link.STL
/home/deivideich/Holonomic_Base_Simulation/ros_2_ws/install/octobot_2/share/octobot_2/meshes/lidar_link.STL
/home/deivideich/Holonomic_Base_Simulation/ros_2_ws/install/octobot_2/share/octobot_2/meshes/br_link.STL
/home/deivideich/Holonomic_Base_Simulation/ros_2_ws/install/octobot_2/share/octobot_2/meshes/fl_link.STL
/home/deivideich/Holonomic_Base_Simulation/ros_2_ws/install/octobot_2/share/octobot_2/meshes/Lidar_Link.STL
/home/deivideich/Holonomic_Base_Simulation/ros_2_ws/install/octobot_2/share/octobot_2/meshes/FR_Link.STL
/home/deivideich/Holonomic_Base_Simulation/ros_2_ws/install/octobot_2/share/octobot_2/meshes/BR_Link.STL
/home/deivideich/Holonomic_Base_Simulation/ros_2_ws/install/octobot_2/share/octobot_2/meshes/FL_Link.STL
/home/deivideich/Holonomic_Base_Simulation/ros_2_ws/install/octobot_2/share/octobot_2/meshes/fr_link.STL
/home/deivideich/Holonomic_Base_Simulation/ros_2_ws/install/octobot_2/share/octobot_2/meshes/Base_link.STL
/home/deivideich/Holonomic_Base_Simulation/ros_2_ws/install/octobot_2/share/octobot_2/meshes/bl_link.STL
/home/deivideich/Holonomic_Base_Simulation/ros_2_ws/install/octobot_2/share/octobot_2/worlds
/home/deivideich/Holonomic_Base_Simulation/ros_2_ws/install/octobot_2/lib/python3.8/site-packages/octobot_2-0.0.0-py3.8.egg-info/requires.txt
/home/deivideich/Holonomic_Base_Simulation/ros_2_ws/install/octobot_2/lib/python3.8/site-packages/octobot_2-0.0.0-py3.8.egg-info/PKG-INFO
/home/deivideich/Holonomic_Base_Simulation/ros_2_ws/install/octobot_2/lib/python3.8/site-packages/octobot_2-0.0.0-py3.8.egg-info/zip-safe
/home/deivideich/Holonomic_Base_Simulation/ros_2_ws/install/octobot_2/lib/python3.8/site-packages/octobot_2-0.0.0-py3.8.egg-info/dependency_links.txt
/home/deivideich/Holonomic_Base_Simulation/ros_2_ws/install/octobot_2/lib/python3.8/site-packages/octobot_2-0.0.0-py3.8.egg-info/entry_points.txt
/home/deivideich/Holonomic_Base_Simulation/ros_2_ws/install/octobot_2/lib/python3.8/site-packages/octobot_2-0.0.0-py3.8.egg-info/top_level.txt
/home/deivideich/Holonomic_Base_Simulation/ros_2_ws/install/octobot_2/lib/python3.8/site-packages/octobot_2-0.0.0-py3.8.egg-info/SOURCES.txt
