[1.985s] DEBUG:colcon:Command line arguments: ['/usr/bin/colcon', 'build']
[1.985s] DEBUG:colcon:Parsed command line arguments: Namespace(allow_overriding=[], ament_cmake_args=None, base_paths=['.'], build_base='build', catkin_cmake_args=None, catkin_skip_building_tests=False, cmake_args=None, cmake_clean_cache=False, cmake_clean_first=False, cmake_force_configure=False, cmake_target=None, cmake_target_skip_unavailable=False, continue_on_error=False, event_handlers=None, executor='parallel', ignore_user_meta=False, install_base='install', log_base=None, log_level=None, main=<bound method BuildVerb.main of <colcon_core.verb.build.BuildVerb object at 0x7fcd7318e820>>, merge_install=False, metas=['./colcon.meta'], packages_above=None, packages_above_and_dependencies=None, packages_above_depth=None, packages_end=None, packages_ignore=None, packages_ignore_regex=None, packages_select=None, packages_select_build_failed=False, packages_select_by_dep=None, packages_select_regex=None, packages_select_test_failures=False, packages_skip=None, packages_skip_build_finished=False, packages_skip_by_dep=None, packages_skip_regex=None, packages_skip_test_passed=False, packages_skip_up_to=None, packages_start=None, packages_up_to=None, packages_up_to_regex=None, parallel_workers=16, paths=None, symlink_install=False, test_result_base=None, verb_extension=<colcon_core.verb.build.BuildVerb object at 0x7fcd7318e820>, verb_name='build', verb_parser=<colcon_defaults.argument_parser.defaults.DefaultArgumentsDecorator object at 0x7fcd7318ed60>)
[2.062s] Level 1:colcon.colcon_core.package_discovery:discover_packages(colcon_meta) check parameters
[2.063s] Level 1:colcon.colcon_core.package_discovery:discover_packages(recursive) check parameters
[2.063s] Level 1:colcon.colcon_core.package_discovery:discover_packages(ignore) check parameters
[2.063s] Level 1:colcon.colcon_core.package_discovery:discover_packages(path) check parameters
[2.063s] Level 1:colcon.colcon_core.package_discovery:discover_packages(colcon_meta) discover
[2.063s] Level 1:colcon.colcon_core.package_discovery:discover_packages(recursive) discover
[2.063s] INFO:colcon.colcon_core.package_discovery:Crawling recursively for packages in '/home/deivideich/Holonomic_Base_Simulation/ros_2_ws'
[2.063s] Level 1:colcon.colcon_core.package_identification:_identify(.) by extensions ['ignore', 'ignore_ament_install']
[2.063s] Level 1:colcon.colcon_core.package_identification:_identify(.) by extension 'ignore'
[2.063s] Level 1:colcon.colcon_core.package_identification:_identify(.) by extension 'ignore_ament_install'
[2.063s] Level 1:colcon.colcon_core.package_identification:_identify(.) by extensions ['colcon_pkg']
[2.063s] Level 1:colcon.colcon_core.package_identification:_identify(.) by extension 'colcon_pkg'
[2.063s] Level 1:colcon.colcon_core.package_identification:_identify(.) by extensions ['colcon_meta']
[2.063s] Level 1:colcon.colcon_core.package_identification:_identify(.) by extension 'colcon_meta'
[2.063s] Level 1:colcon.colcon_core.package_identification:_identify(.) by extensions ['ros']
[2.063s] Level 1:colcon.colcon_core.package_identification:_identify(.) by extension 'ros'
[2.071s] Level 1:colcon.colcon_core.package_identification:_identify(.) by extensions ['cmake', 'python']
[2.071s] Level 1:colcon.colcon_core.package_identification:_identify(.) by extension 'cmake'
[2.071s] Level 1:colcon.colcon_core.package_identification:_identify(.) by extension 'python'
[2.071s] Level 1:colcon.colcon_core.package_identification:_identify(.) by extensions ['python_setup_py']
[2.071s] Level 1:colcon.colcon_core.package_identification:_identify(.) by extension 'python_setup_py'
[2.071s] Level 1:colcon.colcon_core.package_identification:_identify(build) by extensions ['ignore', 'ignore_ament_install']
[2.071s] Level 1:colcon.colcon_core.package_identification:_identify(build) by extension 'ignore'
[2.071s] Level 1:colcon.colcon_core.package_identification:_identify(build) ignored
[2.071s] Level 1:colcon.colcon_core.package_identification:_identify(config) by extensions ['ignore', 'ignore_ament_install']
[2.071s] Level 1:colcon.colcon_core.package_identification:_identify(config) by extension 'ignore'
[2.071s] Level 1:colcon.colcon_core.package_identification:_identify(config) by extension 'ignore_ament_install'
[2.071s] Level 1:colcon.colcon_core.package_identification:_identify(config) by extensions ['colcon_pkg']
[2.071s] Level 1:colcon.colcon_core.package_identification:_identify(config) by extension 'colcon_pkg'
[2.071s] Level 1:colcon.colcon_core.package_identification:_identify(config) by extensions ['colcon_meta']
[2.071s] Level 1:colcon.colcon_core.package_identification:_identify(config) by extension 'colcon_meta'
[2.071s] Level 1:colcon.colcon_core.package_identification:_identify(config) by extensions ['ros']
[2.071s] Level 1:colcon.colcon_core.package_identification:_identify(config) by extension 'ros'
[2.071s] Level 1:colcon.colcon_core.package_identification:_identify(config) by extensions ['cmake', 'python']
[2.071s] Level 1:colcon.colcon_core.package_identification:_identify(config) by extension 'cmake'
[2.071s] Level 1:colcon.colcon_core.package_identification:_identify(config) by extension 'python'
[2.072s] Level 1:colcon.colcon_core.package_identification:_identify(config) by extensions ['python_setup_py']
[2.072s] Level 1:colcon.colcon_core.package_identification:_identify(config) by extension 'python_setup_py'
[2.072s] Level 1:colcon.colcon_core.package_identification:_identify(install) by extensions ['ignore', 'ignore_ament_install']
[2.072s] Level 1:colcon.colcon_core.package_identification:_identify(install) by extension 'ignore'
[2.072s] Level 1:colcon.colcon_core.package_identification:_identify(install) ignored
[2.072s] Level 1:colcon.colcon_core.package_identification:_identify(log) by extensions ['ignore', 'ignore_ament_install']
[2.072s] Level 1:colcon.colcon_core.package_identification:_identify(log) by extension 'ignore'
[2.072s] Level 1:colcon.colcon_core.package_identification:_identify(log) ignored
[2.072s] Level 1:colcon.colcon_core.package_identification:_identify(src) by extensions ['ignore', 'ignore_ament_install']
[2.072s] Level 1:colcon.colcon_core.package_identification:_identify(src) by extension 'ignore'
[2.072s] Level 1:colcon.colcon_core.package_identification:_identify(src) by extension 'ignore_ament_install'
[2.072s] Level 1:colcon.colcon_core.package_identification:_identify(src) by extensions ['colcon_pkg']
[2.072s] Level 1:colcon.colcon_core.package_identification:_identify(src) by extension 'colcon_pkg'
[2.072s] Level 1:colcon.colcon_core.package_identification:_identify(src) by extensions ['colcon_meta']
[2.072s] Level 1:colcon.colcon_core.package_identification:_identify(src) by extension 'colcon_meta'
[2.072s] Level 1:colcon.colcon_core.package_identification:_identify(src) by extensions ['ros']
[2.072s] Level 1:colcon.colcon_core.package_identification:_identify(src) by extension 'ros'
[2.072s] Level 1:colcon.colcon_core.package_identification:_identify(src) by extensions ['cmake', 'python']
[2.072s] Level 1:colcon.colcon_core.package_identification:_identify(src) by extension 'cmake'
[2.072s] Level 1:colcon.colcon_core.package_identification:_identify(src) by extension 'python'
[2.073s] Level 1:colcon.colcon_core.package_identification:_identify(src) by extensions ['python_setup_py']
[2.073s] Level 1:colcon.colcon_core.package_identification:_identify(src) by extension 'python_setup_py'
[2.073s] Level 1:colcon.colcon_core.package_identification:_identify(src/octobot_2) by extensions ['ignore', 'ignore_ament_install']
[2.073s] Level 1:colcon.colcon_core.package_identification:_identify(src/octobot_2) by extension 'ignore'
[2.073s] Level 1:colcon.colcon_core.package_identification:_identify(src/octobot_2) by extension 'ignore_ament_install'
[2.073s] Level 1:colcon.colcon_core.package_identification:_identify(src/octobot_2) by extensions ['colcon_pkg']
[2.073s] Level 1:colcon.colcon_core.package_identification:_identify(src/octobot_2) by extension 'colcon_pkg'
[2.073s] Level 1:colcon.colcon_core.package_identification:_identify(src/octobot_2) by extensions ['colcon_meta']
[2.073s] Level 1:colcon.colcon_core.package_identification:_identify(src/octobot_2) by extension 'colcon_meta'
[2.073s] Level 1:colcon.colcon_core.package_identification:_identify(src/octobot_2) by extensions ['ros']
[2.073s] Level 1:colcon.colcon_core.package_identification:_identify(src/octobot_2) by extension 'ros'
[2.074s] DEBUG:colcon.colcon_core.package_identification:Package 'src/octobot_2' with type 'ros.ament_python' and name 'octobot_2'
[2.074s] Level 1:colcon.colcon_core.package_discovery:discover_packages(recursive) using defaults
[2.075s] Level 1:colcon.colcon_core.package_discovery:discover_packages(ignore) discover
[2.075s] Level 1:colcon.colcon_core.package_discovery:discover_packages(ignore) using defaults
[2.075s] Level 1:colcon.colcon_core.package_discovery:discover_packages(path) discover
[2.075s] Level 1:colcon.colcon_core.package_discovery:discover_packages(path) using defaults
[2.257s] Level 1:colcon.colcon_core.package_discovery:discover_packages(prefix_path) check parameters
[2.257s] Level 1:colcon.colcon_core.package_discovery:discover_packages(prefix_path) discover
[2.326s] DEBUG:colcon.colcon_installed_package_information.package_discovery:Found 1 installed packages in /home/deivideich/Holonomic_Base_Simulation/ros_2_ws/install
[2.361s] DEBUG:colcon.colcon_installed_package_information.package_discovery:Found 373 installed packages in /opt/ros/foxy
[2.394s] DEBUG:colcon.colcon_installed_package_information.package_discovery:Found 3 installed packages in /opt/ros/noetic
[2.395s] Level 1:colcon.colcon_core.package_discovery:discover_packages(prefix_path) using defaults
[2.526s] Level 5:colcon.colcon_core.verb:set package 'octobot_2' build argument 'cmake_args' from command line to 'None'
[2.526s] Level 5:colcon.colcon_core.verb:set package 'octobot_2' build argument 'cmake_target' from command line to 'None'
[2.526s] Level 5:colcon.colcon_core.verb:set package 'octobot_2' build argument 'cmake_target_skip_unavailable' from command line to 'False'
[2.526s] Level 5:colcon.colcon_core.verb:set package 'octobot_2' build argument 'cmake_clean_cache' from command line to 'False'
[2.526s] Level 5:colcon.colcon_core.verb:set package 'octobot_2' build argument 'cmake_clean_first' from command line to 'False'
[2.526s] Level 5:colcon.colcon_core.verb:set package 'octobot_2' build argument 'cmake_force_configure' from command line to 'False'
[2.526s] Level 5:colcon.colcon_core.verb:set package 'octobot_2' build argument 'ament_cmake_args' from command line to 'None'
[2.526s] Level 5:colcon.colcon_core.verb:set package 'octobot_2' build argument 'catkin_cmake_args' from command line to 'None'
[2.526s] Level 5:colcon.colcon_core.verb:set package 'octobot_2' build argument 'catkin_skip_building_tests' from command line to 'False'
[2.526s] DEBUG:colcon.colcon_core.verb:Building package 'octobot_2' with the following arguments: {'ament_cmake_args': None, 'build_base': '/home/deivideich/Holonomic_Base_Simulation/ros_2_ws/build/octobot_2', 'catkin_cmake_args': None, 'catkin_skip_building_tests': False, 'cmake_args': None, 'cmake_clean_cache': False, 'cmake_clean_first': False, 'cmake_force_configure': False, 'cmake_target': None, 'cmake_target_skip_unavailable': False, 'install_base': '/home/deivideich/Holonomic_Base_Simulation/ros_2_ws/install/octobot_2', 'merge_install': False, 'path': '/home/deivideich/Holonomic_Base_Simulation/ros_2_ws/src/octobot_2', 'symlink_install': False, 'test_result_base': None}
[2.560s] INFO:colcon.colcon_core.executor:Executing jobs using 'parallel' executor
[2.593s] DEBUG:colcon.colcon_parallel_executor.executor.parallel:run_until_complete
[2.594s] INFO:colcon.colcon_ros.task.ament_python.build:Building ROS package in '/home/deivideich/Holonomic_Base_Simulation/ros_2_ws/src/octobot_2' with build type 'ament_python'
[2.594s] Level 1:colcon.colcon_core.shell:create_environment_hook('octobot_2', 'ament_prefix_path')
[2.630s] INFO:colcon.colcon_core.plugin_system:Skipping extension 'colcon_core.shell.bat': Not used on non-Windows systems
[2.630s] INFO:colcon.colcon_core.shell:Creating environment hook '/home/deivideich/Holonomic_Base_Simulation/ros_2_ws/install/octobot_2/share/octobot_2/hook/ament_prefix_path.ps1'
[2.630s] INFO:colcon.colcon_core.shell:Creating environment descriptor '/home/deivideich/Holonomic_Base_Simulation/ros_2_ws/install/octobot_2/share/octobot_2/hook/ament_prefix_path.dsv'
[2.631s] INFO:colcon.colcon_core.shell:Creating environment hook '/home/deivideich/Holonomic_Base_Simulation/ros_2_ws/install/octobot_2/share/octobot_2/hook/ament_prefix_path.sh'
[2.663s] INFO:colcon.colcon_core.shell:Skip shell extension 'powershell' for command environment: Not usable outside of PowerShell
[2.663s] DEBUG:colcon.colcon_core.shell:Skip shell extension 'dsv' for command environment
[2.987s] INFO:colcon.colcon_core.task.python.build:Building Python package in '/home/deivideich/Holonomic_Base_Simulation/ros_2_ws/src/octobot_2'
[3.026s] INFO:colcon.colcon_core.shell:Skip shell extension 'powershell' for command environment: Not usable outside of PowerShell
[3.026s] DEBUG:colcon.colcon_core.shell:Skip shell extension 'dsv' for command environment
[3.472s] DEBUG:colcon.colcon_core.event_handler.log_command:Invoking command in '/home/deivideich/Holonomic_Base_Simulation/ros_2_ws/src/octobot_2': PYTHONPATH=/home/deivideich/Holonomic_Base_Simulation/ros_2_ws/build/octobot_2/prefix_override:/home/deivideich/Holonomic_Base_Simulation/ros_2_ws/install/octobot_2/lib/python3.8/site-packages:${PYTHONPATH} /usr/bin/python3 setup.py egg_info --egg-base ../../build/octobot_2 build --build-base /home/deivideich/Holonomic_Base_Simulation/ros_2_ws/build/octobot_2/build install --record /home/deivideich/Holonomic_Base_Simulation/ros_2_ws/build/octobot_2/install.log --install-scripts $base/lib/octobot_2 --single-version-externally-managed
[3.690s] DEBUG:colcon.colcon_core.event_handler.log_command:Invoked command in '/home/deivideich/Holonomic_Base_Simulation/ros_2_ws/src/octobot_2' returned '0': PYTHONPATH=/home/deivideich/Holonomic_Base_Simulation/ros_2_ws/build/octobot_2/prefix_override:/home/deivideich/Holonomic_Base_Simulation/ros_2_ws/install/octobot_2/lib/python3.8/site-packages:${PYTHONPATH} /usr/bin/python3 setup.py egg_info --egg-base ../../build/octobot_2 build --build-base /home/deivideich/Holonomic_Base_Simulation/ros_2_ws/build/octobot_2/build install --record /home/deivideich/Holonomic_Base_Simulation/ros_2_ws/build/octobot_2/install.log --install-scripts $base/lib/octobot_2 --single-version-externally-managed
[3.727s] Level 1:colcon.colcon_core.environment:checking '/home/deivideich/Holonomic_Base_Simulation/ros_2_ws/install/octobot_2' for CMake module files
[3.727s] Level 1:colcon.colcon_core.environment:checking '/home/deivideich/Holonomic_Base_Simulation/ros_2_ws/install/octobot_2' for CMake config files
[3.728s] Level 1:colcon.colcon_core.environment:checking '/home/deivideich/Holonomic_Base_Simulation/ros_2_ws/install/octobot_2/lib'
[3.728s] Level 1:colcon.colcon_core.environment:checking '/home/deivideich/Holonomic_Base_Simulation/ros_2_ws/install/octobot_2/bin'
[3.728s] Level 1:colcon.colcon_core.environment:checking '/home/deivideich/Holonomic_Base_Simulation/ros_2_ws/install/octobot_2/lib/pkgconfig/octobot_2.pc'
[3.728s] Level 1:colcon.colcon_core.environment:checking '/home/deivideich/Holonomic_Base_Simulation/ros_2_ws/install/octobot_2/lib/python3.8/site-packages'
[3.728s] Level 1:colcon.colcon_core.shell:create_environment_hook('octobot_2', 'pythonpath')
[3.762s] INFO:colcon.colcon_core.shell:Creating environment hook '/home/deivideich/Holonomic_Base_Simulation/ros_2_ws/install/octobot_2/share/octobot_2/hook/pythonpath.ps1'
[3.762s] INFO:colcon.colcon_core.shell:Creating environment descriptor '/home/deivideich/Holonomic_Base_Simulation/ros_2_ws/install/octobot_2/share/octobot_2/hook/pythonpath.dsv'
[3.762s] INFO:colcon.colcon_core.shell:Creating environment hook '/home/deivideich/Holonomic_Base_Simulation/ros_2_ws/install/octobot_2/share/octobot_2/hook/pythonpath.sh'
[3.763s] Level 1:colcon.colcon_core.environment:checking '/home/deivideich/Holonomic_Base_Simulation/ros_2_ws/install/octobot_2/bin'
[3.763s] Level 1:colcon.colcon_core.environment:create_environment_scripts_only(octobot_2)
[3.797s] INFO:colcon.colcon_core.shell:Creating package script '/home/deivideich/Holonomic_Base_Simulation/ros_2_ws/install/octobot_2/share/octobot_2/package.ps1'
[3.798s] INFO:colcon.colcon_core.shell:Creating package descriptor '/home/deivideich/Holonomic_Base_Simulation/ros_2_ws/install/octobot_2/share/octobot_2/package.dsv'
[3.798s] INFO:colcon.colcon_core.shell:Creating package script '/home/deivideich/Holonomic_Base_Simulation/ros_2_ws/install/octobot_2/share/octobot_2/package.sh'
[3.799s] INFO:colcon.colcon_core.shell:Creating package script '/home/deivideich/Holonomic_Base_Simulation/ros_2_ws/install/octobot_2/share/octobot_2/package.bash'
[3.799s] INFO:colcon.colcon_core.shell:Creating package script '/home/deivideich/Holonomic_Base_Simulation/ros_2_ws/install/octobot_2/share/octobot_2/package.zsh'
[3.800s] Level 1:colcon.colcon_core.environment:create_file_with_runtime_dependencies(/home/deivideich/Holonomic_Base_Simulation/ros_2_ws/install/octobot_2/share/colcon-core/packages/octobot_2)
[3.800s] DEBUG:colcon.colcon_parallel_executor.executor.parallel:closing loop
[3.800s] DEBUG:colcon.colcon_parallel_executor.executor.parallel:loop closed
[3.800s] DEBUG:colcon.colcon_parallel_executor.executor.parallel:run_until_complete finished with '0'
[3.800s] DEBUG:colcon.colcon_core.event_reactor:joining thread
[3.840s] INFO:colcon.colcon_core.plugin_system:Skipping extension 'colcon_notification.desktop_notification.terminal_notifier': Not used on non-Darwin systems
[3.840s] INFO:colcon.colcon_core.plugin_system:Skipping extension 'colcon_notification.desktop_notification.win32': Not used on non-Windows systems
[3.840s] INFO:colcon.colcon_notification.desktop_notification:Sending desktop notification using 'notify2'
[3.852s] DEBUG:colcon.colcon_core.event_reactor:joined thread
[3.889s] INFO:colcon.colcon_core.shell:Creating prefix script '/home/deivideich/Holonomic_Base_Simulation/ros_2_ws/install/local_setup.ps1'
[3.890s] INFO:colcon.colcon_core.shell:Creating prefix util module '/home/deivideich/Holonomic_Base_Simulation/ros_2_ws/install/_local_setup_util_ps1.py'
[3.891s] INFO:colcon.colcon_core.shell:Creating prefix chain script '/home/deivideich/Holonomic_Base_Simulation/ros_2_ws/install/setup.ps1'
[3.927s] INFO:colcon.colcon_core.shell:Creating prefix script '/home/deivideich/Holonomic_Base_Simulation/ros_2_ws/install/local_setup.sh'
[3.927s] INFO:colcon.colcon_core.shell:Creating prefix util module '/home/deivideich/Holonomic_Base_Simulation/ros_2_ws/install/_local_setup_util_sh.py'
[3.928s] INFO:colcon.colcon_core.shell:Creating prefix chain script '/home/deivideich/Holonomic_Base_Simulation/ros_2_ws/install/setup.sh'
[3.964s] INFO:colcon.colcon_core.shell:Creating prefix script '/home/deivideich/Holonomic_Base_Simulation/ros_2_ws/install/local_setup.bash'
[3.964s] INFO:colcon.colcon_core.shell:Creating prefix chain script '/home/deivideich/Holonomic_Base_Simulation/ros_2_ws/install/setup.bash'
[4.003s] INFO:colcon.colcon_core.shell:Creating prefix script '/home/deivideich/Holonomic_Base_Simulation/ros_2_ws/install/local_setup.zsh'
[4.003s] INFO:colcon.colcon_core.shell:Creating prefix chain script '/home/deivideich/Holonomic_Base_Simulation/ros_2_ws/install/setup.zsh'
