[0.400s] Invoking command in '/home/deivideich/Holonomic_Base_Simulation/ros_2_ws/build/nav2_msgs': AMENT_PREFIX_PATH=/home/deivideich/Holonomic_Base_Simulation/ros_2_ws/install/nav2_common:${AMENT_PREFIX_PATH} CMAKE_PREFIX_PATH=/home/deivideich/Holonomic_Base_Simulation/ros_2_ws/install/nav2_common:/home/deivideich/Holonomic_Base_Simulation/ros_2_ws/install/octobot_2:/opt/ros/foxy:${CMAKE_PREFIX_PATH} PYTHONPATH=/home/deivideich/Holonomic_Base_Simulation/ros_2_ws/install/nav2_common/lib/python3.8/site-packages:${PYTHONPATH} /usr/bin/cmake /home/deivideich/Holonomic_Base_Simulation/ros_2_ws/navigation2/nav2_msgs -DCMAKE_INSTALL_PREFIX=/home/deivideich/Holonomic_Base_Simulation/ros_2_ws/install/nav2_msgs
[0.438s] -- The C compiler identification is GNU 9.4.0
[0.479s] -- The CXX compiler identification is GNU 9.4.0
[0.482s] -- Check for working C compiler: /usr/bin/cc
[0.532s] -- Check for working C compiler: /usr/bin/cc -- works
[0.533s] -- Detecting C compiler ABI info
[0.587s] -- Detecting C compiler ABI info - done
[0.596s] -- Detecting C compile features
[0.596s] -- Detecting C compile features - done
[0.599s] -- Check for working CXX compiler: /usr/bin/c++
[0.656s] -- Check for working CXX compiler: /usr/bin/c++ -- works
[0.658s] -- Detecting CXX compiler ABI info
[0.713s] -- Detecting CXX compiler ABI info - done
[0.723s] -- Detecting CXX compile features
[0.723s] -- Detecting CXX compile features - done
[0.725s] -- Found ament_cmake: 0.9.12 (/opt/ros/foxy/share/ament_cmake/cmake)
[0.750s] -- Found PythonInterp: /usr/bin/python3 (found suitable version "3.8.10", minimum required is "3") 
[0.751s] -- Using PYTHON_EXECUTABLE: /usr/bin/python3
[0.931s] -- Found nav2_common: 1.2.0 (/home/deivideich/Holonomic_Base_Simulation/ros_2_ws/install/nav2_common/share/nav2_common/cmake)
[0.932s] -- Found builtin_interfaces: 1.0.0 (/opt/ros/foxy/share/builtin_interfaces/cmake)
[0.953s] -- Using all available rosidl_typesupport_c: rosidl_typesupport_fastrtps_c;rosidl_typesupport_introspection_c
[0.958s] -- Found rosidl_adapter: 1.3.1 (/opt/ros/foxy/share/rosidl_adapter/cmake)
[1.026s] -- Found OpenSSL: /usr/lib/x86_64-linux-gnu/libcrypto.so (found version "1.1.1f")  
[1.050s] -- Found FastRTPS: /opt/ros/foxy/include  
[1.121s] -- Using all available rosidl_typesupport_cpp: rosidl_typesupport_fastrtps_cpp;rosidl_typesupport_introspection_cpp
[1.152s] -- Found nav_msgs: 2.0.5 (/opt/ros/foxy/share/nav_msgs/cmake)
[1.283s] -- Found rosidl_default_generators: 1.0.1 (/opt/ros/foxy/share/rosidl_default_generators/cmake)
[1.301s] CMake Warning at CMakeLists.txt:11 (find_package):
[1.301s]   By not providing "Findgeographic_msgs.cmake" in CMAKE_MODULE_PATH this
[1.301s]   project has asked CMake to find a package configuration file provided by
[1.301s]   "geographic_msgs", but CMake did not find one.
[1.302s] 
[1.302s]   Could not find a package configuration file provided by "geographic_msgs"
[1.302s]   with any of the following names:
[1.302s] 
[1.302s]     geographic_msgsConfig.cmake
[1.302s]     geographic_msgs-config.cmake
[1.302s] 
[1.302s]   Add the installation prefix of "geographic_msgs" to CMAKE_PREFIX_PATH or
[1.302s]   set "geographic_msgs_DIR" to a directory containing one of the above files.
[1.302s]   If "geographic_msgs" provides a separate development package or SDK, be
[1.302s]   sure it has been installed.
[1.302s] 
[1.302s] 
[1.303s] -- Found action_msgs: 1.0.0 (/opt/ros/foxy/share/action_msgs/cmake)
[1.341s] -- Setting build type to Release as none was specified.
[1.374s] -- Found PythonInterp: /usr/bin/python3 (found version "3.8.10") 
[1.911s] CMake Error at /opt/ros/foxy/share/rosidl_cmake/cmake/rosidl_generate_interfaces.cmake:162 (message):
[1.911s]   rosidl_generate_interfaces() the passed dependency 'geographic_msgs' has
[1.911s]   not been found before using find_package()
[1.912s] Call Stack (most recent call first):
[1.912s]   CMakeLists.txt:19 (rosidl_generate_interfaces)
[1.912s] 
[1.912s] 
[1.913s] -- Configuring incomplete, errors occurred!
[1.913s] See also "/home/deivideich/Holonomic_Base_Simulation/ros_2_ws/build/nav2_msgs/CMakeFiles/CMakeOutput.log".
[1.936s] Invoked command in '/home/deivideich/Holonomic_Base_Simulation/ros_2_ws/build/nav2_msgs' returned '1': AMENT_PREFIX_PATH=/home/deivideich/Holonomic_Base_Simulation/ros_2_ws/install/nav2_common:${AMENT_PREFIX_PATH} CMAKE_PREFIX_PATH=/home/deivideich/Holonomic_Base_Simulation/ros_2_ws/install/nav2_common:/home/deivideich/Holonomic_Base_Simulation/ros_2_ws/install/octobot_2:/opt/ros/foxy:${CMAKE_PREFIX_PATH} PYTHONPATH=/home/deivideich/Holonomic_Base_Simulation/ros_2_ws/install/nav2_common/lib/python3.8/site-packages:${PYTHONPATH} /usr/bin/cmake /home/deivideich/Holonomic_Base_Simulation/ros_2_ws/navigation2/nav2_msgs -DCMAKE_INSTALL_PREFIX=/home/deivideich/Holonomic_Base_Simulation/ros_2_ws/install/nav2_msgs
