[0.236s] Invoking command in '/home/deivideich/Holonomic_Base_Simulation/ros_2_ws/build/nav2_voxel_grid': AMENT_PREFIX_PATH=/home/deivideich/Holonomic_Base_Simulation/ros_2_ws/install/nav2_common:${AMENT_PREFIX_PATH} CMAKE_PREFIX_PATH=/home/deivideich/Holonomic_Base_Simulation/ros_2_ws/install/nav2_common:/home/deivideich/Holonomic_Base_Simulation/ros_2_ws/install/octobot_2:/opt/ros/foxy:${CMAKE_PREFIX_PATH} PYTHONPATH=/home/deivideich/Holonomic_Base_Simulation/ros_2_ws/install/nav2_common/lib/python3.8/site-packages:${PYTHONPATH} /usr/bin/cmake /home/deivideich/Holonomic_Base_Simulation/ros_2_ws/navigation2/nav2_voxel_grid -DCMAKE_INSTALL_PREFIX=/home/deivideich/Holonomic_Base_Simulation/ros_2_ws/install/nav2_voxel_grid
[0.274s] -- The C compiler identification is GNU 9.4.0
[0.312s] -- The CXX compiler identification is GNU 9.4.0
[0.316s] -- Check for working C compiler: /usr/bin/cc
[0.365s] -- Check for working C compiler: /usr/bin/cc -- works
[0.366s] -- Detecting C compiler ABI info
[0.418s] -- Detecting C compiler ABI info - done
[0.426s] -- Detecting C compile features
[0.426s] -- Detecting C compile features - done
[0.428s] -- Check for working CXX compiler: /usr/bin/c++
[0.490s] -- Check for working CXX compiler: /usr/bin/c++ -- works
[0.492s] -- Detecting CXX compiler ABI info
[0.548s] -- Detecting CXX compiler ABI info - done
[0.557s] -- Detecting CXX compile features
[0.558s] -- Detecting CXX compile features - done
[0.559s] -- Found ament_cmake: 0.9.12 (/opt/ros/foxy/share/ament_cmake/cmake)
[0.586s] -- Found PythonInterp: /usr/bin/python3 (found suitable version "3.8.10", minimum required is "3") 
[0.586s] -- Using PYTHON_EXECUTABLE: /usr/bin/python3
[0.768s] -- Found nav2_common: 1.2.0 (/home/deivideich/Holonomic_Base_Simulation/ros_2_ws/install/nav2_common/share/nav2_common/cmake)
[0.770s] -- Found rclcpp: 2.4.3 (/opt/ros/foxy/share/rclcpp/cmake)
[0.809s] -- Using all available rosidl_typesupport_c: rosidl_typesupport_fastrtps_c;rosidl_typesupport_introspection_c
[0.816s] -- Found rosidl_adapter: 1.3.1 (/opt/ros/foxy/share/rosidl_adapter/cmake)
[0.882s] -- Found OpenSSL: /usr/lib/x86_64-linux-gnu/libcrypto.so (found version "1.1.1f")  
[0.907s] -- Found FastRTPS: /opt/ros/foxy/include  
[0.985s] -- Using all available rosidl_typesupport_cpp: rosidl_typesupport_fastrtps_cpp;rosidl_typesupport_introspection_cpp
[1.051s] -- Found rmw_implementation_cmake: 1.0.4 (/opt/ros/foxy/share/rmw_implementation_cmake/cmake)
[1.054s] -- Using RMW implementation 'rmw_fastrtps_cpp' as default
[1.055s] -- Looking for pthread.h
[1.112s] -- Looking for pthread.h - found
[1.112s] -- Performing Test CMAKE_HAVE_LIBC_PTHREAD
[1.174s] -- Performing Test CMAKE_HAVE_LIBC_PTHREAD - Failed
[1.174s] -- Looking for pthread_create in pthreads
[1.246s] -- Looking for pthread_create in pthreads - not found
[1.247s] -- Looking for pthread_create in pthread
[1.386s] -- Looking for pthread_create in pthread - found
[1.387s] -- Found Threads: TRUE  
[1.706s] -- Setting build type to Release as none was specified.
[1.708s] -- Found ament_lint_auto: 0.9.8 (/opt/ros/foxy/share/ament_lint_auto/cmake)
[1.817s] -- Found gtest sources under '/opt/ros/foxy/src/gtest_vendor': C++ tests using 'Google Test' will be built
[1.820s] -- Check if compiler accepts -pthread
[1.892s] -- Check if compiler accepts -pthread - yes
[1.902s] -- Added test 'cppcheck' to perform static code analysis on C / C++ code
[1.902s] -- Configured cppcheck include dirs: /home/deivideich/Holonomic_Base_Simulation/ros_2_ws/navigation2/nav2_voxel_grid/include
[1.902s] -- Configured cppcheck exclude dirs and/or files: 
[1.902s] -- Added test 'cpplint' to check C / C++ code against the Google style
[1.903s] -- Configured cpplint exclude dirs and/or files: 
[1.903s] -- Added test 'lint_cmake' to check CMake code style
[1.904s] -- Added test 'uncrustify' to check C / C++ code style
[1.904s] -- Configured uncrustify additional arguments: 
[1.905s] -- Added test 'xmllint' to check XML markup files
[1.908s] -- Configuring done
[1.921s] -- Generating done
[1.923s] -- Build files have been written to: /home/deivideich/Holonomic_Base_Simulation/ros_2_ws/build/nav2_voxel_grid
