[0.115s] Invoking command in '/home/deivideich/ros_2_ws/build/octobot': CMAKE_PREFIX_PATH=/home/deivideich/ros_2_ws/install/articubot_one:/opt/ros/foxy:/home/deivideich/ros_2_ws/install/NuevaBaseMetal2 /usr/bin/cmake --build /home/deivideich/ros_2_ws/build/octobot -- -j16 -l16
[0.154s] Invoked command in '/home/deivideich/ros_2_ws/build/octobot' returned '0': CMAKE_PREFIX_PATH=/home/deivideich/ros_2_ws/install/articubot_one:/opt/ros/foxy:/home/deivideich/ros_2_ws/install/NuevaBaseMetal2 /usr/bin/cmake --build /home/deivideich/ros_2_ws/build/octobot -- -j16 -l16
[0.195s] Invoking command in '/home/deivideich/ros_2_ws/build/octobot': CMAKE_PREFIX_PATH=/home/deivideich/ros_2_ws/install/articubot_one:/opt/ros/foxy:/home/deivideich/ros_2_ws/install/NuevaBaseMetal2 /usr/bin/cmake --install /home/deivideich/ros_2_ws/build/octobot
[0.207s] -- Install configuration: ""
[0.207s] -- Up-to-date: /home/deivideich/ros_2_ws/install/octobot/share/ament_index/resource_index/package_run_dependencies/octobot
[0.207s] -- Up-to-date: /home/deivideich/ros_2_ws/install/octobot/share/ament_index/resource_index/parent_prefix_path/octobot
[0.208s] -- Up-to-date: /home/deivideich/ros_2_ws/install/octobot/share/octobot/environment/ament_prefix_path.sh
[0.208s] -- Up-to-date: /home/deivideich/ros_2_ws/install/octobot/share/octobot/environment/ament_prefix_path.dsv
[0.208s] -- Up-to-date: /home/deivideich/ros_2_ws/install/octobot/share/octobot/environment/path.sh
[0.208s] -- Up-to-date: /home/deivideich/ros_2_ws/install/octobot/share/octobot/environment/path.dsv
[0.208s] -- Up-to-date: /home/deivideich/ros_2_ws/install/octobot/share/octobot/local_setup.bash
[0.209s] -- Up-to-date: /home/deivideich/ros_2_ws/install/octobot/share/octobot/local_setup.sh
[0.209s] -- Up-to-date: /home/deivideich/ros_2_ws/install/octobot/share/octobot/local_setup.zsh
[0.209s] -- Up-to-date: /home/deivideich/ros_2_ws/install/octobot/share/octobot/local_setup.dsv
[0.209s] -- Up-to-date: /home/deivideich/ros_2_ws/install/octobot/share/octobot/package.dsv
[0.209s] -- Up-to-date: /home/deivideich/ros_2_ws/install/octobot/share/ament_index/resource_index/packages/octobot
[0.209s] -- Up-to-date: /home/deivideich/ros_2_ws/install/octobot/share/octobot/cmake/octobotConfig.cmake
[0.209s] -- Up-to-date: /home/deivideich/ros_2_ws/install/octobot/share/octobot/cmake/octobotConfig-version.cmake
[0.209s] -- Up-to-date: /home/deivideich/ros_2_ws/install/octobot/share/octobot/package.xml
[0.210s] Invoked command in '/home/deivideich/ros_2_ws/build/octobot' returned '0': CMAKE_PREFIX_PATH=/home/deivideich/ros_2_ws/install/articubot_one:/opt/ros/foxy:/home/deivideich/ros_2_ws/install/NuevaBaseMetal2 /usr/bin/cmake --install /home/deivideich/ros_2_ws/build/octobot
