-- Found ament_cmake: 0.9.12 (/opt/ros/foxy/share/ament_cmake/cmake)
-- Using PYTHON_EXECUTABLE: /usr/bin/python3
-- Found ament_lint_auto: 0.9.8 (/opt/ros/foxy/share/ament_lint_auto/cmake)
-- Added test 'copyright' to check source files copyright and LICENSE
-- Added test 'lint_cmake' to check CMake code style
-- Added test 'xmllint' to check XML markup files
-- Configuring done
-- Generating done
-- Build files have been written to: /home/deivideich/ros_2_ws/build/octobot
-- Install configuration: ""
-- Installing: /home/deivideich/ros_2_ws/install/octobot/share/ament_index/resource_index/package_run_dependencies/octobot
-- Installing: /home/deivideich/ros_2_ws/install/octobot/share/ament_index/resource_index/parent_prefix_path/octobot
-- Installing: /home/deivideich/ros_2_ws/install/octobot/share/octobot/environment/ament_prefix_path.sh
-- Installing: /home/deivideich/ros_2_ws/install/octobot/share/octobot/environment/ament_prefix_path.dsv
-- Installing: /home/deivideich/ros_2_ws/install/octobot/share/octobot/environment/path.sh
-- Installing: /home/deivideich/ros_2_ws/install/octobot/share/octobot/environment/path.dsv
-- Installing: /home/deivideich/ros_2_ws/install/octobot/share/octobot/local_setup.bash
-- Installing: /home/deivideich/ros_2_ws/install/octobot/share/octobot/local_setup.sh
-- Installing: /home/deivideich/ros_2_ws/install/octobot/share/octobot/local_setup.zsh
-- Installing: /home/deivideich/ros_2_ws/install/octobot/share/octobot/local_setup.dsv
-- Installing: /home/deivideich/ros_2_ws/install/octobot/share/octobot/package.dsv
-- Installing: /home/deivideich/ros_2_ws/install/octobot/share/ament_index/resource_index/packages/octobot
-- Installing: /home/deivideich/ros_2_ws/install/octobot/share/octobot/cmake/octobotConfig.cmake
-- Installing: /home/deivideich/ros_2_ws/install/octobot/share/octobot/cmake/octobotConfig-version.cmake
-- Installing: /home/deivideich/ros_2_ws/install/octobot/share/octobot/package.xml
