[0.117s] Invoking command in '/home/deivideich/ros_2_ws/build/octobot': CMAKE_PREFIX_PATH=/home/deivideich/ros_2_ws/install/articubot_one:/opt/ros/foxy:/home/deivideich/ros_2_ws/install/NuevaBaseMetal2 /usr/bin/cmake --build /home/deivideich/ros_2_ws/build/octobot -- -j16 -l16
[0.143s] -- Found ament_cmake: 0.9.12 (/opt/ros/foxy/share/ament_cmake/cmake)
[0.163s] -- Using PYTHON_EXECUTABLE: /usr/bin/python3
[0.305s] -- Found ament_lint_auto: 0.9.8 (/opt/ros/foxy/share/ament_lint_auto/cmake)
[0.361s] -- Added test 'copyright' to check source files copyright and LICENSE
[0.362s] -- Added test 'lint_cmake' to check CMake code style
[0.363s] -- Added test 'xmllint' to check XML markup files
[0.364s] -- Configuring done
[0.365s] -- Generating done
[0.366s] -- Build files have been written to: /home/deivideich/ros_2_ws/build/octobot
[0.388s] Invoked command in '/home/deivideich/ros_2_ws/build/octobot' returned '0': CMAKE_PREFIX_PATH=/home/deivideich/ros_2_ws/install/articubot_one:/opt/ros/foxy:/home/deivideich/ros_2_ws/install/NuevaBaseMetal2 /usr/bin/cmake --build /home/deivideich/ros_2_ws/build/octobot -- -j16 -l16
[0.434s] Invoking command in '/home/deivideich/ros_2_ws/build/octobot': CMAKE_PREFIX_PATH=/home/deivideich/ros_2_ws/install/articubot_one:/opt/ros/foxy:/home/deivideich/ros_2_ws/install/NuevaBaseMetal2 /usr/bin/cmake --install /home/deivideich/ros_2_ws/build/octobot
[0.448s] -- Install configuration: ""
[0.449s] -- Installing: /home/deivideich/ros_2_ws/install/octobot/share/ament_index/resource_index/package_run_dependencies/octobot
[0.449s] -- Installing: /home/deivideich/ros_2_ws/install/octobot/share/ament_index/resource_index/parent_prefix_path/octobot
[0.449s] -- Installing: /home/deivideich/ros_2_ws/install/octobot/share/octobot/environment/ament_prefix_path.sh
[0.450s] -- Installing: /home/deivideich/ros_2_ws/install/octobot/share/octobot/environment/ament_prefix_path.dsv
[0.450s] -- Installing: /home/deivideich/ros_2_ws/install/octobot/share/octobot/environment/path.sh
[0.450s] -- Installing: /home/deivideich/ros_2_ws/install/octobot/share/octobot/environment/path.dsv
[0.450s] -- Installing: /home/deivideich/ros_2_ws/install/octobot/share/octobot/local_setup.bash
[0.451s] -- Installing: /home/deivideich/ros_2_ws/install/octobot/share/octobot/local_setup.sh
[0.451s] -- Installing: /home/deivideich/ros_2_ws/install/octobot/share/octobot/local_setup.zsh
[0.451s] -- Installing: /home/deivideich/ros_2_ws/install/octobot/share/octobot/local_setup.dsv
[0.451s] -- Installing: /home/deivideich/ros_2_ws/install/octobot/share/octobot/package.dsv
[0.451s] -- Installing: /home/deivideich/ros_2_ws/install/octobot/share/ament_index/resource_index/packages/octobot
[0.451s] -- Installing: /home/deivideich/ros_2_ws/install/octobot/share/octobot/cmake/octobotConfig.cmake
[0.452s] -- Installing: /home/deivideich/ros_2_ws/install/octobot/share/octobot/cmake/octobotConfig-version.cmake
[0.452s] -- Installing: /home/deivideich/ros_2_ws/install/octobot/share/octobot/package.xml
[0.453s] Invoked command in '/home/deivideich/ros_2_ws/build/octobot' returned '0': CMAKE_PREFIX_PATH=/home/deivideich/ros_2_ws/install/articubot_one:/opt/ros/foxy:/home/deivideich/ros_2_ws/install/NuevaBaseMetal2 /usr/bin/cmake --install /home/deivideich/ros_2_ws/build/octobot
