[0.315s] Invoking command in '/home/deivideich/Holonomic_Base_Simulation/ros_2_ws/build/dwb_msgs': CMAKE_PREFIX_PATH=/home/deivideich/Holonomic_Base_Simulation/ros_2_ws/install/nav_2d_msgs:/home/deivideich/Holonomic_Base_Simulation/ros_2_ws/install/nav2_system_tests:/home/deivideich/Holonomic_Base_Simulation/ros_2_ws/install/nav2_bringup:/home/deivideich/Holonomic_Base_Simulation/ros_2_ws/install/navigation2:/home/deivideich/Holonomic_Base_Simulation/ros_2_ws/install/smac_planner:/home/deivideich/Holonomic_Base_Simulation/ros_2_ws/install/nav2_dwb_controller:/home/deivideich/Holonomic_Base_Simulation/ros_2_ws/install/nav2_controller:/home/deivideich/Holonomic_Base_Simulation/ros_2_ws/install/dwb_plugins:/home/deivideich/Holonomic_Base_Simulation/ros_2_ws/install/dwb_critics:/home/deivideich/Holonomic_Base_Simulation/ros_2_ws/install/dwb_core:/home/deivideich/Holonomic_Base_Simulation/ros_2_ws/install/nav_2d_utils:/home/deivideich/Holonomic_Base_Simulation/ros_2_ws/install/dwb_msgs:/home/deivideich/Holonomic_Base_Simulation/ros_2_ws/install/nav2_waypoint_follower:/home/deivideich/Holonomic_Base_Simulation/ros_2_ws/install/nav2_regulated_pure_pursuit_controller:/home/deivideich/Holonomic_Base_Simulation/ros_2_ws/install/nav2_recoveries:/home/deivideich/Holonomic_Base_Simulation/ros_2_ws/install/nav2_planner:/home/deivideich/Holonomic_Base_Simulation/ros_2_ws/install/nav2_navfn_planner:/home/deivideich/Holonomic_Base_Simulation/ros_2_ws/install/nav2_core:/home/deivideich/Holonomic_Base_Simulation/ros_2_ws/install/costmap_queue:/home/deivideich/Holonomic_Base_Simulation/ros_2_ws/install/nav2_costmap_2d:/home/deivideich/Holonomic_Base_Simulation/ros_2_ws/install/nav2_voxel_grid:/home/deivideich/Holonomic_Base_Simulation/ros_2_ws/install/nav2_rviz_plugins:/home/deivideich/Holonomic_Base_Simulation/ros_2_ws/install/nav2_map_server:/home/deivideich/Holonomic_Base_Simulation/ros_2_ws/install/nav2_lifecycle_manager:/home/deivideich/Holonomic_Base_Simulation/ros_2_ws/install/nav2_bt_navigator:/home/deivideich/Holonomic_Base_Simulation/ros_2_ws/install/nav2_behavior_tree:/home/deivideich/Holonomic_Base_Simulation/ros_2_ws/install/nav2_amcl:/home/deivideich/Holonomic_Base_Simulation/ros_2_ws/install/nav2_util:/home/deivideich/Holonomic_Base_Simulation/ros_2_ws/install/nav2_msgs:/home/deivideich/Holonomic_Base_Simulation/ros_2_ws/install/nav2_common:/home/deivideich/axebot_example/install/omnidirectional_controllers:/home/deivideich/axebot_example/install/axebot_gazebo:/home/deivideich/axebot_example/install/axebot_description:/home/deivideich/axebot_example/install/axebot_control:/home/deivideich/axebot_example/src/install/omnidirectional_controllers:/home/deivideich/axebot_example/src/install/axebot_gazebo:/home/deivideich/axebot_example/src/install/axebot_description:/home/deivideich/axebot_example/src/install/axebot_control:/home/deivideich/Holonomic_Base_Simulation/ros_2_ws/src/octobot_2/install/octobot_2:/home/deivideich/Holonomic_Base_Simulation/ros_2_ws/install/octobot_2:/home/deivideich/Holonomic_Base_Simulation/ros_2_ws/install/nav2_gazebo_spawner:/opt/ros/foxy:/opt/ros/noetic LD_LIBRARY_PATH=/home/deivideich/Holonomic_Base_Simulation/ros_2_ws/install/nav_2d_msgs/lib:/home/deivideich/Holonomic_Base_Simulation/ros_2_ws/install/smac_planner/lib:/home/deivideich/Holonomic_Base_Simulation/ros_2_ws/install/nav2_controller/lib:/home/deivideich/Holonomic_Base_Simulation/ros_2_ws/install/dwb_plugins/lib:/home/deivideich/Holonomic_Base_Simulation/ros_2_ws/install/dwb_critics/lib:/home/deivideich/Holonomic_Base_Simulation/ros_2_ws/install/dwb_core/lib:/home/deivideich/Holonomic_Base_Simulation/ros_2_ws/install/nav_2d_utils/lib:/home/deivideich/Holonomic_Base_Simulation/ros_2_ws/install/dwb_msgs/lib:/home/deivideich/Holonomic_Base_Simulation/ros_2_ws/install/nav2_waypoint_follower/lib:/home/deivideich/Holonomic_Base_Simulation/ros_2_ws/install/nav2_regulated_pure_pursuit_controller/lib:/home/deivideich/Holonomic_Base_Simulation/ros_2_ws/install/nav2_recoveries/lib:/home/deivideich/Holonomic_Base_Simulation/ros_2_ws/install/nav2_planner/lib:/home/deivideich/Holonomic_Base_Simulation/ros_2_ws/install/nav2_navfn_planner/lib:/home/deivideich/Holonomic_Base_Simulation/ros_2_ws/install/costmap_queue/lib:/home/deivideich/Holonomic_Base_Simulation/ros_2_ws/install/nav2_costmap_2d/lib:/home/deivideich/Holonomic_Base_Simulation/ros_2_ws/install/nav2_voxel_grid/lib:/home/deivideich/Holonomic_Base_Simulation/ros_2_ws/install/nav2_rviz_plugins/lib:/home/deivideich/Holonomic_Base_Simulation/ros_2_ws/install/nav2_map_server/lib:/home/deivideich/Holonomic_Base_Simulation/ros_2_ws/install/nav2_lifecycle_manager/lib:/home/deivideich/Holonomic_Base_Simulation/ros_2_ws/install/nav2_bt_navigator/lib:/home/deivideich/Holonomic_Base_Simulation/ros_2_ws/install/nav2_behavior_tree/lib:/home/deivideich/Holonomic_Base_Simulation/ros_2_ws/install/nav2_amcl/lib:/home/deivideich/Holonomic_Base_Simulation/ros_2_ws/install/nav2_util/lib:/home/deivideich/Holonomic_Base_Simulation/ros_2_ws/install/nav2_msgs/lib:/home/deivideich/axebot_example/install/omnidirectional_controllers/lib:/home/deivideich/axebot_example/src/install/omnidirectional_controllers/lib:/usr/lib/x86_64-linux-gnu/gazebo-11/plugins:/opt/ros/foxy/opt/yaml_cpp_vendor/lib:/opt/ros/foxy/opt/rviz_ogre_vendor/lib:/opt/ros/foxy/lib/x86_64-linux-gnu:/opt/ros/foxy/lib:/opt/ros/noetic/lib:/opt/ros/noetic/lib/x86_64-linux-gnu PYTHONPATH=/home/deivideich/Holonomic_Base_Simulation/ros_2_ws/install/nav_2d_msgs/lib/python3.8/site-packages:/home/deivideich/Holonomic_Base_Simulation/ros_2_ws/src/octobot_2/install/octobot_2/lib/python3.8/site-packages:/home/deivideich/Holonomic_Base_Simulation/ros_2_ws/install/octobot_2/lib/python3.8/site-packages:/home/deivideich/Holonomic_Base_Simulation/ros_2_ws/install/dwb_msgs/lib/python3.8/site-packages:/home/deivideich/Holonomic_Base_Simulation/ros_2_ws/install/nav2_msgs/lib/python3.8/site-packages:/home/deivideich/Holonomic_Base_Simulation/ros_2_ws/install/nav2_gazebo_spawner/lib/python3.8/site-packages:/home/deivideich/Holonomic_Base_Simulation/ros_2_ws/install/nav2_common/lib/python3.8/site-packages:/opt/ros/foxy/lib/python3.8/site-packages:/opt/ros/noetic/lib/python3/dist-packages /usr/bin/cmake --build /home/deivideich/Holonomic_Base_Simulation/ros_2_ws/build/dwb_msgs -- -j16 -l16
[0.379s] [  1%] Built target dwb_msgs__cpp
[0.392s] [ 12%] Built target dwb_msgs__rosidl_generator_c
[0.419s] [ 24%] Built target dwb_msgs__rosidl_typesupport_cpp
[0.422s] [ 35%] Built target dwb_msgs__rosidl_typesupport_introspection_cpp
[0.433s] [ 58%] Built target dwb_msgs__rosidl_typesupport_introspection_c
[0.433s] [ 58%] Built target dwb_msgs__rosidl_typesupport_fastrtps_cpp
[0.434s] [ 70%] Built target dwb_msgs__rosidl_typesupport_c
[0.471s] [ 82%] Built target dwb_msgs__rosidl_typesupport_fastrtps_c
[0.497s] [ 82%] Built target dwb_msgs
[0.530s] [ 83%] Built target dwb_msgs__py
[0.567s] [ 93%] Built target dwb_msgs__python
[0.604s] [ 95%] Built target dwb_msgs__rosidl_typesupport_c__pyext
[0.608s] [ 97%] Built target dwb_msgs__rosidl_typesupport_introspection_c__pyext
[0.609s] [100%] Built target dwb_msgs__rosidl_typesupport_fastrtps_c__pyext
[0.738s] Invoked command in '/home/deivideich/Holonomic_Base_Simulation/ros_2_ws/build/dwb_msgs' returned '0': CMAKE_PREFIX_PATH=/home/deivideich/Holonomic_Base_Simulation/ros_2_ws/install/nav_2d_msgs:/home/deivideich/Holonomic_Base_Simulation/ros_2_ws/install/nav2_system_tests:/home/deivideich/Holonomic_Base_Simulation/ros_2_ws/install/nav2_bringup:/home/deivideich/Holonomic_Base_Simulation/ros_2_ws/install/navigation2:/home/deivideich/Holonomic_Base_Simulation/ros_2_ws/install/smac_planner:/home/deivideich/Holonomic_Base_Simulation/ros_2_ws/install/nav2_dwb_controller:/home/deivideich/Holonomic_Base_Simulation/ros_2_ws/install/nav2_controller:/home/deivideich/Holonomic_Base_Simulation/ros_2_ws/install/dwb_plugins:/home/deivideich/Holonomic_Base_Simulation/ros_2_ws/install/dwb_critics:/home/deivideich/Holonomic_Base_Simulation/ros_2_ws/install/dwb_core:/home/deivideich/Holonomic_Base_Simulation/ros_2_ws/install/nav_2d_utils:/home/deivideich/Holonomic_Base_Simulation/ros_2_ws/install/dwb_msgs:/home/deivideich/Holonomic_Base_Simulation/ros_2_ws/install/nav2_waypoint_follower:/home/deivideich/Holonomic_Base_Simulation/ros_2_ws/install/nav2_regulated_pure_pursuit_controller:/home/deivideich/Holonomic_Base_Simulation/ros_2_ws/install/nav2_recoveries:/home/deivideich/Holonomic_Base_Simulation/ros_2_ws/install/nav2_planner:/home/deivideich/Holonomic_Base_Simulation/ros_2_ws/install/nav2_navfn_planner:/home/deivideich/Holonomic_Base_Simulation/ros_2_ws/install/nav2_core:/home/deivideich/Holonomic_Base_Simulation/ros_2_ws/install/costmap_queue:/home/deivideich/Holonomic_Base_Simulation/ros_2_ws/install/nav2_costmap_2d:/home/deivideich/Holonomic_Base_Simulation/ros_2_ws/install/nav2_voxel_grid:/home/deivideich/Holonomic_Base_Simulation/ros_2_ws/install/nav2_rviz_plugins:/home/deivideich/Holonomic_Base_Simulation/ros_2_ws/install/nav2_map_server:/home/deivideich/Holonomic_Base_Simulation/ros_2_ws/install/nav2_lifecycle_manager:/home/deivideich/Holonomic_Base_Simulation/ros_2_ws/install/nav2_bt_navigator:/home/deivideich/Holonomic_Base_Simulation/ros_2_ws/install/nav2_behavior_tree:/home/deivideich/Holonomic_Base_Simulation/ros_2_ws/install/nav2_amcl:/home/deivideich/Holonomic_Base_Simulation/ros_2_ws/install/nav2_util:/home/deivideich/Holonomic_Base_Simulation/ros_2_ws/install/nav2_msgs:/home/deivideich/Holonomic_Base_Simulation/ros_2_ws/install/nav2_common:/home/deivideich/axebot_example/install/omnidirectional_controllers:/home/deivideich/axebot_example/install/axebot_gazebo:/home/deivideich/axebot_example/install/axebot_description:/home/deivideich/axebot_example/install/axebot_control:/home/deivideich/axebot_example/src/install/omnidirectional_controllers:/home/deivideich/axebot_example/src/install/axebot_gazebo:/home/deivideich/axebot_example/src/install/axebot_description:/home/deivideich/axebot_example/src/install/axebot_control:/home/deivideich/Holonomic_Base_Simulation/ros_2_ws/src/octobot_2/install/octobot_2:/home/deivideich/Holonomic_Base_Simulation/ros_2_ws/install/octobot_2:/home/deivideich/Holonomic_Base_Simulation/ros_2_ws/install/nav2_gazebo_spawner:/opt/ros/foxy:/opt/ros/noetic LD_LIBRARY_PATH=/home/deivideich/Holonomic_Base_Simulation/ros_2_ws/install/nav_2d_msgs/lib:/home/deivideich/Holonomic_Base_Simulation/ros_2_ws/install/smac_planner/lib:/home/deivideich/Holonomic_Base_Simulation/ros_2_ws/install/nav2_controller/lib:/home/deivideich/Holonomic_Base_Simulation/ros_2_ws/install/dwb_plugins/lib:/home/deivideich/Holonomic_Base_Simulation/ros_2_ws/install/dwb_critics/lib:/home/deivideich/Holonomic_Base_Simulation/ros_2_ws/install/dwb_core/lib:/home/deivideich/Holonomic_Base_Simulation/ros_2_ws/install/nav_2d_utils/lib:/home/deivideich/Holonomic_Base_Simulation/ros_2_ws/install/dwb_msgs/lib:/home/deivideich/Holonomic_Base_Simulation/ros_2_ws/install/nav2_waypoint_follower/lib:/home/deivideich/Holonomic_Base_Simulation/ros_2_ws/install/nav2_regulated_pure_pursuit_controller/lib:/home/deivideich/Holonomic_Base_Simulation/ros_2_ws/install/nav2_recoveries/lib:/home/deivideich/Holonomic_Base_Simulation/ros_2_ws/install/nav2_planner/lib:/home/deivideich/Holonomic_Base_Simulation/ros_2_ws/install/nav2_navfn_planner/lib:/home/deivideich/Holonomic_Base_Simulation/ros_2_ws/install/costmap_queue/lib:/home/deivideich/Holonomic_Base_Simulation/ros_2_ws/install/nav2_costmap_2d/lib:/home/deivideich/Holonomic_Base_Simulation/ros_2_ws/install/nav2_voxel_grid/lib:/home/deivideich/Holonomic_Base_Simulation/ros_2_ws/install/nav2_rviz_plugins/lib:/home/deivideich/Holonomic_Base_Simulation/ros_2_ws/install/nav2_map_server/lib:/home/deivideich/Holonomic_Base_Simulation/ros_2_ws/install/nav2_lifecycle_manager/lib:/home/deivideich/Holonomic_Base_Simulation/ros_2_ws/install/nav2_bt_navigator/lib:/home/deivideich/Holonomic_Base_Simulation/ros_2_ws/install/nav2_behavior_tree/lib:/home/deivideich/Holonomic_Base_Simulation/ros_2_ws/install/nav2_amcl/lib:/home/deivideich/Holonomic_Base_Simulation/ros_2_ws/install/nav2_util/lib:/home/deivideich/Holonomic_Base_Simulation/ros_2_ws/install/nav2_msgs/lib:/home/deivideich/axebot_example/install/omnidirectional_controllers/lib:/home/deivideich/axebot_example/src/install/omnidirectional_controllers/lib:/usr/lib/x86_64-linux-gnu/gazebo-11/plugins:/opt/ros/foxy/opt/yaml_cpp_vendor/lib:/opt/ros/foxy/opt/rviz_ogre_vendor/lib:/opt/ros/foxy/lib/x86_64-linux-gnu:/opt/ros/foxy/lib:/opt/ros/noetic/lib:/opt/ros/noetic/lib/x86_64-linux-gnu PYTHONPATH=/home/deivideich/Holonomic_Base_Simulation/ros_2_ws/install/nav_2d_msgs/lib/python3.8/site-packages:/home/deivideich/Holonomic_Base_Simulation/ros_2_ws/src/octobot_2/install/octobot_2/lib/python3.8/site-packages:/home/deivideich/Holonomic_Base_Simulation/ros_2_ws/install/octobot_2/lib/python3.8/site-packages:/home/deivideich/Holonomic_Base_Simulation/ros_2_ws/install/dwb_msgs/lib/python3.8/site-packages:/home/deivideich/Holonomic_Base_Simulation/ros_2_ws/install/nav2_msgs/lib/python3.8/site-packages:/home/deivideich/Holonomic_Base_Simulation/ros_2_ws/install/nav2_gazebo_spawner/lib/python3.8/site-packages:/home/deivideich/Holonomic_Base_Simulation/ros_2_ws/install/nav2_common/lib/python3.8/site-packages:/opt/ros/foxy/lib/python3.8/site-packages:/opt/ros/noetic/lib/python3/dist-packages /usr/bin/cmake --build /home/deivideich/Holonomic_Base_Simulation/ros_2_ws/build/dwb_msgs -- -j16 -l16
[1.002s] Invoking command in '/home/deivideich/Holonomic_Base_Simulation/ros_2_ws/build/dwb_msgs': CMAKE_PREFIX_PATH=/home/deivideich/Holonomic_Base_Simulation/ros_2_ws/install/nav_2d_msgs:/home/deivideich/Holonomic_Base_Simulation/ros_2_ws/install/nav2_system_tests:/home/deivideich/Holonomic_Base_Simulation/ros_2_ws/install/nav2_bringup:/home/deivideich/Holonomic_Base_Simulation/ros_2_ws/install/navigation2:/home/deivideich/Holonomic_Base_Simulation/ros_2_ws/install/smac_planner:/home/deivideich/Holonomic_Base_Simulation/ros_2_ws/install/nav2_dwb_controller:/home/deivideich/Holonomic_Base_Simulation/ros_2_ws/install/nav2_controller:/home/deivideich/Holonomic_Base_Simulation/ros_2_ws/install/dwb_plugins:/home/deivideich/Holonomic_Base_Simulation/ros_2_ws/install/dwb_critics:/home/deivideich/Holonomic_Base_Simulation/ros_2_ws/install/dwb_core:/home/deivideich/Holonomic_Base_Simulation/ros_2_ws/install/nav_2d_utils:/home/deivideich/Holonomic_Base_Simulation/ros_2_ws/install/dwb_msgs:/home/deivideich/Holonomic_Base_Simulation/ros_2_ws/install/nav2_waypoint_follower:/home/deivideich/Holonomic_Base_Simulation/ros_2_ws/install/nav2_regulated_pure_pursuit_controller:/home/deivideich/Holonomic_Base_Simulation/ros_2_ws/install/nav2_recoveries:/home/deivideich/Holonomic_Base_Simulation/ros_2_ws/install/nav2_planner:/home/deivideich/Holonomic_Base_Simulation/ros_2_ws/install/nav2_navfn_planner:/home/deivideich/Holonomic_Base_Simulation/ros_2_ws/install/nav2_core:/home/deivideich/Holonomic_Base_Simulation/ros_2_ws/install/costmap_queue:/home/deivideich/Holonomic_Base_Simulation/ros_2_ws/install/nav2_costmap_2d:/home/deivideich/Holonomic_Base_Simulation/ros_2_ws/install/nav2_voxel_grid:/home/deivideich/Holonomic_Base_Simulation/ros_2_ws/install/nav2_rviz_plugins:/home/deivideich/Holonomic_Base_Simulation/ros_2_ws/install/nav2_map_server:/home/deivideich/Holonomic_Base_Simulation/ros_2_ws/install/nav2_lifecycle_manager:/home/deivideich/Holonomic_Base_Simulation/ros_2_ws/install/nav2_bt_navigator:/home/deivideich/Holonomic_Base_Simulation/ros_2_ws/install/nav2_behavior_tree:/home/deivideich/Holonomic_Base_Simulation/ros_2_ws/install/nav2_amcl:/home/deivideich/Holonomic_Base_Simulation/ros_2_ws/install/nav2_util:/home/deivideich/Holonomic_Base_Simulation/ros_2_ws/install/nav2_msgs:/home/deivideich/Holonomic_Base_Simulation/ros_2_ws/install/nav2_common:/home/deivideich/axebot_example/install/omnidirectional_controllers:/home/deivideich/axebot_example/install/axebot_gazebo:/home/deivideich/axebot_example/install/axebot_description:/home/deivideich/axebot_example/install/axebot_control:/home/deivideich/axebot_example/src/install/omnidirectional_controllers:/home/deivideich/axebot_example/src/install/axebot_gazebo:/home/deivideich/axebot_example/src/install/axebot_description:/home/deivideich/axebot_example/src/install/axebot_control:/home/deivideich/Holonomic_Base_Simulation/ros_2_ws/src/octobot_2/install/octobot_2:/home/deivideich/Holonomic_Base_Simulation/ros_2_ws/install/octobot_2:/home/deivideich/Holonomic_Base_Simulation/ros_2_ws/install/nav2_gazebo_spawner:/opt/ros/foxy:/opt/ros/noetic LD_LIBRARY_PATH=/home/deivideich/Holonomic_Base_Simulation/ros_2_ws/install/nav_2d_msgs/lib:/home/deivideich/Holonomic_Base_Simulation/ros_2_ws/install/smac_planner/lib:/home/deivideich/Holonomic_Base_Simulation/ros_2_ws/install/nav2_controller/lib:/home/deivideich/Holonomic_Base_Simulation/ros_2_ws/install/dwb_plugins/lib:/home/deivideich/Holonomic_Base_Simulation/ros_2_ws/install/dwb_critics/lib:/home/deivideich/Holonomic_Base_Simulation/ros_2_ws/install/dwb_core/lib:/home/deivideich/Holonomic_Base_Simulation/ros_2_ws/install/nav_2d_utils/lib:/home/deivideich/Holonomic_Base_Simulation/ros_2_ws/install/dwb_msgs/lib:/home/deivideich/Holonomic_Base_Simulation/ros_2_ws/install/nav2_waypoint_follower/lib:/home/deivideich/Holonomic_Base_Simulation/ros_2_ws/install/nav2_regulated_pure_pursuit_controller/lib:/home/deivideich/Holonomic_Base_Simulation/ros_2_ws/install/nav2_recoveries/lib:/home/deivideich/Holonomic_Base_Simulation/ros_2_ws/install/nav2_planner/lib:/home/deivideich/Holonomic_Base_Simulation/ros_2_ws/install/nav2_navfn_planner/lib:/home/deivideich/Holonomic_Base_Simulation/ros_2_ws/install/costmap_queue/lib:/home/deivideich/Holonomic_Base_Simulation/ros_2_ws/install/nav2_costmap_2d/lib:/home/deivideich/Holonomic_Base_Simulation/ros_2_ws/install/nav2_voxel_grid/lib:/home/deivideich/Holonomic_Base_Simulation/ros_2_ws/install/nav2_rviz_plugins/lib:/home/deivideich/Holonomic_Base_Simulation/ros_2_ws/install/nav2_map_server/lib:/home/deivideich/Holonomic_Base_Simulation/ros_2_ws/install/nav2_lifecycle_manager/lib:/home/deivideich/Holonomic_Base_Simulation/ros_2_ws/install/nav2_bt_navigator/lib:/home/deivideich/Holonomic_Base_Simulation/ros_2_ws/install/nav2_behavior_tree/lib:/home/deivideich/Holonomic_Base_Simulation/ros_2_ws/install/nav2_amcl/lib:/home/deivideich/Holonomic_Base_Simulation/ros_2_ws/install/nav2_util/lib:/home/deivideich/Holonomic_Base_Simulation/ros_2_ws/install/nav2_msgs/lib:/home/deivideich/axebot_example/install/omnidirectional_controllers/lib:/home/deivideich/axebot_example/src/install/omnidirectional_controllers/lib:/usr/lib/x86_64-linux-gnu/gazebo-11/plugins:/opt/ros/foxy/opt/yaml_cpp_vendor/lib:/opt/ros/foxy/opt/rviz_ogre_vendor/lib:/opt/ros/foxy/lib/x86_64-linux-gnu:/opt/ros/foxy/lib:/opt/ros/noetic/lib:/opt/ros/noetic/lib/x86_64-linux-gnu PYTHONPATH=/home/deivideich/Holonomic_Base_Simulation/ros_2_ws/install/nav_2d_msgs/lib/python3.8/site-packages:/home/deivideich/Holonomic_Base_Simulation/ros_2_ws/src/octobot_2/install/octobot_2/lib/python3.8/site-packages:/home/deivideich/Holonomic_Base_Simulation/ros_2_ws/install/octobot_2/lib/python3.8/site-packages:/home/deivideich/Holonomic_Base_Simulation/ros_2_ws/install/dwb_msgs/lib/python3.8/site-packages:/home/deivideich/Holonomic_Base_Simulation/ros_2_ws/install/nav2_msgs/lib/python3.8/site-packages:/home/deivideich/Holonomic_Base_Simulation/ros_2_ws/install/nav2_gazebo_spawner/lib/python3.8/site-packages:/home/deivideich/Holonomic_Base_Simulation/ros_2_ws/install/nav2_common/lib/python3.8/site-packages:/opt/ros/foxy/lib/python3.8/site-packages:/opt/ros/noetic/lib/python3/dist-packages /usr/bin/cmake --install /home/deivideich/Holonomic_Base_Simulation/ros_2_ws/build/dwb_msgs
[1.013s] -- Install configuration: ""
[1.013s] -- Up-to-date: /home/deivideich/Holonomic_Base_Simulation/ros_2_ws/install/dwb_msgs/share/ament_index/resource_index/rosidl_interfaces/dwb_msgs
[1.013s] -- Up-to-date: /home/deivideich/Holonomic_Base_Simulation/ros_2_ws/install/dwb_msgs/include/dwb_msgs
[1.013s] -- Up-to-date: /home/deivideich/Holonomic_Base_Simulation/ros_2_ws/install/dwb_msgs/include/dwb_msgs/msg
[1.014s] -- Up-to-date: /home/deivideich/Holonomic_Base_Simulation/ros_2_ws/install/dwb_msgs/include/dwb_msgs/msg/critic_score.h
[1.014s] -- Up-to-date: /home/deivideich/Holonomic_Base_Simulation/ros_2_ws/install/dwb_msgs/include/dwb_msgs/msg/local_plan_evaluation.h
[1.014s] -- Up-to-date: /home/deivideich/Holonomic_Base_Simulation/ros_2_ws/install/dwb_msgs/include/dwb_msgs/msg/detail
[1.014s] -- Up-to-date: /home/deivideich/Holonomic_Base_Simulation/ros_2_ws/install/dwb_msgs/include/dwb_msgs/msg/detail/trajectory2_d__functions.c
[1.014s] -- Up-to-date: /home/deivideich/Holonomic_Base_Simulation/ros_2_ws/install/dwb_msgs/include/dwb_msgs/msg/detail/trajectory2_d__struct.h
[1.014s] -- Up-to-date: /home/deivideich/Holonomic_Base_Simulation/ros_2_ws/install/dwb_msgs/include/dwb_msgs/msg/detail/trajectory_score__functions.c
[1.014s] -- Up-to-date: /home/deivideich/Holonomic_Base_Simulation/ros_2_ws/install/dwb_msgs/include/dwb_msgs/msg/detail/trajectory2_d__type_support.h
[1.015s] -- Up-to-date: /home/deivideich/Holonomic_Base_Simulation/ros_2_ws/install/dwb_msgs/include/dwb_msgs/msg/detail/trajectory_score__struct.h
[1.015s] -- Up-to-date: /home/deivideich/Holonomic_Base_Simulation/ros_2_ws/install/dwb_msgs/include/dwb_msgs/msg/detail/local_plan_evaluation__functions.h
[1.015s] -- Up-to-date: /home/deivideich/Holonomic_Base_Simulation/ros_2_ws/install/dwb_msgs/include/dwb_msgs/msg/detail/trajectory_score__functions.h
[1.015s] -- Up-to-date: /home/deivideich/Holonomic_Base_Simulation/ros_2_ws/install/dwb_msgs/include/dwb_msgs/msg/detail/critic_score__struct.h
[1.015s] -- Up-to-date: /home/deivideich/Holonomic_Base_Simulation/ros_2_ws/install/dwb_msgs/include/dwb_msgs/msg/detail/critic_score__functions.c
[1.015s] -- Up-to-date: /home/deivideich/Holonomic_Base_Simulation/ros_2_ws/install/dwb_msgs/include/dwb_msgs/msg/detail/critic_score__type_support.h
[1.015s] -- Up-to-date: /home/deivideich/Holonomic_Base_Simulation/ros_2_ws/install/dwb_msgs/include/dwb_msgs/msg/detail/local_plan_evaluation__functions.c
[1.015s] -- Up-to-date: /home/deivideich/Holonomic_Base_Simulation/ros_2_ws/install/dwb_msgs/include/dwb_msgs/msg/detail/trajectory_score__type_support.h
[1.015s] -- Up-to-date: /home/deivideich/Holonomic_Base_Simulation/ros_2_ws/install/dwb_msgs/include/dwb_msgs/msg/detail/critic_score__functions.h
[1.015s] -- Up-to-date: /home/deivideich/Holonomic_Base_Simulation/ros_2_ws/install/dwb_msgs/include/dwb_msgs/msg/detail/trajectory2_d__functions.h
[1.015s] -- Up-to-date: /home/deivideich/Holonomic_Base_Simulation/ros_2_ws/install/dwb_msgs/include/dwb_msgs/msg/detail/local_plan_evaluation__struct.h
[1.016s] -- Up-to-date: /home/deivideich/Holonomic_Base_Simulation/ros_2_ws/install/dwb_msgs/include/dwb_msgs/msg/detail/local_plan_evaluation__type_support.h
[1.016s] -- Up-to-date: /home/deivideich/Holonomic_Base_Simulation/ros_2_ws/install/dwb_msgs/include/dwb_msgs/msg/rosidl_generator_c__visibility_control.h
[1.016s] -- Up-to-date: /home/deivideich/Holonomic_Base_Simulation/ros_2_ws/install/dwb_msgs/include/dwb_msgs/msg/trajectory_score.h
[1.016s] -- Up-to-date: /home/deivideich/Holonomic_Base_Simulation/ros_2_ws/install/dwb_msgs/include/dwb_msgs/msg/trajectory2_d.h
[1.016s] -- Up-to-date: /home/deivideich/Holonomic_Base_Simulation/ros_2_ws/install/dwb_msgs/include/dwb_msgs/srv
[1.016s] -- Up-to-date: /home/deivideich/Holonomic_Base_Simulation/ros_2_ws/install/dwb_msgs/include/dwb_msgs/srv/debug_local_plan.h
[1.016s] -- Up-to-date: /home/deivideich/Holonomic_Base_Simulation/ros_2_ws/install/dwb_msgs/include/dwb_msgs/srv/detail
[1.016s] -- Up-to-date: /home/deivideich/Holonomic_Base_Simulation/ros_2_ws/install/dwb_msgs/include/dwb_msgs/srv/detail/score_trajectory__struct.h
[1.017s] -- Up-to-date: /home/deivideich/Holonomic_Base_Simulation/ros_2_ws/install/dwb_msgs/include/dwb_msgs/srv/detail/get_critic_score__struct.h
[1.017s] -- Up-to-date: /home/deivideich/Holonomic_Base_Simulation/ros_2_ws/install/dwb_msgs/include/dwb_msgs/srv/detail/debug_local_plan__type_support.h
[1.017s] -- Up-to-date: /home/deivideich/Holonomic_Base_Simulation/ros_2_ws/install/dwb_msgs/include/dwb_msgs/srv/detail/score_trajectory__functions.c
[1.017s] -- Up-to-date: /home/deivideich/Holonomic_Base_Simulation/ros_2_ws/install/dwb_msgs/include/dwb_msgs/srv/detail/score_trajectory__type_support.h
[1.017s] -- Up-to-date: /home/deivideich/Holonomic_Base_Simulation/ros_2_ws/install/dwb_msgs/include/dwb_msgs/srv/detail/generate_trajectory__functions.c
[1.017s] -- Up-to-date: /home/deivideich/Holonomic_Base_Simulation/ros_2_ws/install/dwb_msgs/include/dwb_msgs/srv/detail/generate_twists__type_support.h
[1.017s] -- Up-to-date: /home/deivideich/Holonomic_Base_Simulation/ros_2_ws/install/dwb_msgs/include/dwb_msgs/srv/detail/generate_twists__functions.h
[1.017s] -- Up-to-date: /home/deivideich/Holonomic_Base_Simulation/ros_2_ws/install/dwb_msgs/include/dwb_msgs/srv/detail/generate_trajectory__functions.h
[1.017s] -- Up-to-date: /home/deivideich/Holonomic_Base_Simulation/ros_2_ws/install/dwb_msgs/include/dwb_msgs/srv/detail/get_critic_score__type_support.h
[1.017s] -- Up-to-date: /home/deivideich/Holonomic_Base_Simulation/ros_2_ws/install/dwb_msgs/include/dwb_msgs/srv/detail/score_trajectory__functions.h
[1.018s] -- Up-to-date: /home/deivideich/Holonomic_Base_Simulation/ros_2_ws/install/dwb_msgs/include/dwb_msgs/srv/detail/debug_local_plan__functions.h
[1.018s] -- Up-to-date: /home/deivideich/Holonomic_Base_Simulation/ros_2_ws/install/dwb_msgs/include/dwb_msgs/srv/detail/generate_twists__functions.c
[1.018s] -- Up-to-date: /home/deivideich/Holonomic_Base_Simulation/ros_2_ws/install/dwb_msgs/include/dwb_msgs/srv/detail/generate_twists__struct.h
[1.018s] -- Up-to-date: /home/deivideich/Holonomic_Base_Simulation/ros_2_ws/install/dwb_msgs/include/dwb_msgs/srv/detail/get_critic_score__functions.c
[1.018s] -- Up-to-date: /home/deivideich/Holonomic_Base_Simulation/ros_2_ws/install/dwb_msgs/include/dwb_msgs/srv/detail/debug_local_plan__functions.c
[1.018s] -- Up-to-date: /home/deivideich/Holonomic_Base_Simulation/ros_2_ws/install/dwb_msgs/include/dwb_msgs/srv/detail/generate_trajectory__type_support.h
[1.018s] -- Up-to-date: /home/deivideich/Holonomic_Base_Simulation/ros_2_ws/install/dwb_msgs/include/dwb_msgs/srv/detail/debug_local_plan__struct.h
[1.018s] -- Up-to-date: /home/deivideich/Holonomic_Base_Simulation/ros_2_ws/install/dwb_msgs/include/dwb_msgs/srv/detail/generate_trajectory__struct.h
[1.019s] -- Up-to-date: /home/deivideich/Holonomic_Base_Simulation/ros_2_ws/install/dwb_msgs/include/dwb_msgs/srv/detail/get_critic_score__functions.h
[1.019s] -- Up-to-date: /home/deivideich/Holonomic_Base_Simulation/ros_2_ws/install/dwb_msgs/include/dwb_msgs/srv/generate_trajectory.h
[1.019s] -- Up-to-date: /home/deivideich/Holonomic_Base_Simulation/ros_2_ws/install/dwb_msgs/include/dwb_msgs/srv/generate_twists.h
[1.019s] -- Up-to-date: /home/deivideich/Holonomic_Base_Simulation/ros_2_ws/install/dwb_msgs/include/dwb_msgs/srv/score_trajectory.h
[1.019s] -- Up-to-date: /home/deivideich/Holonomic_Base_Simulation/ros_2_ws/install/dwb_msgs/include/dwb_msgs/srv/get_critic_score.h
[1.019s] -- Up-to-date: /home/deivideich/Holonomic_Base_Simulation/ros_2_ws/install/dwb_msgs/share/dwb_msgs/environment/library_path.sh
[1.019s] -- Up-to-date: /home/deivideich/Holonomic_Base_Simulation/ros_2_ws/install/dwb_msgs/share/dwb_msgs/environment/library_path.dsv
[1.019s] -- Up-to-date: /home/deivideich/Holonomic_Base_Simulation/ros_2_ws/install/dwb_msgs/lib/libdwb_msgs__rosidl_generator_c.so
[1.019s] -- Up-to-date: /home/deivideich/Holonomic_Base_Simulation/ros_2_ws/install/dwb_msgs/include/dwb_msgs
[1.019s] -- Up-to-date: /home/deivideich/Holonomic_Base_Simulation/ros_2_ws/install/dwb_msgs/include/dwb_msgs/msg
[1.020s] -- Up-to-date: /home/deivideich/Holonomic_Base_Simulation/ros_2_ws/install/dwb_msgs/include/dwb_msgs/msg/detail
[1.020s] -- Up-to-date: /home/deivideich/Holonomic_Base_Simulation/ros_2_ws/install/dwb_msgs/include/dwb_msgs/msg/detail/trajectory_score__rosidl_typesupport_fastrtps_c.h
[1.020s] -- Up-to-date: /home/deivideich/Holonomic_Base_Simulation/ros_2_ws/install/dwb_msgs/include/dwb_msgs/msg/detail/trajectory2_d__rosidl_typesupport_fastrtps_c.h
[1.020s] -- Up-to-date: /home/deivideich/Holonomic_Base_Simulation/ros_2_ws/install/dwb_msgs/include/dwb_msgs/msg/detail/local_plan_evaluation__rosidl_typesupport_fastrtps_c.h
[1.020s] -- Up-to-date: /home/deivideich/Holonomic_Base_Simulation/ros_2_ws/install/dwb_msgs/include/dwb_msgs/msg/detail/critic_score__rosidl_typesupport_fastrtps_c.h
[1.020s] -- Up-to-date: /home/deivideich/Holonomic_Base_Simulation/ros_2_ws/install/dwb_msgs/include/dwb_msgs/msg/rosidl_typesupport_fastrtps_c__visibility_control.h
[1.020s] -- Up-to-date: /home/deivideich/Holonomic_Base_Simulation/ros_2_ws/install/dwb_msgs/include/dwb_msgs/srv
[1.021s] -- Up-to-date: /home/deivideich/Holonomic_Base_Simulation/ros_2_ws/install/dwb_msgs/include/dwb_msgs/srv/detail
[1.021s] -- Up-to-date: /home/deivideich/Holonomic_Base_Simulation/ros_2_ws/install/dwb_msgs/include/dwb_msgs/srv/detail/get_critic_score__rosidl_typesupport_fastrtps_c.h
[1.021s] -- Up-to-date: /home/deivideich/Holonomic_Base_Simulation/ros_2_ws/install/dwb_msgs/include/dwb_msgs/srv/detail/score_trajectory__rosidl_typesupport_fastrtps_c.h
[1.021s] -- Up-to-date: /home/deivideich/Holonomic_Base_Simulation/ros_2_ws/install/dwb_msgs/include/dwb_msgs/srv/detail/generate_twists__rosidl_typesupport_fastrtps_c.h
[1.021s] -- Up-to-date: /home/deivideich/Holonomic_Base_Simulation/ros_2_ws/install/dwb_msgs/include/dwb_msgs/srv/detail/debug_local_plan__rosidl_typesupport_fastrtps_c.h
[1.021s] -- Up-to-date: /home/deivideich/Holonomic_Base_Simulation/ros_2_ws/install/dwb_msgs/include/dwb_msgs/srv/detail/generate_trajectory__rosidl_typesupport_fastrtps_c.h
[1.021s] -- Up-to-date: /home/deivideich/Holonomic_Base_Simulation/ros_2_ws/install/dwb_msgs/lib/libdwb_msgs__rosidl_typesupport_fastrtps_c.so
[1.022s] -- Up-to-date: /home/deivideich/Holonomic_Base_Simulation/ros_2_ws/install/dwb_msgs/include/dwb_msgs
[1.022s] -- Up-to-date: /home/deivideich/Holonomic_Base_Simulation/ros_2_ws/install/dwb_msgs/include/dwb_msgs/msg
[1.022s] -- Up-to-date: /home/deivideich/Holonomic_Base_Simulation/ros_2_ws/install/dwb_msgs/include/dwb_msgs/msg/rosidl_typesupport_fastrtps_cpp__visibility_control.h
[1.022s] -- Up-to-date: /home/deivideich/Holonomic_Base_Simulation/ros_2_ws/install/dwb_msgs/include/dwb_msgs/msg/detail
[1.022s] -- Up-to-date: /home/deivideich/Holonomic_Base_Simulation/ros_2_ws/install/dwb_msgs/include/dwb_msgs/msg/detail/trajectory2_d__rosidl_typesupport_fastrtps_cpp.hpp
[1.022s] -- Up-to-date: /home/deivideich/Holonomic_Base_Simulation/ros_2_ws/install/dwb_msgs/include/dwb_msgs/msg/detail/local_plan_evaluation__rosidl_typesupport_fastrtps_cpp.hpp
[1.022s] -- Up-to-date: /home/deivideich/Holonomic_Base_Simulation/ros_2_ws/install/dwb_msgs/include/dwb_msgs/msg/detail/trajectory_score__rosidl_typesupport_fastrtps_cpp.hpp
[1.022s] -- Up-to-date: /home/deivideich/Holonomic_Base_Simulation/ros_2_ws/install/dwb_msgs/include/dwb_msgs/msg/detail/critic_score__rosidl_typesupport_fastrtps_cpp.hpp
[1.022s] -- Up-to-date: /home/deivideich/Holonomic_Base_Simulation/ros_2_ws/install/dwb_msgs/include/dwb_msgs/msg/detail/dds_fastrtps
[1.022s] -- Up-to-date: /home/deivideich/Holonomic_Base_Simulation/ros_2_ws/install/dwb_msgs/include/dwb_msgs/srv
[1.023s] -- Up-to-date: /home/deivideich/Holonomic_Base_Simulation/ros_2_ws/install/dwb_msgs/include/dwb_msgs/srv/detail
[1.023s] -- Up-to-date: /home/deivideich/Holonomic_Base_Simulation/ros_2_ws/install/dwb_msgs/include/dwb_msgs/srv/detail/generate_twists__rosidl_typesupport_fastrtps_cpp.hpp
[1.023s] -- Up-to-date: /home/deivideich/Holonomic_Base_Simulation/ros_2_ws/install/dwb_msgs/include/dwb_msgs/srv/detail/generate_trajectory__rosidl_typesupport_fastrtps_cpp.hpp
[1.023s] -- Up-to-date: /home/deivideich/Holonomic_Base_Simulation/ros_2_ws/install/dwb_msgs/include/dwb_msgs/srv/detail/debug_local_plan__rosidl_typesupport_fastrtps_cpp.hpp
[1.023s] -- Up-to-date: /home/deivideich/Holonomic_Base_Simulation/ros_2_ws/install/dwb_msgs/include/dwb_msgs/srv/detail/get_critic_score__rosidl_typesupport_fastrtps_cpp.hpp
[1.023s] -- Up-to-date: /home/deivideich/Holonomic_Base_Simulation/ros_2_ws/install/dwb_msgs/include/dwb_msgs/srv/detail/score_trajectory__rosidl_typesupport_fastrtps_cpp.hpp
[1.023s] -- Up-to-date: /home/deivideich/Holonomic_Base_Simulation/ros_2_ws/install/dwb_msgs/include/dwb_msgs/srv/detail/dds_fastrtps
[1.023s] -- Up-to-date: /home/deivideich/Holonomic_Base_Simulation/ros_2_ws/install/dwb_msgs/lib/libdwb_msgs__rosidl_typesupport_fastrtps_cpp.so
[1.023s] -- Up-to-date: /home/deivideich/Holonomic_Base_Simulation/ros_2_ws/install/dwb_msgs/include/dwb_msgs
[1.024s] -- Up-to-date: /home/deivideich/Holonomic_Base_Simulation/ros_2_ws/install/dwb_msgs/include/dwb_msgs/msg
[1.024s] -- Up-to-date: /home/deivideich/Holonomic_Base_Simulation/ros_2_ws/install/dwb_msgs/include/dwb_msgs/msg/rosidl_typesupport_introspection_c__visibility_control.h
[1.024s] -- Up-to-date: /home/deivideich/Holonomic_Base_Simulation/ros_2_ws/install/dwb_msgs/include/dwb_msgs/msg/detail
[1.024s] -- Up-to-date: /home/deivideich/Holonomic_Base_Simulation/ros_2_ws/install/dwb_msgs/include/dwb_msgs/msg/detail/local_plan_evaluation__type_support.c
[1.024s] -- Up-to-date: /home/deivideich/Holonomic_Base_Simulation/ros_2_ws/install/dwb_msgs/include/dwb_msgs/msg/detail/trajectory2_d__rosidl_typesupport_introspection_c.h
[1.024s] -- Up-to-date: /home/deivideich/Holonomic_Base_Simulation/ros_2_ws/install/dwb_msgs/include/dwb_msgs/msg/detail/critic_score__rosidl_typesupport_introspection_c.h
[1.024s] -- Up-to-date: /home/deivideich/Holonomic_Base_Simulation/ros_2_ws/install/dwb_msgs/include/dwb_msgs/msg/detail/trajectory_score__type_support.c
[1.024s] -- Up-to-date: /home/deivideich/Holonomic_Base_Simulation/ros_2_ws/install/dwb_msgs/include/dwb_msgs/msg/detail/local_plan_evaluation__rosidl_typesupport_introspection_c.h
[1.024s] -- Up-to-date: /home/deivideich/Holonomic_Base_Simulation/ros_2_ws/install/dwb_msgs/include/dwb_msgs/msg/detail/trajectory_score__rosidl_typesupport_introspection_c.h
[1.024s] -- Up-to-date: /home/deivideich/Holonomic_Base_Simulation/ros_2_ws/install/dwb_msgs/include/dwb_msgs/msg/detail/trajectory2_d__type_support.c
[1.024s] -- Up-to-date: /home/deivideich/Holonomic_Base_Simulation/ros_2_ws/install/dwb_msgs/include/dwb_msgs/msg/detail/critic_score__type_support.c
[1.024s] -- Up-to-date: /home/deivideich/Holonomic_Base_Simulation/ros_2_ws/install/dwb_msgs/include/dwb_msgs/srv
[1.024s] -- Up-to-date: /home/deivideich/Holonomic_Base_Simulation/ros_2_ws/install/dwb_msgs/include/dwb_msgs/srv/detail
[1.024s] -- Up-to-date: /home/deivideich/Holonomic_Base_Simulation/ros_2_ws/install/dwb_msgs/include/dwb_msgs/srv/detail/get_critic_score__type_support.c
[1.024s] -- Up-to-date: /home/deivideich/Holonomic_Base_Simulation/ros_2_ws/install/dwb_msgs/include/dwb_msgs/srv/detail/debug_local_plan__rosidl_typesupport_introspection_c.h
[1.025s] -- Up-to-date: /home/deivideich/Holonomic_Base_Simulation/ros_2_ws/install/dwb_msgs/include/dwb_msgs/srv/detail/generate_trajectory__rosidl_typesupport_introspection_c.h
[1.025s] -- Up-to-date: /home/deivideich/Holonomic_Base_Simulation/ros_2_ws/install/dwb_msgs/include/dwb_msgs/srv/detail/generate_trajectory__type_support.c
[1.025s] -- Up-to-date: /home/deivideich/Holonomic_Base_Simulation/ros_2_ws/install/dwb_msgs/include/dwb_msgs/srv/detail/generate_twists__type_support.c
[1.025s] -- Up-to-date: /home/deivideich/Holonomic_Base_Simulation/ros_2_ws/install/dwb_msgs/include/dwb_msgs/srv/detail/debug_local_plan__type_support.c
[1.025s] -- Up-to-date: /home/deivideich/Holonomic_Base_Simulation/ros_2_ws/install/dwb_msgs/include/dwb_msgs/srv/detail/score_trajectory__rosidl_typesupport_introspection_c.h
[1.025s] -- Up-to-date: /home/deivideich/Holonomic_Base_Simulation/ros_2_ws/install/dwb_msgs/include/dwb_msgs/srv/detail/score_trajectory__type_support.c
[1.025s] -- Up-to-date: /home/deivideich/Holonomic_Base_Simulation/ros_2_ws/install/dwb_msgs/include/dwb_msgs/srv/detail/get_critic_score__rosidl_typesupport_introspection_c.h
[1.025s] -- Up-to-date: /home/deivideich/Holonomic_Base_Simulation/ros_2_ws/install/dwb_msgs/include/dwb_msgs/srv/detail/generate_twists__rosidl_typesupport_introspection_c.h
[1.025s] -- Up-to-date: /home/deivideich/Holonomic_Base_Simulation/ros_2_ws/install/dwb_msgs/lib/libdwb_msgs__rosidl_typesupport_introspection_c.so
[1.025s] -- Up-to-date: /home/deivideich/Holonomic_Base_Simulation/ros_2_ws/install/dwb_msgs/lib/libdwb_msgs__rosidl_typesupport_c.so
[1.025s] -- Up-to-date: /home/deivideich/Holonomic_Base_Simulation/ros_2_ws/install/dwb_msgs/include/dwb_msgs
[1.025s] -- Up-to-date: /home/deivideich/Holonomic_Base_Simulation/ros_2_ws/install/dwb_msgs/include/dwb_msgs/msg
[1.025s] -- Up-to-date: /home/deivideich/Holonomic_Base_Simulation/ros_2_ws/install/dwb_msgs/include/dwb_msgs/msg/trajectory_score.hpp
[1.025s] -- Up-to-date: /home/deivideich/Holonomic_Base_Simulation/ros_2_ws/install/dwb_msgs/include/dwb_msgs/msg/rosidl_generator_cpp__visibility_control.hpp
[1.026s] -- Up-to-date: /home/deivideich/Holonomic_Base_Simulation/ros_2_ws/install/dwb_msgs/include/dwb_msgs/msg/trajectory2_d.hpp
[1.026s] -- Up-to-date: /home/deivideich/Holonomic_Base_Simulation/ros_2_ws/install/dwb_msgs/include/dwb_msgs/msg/detail
[1.026s] -- Up-to-date: /home/deivideich/Holonomic_Base_Simulation/ros_2_ws/install/dwb_msgs/include/dwb_msgs/msg/detail/trajectory2_d__type_support.hpp
[1.026s] -- Up-to-date: /home/deivideich/Holonomic_Base_Simulation/ros_2_ws/install/dwb_msgs/include/dwb_msgs/msg/detail/trajectory2_d__traits.hpp
[1.026s] -- Up-to-date: /home/deivideich/Holonomic_Base_Simulation/ros_2_ws/install/dwb_msgs/include/dwb_msgs/msg/detail/local_plan_evaluation__type_support.hpp
[1.026s] -- Up-to-date: /home/deivideich/Holonomic_Base_Simulation/ros_2_ws/install/dwb_msgs/include/dwb_msgs/msg/detail/trajectory2_d__struct.hpp
[1.026s] -- Up-to-date: /home/deivideich/Holonomic_Base_Simulation/ros_2_ws/install/dwb_msgs/include/dwb_msgs/msg/detail/local_plan_evaluation__struct.hpp
[1.026s] -- Up-to-date: /home/deivideich/Holonomic_Base_Simulation/ros_2_ws/install/dwb_msgs/include/dwb_msgs/msg/detail/critic_score__type_support.hpp
[1.026s] -- Up-to-date: /home/deivideich/Holonomic_Base_Simulation/ros_2_ws/install/dwb_msgs/include/dwb_msgs/msg/detail/trajectory_score__type_support.hpp
[1.026s] -- Up-to-date: /home/deivideich/Holonomic_Base_Simulation/ros_2_ws/install/dwb_msgs/include/dwb_msgs/msg/detail/trajectory2_d__builder.hpp
[1.026s] -- Up-to-date: /home/deivideich/Holonomic_Base_Simulation/ros_2_ws/install/dwb_msgs/include/dwb_msgs/msg/detail/trajectory_score__struct.hpp
[1.026s] -- Up-to-date: /home/deivideich/Holonomic_Base_Simulation/ros_2_ws/install/dwb_msgs/include/dwb_msgs/msg/detail/critic_score__struct.hpp
[1.026s] -- Up-to-date: /home/deivideich/Holonomic_Base_Simulation/ros_2_ws/install/dwb_msgs/include/dwb_msgs/msg/detail/local_plan_evaluation__traits.hpp
[1.027s] -- Up-to-date: /home/deivideich/Holonomic_Base_Simulation/ros_2_ws/install/dwb_msgs/include/dwb_msgs/msg/detail/critic_score__builder.hpp
[1.027s] -- Up-to-date: /home/deivideich/Holonomic_Base_Simulation/ros_2_ws/install/dwb_msgs/include/dwb_msgs/msg/detail/trajectory_score__traits.hpp
[1.027s] -- Up-to-date: /home/deivideich/Holonomic_Base_Simulation/ros_2_ws/install/dwb_msgs/include/dwb_msgs/msg/detail/local_plan_evaluation__builder.hpp
[1.027s] -- Up-to-date: /home/deivideich/Holonomic_Base_Simulation/ros_2_ws/install/dwb_msgs/include/dwb_msgs/msg/detail/trajectory_score__builder.hpp
[1.027s] -- Up-to-date: /home/deivideich/Holonomic_Base_Simulation/ros_2_ws/install/dwb_msgs/include/dwb_msgs/msg/detail/critic_score__traits.hpp
[1.027s] -- Up-to-date: /home/deivideich/Holonomic_Base_Simulation/ros_2_ws/install/dwb_msgs/include/dwb_msgs/msg/local_plan_evaluation.hpp
[1.027s] -- Up-to-date: /home/deivideich/Holonomic_Base_Simulation/ros_2_ws/install/dwb_msgs/include/dwb_msgs/msg/critic_score.hpp
[1.027s] -- Up-to-date: /home/deivideich/Holonomic_Base_Simulation/ros_2_ws/install/dwb_msgs/include/dwb_msgs/srv
[1.027s] -- Up-to-date: /home/deivideich/Holonomic_Base_Simulation/ros_2_ws/install/dwb_msgs/include/dwb_msgs/srv/get_critic_score.hpp
[1.027s] -- Up-to-date: /home/deivideich/Holonomic_Base_Simulation/ros_2_ws/install/dwb_msgs/include/dwb_msgs/srv/generate_twists.hpp
[1.027s] -- Up-to-date: /home/deivideich/Holonomic_Base_Simulation/ros_2_ws/install/dwb_msgs/include/dwb_msgs/srv/generate_trajectory.hpp
[1.027s] -- Up-to-date: /home/deivideich/Holonomic_Base_Simulation/ros_2_ws/install/dwb_msgs/include/dwb_msgs/srv/debug_local_plan.hpp
[1.027s] -- Up-to-date: /home/deivideich/Holonomic_Base_Simulation/ros_2_ws/install/dwb_msgs/include/dwb_msgs/srv/detail
[1.027s] -- Up-to-date: /home/deivideich/Holonomic_Base_Simulation/ros_2_ws/install/dwb_msgs/include/dwb_msgs/srv/detail/get_critic_score__type_support.hpp
[1.028s] -- Up-to-date: /home/deivideich/Holonomic_Base_Simulation/ros_2_ws/install/dwb_msgs/include/dwb_msgs/srv/detail/generate_trajectory__struct.hpp
[1.028s] -- Up-to-date: /home/deivideich/Holonomic_Base_Simulation/ros_2_ws/install/dwb_msgs/include/dwb_msgs/srv/detail/get_critic_score__traits.hpp
[1.028s] -- Up-to-date: /home/deivideich/Holonomic_Base_Simulation/ros_2_ws/install/dwb_msgs/include/dwb_msgs/srv/detail/generate_twists__traits.hpp
[1.028s] -- Up-to-date: /home/deivideich/Holonomic_Base_Simulation/ros_2_ws/install/dwb_msgs/include/dwb_msgs/srv/detail/debug_local_plan__type_support.hpp
[1.028s] -- Up-to-date: /home/deivideich/Holonomic_Base_Simulation/ros_2_ws/install/dwb_msgs/include/dwb_msgs/srv/detail/get_critic_score__builder.hpp
[1.028s] -- Up-to-date: /home/deivideich/Holonomic_Base_Simulation/ros_2_ws/install/dwb_msgs/include/dwb_msgs/srv/detail/generate_twists__builder.hpp
[1.028s] -- Up-to-date: /home/deivideich/Holonomic_Base_Simulation/ros_2_ws/install/dwb_msgs/include/dwb_msgs/srv/detail/get_critic_score__struct.hpp
[1.028s] -- Up-to-date: /home/deivideich/Holonomic_Base_Simulation/ros_2_ws/install/dwb_msgs/include/dwb_msgs/srv/detail/generate_trajectory__builder.hpp
[1.028s] -- Up-to-date: /home/deivideich/Holonomic_Base_Simulation/ros_2_ws/install/dwb_msgs/include/dwb_msgs/srv/detail/score_trajectory__builder.hpp
[1.028s] -- Up-to-date: /home/deivideich/Holonomic_Base_Simulation/ros_2_ws/install/dwb_msgs/include/dwb_msgs/srv/detail/debug_local_plan__traits.hpp
[1.028s] -- Up-to-date: /home/deivideich/Holonomic_Base_Simulation/ros_2_ws/install/dwb_msgs/include/dwb_msgs/srv/detail/generate_twists__type_support.hpp
[1.028s] -- Up-to-date: /home/deivideich/Holonomic_Base_Simulation/ros_2_ws/install/dwb_msgs/include/dwb_msgs/srv/detail/generate_trajectory__type_support.hpp
[1.028s] -- Up-to-date: /home/deivideich/Holonomic_Base_Simulation/ros_2_ws/install/dwb_msgs/include/dwb_msgs/srv/detail/score_trajectory__struct.hpp
[1.028s] -- Up-to-date: /home/deivideich/Holonomic_Base_Simulation/ros_2_ws/install/dwb_msgs/include/dwb_msgs/srv/detail/generate_trajectory__traits.hpp
[1.029s] -- Up-to-date: /home/deivideich/Holonomic_Base_Simulation/ros_2_ws/install/dwb_msgs/include/dwb_msgs/srv/detail/generate_twists__struct.hpp
[1.029s] -- Up-to-date: /home/deivideich/Holonomic_Base_Simulation/ros_2_ws/install/dwb_msgs/include/dwb_msgs/srv/detail/debug_local_plan__builder.hpp
[1.029s] -- Up-to-date: /home/deivideich/Holonomic_Base_Simulation/ros_2_ws/install/dwb_msgs/include/dwb_msgs/srv/detail/debug_local_plan__struct.hpp
[1.029s] -- Up-to-date: /home/deivideich/Holonomic_Base_Simulation/ros_2_ws/install/dwb_msgs/include/dwb_msgs/srv/detail/score_trajectory__traits.hpp
[1.029s] -- Up-to-date: /home/deivideich/Holonomic_Base_Simulation/ros_2_ws/install/dwb_msgs/include/dwb_msgs/srv/detail/score_trajectory__type_support.hpp
[1.029s] -- Up-to-date: /home/deivideich/Holonomic_Base_Simulation/ros_2_ws/install/dwb_msgs/include/dwb_msgs/srv/score_trajectory.hpp
[1.029s] -- Up-to-date: /home/deivideich/Holonomic_Base_Simulation/ros_2_ws/install/dwb_msgs/include/dwb_msgs
[1.029s] -- Up-to-date: /home/deivideich/Holonomic_Base_Simulation/ros_2_ws/install/dwb_msgs/include/dwb_msgs/msg
[1.029s] -- Up-to-date: /home/deivideich/Holonomic_Base_Simulation/ros_2_ws/install/dwb_msgs/include/dwb_msgs/msg/detail
[1.029s] -- Up-to-date: /home/deivideich/Holonomic_Base_Simulation/ros_2_ws/install/dwb_msgs/include/dwb_msgs/msg/detail/trajectory_score__rosidl_typesupport_introspection_cpp.hpp
[1.029s] -- Up-to-date: /home/deivideich/Holonomic_Base_Simulation/ros_2_ws/install/dwb_msgs/include/dwb_msgs/msg/detail/critic_score__rosidl_typesupport_introspection_cpp.hpp
[1.029s] -- Up-to-date: /home/deivideich/Holonomic_Base_Simulation/ros_2_ws/install/dwb_msgs/include/dwb_msgs/msg/detail/trajectory_score__type_support.cpp
[1.029s] -- Up-to-date: /home/deivideich/Holonomic_Base_Simulation/ros_2_ws/install/dwb_msgs/include/dwb_msgs/msg/detail/critic_score__type_support.cpp
[1.029s] -- Up-to-date: /home/deivideich/Holonomic_Base_Simulation/ros_2_ws/install/dwb_msgs/include/dwb_msgs/msg/detail/trajectory2_d__rosidl_typesupport_introspection_cpp.hpp
[1.029s] -- Up-to-date: /home/deivideich/Holonomic_Base_Simulation/ros_2_ws/install/dwb_msgs/include/dwb_msgs/msg/detail/local_plan_evaluation__type_support.cpp
[1.029s] -- Up-to-date: /home/deivideich/Holonomic_Base_Simulation/ros_2_ws/install/dwb_msgs/include/dwb_msgs/msg/detail/trajectory2_d__type_support.cpp
[1.030s] -- Up-to-date: /home/deivideich/Holonomic_Base_Simulation/ros_2_ws/install/dwb_msgs/include/dwb_msgs/msg/detail/local_plan_evaluation__rosidl_typesupport_introspection_cpp.hpp
[1.030s] -- Up-to-date: /home/deivideich/Holonomic_Base_Simulation/ros_2_ws/install/dwb_msgs/include/dwb_msgs/srv
[1.030s] -- Up-to-date: /home/deivideich/Holonomic_Base_Simulation/ros_2_ws/install/dwb_msgs/include/dwb_msgs/srv/detail
[1.030s] -- Up-to-date: /home/deivideich/Holonomic_Base_Simulation/ros_2_ws/install/dwb_msgs/include/dwb_msgs/srv/detail/debug_local_plan__rosidl_typesupport_introspection_cpp.hpp
[1.030s] -- Up-to-date: /home/deivideich/Holonomic_Base_Simulation/ros_2_ws/install/dwb_msgs/include/dwb_msgs/srv/detail/generate_twists__rosidl_typesupport_introspection_cpp.hpp
[1.030s] -- Up-to-date: /home/deivideich/Holonomic_Base_Simulation/ros_2_ws/install/dwb_msgs/include/dwb_msgs/srv/detail/generate_trajectory__type_support.cpp
[1.030s] -- Up-to-date: /home/deivideich/Holonomic_Base_Simulation/ros_2_ws/install/dwb_msgs/include/dwb_msgs/srv/detail/generate_twists__type_support.cpp
[1.030s] -- Up-to-date: /home/deivideich/Holonomic_Base_Simulation/ros_2_ws/install/dwb_msgs/include/dwb_msgs/srv/detail/get_critic_score__type_support.cpp
[1.030s] -- Up-to-date: /home/deivideich/Holonomic_Base_Simulation/ros_2_ws/install/dwb_msgs/include/dwb_msgs/srv/detail/generate_trajectory__rosidl_typesupport_introspection_cpp.hpp
[1.030s] -- Up-to-date: /home/deivideich/Holonomic_Base_Simulation/ros_2_ws/install/dwb_msgs/include/dwb_msgs/srv/detail/score_trajectory__rosidl_typesupport_introspection_cpp.hpp
[1.030s] -- Up-to-date: /home/deivideich/Holonomic_Base_Simulation/ros_2_ws/install/dwb_msgs/include/dwb_msgs/srv/detail/score_trajectory__type_support.cpp
[1.031s] -- Up-to-date: /home/deivideich/Holonomic_Base_Simulation/ros_2_ws/install/dwb_msgs/include/dwb_msgs/srv/detail/debug_local_plan__type_support.cpp
[1.031s] -- Up-to-date: /home/deivideich/Holonomic_Base_Simulation/ros_2_ws/install/dwb_msgs/include/dwb_msgs/srv/detail/get_critic_score__rosidl_typesupport_introspection_cpp.hpp
[1.031s] -- Up-to-date: /home/deivideich/Holonomic_Base_Simulation/ros_2_ws/install/dwb_msgs/lib/libdwb_msgs__rosidl_typesupport_introspection_cpp.so
[1.031s] -- Up-to-date: /home/deivideich/Holonomic_Base_Simulation/ros_2_ws/install/dwb_msgs/lib/libdwb_msgs__rosidl_typesupport_cpp.so
[1.031s] -- Up-to-date: /home/deivideich/Holonomic_Base_Simulation/ros_2_ws/install/dwb_msgs/share/dwb_msgs/environment/pythonpath.sh
[1.031s] -- Up-to-date: /home/deivideich/Holonomic_Base_Simulation/ros_2_ws/install/dwb_msgs/share/dwb_msgs/environment/pythonpath.dsv
[1.031s] -- Up-to-date: /home/deivideich/Holonomic_Base_Simulation/ros_2_ws/install/dwb_msgs/lib/python3.8/site-packages/dwb_msgs/__init__.py
[1.060s] -- Up-to-date: /home/deivideich/Holonomic_Base_Simulation/ros_2_ws/install/dwb_msgs/lib/python3.8/site-packages/dwb_msgs/msg
[1.060s] -- Up-to-date: /home/deivideich/Holonomic_Base_Simulation/ros_2_ws/install/dwb_msgs/lib/python3.8/site-packages/dwb_msgs/msg/_trajectory_score.py
[1.061s] -- Up-to-date: /home/deivideich/Holonomic_Base_Simulation/ros_2_ws/install/dwb_msgs/lib/python3.8/site-packages/dwb_msgs/msg/_critic_score_s.c
[1.061s] -- Up-to-date: /home/deivideich/Holonomic_Base_Simulation/ros_2_ws/install/dwb_msgs/lib/python3.8/site-packages/dwb_msgs/msg/_trajectory2_d.py
[1.061s] -- Up-to-date: /home/deivideich/Holonomic_Base_Simulation/ros_2_ws/install/dwb_msgs/lib/python3.8/site-packages/dwb_msgs/msg/__init__.py
[1.061s] -- Up-to-date: /home/deivideich/Holonomic_Base_Simulation/ros_2_ws/install/dwb_msgs/lib/python3.8/site-packages/dwb_msgs/msg/_trajectory_score_s.c
[1.061s] -- Up-to-date: /home/deivideich/Holonomic_Base_Simulation/ros_2_ws/install/dwb_msgs/lib/python3.8/site-packages/dwb_msgs/msg/_trajectory2_d_s.c
[1.061s] -- Up-to-date: /home/deivideich/Holonomic_Base_Simulation/ros_2_ws/install/dwb_msgs/lib/python3.8/site-packages/dwb_msgs/msg/_local_plan_evaluation_s.c
[1.061s] -- Up-to-date: /home/deivideich/Holonomic_Base_Simulation/ros_2_ws/install/dwb_msgs/lib/python3.8/site-packages/dwb_msgs/msg/_critic_score.py
[1.061s] -- Up-to-date: /home/deivideich/Holonomic_Base_Simulation/ros_2_ws/install/dwb_msgs/lib/python3.8/site-packages/dwb_msgs/msg/_local_plan_evaluation.py
[1.061s] -- Up-to-date: /home/deivideich/Holonomic_Base_Simulation/ros_2_ws/install/dwb_msgs/lib/python3.8/site-packages/dwb_msgs/srv
[1.061s] -- Up-to-date: /home/deivideich/Holonomic_Base_Simulation/ros_2_ws/install/dwb_msgs/lib/python3.8/site-packages/dwb_msgs/srv/_generate_trajectory_s.c
[1.061s] -- Up-to-date: /home/deivideich/Holonomic_Base_Simulation/ros_2_ws/install/dwb_msgs/lib/python3.8/site-packages/dwb_msgs/srv/_score_trajectory_s.c
[1.061s] -- Up-to-date: /home/deivideich/Holonomic_Base_Simulation/ros_2_ws/install/dwb_msgs/lib/python3.8/site-packages/dwb_msgs/srv/_generate_trajectory.py
[1.062s] -- Up-to-date: /home/deivideich/Holonomic_Base_Simulation/ros_2_ws/install/dwb_msgs/lib/python3.8/site-packages/dwb_msgs/srv/__init__.py
[1.062s] -- Up-to-date: /home/deivideich/Holonomic_Base_Simulation/ros_2_ws/install/dwb_msgs/lib/python3.8/site-packages/dwb_msgs/srv/_score_trajectory.py
[1.062s] -- Up-to-date: /home/deivideich/Holonomic_Base_Simulation/ros_2_ws/install/dwb_msgs/lib/python3.8/site-packages/dwb_msgs/srv/_get_critic_score.py
[1.062s] -- Up-to-date: /home/deivideich/Holonomic_Base_Simulation/ros_2_ws/install/dwb_msgs/lib/python3.8/site-packages/dwb_msgs/srv/_generate_twists.py
[1.062s] -- Up-to-date: /home/deivideich/Holonomic_Base_Simulation/ros_2_ws/install/dwb_msgs/lib/python3.8/site-packages/dwb_msgs/srv/_generate_twists_s.c
[1.062s] -- Up-to-date: /home/deivideich/Holonomic_Base_Simulation/ros_2_ws/install/dwb_msgs/lib/python3.8/site-packages/dwb_msgs/srv/_debug_local_plan_s.c
[1.062s] -- Up-to-date: /home/deivideich/Holonomic_Base_Simulation/ros_2_ws/install/dwb_msgs/lib/python3.8/site-packages/dwb_msgs/srv/_debug_local_plan.py
[1.062s] -- Up-to-date: /home/deivideich/Holonomic_Base_Simulation/ros_2_ws/install/dwb_msgs/lib/python3.8/site-packages/dwb_msgs/srv/_get_critic_score_s.c
[1.062s] -- Up-to-date: /home/deivideich/Holonomic_Base_Simulation/ros_2_ws/install/dwb_msgs/lib/python3.8/site-packages/dwb_msgs/dwb_msgs_s__rosidl_typesupport_fastrtps_c.cpython-38-x86_64-linux-gnu.so
[1.062s] -- Up-to-date: /home/deivideich/Holonomic_Base_Simulation/ros_2_ws/install/dwb_msgs/lib/python3.8/site-packages/dwb_msgs/dwb_msgs_s__rosidl_typesupport_introspection_c.cpython-38-x86_64-linux-gnu.so
[1.063s] -- Up-to-date: /home/deivideich/Holonomic_Base_Simulation/ros_2_ws/install/dwb_msgs/lib/python3.8/site-packages/dwb_msgs/dwb_msgs_s__rosidl_typesupport_c.cpython-38-x86_64-linux-gnu.so
[1.063s] -- Up-to-date: /home/deivideich/Holonomic_Base_Simulation/ros_2_ws/install/dwb_msgs/lib/libdwb_msgs__python.so
[1.064s] -- Up-to-date: /home/deivideich/Holonomic_Base_Simulation/ros_2_ws/install/dwb_msgs/share/dwb_msgs/msg/CriticScore.idl
[1.064s] -- Up-to-date: /home/deivideich/Holonomic_Base_Simulation/ros_2_ws/install/dwb_msgs/share/dwb_msgs/msg/LocalPlanEvaluation.idl
[1.064s] -- Up-to-date: /home/deivideich/Holonomic_Base_Simulation/ros_2_ws/install/dwb_msgs/share/dwb_msgs/msg/Trajectory2D.idl
[1.064s] -- Up-to-date: /home/deivideich/Holonomic_Base_Simulation/ros_2_ws/install/dwb_msgs/share/dwb_msgs/msg/TrajectoryScore.idl
[1.064s] -- Up-to-date: /home/deivideich/Holonomic_Base_Simulation/ros_2_ws/install/dwb_msgs/share/dwb_msgs/srv/DebugLocalPlan.idl
[1.064s] -- Up-to-date: /home/deivideich/Holonomic_Base_Simulation/ros_2_ws/install/dwb_msgs/share/dwb_msgs/srv/GenerateTrajectory.idl
[1.064s] -- Up-to-date: /home/deivideich/Holonomic_Base_Simulation/ros_2_ws/install/dwb_msgs/share/dwb_msgs/srv/GenerateTwists.idl
[1.064s] -- Up-to-date: /home/deivideich/Holonomic_Base_Simulation/ros_2_ws/install/dwb_msgs/share/dwb_msgs/srv/GetCriticScore.idl
[1.065s] -- Up-to-date: /home/deivideich/Holonomic_Base_Simulation/ros_2_ws/install/dwb_msgs/share/dwb_msgs/srv/ScoreTrajectory.idl
[1.065s] -- Up-to-date: /home/deivideich/Holonomic_Base_Simulation/ros_2_ws/install/dwb_msgs/share/dwb_msgs/msg/CriticScore.msg
[1.065s] -- Up-to-date: /home/deivideich/Holonomic_Base_Simulation/ros_2_ws/install/dwb_msgs/share/dwb_msgs/msg/LocalPlanEvaluation.msg
[1.065s] -- Up-to-date: /home/deivideich/Holonomic_Base_Simulation/ros_2_ws/install/dwb_msgs/share/dwb_msgs/msg/Trajectory2D.msg
[1.065s] -- Up-to-date: /home/deivideich/Holonomic_Base_Simulation/ros_2_ws/install/dwb_msgs/share/dwb_msgs/msg/TrajectoryScore.msg
[1.065s] -- Up-to-date: /home/deivideich/Holonomic_Base_Simulation/ros_2_ws/install/dwb_msgs/share/dwb_msgs/srv/DebugLocalPlan.srv
[1.065s] -- Up-to-date: /home/deivideich/Holonomic_Base_Simulation/ros_2_ws/install/dwb_msgs/share/dwb_msgs/srv/DebugLocalPlan_Request.msg
[1.066s] -- Up-to-date: /home/deivideich/Holonomic_Base_Simulation/ros_2_ws/install/dwb_msgs/share/dwb_msgs/srv/DebugLocalPlan_Response.msg
[1.066s] -- Up-to-date: /home/deivideich/Holonomic_Base_Simulation/ros_2_ws/install/dwb_msgs/share/dwb_msgs/srv/GenerateTrajectory.srv
[1.066s] -- Up-to-date: /home/deivideich/Holonomic_Base_Simulation/ros_2_ws/install/dwb_msgs/share/dwb_msgs/srv/GenerateTrajectory_Request.msg
[1.066s] -- Up-to-date: /home/deivideich/Holonomic_Base_Simulation/ros_2_ws/install/dwb_msgs/share/dwb_msgs/srv/GenerateTrajectory_Response.msg
[1.066s] -- Up-to-date: /home/deivideich/Holonomic_Base_Simulation/ros_2_ws/install/dwb_msgs/share/dwb_msgs/srv/GenerateTwists.srv
[1.066s] -- Up-to-date: /home/deivideich/Holonomic_Base_Simulation/ros_2_ws/install/dwb_msgs/share/dwb_msgs/srv/GenerateTwists_Request.msg
[1.067s] -- Up-to-date: /home/deivideich/Holonomic_Base_Simulation/ros_2_ws/install/dwb_msgs/share/dwb_msgs/srv/GenerateTwists_Response.msg
[1.067s] -- Up-to-date: /home/deivideich/Holonomic_Base_Simulation/ros_2_ws/install/dwb_msgs/share/dwb_msgs/srv/GetCriticScore.srv
[1.067s] -- Up-to-date: /home/deivideich/Holonomic_Base_Simulation/ros_2_ws/install/dwb_msgs/share/dwb_msgs/srv/GetCriticScore_Request.msg
[1.067s] -- Up-to-date: /home/deivideich/Holonomic_Base_Simulation/ros_2_ws/install/dwb_msgs/share/dwb_msgs/srv/GetCriticScore_Response.msg
[1.067s] -- Up-to-date: /home/deivideich/Holonomic_Base_Simulation/ros_2_ws/install/dwb_msgs/share/dwb_msgs/srv/ScoreTrajectory.srv
[1.067s] -- Up-to-date: /home/deivideich/Holonomic_Base_Simulation/ros_2_ws/install/dwb_msgs/share/dwb_msgs/srv/ScoreTrajectory_Request.msg
[1.067s] -- Up-to-date: /home/deivideich/Holonomic_Base_Simulation/ros_2_ws/install/dwb_msgs/share/dwb_msgs/srv/ScoreTrajectory_Response.msg
[1.068s] -- Up-to-date: /home/deivideich/Holonomic_Base_Simulation/ros_2_ws/install/dwb_msgs/share/ament_index/resource_index/package_run_dependencies/dwb_msgs
[1.068s] -- Up-to-date: /home/deivideich/Holonomic_Base_Simulation/ros_2_ws/install/dwb_msgs/share/ament_index/resource_index/parent_prefix_path/dwb_msgs
[1.068s] -- Up-to-date: /home/deivideich/Holonomic_Base_Simulation/ros_2_ws/install/dwb_msgs/share/dwb_msgs/environment/ament_prefix_path.sh
[1.068s] -- Up-to-date: /home/deivideich/Holonomic_Base_Simulation/ros_2_ws/install/dwb_msgs/share/dwb_msgs/environment/ament_prefix_path.dsv
[1.068s] -- Up-to-date: /home/deivideich/Holonomic_Base_Simulation/ros_2_ws/install/dwb_msgs/share/dwb_msgs/environment/path.sh
[1.068s] -- Up-to-date: /home/deivideich/Holonomic_Base_Simulation/ros_2_ws/install/dwb_msgs/share/dwb_msgs/environment/path.dsv
[1.068s] -- Up-to-date: /home/deivideich/Holonomic_Base_Simulation/ros_2_ws/install/dwb_msgs/share/dwb_msgs/local_setup.bash
[1.068s] -- Up-to-date: /home/deivideich/Holonomic_Base_Simulation/ros_2_ws/install/dwb_msgs/share/dwb_msgs/local_setup.sh
[1.068s] -- Up-to-date: /home/deivideich/Holonomic_Base_Simulation/ros_2_ws/install/dwb_msgs/share/dwb_msgs/local_setup.zsh
[1.068s] -- Up-to-date: /home/deivideich/Holonomic_Base_Simulation/ros_2_ws/install/dwb_msgs/share/dwb_msgs/local_setup.dsv
[1.068s] -- Installing: /home/deivideich/Holonomic_Base_Simulation/ros_2_ws/install/dwb_msgs/share/dwb_msgs/package.dsv
[1.068s] -- Up-to-date: /home/deivideich/Holonomic_Base_Simulation/ros_2_ws/install/dwb_msgs/share/ament_index/resource_index/packages/dwb_msgs
[1.068s] -- Up-to-date: /home/deivideich/Holonomic_Base_Simulation/ros_2_ws/install/dwb_msgs/share/dwb_msgs/cmake/dwb_msgs__rosidl_generator_cExport.cmake
[1.069s] -- Up-to-date: /home/deivideich/Holonomic_Base_Simulation/ros_2_ws/install/dwb_msgs/share/dwb_msgs/cmake/dwb_msgs__rosidl_generator_cExport-noconfig.cmake
[1.069s] -- Up-to-date: /home/deivideich/Holonomic_Base_Simulation/ros_2_ws/install/dwb_msgs/share/dwb_msgs/cmake/dwb_msgs__rosidl_typesupport_introspection_cExport.cmake
[1.069s] -- Up-to-date: /home/deivideich/Holonomic_Base_Simulation/ros_2_ws/install/dwb_msgs/share/dwb_msgs/cmake/dwb_msgs__rosidl_typesupport_introspection_cExport-noconfig.cmake
[1.069s] -- Up-to-date: /home/deivideich/Holonomic_Base_Simulation/ros_2_ws/install/dwb_msgs/share/dwb_msgs/cmake/dwb_msgs__rosidl_typesupport_cExport.cmake
[1.069s] -- Up-to-date: /home/deivideich/Holonomic_Base_Simulation/ros_2_ws/install/dwb_msgs/share/dwb_msgs/cmake/dwb_msgs__rosidl_typesupport_cExport-noconfig.cmake
[1.069s] -- Up-to-date: /home/deivideich/Holonomic_Base_Simulation/ros_2_ws/install/dwb_msgs/share/dwb_msgs/cmake/dwb_msgs__rosidl_generator_cppExport.cmake
[1.069s] -- Up-to-date: /home/deivideich/Holonomic_Base_Simulation/ros_2_ws/install/dwb_msgs/share/dwb_msgs/cmake/dwb_msgs__rosidl_typesupport_introspection_cppExport.cmake
[1.069s] -- Up-to-date: /home/deivideich/Holonomic_Base_Simulation/ros_2_ws/install/dwb_msgs/share/dwb_msgs/cmake/dwb_msgs__rosidl_typesupport_introspection_cppExport-noconfig.cmake
[1.070s] -- Up-to-date: /home/deivideich/Holonomic_Base_Simulation/ros_2_ws/install/dwb_msgs/share/dwb_msgs/cmake/dwb_msgs__rosidl_typesupport_cppExport.cmake
[1.070s] -- Up-to-date: /home/deivideich/Holonomic_Base_Simulation/ros_2_ws/install/dwb_msgs/share/dwb_msgs/cmake/dwb_msgs__rosidl_typesupport_cppExport-noconfig.cmake
[1.070s] -- Up-to-date: /home/deivideich/Holonomic_Base_Simulation/ros_2_ws/install/dwb_msgs/share/dwb_msgs/cmake/rosidl_cmake-extras.cmake
[1.070s] -- Up-to-date: /home/deivideich/Holonomic_Base_Simulation/ros_2_ws/install/dwb_msgs/share/dwb_msgs/cmake/ament_cmake_export_dependencies-extras.cmake
[1.070s] -- Up-to-date: /home/deivideich/Holonomic_Base_Simulation/ros_2_ws/install/dwb_msgs/share/dwb_msgs/cmake/ament_cmake_export_libraries-extras.cmake
[1.070s] -- Up-to-date: /home/deivideich/Holonomic_Base_Simulation/ros_2_ws/install/dwb_msgs/share/dwb_msgs/cmake/ament_cmake_export_targets-extras.cmake
[1.070s] -- Up-to-date: /home/deivideich/Holonomic_Base_Simulation/ros_2_ws/install/dwb_msgs/share/dwb_msgs/cmake/ament_cmake_export_include_directories-extras.cmake
[1.070s] -- Up-to-date: /home/deivideich/Holonomic_Base_Simulation/ros_2_ws/install/dwb_msgs/share/dwb_msgs/cmake/rosidl_cmake_export_typesupport_libraries-extras.cmake
[1.070s] -- Up-to-date: /home/deivideich/Holonomic_Base_Simulation/ros_2_ws/install/dwb_msgs/share/dwb_msgs/cmake/rosidl_cmake_export_typesupport_targets-extras.cmake
[1.070s] -- Up-to-date: /home/deivideich/Holonomic_Base_Simulation/ros_2_ws/install/dwb_msgs/share/dwb_msgs/cmake/dwb_msgsConfig.cmake
[1.071s] -- Up-to-date: /home/deivideich/Holonomic_Base_Simulation/ros_2_ws/install/dwb_msgs/share/dwb_msgs/cmake/dwb_msgsConfig-version.cmake
[1.071s] -- Up-to-date: /home/deivideich/Holonomic_Base_Simulation/ros_2_ws/install/dwb_msgs/share/dwb_msgs/package.xml
[1.074s] Invoked command in '/home/deivideich/Holonomic_Base_Simulation/ros_2_ws/build/dwb_msgs' returned '0': CMAKE_PREFIX_PATH=/home/deivideich/Holonomic_Base_Simulation/ros_2_ws/install/nav_2d_msgs:/home/deivideich/Holonomic_Base_Simulation/ros_2_ws/install/nav2_system_tests:/home/deivideich/Holonomic_Base_Simulation/ros_2_ws/install/nav2_bringup:/home/deivideich/Holonomic_Base_Simulation/ros_2_ws/install/navigation2:/home/deivideich/Holonomic_Base_Simulation/ros_2_ws/install/smac_planner:/home/deivideich/Holonomic_Base_Simulation/ros_2_ws/install/nav2_dwb_controller:/home/deivideich/Holonomic_Base_Simulation/ros_2_ws/install/nav2_controller:/home/deivideich/Holonomic_Base_Simulation/ros_2_ws/install/dwb_plugins:/home/deivideich/Holonomic_Base_Simulation/ros_2_ws/install/dwb_critics:/home/deivideich/Holonomic_Base_Simulation/ros_2_ws/install/dwb_core:/home/deivideich/Holonomic_Base_Simulation/ros_2_ws/install/nav_2d_utils:/home/deivideich/Holonomic_Base_Simulation/ros_2_ws/install/dwb_msgs:/home/deivideich/Holonomic_Base_Simulation/ros_2_ws/install/nav2_waypoint_follower:/home/deivideich/Holonomic_Base_Simulation/ros_2_ws/install/nav2_regulated_pure_pursuit_controller:/home/deivideich/Holonomic_Base_Simulation/ros_2_ws/install/nav2_recoveries:/home/deivideich/Holonomic_Base_Simulation/ros_2_ws/install/nav2_planner:/home/deivideich/Holonomic_Base_Simulation/ros_2_ws/install/nav2_navfn_planner:/home/deivideich/Holonomic_Base_Simulation/ros_2_ws/install/nav2_core:/home/deivideich/Holonomic_Base_Simulation/ros_2_ws/install/costmap_queue:/home/deivideich/Holonomic_Base_Simulation/ros_2_ws/install/nav2_costmap_2d:/home/deivideich/Holonomic_Base_Simulation/ros_2_ws/install/nav2_voxel_grid:/home/deivideich/Holonomic_Base_Simulation/ros_2_ws/install/nav2_rviz_plugins:/home/deivideich/Holonomic_Base_Simulation/ros_2_ws/install/nav2_map_server:/home/deivideich/Holonomic_Base_Simulation/ros_2_ws/install/nav2_lifecycle_manager:/home/deivideich/Holonomic_Base_Simulation/ros_2_ws/install/nav2_bt_navigator:/home/deivideich/Holonomic_Base_Simulation/ros_2_ws/install/nav2_behavior_tree:/home/deivideich/Holonomic_Base_Simulation/ros_2_ws/install/nav2_amcl:/home/deivideich/Holonomic_Base_Simulation/ros_2_ws/install/nav2_util:/home/deivideich/Holonomic_Base_Simulation/ros_2_ws/install/nav2_msgs:/home/deivideich/Holonomic_Base_Simulation/ros_2_ws/install/nav2_common:/home/deivideich/axebot_example/install/omnidirectional_controllers:/home/deivideich/axebot_example/install/axebot_gazebo:/home/deivideich/axebot_example/install/axebot_description:/home/deivideich/axebot_example/install/axebot_control:/home/deivideich/axebot_example/src/install/omnidirectional_controllers:/home/deivideich/axebot_example/src/install/axebot_gazebo:/home/deivideich/axebot_example/src/install/axebot_description:/home/deivideich/axebot_example/src/install/axebot_control:/home/deivideich/Holonomic_Base_Simulation/ros_2_ws/src/octobot_2/install/octobot_2:/home/deivideich/Holonomic_Base_Simulation/ros_2_ws/install/octobot_2:/home/deivideich/Holonomic_Base_Simulation/ros_2_ws/install/nav2_gazebo_spawner:/opt/ros/foxy:/opt/ros/noetic LD_LIBRARY_PATH=/home/deivideich/Holonomic_Base_Simulation/ros_2_ws/install/nav_2d_msgs/lib:/home/deivideich/Holonomic_Base_Simulation/ros_2_ws/install/smac_planner/lib:/home/deivideich/Holonomic_Base_Simulation/ros_2_ws/install/nav2_controller/lib:/home/deivideich/Holonomic_Base_Simulation/ros_2_ws/install/dwb_plugins/lib:/home/deivideich/Holonomic_Base_Simulation/ros_2_ws/install/dwb_critics/lib:/home/deivideich/Holonomic_Base_Simulation/ros_2_ws/install/dwb_core/lib:/home/deivideich/Holonomic_Base_Simulation/ros_2_ws/install/nav_2d_utils/lib:/home/deivideich/Holonomic_Base_Simulation/ros_2_ws/install/dwb_msgs/lib:/home/deivideich/Holonomic_Base_Simulation/ros_2_ws/install/nav2_waypoint_follower/lib:/home/deivideich/Holonomic_Base_Simulation/ros_2_ws/install/nav2_regulated_pure_pursuit_controller/lib:/home/deivideich/Holonomic_Base_Simulation/ros_2_ws/install/nav2_recoveries/lib:/home/deivideich/Holonomic_Base_Simulation/ros_2_ws/install/nav2_planner/lib:/home/deivideich/Holonomic_Base_Simulation/ros_2_ws/install/nav2_navfn_planner/lib:/home/deivideich/Holonomic_Base_Simulation/ros_2_ws/install/costmap_queue/lib:/home/deivideich/Holonomic_Base_Simulation/ros_2_ws/install/nav2_costmap_2d/lib:/home/deivideich/Holonomic_Base_Simulation/ros_2_ws/install/nav2_voxel_grid/lib:/home/deivideich/Holonomic_Base_Simulation/ros_2_ws/install/nav2_rviz_plugins/lib:/home/deivideich/Holonomic_Base_Simulation/ros_2_ws/install/nav2_map_server/lib:/home/deivideich/Holonomic_Base_Simulation/ros_2_ws/install/nav2_lifecycle_manager/lib:/home/deivideich/Holonomic_Base_Simulation/ros_2_ws/install/nav2_bt_navigator/lib:/home/deivideich/Holonomic_Base_Simulation/ros_2_ws/install/nav2_behavior_tree/lib:/home/deivideich/Holonomic_Base_Simulation/ros_2_ws/install/nav2_amcl/lib:/home/deivideich/Holonomic_Base_Simulation/ros_2_ws/install/nav2_util/lib:/home/deivideich/Holonomic_Base_Simulation/ros_2_ws/install/nav2_msgs/lib:/home/deivideich/axebot_example/install/omnidirectional_controllers/lib:/home/deivideich/axebot_example/src/install/omnidirectional_controllers/lib:/usr/lib/x86_64-linux-gnu/gazebo-11/plugins:/opt/ros/foxy/opt/yaml_cpp_vendor/lib:/opt/ros/foxy/opt/rviz_ogre_vendor/lib:/opt/ros/foxy/lib/x86_64-linux-gnu:/opt/ros/foxy/lib:/opt/ros/noetic/lib:/opt/ros/noetic/lib/x86_64-linux-gnu PYTHONPATH=/home/deivideich/Holonomic_Base_Simulation/ros_2_ws/install/nav_2d_msgs/lib/python3.8/site-packages:/home/deivideich/Holonomic_Base_Simulation/ros_2_ws/src/octobot_2/install/octobot_2/lib/python3.8/site-packages:/home/deivideich/Holonomic_Base_Simulation/ros_2_ws/install/octobot_2/lib/python3.8/site-packages:/home/deivideich/Holonomic_Base_Simulation/ros_2_ws/install/dwb_msgs/lib/python3.8/site-packages:/home/deivideich/Holonomic_Base_Simulation/ros_2_ws/install/nav2_msgs/lib/python3.8/site-packages:/home/deivideich/Holonomic_Base_Simulation/ros_2_ws/install/nav2_gazebo_spawner/lib/python3.8/site-packages:/home/deivideich/Holonomic_Base_Simulation/ros_2_ws/install/nav2_common/lib/python3.8/site-packages:/opt/ros/foxy/lib/python3.8/site-packages:/opt/ros/noetic/lib/python3/dist-packages /usr/bin/cmake --install /home/deivideich/Holonomic_Base_Simulation/ros_2_ws/build/dwb_msgs
