[0.730s] Invoking command in '/home/deivideich/ros_2_ws/src/octobot_2': PYTHONPATH=/home/deivideich/ros_2_ws/build/octobot_2/prefix_override:/home/deivideich/ros_2_ws/install/octobot_2/lib/python3.8/site-packages:${PYTHONPATH} /usr/bin/python3 setup.py egg_info --egg-base ../../build/octobot_2 build --build-base /home/deivideich/ros_2_ws/build/octobot_2/build install --record /home/deivideich/ros_2_ws/build/octobot_2/install.log --install-scripts $base/lib/octobot_2 --single-version-externally-managed
[0.882s] running egg_info
[0.882s] writing ../../build/octobot_2/octobot_2.egg-info/PKG-INFO
[0.882s] writing dependency_links to ../../build/octobot_2/octobot_2.egg-info/dependency_links.txt
[0.883s] writing entry points to ../../build/octobot_2/octobot_2.egg-info/entry_points.txt
[0.883s] writing requirements to ../../build/octobot_2/octobot_2.egg-info/requires.txt
[0.883s] writing top-level names to ../../build/octobot_2/octobot_2.egg-info/top_level.txt
[0.908s] reading manifest file '../../build/octobot_2/octobot_2.egg-info/SOURCES.txt'
[0.908s] writing manifest file '../../build/octobot_2/octobot_2.egg-info/SOURCES.txt'
[0.908s] running build
[0.909s] running build_py
[0.909s] running install
[0.909s] running install_lib
[0.910s] running install_data
[0.910s] copying launch/gazebo.launch.py -> /home/deivideich/ros_2_ws/install/octobot_2/share/octobot_2/launch
[0.910s] running install_egg_info
[0.911s] removing '/home/deivideich/ros_2_ws/install/octobot_2/lib/python3.8/site-packages/octobot_2-0.0.0-py3.8.egg-info' (and everything under it)
[0.912s] Copying ../../build/octobot_2/octobot_2.egg-info to /home/deivideich/ros_2_ws/install/octobot_2/lib/python3.8/site-packages/octobot_2-0.0.0-py3.8.egg-info
[0.912s] running install_scripts
[0.923s] writing list of installed files to '/home/deivideich/ros_2_ws/build/octobot_2/install.log'
[0.940s] Invoked command in '/home/deivideich/ros_2_ws/src/octobot_2' returned '0': PYTHONPATH=/home/deivideich/ros_2_ws/build/octobot_2/prefix_override:/home/deivideich/ros_2_ws/install/octobot_2/lib/python3.8/site-packages:${PYTHONPATH} /usr/bin/python3 setup.py egg_info --egg-base ../../build/octobot_2 build --build-base /home/deivideich/ros_2_ws/build/octobot_2/build install --record /home/deivideich/ros_2_ws/build/octobot_2/install.log --install-scripts $base/lib/octobot_2 --single-version-externally-managed
