[0.448s] Invoking command in '/home/deivideich/Holonomic_Base_Simulation/build/NuevaBaseMetal2': /usr/bin/cmake /home/deivideich/Holonomic_Base_Simulation/ros_1_ws/src/nuevaBaseMetal2 -DCATKIN_INSTALL_INTO_PREFIX_ROOT=0 -DCMAKE_INSTALL_PREFIX=/home/deivideich/Holonomic_Base_Simulation/install/NuevaBaseMetal2
[0.457s] CMake Warning (dev) at CMakeLists.txt:3 (project):
[0.457s]   Policy CMP0048 is not set: project() command manages VERSION variables.
[0.458s]   Run "cmake --help-policy CMP0048" for policy details.  Use the cmake_policy
[0.458s]   command to set the policy and suppress this warning.
[0.458s] 
[0.458s]   The following variable(s) would be set to empty:
[0.458s] 
[0.458s]     CMAKE_PROJECT_VERSION
[0.458s]     CMAKE_PROJECT_VERSION_MAJOR
[0.458s]     CMAKE_PROJECT_VERSION_MINOR
[0.458s]     CMAKE_PROJECT_VERSION_PATCH
[0.458s] This warning is for project developers.  Use -Wno-dev to suppress it.
[0.458s] 
[0.469s] -- Using CATKIN_DEVEL_PREFIX: /home/deivideich/Holonomic_Base_Simulation/build/NuevaBaseMetal2/devel
[0.469s] -- Using CMAKE_PREFIX_PATH: /opt/ros/noetic
[0.469s] -- This workspace overlays: /opt/ros/noetic
[0.495s] -- Found PythonInterp: /usr/bin/python3 (found suitable version "3.8.10", minimum required is "3") 
[0.495s] -- Using PYTHON_EXECUTABLE: /usr/bin/python3
[0.495s] -- Using Debian Python package layout
[0.495s] -- Using empy: /usr/lib/python3/dist-packages/em.py
[0.600s] -- Using CATKIN_ENABLE_TESTING: ON
[0.600s] -- Call enable_testing()
[0.601s] -- Using CATKIN_TEST_RESULTS_DIR: /home/deivideich/Holonomic_Base_Simulation/build/NuevaBaseMetal2/test_results
[0.647s] -- Forcing gtest/gmock from source, though one was otherwise available.
[0.647s] -- Found gtest sources under '/usr/src/googletest': gtests will be built
[0.647s] -- Found gmock sources under '/usr/src/googletest': gmock will be built
[0.677s] -- Found PythonInterp: /usr/bin/python3 (found version "3.8.10") 
[0.682s] -- Using Python nosetests: /usr/bin/nosetests3
[0.732s] -- catkin 0.8.10
[0.733s] -- BUILD_SHARED_LIBS is on
[0.985s] Traceback (most recent call last):
[0.985s]   File "/home/deivideich/Holonomic_Base_Simulation/build/NuevaBaseMetal2/catkin_generated/generate_cached_setup.py", line 22, in <module>
[0.985s]     code = generate_environment_script('/home/deivideich/Holonomic_Base_Simulation/build/NuevaBaseMetal2/devel/env.sh')
[0.986s]   File "/opt/ros/noetic/lib/python3/dist-packages/catkin/environment_cache.py", line 63, in generate_environment_script
[0.986s]     env_after = ast.literal_eval(output.decode('utf8'))
[0.986s]   File "/usr/lib/python3.8/ast.py", line 59, in literal_eval
[0.986s]     node_or_string = parse(node_or_string, mode='eval')
[0.986s]   File "/usr/lib/python3.8/ast.py", line 47, in parse
[0.986s]     return compile(source, filename, mode, flags,
[0.986s]   File "<unknown>", line 1
[0.986s]     ROS_DISTRO was set to 'foxy' before. Please make sure that the environment does not mix paths from different distributions.
[0.986s]                ^
[0.986s] SyntaxError: invalid syntax
[1.013s] CMake Error at /opt/ros/noetic/share/catkin/cmake/safe_execute_process.cmake:11 (message):
[1.013s]   execute_process(/usr/bin/python3
[1.013s]   "/home/deivideich/Holonomic_Base_Simulation/build/NuevaBaseMetal2/catkin_generated/generate_cached_setup.py")
[1.013s]   returned error code 1
[1.013s] Call Stack (most recent call first):
[1.013s]   /opt/ros/noetic/share/catkin/cmake/all.cmake:208 (safe_execute_process)
[1.013s]   /opt/ros/noetic/share/catkin/cmake/catkinConfig.cmake:20 (include)
[1.013s]   CMakeLists.txt:5 (find_package)
[1.013s] 
[1.013s] 
[1.014s] -- Configuring incomplete, errors occurred!
[1.014s] See also "/home/deivideich/Holonomic_Base_Simulation/build/NuevaBaseMetal2/CMakeFiles/CMakeOutput.log".
[1.014s] See also "/home/deivideich/Holonomic_Base_Simulation/build/NuevaBaseMetal2/CMakeFiles/CMakeError.log".
[1.018s] Invoked command in '/home/deivideich/Holonomic_Base_Simulation/build/NuevaBaseMetal2' returned '1': /usr/bin/cmake /home/deivideich/Holonomic_Base_Simulation/ros_1_ws/src/nuevaBaseMetal2 -DCATKIN_INSTALL_INTO_PREFIX_ROOT=0 -DCMAKE_INSTALL_PREFIX=/home/deivideich/Holonomic_Base_Simulation/install/NuevaBaseMetal2
