running develop
Removing /home/deivideich/ros_2_ws/install/octobot_2/lib/python3.8/site-packages/octobot-2.egg-link (link to .)
running egg_info
writing ../../build/octobot_2/octobot_2.egg-info/PKG-INFO
writing dependency_links to ../../build/octobot_2/octobot_2.egg-info/dependency_links.txt
writing entry points to ../../build/octobot_2/octobot_2.egg-info/entry_points.txt
writing requirements to ../../build/octobot_2/octobot_2.egg-info/requires.txt
writing top-level names to ../../build/octobot_2/octobot_2.egg-info/top_level.txt
reading manifest file '../../build/octobot_2/octobot_2.egg-info/SOURCES.txt'
writing manifest file '../../build/octobot_2/octobot_2.egg-info/SOURCES.txt'
running build
running build_py
running install
running install_lib
creating /home/deivideich/ros_2_ws/install/octobot_2/lib/python3.8/site-packages/octobot_2
copying /home/deivideich/ros_2_ws/build/octobot_2/build/lib/octobot_2/__init__.py -> /home/deivideich/ros_2_ws/install/octobot_2/lib/python3.8/site-packages/octobot_2
byte-compiling /home/deivideich/ros_2_ws/install/octobot_2/lib/python3.8/site-packages/octobot_2/__init__.py to __init__.cpython-38.pyc
running install_data
copying launch/rsp.launch.py -> /home/deivideich/ros_2_ws/install/octobot_2/share/octobot_2/launch
running install_egg_info
Copying ../../build/octobot_2/octobot_2.egg-info to /home/deivideich/ros_2_ws/install/octobot_2/lib/python3.8/site-packages/octobot_2-0.0.0-py3.8.egg-info
running install_scripts
writing list of installed files to '/home/deivideich/ros_2_ws/build/octobot_2/install.log'
