[0.915s] Invoking command in '/home/deivideich/ros_2_ws/build/octobot_2': PYTHONPATH=/home/deivideich/ros_2_ws/build/octobot_2/prefix_override:/home/deivideich/ros_2_ws/install/octobot_2/lib/python3.8/site-packages:${PYTHONPATH} /usr/bin/python3 setup.py develop --uninstall --editable --build-directory /home/deivideich/ros_2_ws/build/octobot_2/build
[1.091s] running develop
[1.223s] Removing /home/deivideich/ros_2_ws/install/octobot_2/lib/python3.8/site-packages/octobot-2.egg-link (link to .)
[1.244s] Invoked command in '/home/deivideich/ros_2_ws/build/octobot_2' returned '0': PYTHONPATH=/home/deivideich/ros_2_ws/build/octobot_2/prefix_override:/home/deivideich/ros_2_ws/install/octobot_2/lib/python3.8/site-packages:${PYTHONPATH} /usr/bin/python3 setup.py develop --uninstall --editable --build-directory /home/deivideich/ros_2_ws/build/octobot_2/build
[1.248s] Invoking command in '/home/deivideich/ros_2_ws/src/octobot_2': PYTHONPATH=/home/deivideich/ros_2_ws/build/octobot_2/prefix_override:/home/deivideich/ros_2_ws/install/octobot_2/lib/python3.8/site-packages:${PYTHONPATH} /usr/bin/python3 setup.py egg_info --egg-base ../../build/octobot_2 build --build-base /home/deivideich/ros_2_ws/build/octobot_2/build install --record /home/deivideich/ros_2_ws/build/octobot_2/install.log --install-scripts $base/lib/octobot_2 --single-version-externally-managed
[1.428s] running egg_info
[1.429s] writing ../../build/octobot_2/octobot_2.egg-info/PKG-INFO
[1.429s] writing dependency_links to ../../build/octobot_2/octobot_2.egg-info/dependency_links.txt
[1.429s] writing entry points to ../../build/octobot_2/octobot_2.egg-info/entry_points.txt
[1.429s] writing requirements to ../../build/octobot_2/octobot_2.egg-info/requires.txt
[1.429s] writing top-level names to ../../build/octobot_2/octobot_2.egg-info/top_level.txt
[1.452s] reading manifest file '../../build/octobot_2/octobot_2.egg-info/SOURCES.txt'
[1.453s] writing manifest file '../../build/octobot_2/octobot_2.egg-info/SOURCES.txt'
[1.453s] running build
[1.453s] running build_py
[1.453s] running install
[1.453s] running install_lib
[1.454s] creating /home/deivideich/ros_2_ws/install/octobot_2/lib/python3.8/site-packages/octobot_2
[1.454s] copying /home/deivideich/ros_2_ws/build/octobot_2/build/lib/octobot_2/__init__.py -> /home/deivideich/ros_2_ws/install/octobot_2/lib/python3.8/site-packages/octobot_2
[1.454s] byte-compiling /home/deivideich/ros_2_ws/install/octobot_2/lib/python3.8/site-packages/octobot_2/__init__.py to __init__.cpython-38.pyc
[1.455s] running install_data
[1.456s] copying launch/rsp.launch.py -> /home/deivideich/ros_2_ws/install/octobot_2/share/octobot_2/launch
[1.456s] running install_egg_info
[1.457s] Copying ../../build/octobot_2/octobot_2.egg-info to /home/deivideich/ros_2_ws/install/octobot_2/lib/python3.8/site-packages/octobot_2-0.0.0-py3.8.egg-info
[1.457s] running install_scripts
[1.472s] writing list of installed files to '/home/deivideich/ros_2_ws/build/octobot_2/install.log'
[1.490s] Invoked command in '/home/deivideich/ros_2_ws/src/octobot_2' returned '0': PYTHONPATH=/home/deivideich/ros_2_ws/build/octobot_2/prefix_override:/home/deivideich/ros_2_ws/install/octobot_2/lib/python3.8/site-packages:${PYTHONPATH} /usr/bin/python3 setup.py egg_info --egg-base ../../build/octobot_2 build --build-base /home/deivideich/ros_2_ws/build/octobot_2/build install --record /home/deivideich/ros_2_ws/build/octobot_2/install.log --install-scripts $base/lib/octobot_2 --single-version-externally-managed
