[1.100s] Invoking command in '/home/deivideich/Holonomic_Base_Simulation/ros_2_ws/src/octobot_2': PYTHONPATH=/home/deivideich/Holonomic_Base_Simulation/ros_2_ws/src/octobot_2/build/octobot_2/prefix_override:/home/deivideich/Holonomic_Base_Simulation/ros_2_ws/src/octobot_2/install/octobot_2/lib/python3.8/site-packages:${PYTHONPATH} /usr/bin/python3 setup.py egg_info --egg-base build/octobot_2 build --build-base /home/deivideich/Holonomic_Base_Simulation/ros_2_ws/src/octobot_2/build/octobot_2/build install --record /home/deivideich/Holonomic_Base_Simulation/ros_2_ws/src/octobot_2/build/octobot_2/install.log --install-scripts $base/lib/octobot_2 --single-version-externally-managed
[1.272s] running egg_info
[1.273s] writing build/octobot_2/octobot_2.egg-info/PKG-INFO
[1.273s] writing dependency_links to build/octobot_2/octobot_2.egg-info/dependency_links.txt
[1.273s] writing entry points to build/octobot_2/octobot_2.egg-info/entry_points.txt
[1.273s] writing requirements to build/octobot_2/octobot_2.egg-info/requires.txt
[1.273s] writing top-level names to build/octobot_2/octobot_2.egg-info/top_level.txt
[1.298s] reading manifest file 'build/octobot_2/octobot_2.egg-info/SOURCES.txt'
[1.299s] writing manifest file 'build/octobot_2/octobot_2.egg-info/SOURCES.txt'
[1.299s] running build
[1.299s] running build_py
[1.300s] running install
[1.301s] running install_lib
[1.302s] running install_data
[1.302s] copying resource/octobot_2 -> /home/deivideich/Holonomic_Base_Simulation/ros_2_ws/src/octobot_2/install/octobot_2/share/ament_index/resource_index/packages
[1.303s] copying package.xml -> /home/deivideich/Holonomic_Base_Simulation/ros_2_ws/src/octobot_2/install/octobot_2/share/octobot_2
[1.303s] creating /home/deivideich/Holonomic_Base_Simulation/ros_2_ws/src/octobot_2/install/octobot_2/share/octobot_2/urdf
[1.303s] copying urdf/NuevaBaseMetal3.urdf -> /home/deivideich/Holonomic_Base_Simulation/ros_2_ws/src/octobot_2/install/octobot_2/share/octobot_2/urdf
[1.303s] copying urdf/NuevaBaseMetal4.urdf -> /home/deivideich/Holonomic_Base_Simulation/ros_2_ws/src/octobot_2/install/octobot_2/share/octobot_2/urdf
[1.303s] copying urdf/NuevaBaseMetal2.urdf -> /home/deivideich/Holonomic_Base_Simulation/ros_2_ws/src/octobot_2/install/octobot_2/share/octobot_2/urdf
[1.303s] creating /home/deivideich/Holonomic_Base_Simulation/ros_2_ws/src/octobot_2/install/octobot_2/share/octobot_2/launch
[1.303s] copying launch/gazebo_test.launch.py -> /home/deivideich/Holonomic_Base_Simulation/ros_2_ws/src/octobot_2/install/octobot_2/share/octobot_2/launch
[1.303s] copying launch/gazebo.launch.py -> /home/deivideich/Holonomic_Base_Simulation/ros_2_ws/src/octobot_2/install/octobot_2/share/octobot_2/launch
[1.303s] copying launch/gazebo_2.launch.py -> /home/deivideich/Holonomic_Base_Simulation/ros_2_ws/src/octobot_2/install/octobot_2/share/octobot_2/launch
[1.303s] copying launch/rsp.launch.py -> /home/deivideich/Holonomic_Base_Simulation/ros_2_ws/src/octobot_2/install/octobot_2/share/octobot_2/launch
[1.303s] copying launch/display.launch copy.py -> /home/deivideich/Holonomic_Base_Simulation/ros_2_ws/src/octobot_2/install/octobot_2/share/octobot_2/launch
[1.303s] creating /home/deivideich/Holonomic_Base_Simulation/ros_2_ws/src/octobot_2/install/octobot_2/share/octobot_2/meshes
[1.303s] copying meshes/cam_link.STL -> /home/deivideich/Holonomic_Base_Simulation/ros_2_ws/src/octobot_2/install/octobot_2/share/octobot_2/meshes
[1.303s] copying meshes/base_link.STL -> /home/deivideich/Holonomic_Base_Simulation/ros_2_ws/src/octobot_2/install/octobot_2/share/octobot_2/meshes
[1.304s] copying meshes/BL_Link.STL -> /home/deivideich/Holonomic_Base_Simulation/ros_2_ws/src/octobot_2/install/octobot_2/share/octobot_2/meshes
[1.308s] copying meshes/Camera_Link.STL -> /home/deivideich/Holonomic_Base_Simulation/ros_2_ws/src/octobot_2/install/octobot_2/share/octobot_2/meshes
[1.308s] copying meshes/lidar_link.STL -> /home/deivideich/Holonomic_Base_Simulation/ros_2_ws/src/octobot_2/install/octobot_2/share/octobot_2/meshes
[1.308s] copying meshes/br_link.STL -> /home/deivideich/Holonomic_Base_Simulation/ros_2_ws/src/octobot_2/install/octobot_2/share/octobot_2/meshes
[1.312s] copying meshes/fl_link.STL -> /home/deivideich/Holonomic_Base_Simulation/ros_2_ws/src/octobot_2/install/octobot_2/share/octobot_2/meshes
[1.316s] copying meshes/Lidar_Link.STL -> /home/deivideich/Holonomic_Base_Simulation/ros_2_ws/src/octobot_2/install/octobot_2/share/octobot_2/meshes
[1.316s] copying meshes/FR_Link.STL -> /home/deivideich/Holonomic_Base_Simulation/ros_2_ws/src/octobot_2/install/octobot_2/share/octobot_2/meshes
[1.319s] copying meshes/BR_Link.STL -> /home/deivideich/Holonomic_Base_Simulation/ros_2_ws/src/octobot_2/install/octobot_2/share/octobot_2/meshes
[1.323s] copying meshes/FL_Link.STL -> /home/deivideich/Holonomic_Base_Simulation/ros_2_ws/src/octobot_2/install/octobot_2/share/octobot_2/meshes
[1.326s] copying meshes/fr_link.STL -> /home/deivideich/Holonomic_Base_Simulation/ros_2_ws/src/octobot_2/install/octobot_2/share/octobot_2/meshes
[1.330s] copying meshes/Base_link.STL -> /home/deivideich/Holonomic_Base_Simulation/ros_2_ws/src/octobot_2/install/octobot_2/share/octobot_2/meshes
[1.331s] copying meshes/bl_link.STL -> /home/deivideich/Holonomic_Base_Simulation/ros_2_ws/src/octobot_2/install/octobot_2/share/octobot_2/meshes
[1.335s] creating /home/deivideich/Holonomic_Base_Simulation/ros_2_ws/src/octobot_2/install/octobot_2/share/octobot_2/worlds
[1.335s] running install_egg_info
[1.337s] Copying build/octobot_2/octobot_2.egg-info to /home/deivideich/Holonomic_Base_Simulation/ros_2_ws/src/octobot_2/install/octobot_2/lib/python3.8/site-packages/octobot_2-0.0.0-py3.8.egg-info
[1.337s] running install_scripts
[1.349s] writing list of installed files to '/home/deivideich/Holonomic_Base_Simulation/ros_2_ws/src/octobot_2/build/octobot_2/install.log'
[1.362s] Invoked command in '/home/deivideich/Holonomic_Base_Simulation/ros_2_ws/src/octobot_2' returned '0': PYTHONPATH=/home/deivideich/Holonomic_Base_Simulation/ros_2_ws/src/octobot_2/build/octobot_2/prefix_override:/home/deivideich/Holonomic_Base_Simulation/ros_2_ws/src/octobot_2/install/octobot_2/lib/python3.8/site-packages:${PYTHONPATH} /usr/bin/python3 setup.py egg_info --egg-base build/octobot_2 build --build-base /home/deivideich/Holonomic_Base_Simulation/ros_2_ws/src/octobot_2/build/octobot_2/build install --record /home/deivideich/Holonomic_Base_Simulation/ros_2_ws/src/octobot_2/build/octobot_2/install.log --install-scripts $base/lib/octobot_2 --single-version-externally-managed
