[0.908s] Invoking command in '/home/deivideich/ros_2_ws/src/octobot_2': PYTHONPATH=/home/deivideich/ros_2_ws/build/octobot_2/prefix_override:/home/deivideich/ros_2_ws/install/octobot_2/lib/python3.8/site-packages:${PYTHONPATH} /usr/bin/python3 setup.py egg_info --egg-base ../../build/octobot_2 build --build-base /home/deivideich/ros_2_ws/build/octobot_2/build install --record /home/deivideich/ros_2_ws/build/octobot_2/install.log --install-scripts $base/lib/octobot_2 --single-version-externally-managed
[1.077s] running egg_info
[1.078s] writing ../../build/octobot_2/octobot_2.egg-info/PKG-INFO
[1.078s] writing dependency_links to ../../build/octobot_2/octobot_2.egg-info/dependency_links.txt
[1.078s] writing entry points to ../../build/octobot_2/octobot_2.egg-info/entry_points.txt
[1.078s] writing requirements to ../../build/octobot_2/octobot_2.egg-info/requires.txt
[1.078s] writing top-level names to ../../build/octobot_2/octobot_2.egg-info/top_level.txt
[1.103s] reading manifest file '../../build/octobot_2/octobot_2.egg-info/SOURCES.txt'
[1.103s] writing manifest file '../../build/octobot_2/octobot_2.egg-info/SOURCES.txt'
[1.103s] running build
[1.103s] running build_py
[1.104s] running install
[1.104s] running install_lib
[1.105s] running install_data
[1.106s] running install_egg_info
[1.107s] removing '/home/deivideich/ros_2_ws/install/octobot_2/lib/python3.8/site-packages/octobot_2-0.0.0-py3.8.egg-info' (and everything under it)
[1.107s] Copying ../../build/octobot_2/octobot_2.egg-info to /home/deivideich/ros_2_ws/install/octobot_2/lib/python3.8/site-packages/octobot_2-0.0.0-py3.8.egg-info
[1.107s] running install_scripts
[1.120s] writing list of installed files to '/home/deivideich/ros_2_ws/build/octobot_2/install.log'
[1.139s] Invoked command in '/home/deivideich/ros_2_ws/src/octobot_2' returned '0': PYTHONPATH=/home/deivideich/ros_2_ws/build/octobot_2/prefix_override:/home/deivideich/ros_2_ws/install/octobot_2/lib/python3.8/site-packages:${PYTHONPATH} /usr/bin/python3 setup.py egg_info --egg-base ../../build/octobot_2 build --build-base /home/deivideich/ros_2_ws/build/octobot_2/build install --record /home/deivideich/ros_2_ws/build/octobot_2/install.log --install-scripts $base/lib/octobot_2 --single-version-externally-managed
