[0.677s] Invoking command in '/home/deivideich/Holonomic_Base_Simulation/build/NuevaBaseMetal2': /usr/bin/cmake /home/deivideich/Holonomic_Base_Simulation/ros_1_ws/src/nuevaBaseMetal2 -DCATKIN_INSTALL_INTO_PREFIX_ROOT=0 -DCMAKE_INSTALL_PREFIX=/home/deivideich/Holonomic_Base_Simulation/install/NuevaBaseMetal2
[0.762s] -- The C compiler identification is GNU 9.4.0
[0.823s] -- The CXX compiler identification is GNU 9.4.0
[0.829s] -- Check for working C compiler: /usr/bin/cc
[0.887s] -- Check for working C compiler: /usr/bin/cc -- works
[0.888s] -- Detecting C compiler ABI info
[0.946s] -- Detecting C compiler ABI info - done
[0.957s] -- Detecting C compile features
[0.958s] -- Detecting C compile features - done
[0.961s] -- Check for working CXX compiler: /usr/bin/c++
[1.023s] -- Check for working CXX compiler: /usr/bin/c++ -- works
[1.024s] -- Detecting CXX compiler ABI info
[1.088s] -- Detecting CXX compiler ABI info - done
[1.100s] -- Detecting CXX compile features
[1.100s] -- Detecting CXX compile features - done
[1.102s] -- Using CATKIN_DEVEL_PREFIX: /home/deivideich/Holonomic_Base_Simulation/build/NuevaBaseMetal2/devel
[1.103s] -- Using CMAKE_PREFIX_PATH: /home/deivideich/articubot_example/install/articubot_one;/home/deivideich/Holonomic_Base_Simulation/ros_1_ws/devel;/home/deivideich/ros_1_ws/devel;/opt/ros/noetic
[1.104s] -- This workspace overlays: /home/deivideich/Holonomic_Base_Simulation/ros_1_ws/devel;/home/deivideich/ros_1_ws/devel;/opt/ros/noetic
[1.125s] -- Found PythonInterp: /usr/bin/python3 (found suitable version "3.8.10", minimum required is "3") 
[1.125s] -- Using PYTHON_EXECUTABLE: /usr/bin/python3
[1.125s] -- Using Debian Python package layout
[1.150s] -- Found PY_em: /usr/lib/python3/dist-packages/em.py  
[1.150s] -- Using empy: /usr/lib/python3/dist-packages/em.py
[1.237s] -- Using CATKIN_ENABLE_TESTING: ON
[1.237s] -- Call enable_testing()
[1.239s] -- Using CATKIN_TEST_RESULTS_DIR: /home/deivideich/Holonomic_Base_Simulation/build/NuevaBaseMetal2/test_results
[1.502s] -- Forcing gtest/gmock from source, though one was otherwise available.
[1.502s] -- Found gtest sources under '/usr/src/googletest': gtests will be built
[1.502s] -- Found gmock sources under '/usr/src/googletest': gmock will be built
[1.526s] -- Found PythonInterp: /usr/bin/python3 (found version "3.8.10") 
[1.527s] -- Found Threads: TRUE  
[1.531s] -- Using Python nosetests: /usr/bin/nosetests3
[1.578s] -- catkin 0.8.10
[1.578s] -- BUILD_SHARED_LIBS is on
[1.798s] Traceback (most recent call last):
[1.798s]   File "/home/deivideich/Holonomic_Base_Simulation/build/NuevaBaseMetal2/catkin_generated/generate_cached_setup.py", line 22, in <module>
[1.798s]     code = generate_environment_script('/home/deivideich/Holonomic_Base_Simulation/build/NuevaBaseMetal2/devel/env.sh')
[1.798s]   File "/opt/ros/noetic/lib/python3/dist-packages/catkin/environment_cache.py", line 63, in generate_environment_script
[1.799s]     env_after = ast.literal_eval(output.decode('utf8'))
[1.799s]   File "/usr/lib/python3.8/ast.py", line 59, in literal_eval
[1.799s]     node_or_string = parse(node_or_string, mode='eval')
[1.799s]   File "/usr/lib/python3.8/ast.py", line 47, in parse
[1.799s]     return compile(source, filename, mode, flags,
[1.799s]   File "<unknown>", line 1
[1.799s]     ROS_DISTRO was set to 'foxy' before. Please make sure that the environment does not mix paths from different distributions.
[1.799s]                ^
[1.799s] SyntaxError: invalid syntax
[1.816s] CMake Error at /opt/ros/noetic/share/catkin/cmake/safe_execute_process.cmake:11 (message):
[1.816s]   execute_process(/usr/bin/python3
[1.816s]   "/home/deivideich/Holonomic_Base_Simulation/build/NuevaBaseMetal2/catkin_generated/generate_cached_setup.py")
[1.817s]   returned error code 1
[1.817s] Call Stack (most recent call first):
[1.817s]   /opt/ros/noetic/share/catkin/cmake/all.cmake:208 (safe_execute_process)
[1.817s]   /opt/ros/noetic/share/catkin/cmake/catkinConfig.cmake:20 (include)
[1.817s]   CMakeLists.txt:5 (find_package)
[1.818s] 
[1.818s] 
[1.819s] -- Configuring incomplete, errors occurred!
[1.819s] See also "/home/deivideich/Holonomic_Base_Simulation/build/NuevaBaseMetal2/CMakeFiles/CMakeOutput.log".
[1.819s] See also "/home/deivideich/Holonomic_Base_Simulation/build/NuevaBaseMetal2/CMakeFiles/CMakeError.log".
[1.910s] Invoked command in '/home/deivideich/Holonomic_Base_Simulation/build/NuevaBaseMetal2' returned '1': /usr/bin/cmake /home/deivideich/Holonomic_Base_Simulation/ros_1_ws/src/nuevaBaseMetal2 -DCATKIN_INSTALL_INTO_PREFIX_ROOT=0 -DCMAKE_INSTALL_PREFIX=/home/deivideich/Holonomic_Base_Simulation/install/NuevaBaseMetal2
