[1.875s] DEBUG:colcon:Command line arguments: ['/usr/bin/colcon', 'build']
[1.875s] DEBUG:colcon:Parsed command line arguments: Namespace(allow_overriding=[], ament_cmake_args=None, base_paths=['.'], build_base='build', catkin_cmake_args=None, catkin_skip_building_tests=False, cmake_args=None, cmake_clean_cache=False, cmake_clean_first=False, cmake_force_configure=False, cmake_target=None, cmake_target_skip_unavailable=False, continue_on_error=False, event_handlers=None, executor='parallel', ignore_user_meta=False, install_base='install', log_base=None, log_level=None, main=<bound method BuildVerb.main of <colcon_core.verb.build.BuildVerb object at 0x7f33bb694670>>, merge_install=False, metas=['./colcon.meta'], packages_above=None, packages_above_and_dependencies=None, packages_above_depth=None, packages_end=None, packages_ignore=None, packages_ignore_regex=None, packages_select=None, packages_select_build_failed=False, packages_select_by_dep=None, packages_select_regex=None, packages_select_test_failures=False, packages_skip=None, packages_skip_build_finished=False, packages_skip_by_dep=None, packages_skip_regex=None, packages_skip_test_passed=False, packages_skip_up_to=None, packages_start=None, packages_up_to=None, packages_up_to_regex=None, parallel_workers=16, paths=None, symlink_install=False, test_result_base=None, verb_extension=<colcon_core.verb.build.BuildVerb object at 0x7f33bb694670>, verb_name='build', verb_parser=<colcon_defaults.argument_parser.defaults.DefaultArgumentsDecorator object at 0x7f33bb694b80>)
[1.962s] Level 1:colcon.colcon_core.package_discovery:discover_packages(colcon_meta) check parameters
[1.962s] Level 1:colcon.colcon_core.package_discovery:discover_packages(recursive) check parameters
[1.962s] Level 1:colcon.colcon_core.package_discovery:discover_packages(ignore) check parameters
[1.962s] Level 1:colcon.colcon_core.package_discovery:discover_packages(path) check parameters
[1.962s] Level 1:colcon.colcon_core.package_discovery:discover_packages(colcon_meta) discover
[1.962s] Level 1:colcon.colcon_core.package_discovery:discover_packages(recursive) discover
[1.962s] INFO:colcon.colcon_core.package_discovery:Crawling recursively for packages in '/home/deivideich/Holonomic_Base_Simulation/ros_2_ws_2'
[1.962s] Level 1:colcon.colcon_core.package_identification:_identify(.) by extensions ['ignore', 'ignore_ament_install']
[1.962s] Level 1:colcon.colcon_core.package_identification:_identify(.) by extension 'ignore'
[1.962s] Level 1:colcon.colcon_core.package_identification:_identify(.) by extension 'ignore_ament_install'
[1.962s] Level 1:colcon.colcon_core.package_identification:_identify(.) by extensions ['colcon_pkg']
[1.962s] Level 1:colcon.colcon_core.package_identification:_identify(.) by extension 'colcon_pkg'
[1.963s] Level 1:colcon.colcon_core.package_identification:_identify(.) by extensions ['colcon_meta']
[1.963s] Level 1:colcon.colcon_core.package_identification:_identify(.) by extension 'colcon_meta'
[1.963s] Level 1:colcon.colcon_core.package_identification:_identify(.) by extensions ['ros']
[1.963s] Level 1:colcon.colcon_core.package_identification:_identify(.) by extension 'ros'
[1.970s] Level 1:colcon.colcon_core.package_identification:_identify(.) by extensions ['cmake', 'python']
[1.970s] Level 1:colcon.colcon_core.package_identification:_identify(.) by extension 'cmake'
[1.970s] Level 1:colcon.colcon_core.package_identification:_identify(.) by extension 'python'
[1.970s] Level 1:colcon.colcon_core.package_identification:_identify(.) by extensions ['python_setup_py']
[1.970s] Level 1:colcon.colcon_core.package_identification:_identify(.) by extension 'python_setup_py'
[1.970s] Level 1:colcon.colcon_core.package_identification:_identify(build) by extensions ['ignore', 'ignore_ament_install']
[1.970s] Level 1:colcon.colcon_core.package_identification:_identify(build) by extension 'ignore'
[1.971s] Level 1:colcon.colcon_core.package_identification:_identify(build) ignored
[1.971s] Level 1:colcon.colcon_core.package_identification:_identify(install) by extensions ['ignore', 'ignore_ament_install']
[1.971s] Level 1:colcon.colcon_core.package_identification:_identify(install) by extension 'ignore'
[1.971s] Level 1:colcon.colcon_core.package_identification:_identify(install) ignored
[1.971s] Level 1:colcon.colcon_core.package_identification:_identify(log) by extensions ['ignore', 'ignore_ament_install']
[1.971s] Level 1:colcon.colcon_core.package_identification:_identify(log) by extension 'ignore'
[1.971s] Level 1:colcon.colcon_core.package_identification:_identify(log) ignored
[1.971s] Level 1:colcon.colcon_core.package_identification:_identify(src) by extensions ['ignore', 'ignore_ament_install']
[1.971s] Level 1:colcon.colcon_core.package_identification:_identify(src) by extension 'ignore'
[1.971s] Level 1:colcon.colcon_core.package_identification:_identify(src) by extension 'ignore_ament_install'
[1.971s] Level 1:colcon.colcon_core.package_identification:_identify(src) by extensions ['colcon_pkg']
[1.971s] Level 1:colcon.colcon_core.package_identification:_identify(src) by extension 'colcon_pkg'
[1.971s] Level 1:colcon.colcon_core.package_identification:_identify(src) by extensions ['colcon_meta']
[1.971s] Level 1:colcon.colcon_core.package_identification:_identify(src) by extension 'colcon_meta'
[1.971s] Level 1:colcon.colcon_core.package_identification:_identify(src) by extensions ['ros']
[1.971s] Level 1:colcon.colcon_core.package_identification:_identify(src) by extension 'ros'
[1.971s] Level 1:colcon.colcon_core.package_identification:_identify(src) by extensions ['cmake', 'python']
[1.971s] Level 1:colcon.colcon_core.package_identification:_identify(src) by extension 'cmake'
[1.971s] Level 1:colcon.colcon_core.package_identification:_identify(src) by extension 'python'
[1.971s] Level 1:colcon.colcon_core.package_identification:_identify(src) by extensions ['python_setup_py']
[1.971s] Level 1:colcon.colcon_core.package_identification:_identify(src) by extension 'python_setup_py'
[1.971s] Level 1:colcon.colcon_core.package_discovery:discover_packages(recursive) using defaults
[1.971s] Level 1:colcon.colcon_core.package_discovery:discover_packages(ignore) discover
[1.971s] Level 1:colcon.colcon_core.package_discovery:discover_packages(ignore) using defaults
[1.971s] Level 1:colcon.colcon_core.package_discovery:discover_packages(path) discover
[1.971s] Level 1:colcon.colcon_core.package_discovery:discover_packages(path) using defaults
[2.142s] Level 1:colcon.colcon_core.package_discovery:discover_packages(prefix_path) check parameters
[2.142s] Level 1:colcon.colcon_core.package_discovery:discover_packages(prefix_path) discover
[2.174s] WARNING:colcon.colcon_ros.prefix_path.ament:The path '/home/deivideich/Holonomic_Base_Simulation/ros_2_ws/install/nav2_system_tests' in the environment variable AMENT_PREFIX_PATH doesn't exist
[2.174s] WARNING:colcon.colcon_ros.prefix_path.ament:The path '/home/deivideich/Holonomic_Base_Simulation/ros_2_ws/install/nav2_bringup' in the environment variable AMENT_PREFIX_PATH doesn't exist
[2.174s] WARNING:colcon.colcon_ros.prefix_path.ament:The path '/home/deivideich/Holonomic_Base_Simulation/ros_2_ws/install/navigation2' in the environment variable AMENT_PREFIX_PATH doesn't exist
[2.174s] WARNING:colcon.colcon_ros.prefix_path.ament:The path '/home/deivideich/Holonomic_Base_Simulation/ros_2_ws/install/smac_planner' in the environment variable AMENT_PREFIX_PATH doesn't exist
[2.175s] WARNING:colcon.colcon_ros.prefix_path.ament:The path '/home/deivideich/Holonomic_Base_Simulation/ros_2_ws/install/nav2_dwb_controller' in the environment variable AMENT_PREFIX_PATH doesn't exist
[2.175s] WARNING:colcon.colcon_ros.prefix_path.ament:The path '/home/deivideich/Holonomic_Base_Simulation/ros_2_ws/install/nav2_controller' in the environment variable AMENT_PREFIX_PATH doesn't exist
[2.175s] WARNING:colcon.colcon_ros.prefix_path.ament:The path '/home/deivideich/Holonomic_Base_Simulation/ros_2_ws/install/dwb_plugins' in the environment variable AMENT_PREFIX_PATH doesn't exist
[2.175s] WARNING:colcon.colcon_ros.prefix_path.ament:The path '/home/deivideich/Holonomic_Base_Simulation/ros_2_ws/install/dwb_critics' in the environment variable AMENT_PREFIX_PATH doesn't exist
[2.175s] WARNING:colcon.colcon_ros.prefix_path.ament:The path '/home/deivideich/Holonomic_Base_Simulation/ros_2_ws/install/dwb_core' in the environment variable AMENT_PREFIX_PATH doesn't exist
[2.175s] WARNING:colcon.colcon_ros.prefix_path.ament:The path '/home/deivideich/Holonomic_Base_Simulation/ros_2_ws/install/nav_2d_utils' in the environment variable AMENT_PREFIX_PATH doesn't exist
[2.175s] WARNING:colcon.colcon_ros.prefix_path.ament:The path '/home/deivideich/Holonomic_Base_Simulation/ros_2_ws/install/dwb_msgs' in the environment variable AMENT_PREFIX_PATH doesn't exist
[2.175s] WARNING:colcon.colcon_ros.prefix_path.ament:The path '/home/deivideich/Holonomic_Base_Simulation/ros_2_ws/install/nav_2d_msgs' in the environment variable AMENT_PREFIX_PATH doesn't exist
[2.175s] WARNING:colcon.colcon_ros.prefix_path.ament:The path '/home/deivideich/Holonomic_Base_Simulation/ros_2_ws/install/nav2_waypoint_follower' in the environment variable AMENT_PREFIX_PATH doesn't exist
[2.175s] WARNING:colcon.colcon_ros.prefix_path.ament:The path '/home/deivideich/Holonomic_Base_Simulation/ros_2_ws/install/nav2_regulated_pure_pursuit_controller' in the environment variable AMENT_PREFIX_PATH doesn't exist
[2.175s] WARNING:colcon.colcon_ros.prefix_path.ament:The path '/home/deivideich/Holonomic_Base_Simulation/ros_2_ws/install/nav2_recoveries' in the environment variable AMENT_PREFIX_PATH doesn't exist
[2.175s] WARNING:colcon.colcon_ros.prefix_path.ament:The path '/home/deivideich/Holonomic_Base_Simulation/ros_2_ws/install/nav2_planner' in the environment variable AMENT_PREFIX_PATH doesn't exist
[2.175s] WARNING:colcon.colcon_ros.prefix_path.ament:The path '/home/deivideich/Holonomic_Base_Simulation/ros_2_ws/install/nav2_navfn_planner' in the environment variable AMENT_PREFIX_PATH doesn't exist
[2.175s] WARNING:colcon.colcon_ros.prefix_path.ament:The path '/home/deivideich/Holonomic_Base_Simulation/ros_2_ws/install/nav2_core' in the environment variable AMENT_PREFIX_PATH doesn't exist
[2.175s] WARNING:colcon.colcon_ros.prefix_path.ament:The path '/home/deivideich/Holonomic_Base_Simulation/ros_2_ws/install/costmap_queue' in the environment variable AMENT_PREFIX_PATH doesn't exist
[2.175s] WARNING:colcon.colcon_ros.prefix_path.ament:The path '/home/deivideich/Holonomic_Base_Simulation/ros_2_ws/install/nav2_costmap_2d' in the environment variable AMENT_PREFIX_PATH doesn't exist
[2.175s] WARNING:colcon.colcon_ros.prefix_path.ament:The path '/home/deivideich/Holonomic_Base_Simulation/ros_2_ws/install/nav2_voxel_grid' in the environment variable AMENT_PREFIX_PATH doesn't exist
[2.175s] WARNING:colcon.colcon_ros.prefix_path.ament:The path '/home/deivideich/Holonomic_Base_Simulation/ros_2_ws/install/nav2_rviz_plugins' in the environment variable AMENT_PREFIX_PATH doesn't exist
[2.175s] WARNING:colcon.colcon_ros.prefix_path.ament:The path '/home/deivideich/Holonomic_Base_Simulation/ros_2_ws/install/nav2_map_server' in the environment variable AMENT_PREFIX_PATH doesn't exist
[2.175s] WARNING:colcon.colcon_ros.prefix_path.ament:The path '/home/deivideich/Holonomic_Base_Simulation/ros_2_ws/install/nav2_lifecycle_manager' in the environment variable AMENT_PREFIX_PATH doesn't exist
[2.175s] WARNING:colcon.colcon_ros.prefix_path.ament:The path '/home/deivideich/Holonomic_Base_Simulation/ros_2_ws/install/nav2_bt_navigator' in the environment variable AMENT_PREFIX_PATH doesn't exist
[2.175s] WARNING:colcon.colcon_ros.prefix_path.ament:The path '/home/deivideich/Holonomic_Base_Simulation/ros_2_ws/install/nav2_behavior_tree' in the environment variable AMENT_PREFIX_PATH doesn't exist
[2.175s] WARNING:colcon.colcon_ros.prefix_path.ament:The path '/home/deivideich/Holonomic_Base_Simulation/ros_2_ws/install/nav2_amcl' in the environment variable AMENT_PREFIX_PATH doesn't exist
[2.175s] WARNING:colcon.colcon_ros.prefix_path.ament:The path '/home/deivideich/Holonomic_Base_Simulation/ros_2_ws/install/nav2_util' in the environment variable AMENT_PREFIX_PATH doesn't exist
[2.175s] WARNING:colcon.colcon_ros.prefix_path.ament:The path '/home/deivideich/Holonomic_Base_Simulation/ros_2_ws/install/nav2_msgs' in the environment variable AMENT_PREFIX_PATH doesn't exist
[2.175s] WARNING:colcon.colcon_ros.prefix_path.ament:The path '/home/deivideich/Holonomic_Base_Simulation/ros_2_ws/install/nav2_gazebo_spawner' in the environment variable AMENT_PREFIX_PATH doesn't exist
[2.175s] WARNING:colcon.colcon_ros.prefix_path.ament:The path '/home/deivideich/Holonomic_Base_Simulation/ros_2_ws/install/nav2_common' in the environment variable AMENT_PREFIX_PATH doesn't exist
[2.176s] WARNING:colcon.colcon_ros.prefix_path.catkin:The path '/home/deivideich/Holonomic_Base_Simulation/ros_2_ws/install/nav2_system_tests' in the environment variable CMAKE_PREFIX_PATH doesn't exist
[2.176s] WARNING:colcon.colcon_ros.prefix_path.catkin:The path '/home/deivideich/Holonomic_Base_Simulation/ros_2_ws/install/nav2_bringup' in the environment variable CMAKE_PREFIX_PATH doesn't exist
[2.176s] WARNING:colcon.colcon_ros.prefix_path.catkin:The path '/home/deivideich/Holonomic_Base_Simulation/ros_2_ws/install/navigation2' in the environment variable CMAKE_PREFIX_PATH doesn't exist
[2.176s] WARNING:colcon.colcon_ros.prefix_path.catkin:The path '/home/deivideich/Holonomic_Base_Simulation/ros_2_ws/install/smac_planner' in the environment variable CMAKE_PREFIX_PATH doesn't exist
[2.176s] WARNING:colcon.colcon_ros.prefix_path.catkin:The path '/home/deivideich/Holonomic_Base_Simulation/ros_2_ws/install/nav2_dwb_controller' in the environment variable CMAKE_PREFIX_PATH doesn't exist
[2.176s] WARNING:colcon.colcon_ros.prefix_path.catkin:The path '/home/deivideich/Holonomic_Base_Simulation/ros_2_ws/install/nav2_controller' in the environment variable CMAKE_PREFIX_PATH doesn't exist
[2.176s] WARNING:colcon.colcon_ros.prefix_path.catkin:The path '/home/deivideich/Holonomic_Base_Simulation/ros_2_ws/install/dwb_plugins' in the environment variable CMAKE_PREFIX_PATH doesn't exist
[2.176s] WARNING:colcon.colcon_ros.prefix_path.catkin:The path '/home/deivideich/Holonomic_Base_Simulation/ros_2_ws/install/dwb_critics' in the environment variable CMAKE_PREFIX_PATH doesn't exist
[2.176s] WARNING:colcon.colcon_ros.prefix_path.catkin:The path '/home/deivideich/Holonomic_Base_Simulation/ros_2_ws/install/dwb_core' in the environment variable CMAKE_PREFIX_PATH doesn't exist
[2.176s] WARNING:colcon.colcon_ros.prefix_path.catkin:The path '/home/deivideich/Holonomic_Base_Simulation/ros_2_ws/install/nav_2d_utils' in the environment variable CMAKE_PREFIX_PATH doesn't exist
[2.176s] WARNING:colcon.colcon_ros.prefix_path.catkin:The path '/home/deivideich/Holonomic_Base_Simulation/ros_2_ws/install/dwb_msgs' in the environment variable CMAKE_PREFIX_PATH doesn't exist
[2.176s] WARNING:colcon.colcon_ros.prefix_path.catkin:The path '/home/deivideich/Holonomic_Base_Simulation/ros_2_ws/install/nav_2d_msgs' in the environment variable CMAKE_PREFIX_PATH doesn't exist
[2.176s] WARNING:colcon.colcon_ros.prefix_path.catkin:The path '/home/deivideich/Holonomic_Base_Simulation/ros_2_ws/install/nav2_waypoint_follower' in the environment variable CMAKE_PREFIX_PATH doesn't exist
[2.176s] WARNING:colcon.colcon_ros.prefix_path.catkin:The path '/home/deivideich/Holonomic_Base_Simulation/ros_2_ws/install/nav2_regulated_pure_pursuit_controller' in the environment variable CMAKE_PREFIX_PATH doesn't exist
[2.176s] WARNING:colcon.colcon_ros.prefix_path.catkin:The path '/home/deivideich/Holonomic_Base_Simulation/ros_2_ws/install/nav2_recoveries' in the environment variable CMAKE_PREFIX_PATH doesn't exist
[2.176s] WARNING:colcon.colcon_ros.prefix_path.catkin:The path '/home/deivideich/Holonomic_Base_Simulation/ros_2_ws/install/nav2_planner' in the environment variable CMAKE_PREFIX_PATH doesn't exist
[2.176s] WARNING:colcon.colcon_ros.prefix_path.catkin:The path '/home/deivideich/Holonomic_Base_Simulation/ros_2_ws/install/nav2_navfn_planner' in the environment variable CMAKE_PREFIX_PATH doesn't exist
[2.176s] WARNING:colcon.colcon_ros.prefix_path.catkin:The path '/home/deivideich/Holonomic_Base_Simulation/ros_2_ws/install/nav2_core' in the environment variable CMAKE_PREFIX_PATH doesn't exist
[2.176s] WARNING:colcon.colcon_ros.prefix_path.catkin:The path '/home/deivideich/Holonomic_Base_Simulation/ros_2_ws/install/costmap_queue' in the environment variable CMAKE_PREFIX_PATH doesn't exist
[2.176s] WARNING:colcon.colcon_ros.prefix_path.catkin:The path '/home/deivideich/Holonomic_Base_Simulation/ros_2_ws/install/nav2_costmap_2d' in the environment variable CMAKE_PREFIX_PATH doesn't exist
[2.176s] WARNING:colcon.colcon_ros.prefix_path.catkin:The path '/home/deivideich/Holonomic_Base_Simulation/ros_2_ws/install/nav2_voxel_grid' in the environment variable CMAKE_PREFIX_PATH doesn't exist
[2.176s] WARNING:colcon.colcon_ros.prefix_path.catkin:The path '/home/deivideich/Holonomic_Base_Simulation/ros_2_ws/install/nav2_rviz_plugins' in the environment variable CMAKE_PREFIX_PATH doesn't exist
[2.176s] WARNING:colcon.colcon_ros.prefix_path.catkin:The path '/home/deivideich/Holonomic_Base_Simulation/ros_2_ws/install/nav2_map_server' in the environment variable CMAKE_PREFIX_PATH doesn't exist
[2.176s] WARNING:colcon.colcon_ros.prefix_path.catkin:The path '/home/deivideich/Holonomic_Base_Simulation/ros_2_ws/install/nav2_lifecycle_manager' in the environment variable CMAKE_PREFIX_PATH doesn't exist
[2.176s] WARNING:colcon.colcon_ros.prefix_path.catkin:The path '/home/deivideich/Holonomic_Base_Simulation/ros_2_ws/install/nav2_bt_navigator' in the environment variable CMAKE_PREFIX_PATH doesn't exist
[2.176s] WARNING:colcon.colcon_ros.prefix_path.catkin:The path '/home/deivideich/Holonomic_Base_Simulation/ros_2_ws/install/nav2_behavior_tree' in the environment variable CMAKE_PREFIX_PATH doesn't exist
[2.176s] WARNING:colcon.colcon_ros.prefix_path.catkin:The path '/home/deivideich/Holonomic_Base_Simulation/ros_2_ws/install/nav2_amcl' in the environment variable CMAKE_PREFIX_PATH doesn't exist
[2.176s] WARNING:colcon.colcon_ros.prefix_path.catkin:The path '/home/deivideich/Holonomic_Base_Simulation/ros_2_ws/install/nav2_util' in the environment variable CMAKE_PREFIX_PATH doesn't exist
[2.176s] WARNING:colcon.colcon_ros.prefix_path.catkin:The path '/home/deivideich/Holonomic_Base_Simulation/ros_2_ws/install/nav2_msgs' in the environment variable CMAKE_PREFIX_PATH doesn't exist
[2.176s] WARNING:colcon.colcon_ros.prefix_path.catkin:The path '/home/deivideich/Holonomic_Base_Simulation/ros_2_ws/install/nav2_common' in the environment variable CMAKE_PREFIX_PATH doesn't exist
[2.210s] DEBUG:colcon.colcon_installed_package_information.package_discovery:Found 1 installed packages in /home/deivideich/Holonomic_Base_Simulation/ros_2_ws/install
[2.242s] DEBUG:colcon.colcon_installed_package_information.package_discovery:Found 4 installed packages in /home/deivideich/axebot_example/install
[2.292s] DEBUG:colcon.colcon_installed_package_information.package_discovery:Found 4 installed packages in /home/deivideich/axebot_example/src/install
[2.325s] DEBUG:colcon.colcon_installed_package_information.package_discovery:Found 377 installed packages in /opt/ros/foxy
[2.358s] DEBUG:colcon.colcon_installed_package_information.package_discovery:Found 3 installed packages in /opt/ros/noetic
[2.358s] Level 1:colcon.colcon_core.package_discovery:discover_packages(prefix_path) using defaults
[2.481s] INFO:colcon.colcon_core.executor:Executing jobs using 'parallel' executor
[2.513s] DEBUG:colcon.colcon_parallel_executor.executor.parallel:run_until_complete
[2.513s] DEBUG:colcon.colcon_parallel_executor.executor.parallel:closing loop
[2.513s] DEBUG:colcon.colcon_parallel_executor.executor.parallel:loop closed
[2.513s] DEBUG:colcon.colcon_parallel_executor.executor.parallel:run_until_complete finished with '0'
[2.513s] DEBUG:colcon.colcon_core.event_reactor:joining thread
[2.555s] INFO:colcon.colcon_core.plugin_system:Skipping extension 'colcon_notification.desktop_notification.terminal_notifier': Not used on non-Darwin systems
[2.555s] INFO:colcon.colcon_core.plugin_system:Skipping extension 'colcon_notification.desktop_notification.win32': Not used on non-Windows systems
[2.555s] INFO:colcon.colcon_notification.desktop_notification:Sending desktop notification using 'notify2'
[2.581s] DEBUG:colcon.colcon_core.event_reactor:joined thread
[2.633s] INFO:colcon.colcon_core.plugin_system:Skipping extension 'colcon_core.shell.bat': Not used on non-Windows systems
[2.633s] INFO:colcon.colcon_core.shell:Creating prefix script '/home/deivideich/Holonomic_Base_Simulation/ros_2_ws_2/install/local_setup.ps1'
[2.633s] INFO:colcon.colcon_core.shell:Creating prefix util module '/home/deivideich/Holonomic_Base_Simulation/ros_2_ws_2/install/_local_setup_util_ps1.py'
[2.634s] INFO:colcon.colcon_core.shell:Creating prefix chain script '/home/deivideich/Holonomic_Base_Simulation/ros_2_ws_2/install/setup.ps1'
[2.674s] INFO:colcon.colcon_core.shell:Creating prefix script '/home/deivideich/Holonomic_Base_Simulation/ros_2_ws_2/install/local_setup.sh'
[2.674s] INFO:colcon.colcon_core.shell:Creating prefix util module '/home/deivideich/Holonomic_Base_Simulation/ros_2_ws_2/install/_local_setup_util_sh.py'
[2.675s] INFO:colcon.colcon_core.shell:Creating prefix chain script '/home/deivideich/Holonomic_Base_Simulation/ros_2_ws_2/install/setup.sh'
[2.712s] INFO:colcon.colcon_core.shell:Creating prefix script '/home/deivideich/Holonomic_Base_Simulation/ros_2_ws_2/install/local_setup.bash'
[2.712s] INFO:colcon.colcon_core.shell:Creating prefix chain script '/home/deivideich/Holonomic_Base_Simulation/ros_2_ws_2/install/setup.bash'
[2.746s] INFO:colcon.colcon_core.shell:Creating prefix script '/home/deivideich/Holonomic_Base_Simulation/ros_2_ws_2/install/local_setup.zsh'
[2.746s] INFO:colcon.colcon_core.shell:Creating prefix chain script '/home/deivideich/Holonomic_Base_Simulation/ros_2_ws_2/install/setup.zsh'
