[2.163s] Invoking command in '/home/deivideich/Holonomic_Base_Simulation/ros_2_ws/navigation2/nav2_bringup/nav2_gazebo_spawner': PYTHONPATH=/home/deivideich/Holonomic_Base_Simulation/ros_2_ws/build/nav2_gazebo_spawner/prefix_override:/home/deivideich/Holonomic_Base_Simulation/ros_2_ws/install/nav2_gazebo_spawner/lib/python3.8/site-packages:${PYTHONPATH} /usr/bin/python3 setup.py egg_info --egg-base ../../../build/nav2_gazebo_spawner build --build-base /home/deivideich/Holonomic_Base_Simulation/ros_2_ws/build/nav2_gazebo_spawner/build install --record /home/deivideich/Holonomic_Base_Simulation/ros_2_ws/build/nav2_gazebo_spawner/install.log --install-scripts $base/lib/nav2_gazebo_spawner --single-version-externally-managed
[2.375s] running egg_info
[2.376s] writing ../../../build/nav2_gazebo_spawner/nav2_gazebo_spawner.egg-info/PKG-INFO
[2.376s] writing dependency_links to ../../../build/nav2_gazebo_spawner/nav2_gazebo_spawner.egg-info/dependency_links.txt
[2.376s] writing entry points to ../../../build/nav2_gazebo_spawner/nav2_gazebo_spawner.egg-info/entry_points.txt
[2.376s] writing requirements to ../../../build/nav2_gazebo_spawner/nav2_gazebo_spawner.egg-info/requires.txt
[2.376s] writing top-level names to ../../../build/nav2_gazebo_spawner/nav2_gazebo_spawner.egg-info/top_level.txt
[2.400s] reading manifest file '../../../build/nav2_gazebo_spawner/nav2_gazebo_spawner.egg-info/SOURCES.txt'
[2.401s] writing manifest file '../../../build/nav2_gazebo_spawner/nav2_gazebo_spawner.egg-info/SOURCES.txt'
[2.401s] running build
[2.401s] running build_py
[2.402s] running install
[2.402s] running install_lib
[2.403s] running install_data
[2.404s] running install_egg_info
[2.405s] removing '/home/deivideich/Holonomic_Base_Simulation/ros_2_ws/install/nav2_gazebo_spawner/lib/python3.8/site-packages/nav2_gazebo_spawner-0.3.0-py3.8.egg-info' (and everything under it)
[2.405s] Copying ../../../build/nav2_gazebo_spawner/nav2_gazebo_spawner.egg-info to /home/deivideich/Holonomic_Base_Simulation/ros_2_ws/install/nav2_gazebo_spawner/lib/python3.8/site-packages/nav2_gazebo_spawner-0.3.0-py3.8.egg-info
[2.406s] running install_scripts
[2.420s] Installing nav2_gazebo_spawner script to /home/deivideich/Holonomic_Base_Simulation/ros_2_ws/install/nav2_gazebo_spawner/lib/nav2_gazebo_spawner
[2.420s] writing list of installed files to '/home/deivideich/Holonomic_Base_Simulation/ros_2_ws/build/nav2_gazebo_spawner/install.log'
[2.852s] Invoked command in '/home/deivideich/Holonomic_Base_Simulation/ros_2_ws/navigation2/nav2_bringup/nav2_gazebo_spawner' returned '0': PYTHONPATH=/home/deivideich/Holonomic_Base_Simulation/ros_2_ws/build/nav2_gazebo_spawner/prefix_override:/home/deivideich/Holonomic_Base_Simulation/ros_2_ws/install/nav2_gazebo_spawner/lib/python3.8/site-packages:${PYTHONPATH} /usr/bin/python3 setup.py egg_info --egg-base ../../../build/nav2_gazebo_spawner build --build-base /home/deivideich/Holonomic_Base_Simulation/ros_2_ws/build/nav2_gazebo_spawner/build install --record /home/deivideich/Holonomic_Base_Simulation/ros_2_ws/build/nav2_gazebo_spawner/install.log --install-scripts $base/lib/nav2_gazebo_spawner --single-version-externally-managed
