[1.076s] Invoking command in '/home/deivideich/Holonomic_Base_Simulation/ros_2_ws/build/nav2_controller': AMENT_PREFIX_PATH=/home/deivideich/Holonomic_Base_Simulation/ros_2_ws/install/nav2_core:/home/deivideich/Holonomic_Base_Simulation/ros_2_ws/install/nav2_costmap_2d:/home/deivideich/Holonomic_Base_Simulation/ros_2_ws/install/nav_2d_utils:/home/deivideich/Holonomic_Base_Simulation/ros_2_ws/install/nav2_util:/home/deivideich/Holonomic_Base_Simulation/ros_2_ws/install/nav2_voxel_grid:/home/deivideich/Holonomic_Base_Simulation/ros_2_ws/install/nav2_msgs:/home/deivideich/Holonomic_Base_Simulation/ros_2_ws/install/nav_2d_msgs:/home/deivideich/Holonomic_Base_Simulation/ros_2_ws/install/nav2_common:${AMENT_PREFIX_PATH} CMAKE_PREFIX_PATH=/home/deivideich/Holonomic_Base_Simulation/ros_2_ws/install/nav2_core:/home/deivideich/Holonomic_Base_Simulation/ros_2_ws/install/nav2_costmap_2d:/home/deivideich/Holonomic_Base_Simulation/ros_2_ws/install/nav_2d_utils:/home/deivideich/Holonomic_Base_Simulation/ros_2_ws/install/nav2_util:/home/deivideich/Holonomic_Base_Simulation/ros_2_ws/install/nav2_voxel_grid:/home/deivideich/Holonomic_Base_Simulation/ros_2_ws/install/nav2_msgs:/home/deivideich/Holonomic_Base_Simulation/ros_2_ws/install/nav_2d_msgs:/home/deivideich/Holonomic_Base_Simulation/ros_2_ws/install/nav2_common:/home/deivideich/Holonomic_Base_Simulation/ros_2_ws/install/octobot_2:/opt/ros/foxy:${CMAKE_PREFIX_PATH} LD_LIBRARY_PATH=/home/deivideich/Holonomic_Base_Simulation/ros_2_ws/install/nav2_costmap_2d/lib:/home/deivideich/Holonomic_Base_Simulation/ros_2_ws/install/nav_2d_utils/lib:/home/deivideich/Holonomic_Base_Simulation/ros_2_ws/install/nav2_util/lib:/home/deivideich/Holonomic_Base_Simulation/ros_2_ws/install/nav2_voxel_grid/lib:/home/deivideich/Holonomic_Base_Simulation/ros_2_ws/install/nav2_msgs/lib:/home/deivideich/Holonomic_Base_Simulation/ros_2_ws/install/nav_2d_msgs/lib:${LD_LIBRARY_PATH} PYTHONPATH=/home/deivideich/Holonomic_Base_Simulation/ros_2_ws/install/nav2_msgs/lib/python3.8/site-packages:/home/deivideich/Holonomic_Base_Simulation/ros_2_ws/install/nav_2d_msgs/lib/python3.8/site-packages:/home/deivideich/Holonomic_Base_Simulation/ros_2_ws/install/nav2_common/lib/python3.8/site-packages:${PYTHONPATH} /usr/bin/cmake /home/deivideich/Holonomic_Base_Simulation/ros_2_ws/navigation2/nav2_controller -DCMAKE_INSTALL_PREFIX=/home/deivideich/Holonomic_Base_Simulation/ros_2_ws/install/nav2_controller
[1.126s] -- The C compiler identification is GNU 9.4.0
[1.198s] -- The CXX compiler identification is GNU 9.4.0
[1.205s] -- Check for working C compiler: /usr/bin/cc
[1.285s] -- Check for working C compiler: /usr/bin/cc -- works
[1.286s] -- Detecting C compiler ABI info
[1.367s] -- Detecting C compiler ABI info - done
[1.377s] -- Detecting C compile features
[1.377s] -- Detecting C compile features - done
[1.379s] -- Check for working CXX compiler: /usr/bin/c++
[1.473s] -- Check for working CXX compiler: /usr/bin/c++ -- works
[1.474s] -- Detecting CXX compiler ABI info
[1.565s] -- Detecting CXX compiler ABI info - done
[1.576s] -- Detecting CXX compile features
[1.577s] -- Detecting CXX compile features - done
[1.581s] -- Found ament_cmake: 0.9.12 (/opt/ros/foxy/share/ament_cmake/cmake)
[1.628s] -- Found PythonInterp: /usr/bin/python3 (found suitable version "3.8.10", minimum required is "3") 
[1.628s] -- Using PYTHON_EXECUTABLE: /usr/bin/python3
[1.875s] -- Found nav2_core: 0.4.7 (/home/deivideich/Holonomic_Base_Simulation/ros_2_ws/install/nav2_core/share/nav2_core/cmake)
[1.953s] -- Using all available rosidl_typesupport_c: rosidl_typesupport_fastrtps_c;rosidl_typesupport_introspection_c
[1.965s] -- Found rosidl_adapter: 1.3.1 (/opt/ros/foxy/share/rosidl_adapter/cmake)
[2.057s] -- Found OpenSSL: /usr/lib/x86_64-linux-gnu/libcrypto.so (found version "1.1.1f")  
[2.095s] -- Found FastRTPS: /opt/ros/foxy/include  
[2.165s] -- Using all available rosidl_typesupport_cpp: rosidl_typesupport_fastrtps_cpp;rosidl_typesupport_introspection_cpp
[2.218s] -- Found rmw_implementation_cmake: 1.0.4 (/opt/ros/foxy/share/rmw_implementation_cmake/cmake)
[2.220s] -- Using RMW implementation 'rmw_fastrtps_cpp' as default
[2.221s] -- Looking for pthread.h
[2.286s] -- Looking for pthread.h - found
[2.287s] -- Performing Test CMAKE_HAVE_LIBC_PTHREAD
[2.355s] -- Performing Test CMAKE_HAVE_LIBC_PTHREAD - Failed
[2.355s] -- Looking for pthread_create in pthreads
[2.408s] -- Looking for pthread_create in pthreads - not found
[2.408s] -- Looking for pthread_create in pthread
[2.473s] -- Looking for pthread_create in pthread - found
[2.474s] -- Found Threads: TRUE  
[3.720s] -- Found Eigen3: TRUE (found version "3.3.7") 
[4.565s] -- Found nav2_common: 0.4.7 (/home/deivideich/Holonomic_Base_Simulation/ros_2_ws/install/nav2_common/share/nav2_common/cmake)
[4.566s] -- Found nav_2d_utils: 0.4.7 (/home/deivideich/Holonomic_Base_Simulation/ros_2_ws/install/nav_2d_utils/share/nav_2d_utils/cmake)
[4.870s] -- Setting build type to Release as none was specified.
[12.464s] -- Found ament_lint_auto: 0.9.8 (/opt/ros/foxy/share/ament_lint_auto/cmake)
[12.572s] -- Found ament_cmake_gtest: 0.9.12 (/opt/ros/foxy/share/ament_cmake_gtest/cmake)
[12.580s] -- Found gtest sources under '/opt/ros/foxy/src/gtest_vendor': C++ tests using 'Google Test' will be built
[12.582s] -- Check if compiler accepts -pthread
[12.680s] -- Check if compiler accepts -pthread - yes
[14.399s] -- Added test 'cppcheck' to perform static code analysis on C / C++ code
[14.400s] -- Configured cppcheck include dirs: /home/deivideich/Holonomic_Base_Simulation/ros_2_ws/navigation2/nav2_controller/include
[14.400s] -- Configured cppcheck exclude dirs and/or files: 
[14.401s] -- Added test 'cpplint' to check C / C++ code against the Google style
[14.401s] -- Configured cpplint exclude dirs and/or files: 
[14.402s] -- Added test 'lint_cmake' to check CMake code style
[14.403s] -- Added test 'uncrustify' to check C / C++ code style
[14.403s] -- Configured uncrustify additional arguments: 
[14.403s] -- Added test 'xmllint' to check XML markup files
[14.409s] -- Configuring done
[14.637s] -- Generating done
[14.641s] -- Build files have been written to: /home/deivideich/Holonomic_Base_Simulation/ros_2_ws/build/nav2_controller
[14.662s] Invoked command in '/home/deivideich/Holonomic_Base_Simulation/ros_2_ws/build/nav2_controller' returned '0': AMENT_PREFIX_PATH=/home/deivideich/Holonomic_Base_Simulation/ros_2_ws/install/nav2_core:/home/deivideich/Holonomic_Base_Simulation/ros_2_ws/install/nav2_costmap_2d:/home/deivideich/Holonomic_Base_Simulation/ros_2_ws/install/nav_2d_utils:/home/deivideich/Holonomic_Base_Simulation/ros_2_ws/install/nav2_util:/home/deivideich/Holonomic_Base_Simulation/ros_2_ws/install/nav2_voxel_grid:/home/deivideich/Holonomic_Base_Simulation/ros_2_ws/install/nav2_msgs:/home/deivideich/Holonomic_Base_Simulation/ros_2_ws/install/nav_2d_msgs:/home/deivideich/Holonomic_Base_Simulation/ros_2_ws/install/nav2_common:${AMENT_PREFIX_PATH} CMAKE_PREFIX_PATH=/home/deivideich/Holonomic_Base_Simulation/ros_2_ws/install/nav2_core:/home/deivideich/Holonomic_Base_Simulation/ros_2_ws/install/nav2_costmap_2d:/home/deivideich/Holonomic_Base_Simulation/ros_2_ws/install/nav_2d_utils:/home/deivideich/Holonomic_Base_Simulation/ros_2_ws/install/nav2_util:/home/deivideich/Holonomic_Base_Simulation/ros_2_ws/install/nav2_voxel_grid:/home/deivideich/Holonomic_Base_Simulation/ros_2_ws/install/nav2_msgs:/home/deivideich/Holonomic_Base_Simulation/ros_2_ws/install/nav_2d_msgs:/home/deivideich/Holonomic_Base_Simulation/ros_2_ws/install/nav2_common:/home/deivideich/Holonomic_Base_Simulation/ros_2_ws/install/octobot_2:/opt/ros/foxy:${CMAKE_PREFIX_PATH} LD_LIBRARY_PATH=/home/deivideich/Holonomic_Base_Simulation/ros_2_ws/install/nav2_costmap_2d/lib:/home/deivideich/Holonomic_Base_Simulation/ros_2_ws/install/nav_2d_utils/lib:/home/deivideich/Holonomic_Base_Simulation/ros_2_ws/install/nav2_util/lib:/home/deivideich/Holonomic_Base_Simulation/ros_2_ws/install/nav2_voxel_grid/lib:/home/deivideich/Holonomic_Base_Simulation/ros_2_ws/install/nav2_msgs/lib:/home/deivideich/Holonomic_Base_Simulation/ros_2_ws/install/nav_2d_msgs/lib:${LD_LIBRARY_PATH} PYTHONPATH=/home/deivideich/Holonomic_Base_Simulation/ros_2_ws/install/nav2_msgs/lib/python3.8/site-packages:/home/deivideich/Holonomic_Base_Simulation/ros_2_ws/install/nav_2d_msgs/lib/python3.8/site-packages:/home/deivideich/Holonomic_Base_Simulation/ros_2_ws/install/nav2_common/lib/python3.8/site-packages:${PYTHONPATH} /usr/bin/cmake /home/deivideich/Holonomic_Base_Simulation/ros_2_ws/navigation2/nav2_controller -DCMAKE_INSTALL_PREFIX=/home/deivideich/Holonomic_Base_Simulation/ros_2_ws/install/nav2_controller
[14.666s] Invoking command in '/home/deivideich/Holonomic_Base_Simulation/ros_2_ws/build/nav2_controller': AMENT_PREFIX_PATH=/home/deivideich/Holonomic_Base_Simulation/ros_2_ws/install/nav2_core:/home/deivideich/Holonomic_Base_Simulation/ros_2_ws/install/nav2_costmap_2d:/home/deivideich/Holonomic_Base_Simulation/ros_2_ws/install/nav_2d_utils:/home/deivideich/Holonomic_Base_Simulation/ros_2_ws/install/nav2_util:/home/deivideich/Holonomic_Base_Simulation/ros_2_ws/install/nav2_voxel_grid:/home/deivideich/Holonomic_Base_Simulation/ros_2_ws/install/nav2_msgs:/home/deivideich/Holonomic_Base_Simulation/ros_2_ws/install/nav_2d_msgs:/home/deivideich/Holonomic_Base_Simulation/ros_2_ws/install/nav2_common:${AMENT_PREFIX_PATH} CMAKE_PREFIX_PATH=/home/deivideich/Holonomic_Base_Simulation/ros_2_ws/install/nav2_core:/home/deivideich/Holonomic_Base_Simulation/ros_2_ws/install/nav2_costmap_2d:/home/deivideich/Holonomic_Base_Simulation/ros_2_ws/install/nav_2d_utils:/home/deivideich/Holonomic_Base_Simulation/ros_2_ws/install/nav2_util:/home/deivideich/Holonomic_Base_Simulation/ros_2_ws/install/nav2_voxel_grid:/home/deivideich/Holonomic_Base_Simulation/ros_2_ws/install/nav2_msgs:/home/deivideich/Holonomic_Base_Simulation/ros_2_ws/install/nav_2d_msgs:/home/deivideich/Holonomic_Base_Simulation/ros_2_ws/install/nav2_common:/home/deivideich/Holonomic_Base_Simulation/ros_2_ws/install/octobot_2:/opt/ros/foxy:${CMAKE_PREFIX_PATH} LD_LIBRARY_PATH=/home/deivideich/Holonomic_Base_Simulation/ros_2_ws/install/nav2_costmap_2d/lib:/home/deivideich/Holonomic_Base_Simulation/ros_2_ws/install/nav_2d_utils/lib:/home/deivideich/Holonomic_Base_Simulation/ros_2_ws/install/nav2_util/lib:/home/deivideich/Holonomic_Base_Simulation/ros_2_ws/install/nav2_voxel_grid/lib:/home/deivideich/Holonomic_Base_Simulation/ros_2_ws/install/nav2_msgs/lib:/home/deivideich/Holonomic_Base_Simulation/ros_2_ws/install/nav_2d_msgs/lib:${LD_LIBRARY_PATH} PYTHONPATH=/home/deivideich/Holonomic_Base_Simulation/ros_2_ws/install/nav2_msgs/lib/python3.8/site-packages:/home/deivideich/Holonomic_Base_Simulation/ros_2_ws/install/nav_2d_msgs/lib/python3.8/site-packages:/home/deivideich/Holonomic_Base_Simulation/ros_2_ws/install/nav2_common/lib/python3.8/site-packages:${PYTHONPATH} /usr/bin/cmake --build /home/deivideich/Holonomic_Base_Simulation/ros_2_ws/build/nav2_controller -- -j16 -l16
[14.714s] [35m[1mScanning dependencies of target gtest_main[0m
[14.714s] [35m[1mScanning dependencies of target gtest[0m
[14.714s] [35m[1mScanning dependencies of target controller_server_core[0m
[14.714s] [35m[1mScanning dependencies of target simple_progress_checker[0m
[14.714s] [35m[1mScanning dependencies of target simple_goal_checker[0m
[14.734s] [  5%] [32mBuilding CXX object gtest/CMakeFiles/gtest_main.dir/src/gtest_main.cc.o[0m
[14.739s] [ 11%] [32mBuilding CXX object gtest/CMakeFiles/gtest.dir/src/gtest-all.cc.o[0m
[14.783s] [ 16%] [32mBuilding CXX object CMakeFiles/simple_goal_checker.dir/plugins/simple_goal_checker.cpp.o[0m
[14.791s] [ 22%] [32mBuilding CXX object CMakeFiles/simple_progress_checker.dir/plugins/simple_progress_checker.cpp.o[0m
[14.826s] [ 27%] [32mBuilding CXX object CMakeFiles/controller_server_core.dir/src/nav2_controller.cpp.o[0m
[15.823s] [ 33%] [32m[1mLinking CXX static library libgtest_main.a[0m
[15.874s] [ 33%] Built target gtest_main
[17.107s] [ 38%] [32m[1mLinking CXX shared library libsimple_progress_checker.so[0m
[17.279s] [ 38%] Built target simple_progress_checker
[17.950s] [ 44%] [32m[1mLinking CXX shared library libsimple_goal_checker.so[0m
[18.120s] [ 44%] Built target simple_goal_checker
[18.128s] [35m[1mScanning dependencies of target stopped_goal_checker[0m
[18.172s] [ 50%] [32mBuilding CXX object CMakeFiles/stopped_goal_checker.dir/plugins/stopped_goal_checker.cpp.o[0m
[20.086s] [ 55%] [32m[1mLinking CXX shared library libstopped_goal_checker.so[0m
[20.238s] [ 55%] Built target stopped_goal_checker
[22.434s] [ 61%] [32m[1mLinking CXX static library libgtest.a[0m
[22.473s] [ 61%] Built target gtest
[22.483s] [35m[1mScanning dependencies of target pctest[0m
[22.483s] [35m[1mScanning dependencies of target gctest[0m
[22.527s] [ 66%] [32mBuilding CXX object plugins/test/CMakeFiles/gctest.dir/goal_checker.cpp.o[0m
[22.527s] [ 72%] [32mBuilding CXX object plugins/test/CMakeFiles/pctest.dir/progress_checker.cpp.o[0m
[24.920s] [ 77%] [32m[1mLinking CXX executable gctest[0m
[25.016s] [ 83%] [32m[1mLinking CXX executable pctest[0m
[25.118s] [ 83%] Built target gctest
[25.204s] [ 83%] Built target pctest
[40.324s] [ 88%] [32m[1mLinking CXX static library libcontroller_server_core.a[0m
[40.555s] [ 88%] Built target controller_server_core
[40.620s] [35m[1mScanning dependencies of target controller_server[0m
[40.829s] [ 94%] [32mBuilding CXX object CMakeFiles/controller_server.dir/src/main.cpp.o[0m
[51.134s] [100%] [32m[1mLinking CXX executable controller_server[0m
[51.419s] [100%] Built target controller_server
[51.430s] Invoked command in '/home/deivideich/Holonomic_Base_Simulation/ros_2_ws/build/nav2_controller' returned '0': AMENT_PREFIX_PATH=/home/deivideich/Holonomic_Base_Simulation/ros_2_ws/install/nav2_core:/home/deivideich/Holonomic_Base_Simulation/ros_2_ws/install/nav2_costmap_2d:/home/deivideich/Holonomic_Base_Simulation/ros_2_ws/install/nav_2d_utils:/home/deivideich/Holonomic_Base_Simulation/ros_2_ws/install/nav2_util:/home/deivideich/Holonomic_Base_Simulation/ros_2_ws/install/nav2_voxel_grid:/home/deivideich/Holonomic_Base_Simulation/ros_2_ws/install/nav2_msgs:/home/deivideich/Holonomic_Base_Simulation/ros_2_ws/install/nav_2d_msgs:/home/deivideich/Holonomic_Base_Simulation/ros_2_ws/install/nav2_common:${AMENT_PREFIX_PATH} CMAKE_PREFIX_PATH=/home/deivideich/Holonomic_Base_Simulation/ros_2_ws/install/nav2_core:/home/deivideich/Holonomic_Base_Simulation/ros_2_ws/install/nav2_costmap_2d:/home/deivideich/Holonomic_Base_Simulation/ros_2_ws/install/nav_2d_utils:/home/deivideich/Holonomic_Base_Simulation/ros_2_ws/install/nav2_util:/home/deivideich/Holonomic_Base_Simulation/ros_2_ws/install/nav2_voxel_grid:/home/deivideich/Holonomic_Base_Simulation/ros_2_ws/install/nav2_msgs:/home/deivideich/Holonomic_Base_Simulation/ros_2_ws/install/nav_2d_msgs:/home/deivideich/Holonomic_Base_Simulation/ros_2_ws/install/nav2_common:/home/deivideich/Holonomic_Base_Simulation/ros_2_ws/install/octobot_2:/opt/ros/foxy:${CMAKE_PREFIX_PATH} LD_LIBRARY_PATH=/home/deivideich/Holonomic_Base_Simulation/ros_2_ws/install/nav2_costmap_2d/lib:/home/deivideich/Holonomic_Base_Simulation/ros_2_ws/install/nav_2d_utils/lib:/home/deivideich/Holonomic_Base_Simulation/ros_2_ws/install/nav2_util/lib:/home/deivideich/Holonomic_Base_Simulation/ros_2_ws/install/nav2_voxel_grid/lib:/home/deivideich/Holonomic_Base_Simulation/ros_2_ws/install/nav2_msgs/lib:/home/deivideich/Holonomic_Base_Simulation/ros_2_ws/install/nav_2d_msgs/lib:${LD_LIBRARY_PATH} PYTHONPATH=/home/deivideich/Holonomic_Base_Simulation/ros_2_ws/install/nav2_msgs/lib/python3.8/site-packages:/home/deivideich/Holonomic_Base_Simulation/ros_2_ws/install/nav_2d_msgs/lib/python3.8/site-packages:/home/deivideich/Holonomic_Base_Simulation/ros_2_ws/install/nav2_common/lib/python3.8/site-packages:${PYTHONPATH} /usr/bin/cmake --build /home/deivideich/Holonomic_Base_Simulation/ros_2_ws/build/nav2_controller -- -j16 -l16
[51.461s] Invoking command in '/home/deivideich/Holonomic_Base_Simulation/ros_2_ws/build/nav2_controller': AMENT_PREFIX_PATH=/home/deivideich/Holonomic_Base_Simulation/ros_2_ws/install/nav2_core:/home/deivideich/Holonomic_Base_Simulation/ros_2_ws/install/nav2_costmap_2d:/home/deivideich/Holonomic_Base_Simulation/ros_2_ws/install/nav_2d_utils:/home/deivideich/Holonomic_Base_Simulation/ros_2_ws/install/nav2_util:/home/deivideich/Holonomic_Base_Simulation/ros_2_ws/install/nav2_voxel_grid:/home/deivideich/Holonomic_Base_Simulation/ros_2_ws/install/nav2_msgs:/home/deivideich/Holonomic_Base_Simulation/ros_2_ws/install/nav_2d_msgs:/home/deivideich/Holonomic_Base_Simulation/ros_2_ws/install/nav2_common:${AMENT_PREFIX_PATH} CMAKE_PREFIX_PATH=/home/deivideich/Holonomic_Base_Simulation/ros_2_ws/install/nav2_core:/home/deivideich/Holonomic_Base_Simulation/ros_2_ws/install/nav2_costmap_2d:/home/deivideich/Holonomic_Base_Simulation/ros_2_ws/install/nav_2d_utils:/home/deivideich/Holonomic_Base_Simulation/ros_2_ws/install/nav2_util:/home/deivideich/Holonomic_Base_Simulation/ros_2_ws/install/nav2_voxel_grid:/home/deivideich/Holonomic_Base_Simulation/ros_2_ws/install/nav2_msgs:/home/deivideich/Holonomic_Base_Simulation/ros_2_ws/install/nav_2d_msgs:/home/deivideich/Holonomic_Base_Simulation/ros_2_ws/install/nav2_common:/home/deivideich/Holonomic_Base_Simulation/ros_2_ws/install/octobot_2:/opt/ros/foxy:${CMAKE_PREFIX_PATH} LD_LIBRARY_PATH=/home/deivideich/Holonomic_Base_Simulation/ros_2_ws/install/nav2_costmap_2d/lib:/home/deivideich/Holonomic_Base_Simulation/ros_2_ws/install/nav_2d_utils/lib:/home/deivideich/Holonomic_Base_Simulation/ros_2_ws/install/nav2_util/lib:/home/deivideich/Holonomic_Base_Simulation/ros_2_ws/install/nav2_voxel_grid/lib:/home/deivideich/Holonomic_Base_Simulation/ros_2_ws/install/nav2_msgs/lib:/home/deivideich/Holonomic_Base_Simulation/ros_2_ws/install/nav_2d_msgs/lib:${LD_LIBRARY_PATH} PYTHONPATH=/home/deivideich/Holonomic_Base_Simulation/ros_2_ws/install/nav2_msgs/lib/python3.8/site-packages:/home/deivideich/Holonomic_Base_Simulation/ros_2_ws/install/nav_2d_msgs/lib/python3.8/site-packages:/home/deivideich/Holonomic_Base_Simulation/ros_2_ws/install/nav2_common/lib/python3.8/site-packages:${PYTHONPATH} /usr/bin/cmake --install /home/deivideich/Holonomic_Base_Simulation/ros_2_ws/build/nav2_controller
[51.470s] -- Install configuration: "Release"
[51.470s] -- Installing: /home/deivideich/Holonomic_Base_Simulation/ros_2_ws/install/nav2_controller/lib/libsimple_progress_checker.so
[51.471s] -- Set runtime path of "/home/deivideich/Holonomic_Base_Simulation/ros_2_ws/install/nav2_controller/lib/libsimple_progress_checker.so" to ""
[51.471s] -- Installing: /home/deivideich/Holonomic_Base_Simulation/ros_2_ws/install/nav2_controller/lib/libsimple_goal_checker.so
[51.471s] -- Set runtime path of "/home/deivideich/Holonomic_Base_Simulation/ros_2_ws/install/nav2_controller/lib/libsimple_goal_checker.so" to ""
[51.471s] -- Installing: /home/deivideich/Holonomic_Base_Simulation/ros_2_ws/install/nav2_controller/lib/libstopped_goal_checker.so
[51.471s] -- Set runtime path of "/home/deivideich/Holonomic_Base_Simulation/ros_2_ws/install/nav2_controller/lib/libstopped_goal_checker.so" to ""
[51.471s] -- Installing: /home/deivideich/Holonomic_Base_Simulation/ros_2_ws/install/nav2_controller/lib/libcontroller_server_core.a
[51.474s] -- Installing: /home/deivideich/Holonomic_Base_Simulation/ros_2_ws/install/nav2_controller/lib/nav2_controller/controller_server
[51.475s] -- Set runtime path of "/home/deivideich/Holonomic_Base_Simulation/ros_2_ws/install/nav2_controller/lib/nav2_controller/controller_server" to ""
[51.475s] -- Installing: /home/deivideich/Holonomic_Base_Simulation/ros_2_ws/install/nav2_controller/include/
[51.475s] -- Installing: /home/deivideich/Holonomic_Base_Simulation/ros_2_ws/install/nav2_controller/include//nav2_controller
[51.475s] -- Installing: /home/deivideich/Holonomic_Base_Simulation/ros_2_ws/install/nav2_controller/include//nav2_controller/plugins
[51.475s] -- Installing: /home/deivideich/Holonomic_Base_Simulation/ros_2_ws/install/nav2_controller/include//nav2_controller/plugins/simple_progress_checker.hpp
[51.475s] -- Installing: /home/deivideich/Holonomic_Base_Simulation/ros_2_ws/install/nav2_controller/include//nav2_controller/plugins/simple_goal_checker.hpp
[51.475s] -- Installing: /home/deivideich/Holonomic_Base_Simulation/ros_2_ws/install/nav2_controller/include//nav2_controller/plugins/stopped_goal_checker.hpp
[51.476s] -- Installing: /home/deivideich/Holonomic_Base_Simulation/ros_2_ws/install/nav2_controller/include//nav2_controller/nav2_controller.hpp
[51.476s] -- Installing: /home/deivideich/Holonomic_Base_Simulation/ros_2_ws/install/nav2_controller/share/nav2_controller/environment/library_path.sh
[51.476s] -- Installing: /home/deivideich/Holonomic_Base_Simulation/ros_2_ws/install/nav2_controller/share/nav2_controller/environment/library_path.dsv
[51.476s] -- Installing: /home/deivideich/Holonomic_Base_Simulation/ros_2_ws/install/nav2_controller/share/nav2_controller/plugins.xml
[51.476s] -- Installing: /home/deivideich/Holonomic_Base_Simulation/ros_2_ws/install/nav2_controller/share/ament_index/resource_index/package_run_dependencies/nav2_controller
[51.476s] -- Installing: /home/deivideich/Holonomic_Base_Simulation/ros_2_ws/install/nav2_controller/share/ament_index/resource_index/parent_prefix_path/nav2_controller
[51.476s] -- Installing: /home/deivideich/Holonomic_Base_Simulation/ros_2_ws/install/nav2_controller/share/nav2_controller/environment/ament_prefix_path.sh
[51.476s] -- Installing: /home/deivideich/Holonomic_Base_Simulation/ros_2_ws/install/nav2_controller/share/nav2_controller/environment/ament_prefix_path.dsv
[51.476s] -- Installing: /home/deivideich/Holonomic_Base_Simulation/ros_2_ws/install/nav2_controller/share/nav2_controller/environment/path.sh
[51.476s] -- Installing: /home/deivideich/Holonomic_Base_Simulation/ros_2_ws/install/nav2_controller/share/nav2_controller/environment/path.dsv
[51.476s] -- Installing: /home/deivideich/Holonomic_Base_Simulation/ros_2_ws/install/nav2_controller/share/nav2_controller/local_setup.bash
[51.477s] -- Installing: /home/deivideich/Holonomic_Base_Simulation/ros_2_ws/install/nav2_controller/share/nav2_controller/local_setup.sh
[51.477s] -- Installing: /home/deivideich/Holonomic_Base_Simulation/ros_2_ws/install/nav2_controller/share/nav2_controller/local_setup.zsh
[51.477s] -- Installing: /home/deivideich/Holonomic_Base_Simulation/ros_2_ws/install/nav2_controller/share/nav2_controller/local_setup.dsv
[51.477s] -- Installing: /home/deivideich/Holonomic_Base_Simulation/ros_2_ws/install/nav2_controller/share/nav2_controller/package.dsv
[51.477s] -- Installing: /home/deivideich/Holonomic_Base_Simulation/ros_2_ws/install/nav2_controller/share/ament_index/resource_index/packages/nav2_controller
[51.477s] -- Installing: /home/deivideich/Holonomic_Base_Simulation/ros_2_ws/install/nav2_controller/share/ament_index/resource_index/nav2_core__pluginlib__plugin/nav2_controller
[51.477s] -- Installing: /home/deivideich/Holonomic_Base_Simulation/ros_2_ws/install/nav2_controller/share/nav2_controller/cmake/ament_cmake_export_include_directories-extras.cmake
[51.477s] -- Installing: /home/deivideich/Holonomic_Base_Simulation/ros_2_ws/install/nav2_controller/share/nav2_controller/cmake/ament_cmake_export_libraries-extras.cmake
[51.477s] -- Installing: /home/deivideich/Holonomic_Base_Simulation/ros_2_ws/install/nav2_controller/share/nav2_controller/cmake/ament_cmake_export_definitions-extras.cmake
[51.478s] -- Installing: /home/deivideich/Holonomic_Base_Simulation/ros_2_ws/install/nav2_controller/share/nav2_controller/cmake/nav2_controllerConfig.cmake
[51.478s] -- Installing: /home/deivideich/Holonomic_Base_Simulation/ros_2_ws/install/nav2_controller/share/nav2_controller/cmake/nav2_controllerConfig-version.cmake
[51.478s] -- Installing: /home/deivideich/Holonomic_Base_Simulation/ros_2_ws/install/nav2_controller/share/nav2_controller/package.xml
[51.480s] Invoked command in '/home/deivideich/Holonomic_Base_Simulation/ros_2_ws/build/nav2_controller' returned '0': AMENT_PREFIX_PATH=/home/deivideich/Holonomic_Base_Simulation/ros_2_ws/install/nav2_core:/home/deivideich/Holonomic_Base_Simulation/ros_2_ws/install/nav2_costmap_2d:/home/deivideich/Holonomic_Base_Simulation/ros_2_ws/install/nav_2d_utils:/home/deivideich/Holonomic_Base_Simulation/ros_2_ws/install/nav2_util:/home/deivideich/Holonomic_Base_Simulation/ros_2_ws/install/nav2_voxel_grid:/home/deivideich/Holonomic_Base_Simulation/ros_2_ws/install/nav2_msgs:/home/deivideich/Holonomic_Base_Simulation/ros_2_ws/install/nav_2d_msgs:/home/deivideich/Holonomic_Base_Simulation/ros_2_ws/install/nav2_common:${AMENT_PREFIX_PATH} CMAKE_PREFIX_PATH=/home/deivideich/Holonomic_Base_Simulation/ros_2_ws/install/nav2_core:/home/deivideich/Holonomic_Base_Simulation/ros_2_ws/install/nav2_costmap_2d:/home/deivideich/Holonomic_Base_Simulation/ros_2_ws/install/nav_2d_utils:/home/deivideich/Holonomic_Base_Simulation/ros_2_ws/install/nav2_util:/home/deivideich/Holonomic_Base_Simulation/ros_2_ws/install/nav2_voxel_grid:/home/deivideich/Holonomic_Base_Simulation/ros_2_ws/install/nav2_msgs:/home/deivideich/Holonomic_Base_Simulation/ros_2_ws/install/nav_2d_msgs:/home/deivideich/Holonomic_Base_Simulation/ros_2_ws/install/nav2_common:/home/deivideich/Holonomic_Base_Simulation/ros_2_ws/install/octobot_2:/opt/ros/foxy:${CMAKE_PREFIX_PATH} LD_LIBRARY_PATH=/home/deivideich/Holonomic_Base_Simulation/ros_2_ws/install/nav2_costmap_2d/lib:/home/deivideich/Holonomic_Base_Simulation/ros_2_ws/install/nav_2d_utils/lib:/home/deivideich/Holonomic_Base_Simulation/ros_2_ws/install/nav2_util/lib:/home/deivideich/Holonomic_Base_Simulation/ros_2_ws/install/nav2_voxel_grid/lib:/home/deivideich/Holonomic_Base_Simulation/ros_2_ws/install/nav2_msgs/lib:/home/deivideich/Holonomic_Base_Simulation/ros_2_ws/install/nav_2d_msgs/lib:${LD_LIBRARY_PATH} PYTHONPATH=/home/deivideich/Holonomic_Base_Simulation/ros_2_ws/install/nav2_msgs/lib/python3.8/site-packages:/home/deivideich/Holonomic_Base_Simulation/ros_2_ws/install/nav_2d_msgs/lib/python3.8/site-packages:/home/deivideich/Holonomic_Base_Simulation/ros_2_ws/install/nav2_common/lib/python3.8/site-packages:${PYTHONPATH} /usr/bin/cmake --install /home/deivideich/Holonomic_Base_Simulation/ros_2_ws/build/nav2_controller
