[0.369s] Invoking command in '/home/deivideich/Holonomic_Base_Simulation/ros_2_ws/build/smac_planner': AMENT_PREFIX_PATH=/home/deivideich/Holonomic_Base_Simulation/ros_2_ws/install/nav2_core:/home/deivideich/Holonomic_Base_Simulation/ros_2_ws/install/nav2_costmap_2d:/home/deivideich/Holonomic_Base_Simulation/ros_2_ws/install/nav2_util:/home/deivideich/Holonomic_Base_Simulation/ros_2_ws/install/nav2_voxel_grid:/home/deivideich/Holonomic_Base_Simulation/ros_2_ws/install/nav2_msgs:/home/deivideich/Holonomic_Base_Simulation/ros_2_ws/install/nav2_common:${AMENT_PREFIX_PATH} CMAKE_PREFIX_PATH=/home/deivideich/Holonomic_Base_Simulation/ros_2_ws/install/nav2_core:/home/deivideich/Holonomic_Base_Simulation/ros_2_ws/install/nav2_costmap_2d:/home/deivideich/Holonomic_Base_Simulation/ros_2_ws/install/nav2_util:/home/deivideich/Holonomic_Base_Simulation/ros_2_ws/install/nav2_voxel_grid:/home/deivideich/Holonomic_Base_Simulation/ros_2_ws/install/nav2_msgs:/home/deivideich/Holonomic_Base_Simulation/ros_2_ws/install/nav2_common:/home/deivideich/Holonomic_Base_Simulation/ros_2_ws/install/octobot_2:/opt/ros/foxy:${CMAKE_PREFIX_PATH} LD_LIBRARY_PATH=/home/deivideich/Holonomic_Base_Simulation/ros_2_ws/install/nav2_costmap_2d/lib:/home/deivideich/Holonomic_Base_Simulation/ros_2_ws/install/nav2_util/lib:/home/deivideich/Holonomic_Base_Simulation/ros_2_ws/install/nav2_voxel_grid/lib:/home/deivideich/Holonomic_Base_Simulation/ros_2_ws/install/nav2_msgs/lib:${LD_LIBRARY_PATH} PYTHONPATH=/home/deivideich/Holonomic_Base_Simulation/ros_2_ws/install/nav2_msgs/lib/python3.8/site-packages:/home/deivideich/Holonomic_Base_Simulation/ros_2_ws/install/nav2_common/lib/python3.8/site-packages:${PYTHONPATH} /usr/bin/cmake --build /home/deivideich/Holonomic_Base_Simulation/ros_2_ws/build/smac_planner -- -j16 -l16
[0.409s] [ 11%] Built target gtest_main
[0.409s] [ 11%] Built target gtest
[0.431s] [ 47%] Built target smac_planner
[0.431s] [ 47%] Built target smac_planner_2d
[0.461s] [ 52%] Built target test_nodese2
[0.462s] [ 64%] Built target test_node2d
[0.463s] [ 64%] Built target test_smac_2d
[0.464s] [ 70%] Built target test_a_star
[0.465s] [ 76%] Built target test_collision_checker
[0.466s] [ 88%] Built target test_costmap_downsampler
[0.467s] [ 88%] Built target test_smac_se2
[0.468s] [ 94%] Built target test_smoother
[0.470s] [100%] Built target test_nodebasic
[0.540s] Invoked command in '/home/deivideich/Holonomic_Base_Simulation/ros_2_ws/build/smac_planner' returned '0': AMENT_PREFIX_PATH=/home/deivideich/Holonomic_Base_Simulation/ros_2_ws/install/nav2_core:/home/deivideich/Holonomic_Base_Simulation/ros_2_ws/install/nav2_costmap_2d:/home/deivideich/Holonomic_Base_Simulation/ros_2_ws/install/nav2_util:/home/deivideich/Holonomic_Base_Simulation/ros_2_ws/install/nav2_voxel_grid:/home/deivideich/Holonomic_Base_Simulation/ros_2_ws/install/nav2_msgs:/home/deivideich/Holonomic_Base_Simulation/ros_2_ws/install/nav2_common:${AMENT_PREFIX_PATH} CMAKE_PREFIX_PATH=/home/deivideich/Holonomic_Base_Simulation/ros_2_ws/install/nav2_core:/home/deivideich/Holonomic_Base_Simulation/ros_2_ws/install/nav2_costmap_2d:/home/deivideich/Holonomic_Base_Simulation/ros_2_ws/install/nav2_util:/home/deivideich/Holonomic_Base_Simulation/ros_2_ws/install/nav2_voxel_grid:/home/deivideich/Holonomic_Base_Simulation/ros_2_ws/install/nav2_msgs:/home/deivideich/Holonomic_Base_Simulation/ros_2_ws/install/nav2_common:/home/deivideich/Holonomic_Base_Simulation/ros_2_ws/install/octobot_2:/opt/ros/foxy:${CMAKE_PREFIX_PATH} LD_LIBRARY_PATH=/home/deivideich/Holonomic_Base_Simulation/ros_2_ws/install/nav2_costmap_2d/lib:/home/deivideich/Holonomic_Base_Simulation/ros_2_ws/install/nav2_util/lib:/home/deivideich/Holonomic_Base_Simulation/ros_2_ws/install/nav2_voxel_grid/lib:/home/deivideich/Holonomic_Base_Simulation/ros_2_ws/install/nav2_msgs/lib:${LD_LIBRARY_PATH} PYTHONPATH=/home/deivideich/Holonomic_Base_Simulation/ros_2_ws/install/nav2_msgs/lib/python3.8/site-packages:/home/deivideich/Holonomic_Base_Simulation/ros_2_ws/install/nav2_common/lib/python3.8/site-packages:${PYTHONPATH} /usr/bin/cmake --build /home/deivideich/Holonomic_Base_Simulation/ros_2_ws/build/smac_planner -- -j16 -l16
[1.428s] Invoking command in '/home/deivideich/Holonomic_Base_Simulation/ros_2_ws/build/smac_planner': AMENT_PREFIX_PATH=/home/deivideich/Holonomic_Base_Simulation/ros_2_ws/install/nav2_core:/home/deivideich/Holonomic_Base_Simulation/ros_2_ws/install/nav2_costmap_2d:/home/deivideich/Holonomic_Base_Simulation/ros_2_ws/install/nav2_util:/home/deivideich/Holonomic_Base_Simulation/ros_2_ws/install/nav2_voxel_grid:/home/deivideich/Holonomic_Base_Simulation/ros_2_ws/install/nav2_msgs:/home/deivideich/Holonomic_Base_Simulation/ros_2_ws/install/nav2_common:${AMENT_PREFIX_PATH} CMAKE_PREFIX_PATH=/home/deivideich/Holonomic_Base_Simulation/ros_2_ws/install/nav2_core:/home/deivideich/Holonomic_Base_Simulation/ros_2_ws/install/nav2_costmap_2d:/home/deivideich/Holonomic_Base_Simulation/ros_2_ws/install/nav2_util:/home/deivideich/Holonomic_Base_Simulation/ros_2_ws/install/nav2_voxel_grid:/home/deivideich/Holonomic_Base_Simulation/ros_2_ws/install/nav2_msgs:/home/deivideich/Holonomic_Base_Simulation/ros_2_ws/install/nav2_common:/home/deivideich/Holonomic_Base_Simulation/ros_2_ws/install/octobot_2:/opt/ros/foxy:${CMAKE_PREFIX_PATH} LD_LIBRARY_PATH=/home/deivideich/Holonomic_Base_Simulation/ros_2_ws/install/nav2_costmap_2d/lib:/home/deivideich/Holonomic_Base_Simulation/ros_2_ws/install/nav2_util/lib:/home/deivideich/Holonomic_Base_Simulation/ros_2_ws/install/nav2_voxel_grid/lib:/home/deivideich/Holonomic_Base_Simulation/ros_2_ws/install/nav2_msgs/lib:${LD_LIBRARY_PATH} PYTHONPATH=/home/deivideich/Holonomic_Base_Simulation/ros_2_ws/install/nav2_msgs/lib/python3.8/site-packages:/home/deivideich/Holonomic_Base_Simulation/ros_2_ws/install/nav2_common/lib/python3.8/site-packages:${PYTHONPATH} /usr/bin/cmake --install /home/deivideich/Holonomic_Base_Simulation/ros_2_ws/build/smac_planner
[1.434s] -- Install configuration: "Release"
[1.434s] -- Up-to-date: /home/deivideich/Holonomic_Base_Simulation/ros_2_ws/install/smac_planner/share/smac_planner/smac_plugin.xml
[1.435s] -- Up-to-date: /home/deivideich/Holonomic_Base_Simulation/ros_2_ws/install/smac_planner/share/smac_planner/smac_plugin_2d.xml
[1.435s] -- Up-to-date: /home/deivideich/Holonomic_Base_Simulation/ros_2_ws/install/smac_planner/lib/libsmac_planner.so
[1.435s] -- Up-to-date: /home/deivideich/Holonomic_Base_Simulation/ros_2_ws/install/smac_planner/lib/libsmac_planner_2d.so
[1.435s] -- Up-to-date: /home/deivideich/Holonomic_Base_Simulation/ros_2_ws/install/smac_planner/include/
[1.436s] -- Up-to-date: /home/deivideich/Holonomic_Base_Simulation/ros_2_ws/install/smac_planner/include//smac_planner
[1.436s] -- Up-to-date: /home/deivideich/Holonomic_Base_Simulation/ros_2_ws/install/smac_planner/include//smac_planner/types.hpp
[1.436s] -- Up-to-date: /home/deivideich/Holonomic_Base_Simulation/ros_2_ws/install/smac_planner/include//smac_planner/node_basic.hpp
[1.437s] -- Up-to-date: /home/deivideich/Holonomic_Base_Simulation/ros_2_ws/install/smac_planner/include//smac_planner/a_star.hpp
[1.437s] -- Up-to-date: /home/deivideich/Holonomic_Base_Simulation/ros_2_ws/install/smac_planner/include//smac_planner/smac_planner.hpp
[1.437s] -- Up-to-date: /home/deivideich/Holonomic_Base_Simulation/ros_2_ws/install/smac_planner/include//smac_planner/constants.hpp
[1.437s] -- Up-to-date: /home/deivideich/Holonomic_Base_Simulation/ros_2_ws/install/smac_planner/include//smac_planner/node_2d.hpp
[1.437s] -- Up-to-date: /home/deivideich/Holonomic_Base_Simulation/ros_2_ws/install/smac_planner/include//smac_planner/smoother_cost_function.hpp
[1.437s] -- Up-to-date: /home/deivideich/Holonomic_Base_Simulation/ros_2_ws/install/smac_planner/include//smac_planner/collision_checker.hpp
[1.437s] -- Up-to-date: /home/deivideich/Holonomic_Base_Simulation/ros_2_ws/install/smac_planner/include//smac_planner/smac_planner_2d.hpp
[1.438s] -- Up-to-date: /home/deivideich/Holonomic_Base_Simulation/ros_2_ws/install/smac_planner/include//smac_planner/options.hpp
[1.438s] -- Up-to-date: /home/deivideich/Holonomic_Base_Simulation/ros_2_ws/install/smac_planner/include//smac_planner/node_se2.hpp
[1.438s] -- Up-to-date: /home/deivideich/Holonomic_Base_Simulation/ros_2_ws/install/smac_planner/include//smac_planner/costmap_downsampler.hpp
[1.438s] -- Up-to-date: /home/deivideich/Holonomic_Base_Simulation/ros_2_ws/install/smac_planner/include//smac_planner/smoother.hpp
[1.439s] -- Up-to-date: /home/deivideich/Holonomic_Base_Simulation/ros_2_ws/install/smac_planner/share/smac_planner/environment/library_path.sh
[1.439s] -- Up-to-date: /home/deivideich/Holonomic_Base_Simulation/ros_2_ws/install/smac_planner/share/smac_planner/environment/library_path.dsv
[1.439s] -- Up-to-date: /home/deivideich/Holonomic_Base_Simulation/ros_2_ws/install/smac_planner/share/ament_index/resource_index/package_run_dependencies/smac_planner
[1.439s] -- Up-to-date: /home/deivideich/Holonomic_Base_Simulation/ros_2_ws/install/smac_planner/share/ament_index/resource_index/parent_prefix_path/smac_planner
[1.439s] -- Up-to-date: /home/deivideich/Holonomic_Base_Simulation/ros_2_ws/install/smac_planner/share/smac_planner/environment/ament_prefix_path.sh
[1.439s] -- Up-to-date: /home/deivideich/Holonomic_Base_Simulation/ros_2_ws/install/smac_planner/share/smac_planner/environment/ament_prefix_path.dsv
[1.440s] -- Up-to-date: /home/deivideich/Holonomic_Base_Simulation/ros_2_ws/install/smac_planner/share/smac_planner/environment/path.sh
[1.440s] -- Up-to-date: /home/deivideich/Holonomic_Base_Simulation/ros_2_ws/install/smac_planner/share/smac_planner/environment/path.dsv
[1.440s] -- Up-to-date: /home/deivideich/Holonomic_Base_Simulation/ros_2_ws/install/smac_planner/share/smac_planner/local_setup.bash
[1.440s] -- Up-to-date: /home/deivideich/Holonomic_Base_Simulation/ros_2_ws/install/smac_planner/share/smac_planner/local_setup.sh
[1.441s] -- Up-to-date: /home/deivideich/Holonomic_Base_Simulation/ros_2_ws/install/smac_planner/share/smac_planner/local_setup.zsh
[1.441s] -- Up-to-date: /home/deivideich/Holonomic_Base_Simulation/ros_2_ws/install/smac_planner/share/smac_planner/local_setup.dsv
[1.441s] -- Installing: /home/deivideich/Holonomic_Base_Simulation/ros_2_ws/install/smac_planner/share/smac_planner/package.dsv
[1.441s] -- Up-to-date: /home/deivideich/Holonomic_Base_Simulation/ros_2_ws/install/smac_planner/share/ament_index/resource_index/packages/smac_planner
[1.441s] -- Up-to-date: /home/deivideich/Holonomic_Base_Simulation/ros_2_ws/install/smac_planner/share/ament_index/resource_index/nav2_core__pluginlib__plugin/smac_planner
[1.441s] -- Up-to-date: /home/deivideich/Holonomic_Base_Simulation/ros_2_ws/install/smac_planner/share/smac_planner/cmake/ament_cmake_export_include_directories-extras.cmake
[1.442s] -- Up-to-date: /home/deivideich/Holonomic_Base_Simulation/ros_2_ws/install/smac_planner/share/smac_planner/cmake/ament_cmake_export_libraries-extras.cmake
[1.442s] -- Up-to-date: /home/deivideich/Holonomic_Base_Simulation/ros_2_ws/install/smac_planner/share/smac_planner/cmake/ament_cmake_export_dependencies-extras.cmake
[1.442s] -- Up-to-date: /home/deivideich/Holonomic_Base_Simulation/ros_2_ws/install/smac_planner/share/smac_planner/cmake/ament_cmake_export_definitions-extras.cmake
[1.442s] -- Up-to-date: /home/deivideich/Holonomic_Base_Simulation/ros_2_ws/install/smac_planner/share/smac_planner/cmake/smac_plannerConfig.cmake
[1.442s] -- Up-to-date: /home/deivideich/Holonomic_Base_Simulation/ros_2_ws/install/smac_planner/share/smac_planner/cmake/smac_plannerConfig-version.cmake
[1.442s] -- Up-to-date: /home/deivideich/Holonomic_Base_Simulation/ros_2_ws/install/smac_planner/share/smac_planner/package.xml
[2.635s] Invoked command in '/home/deivideich/Holonomic_Base_Simulation/ros_2_ws/build/smac_planner' returned '0': AMENT_PREFIX_PATH=/home/deivideich/Holonomic_Base_Simulation/ros_2_ws/install/nav2_core:/home/deivideich/Holonomic_Base_Simulation/ros_2_ws/install/nav2_costmap_2d:/home/deivideich/Holonomic_Base_Simulation/ros_2_ws/install/nav2_util:/home/deivideich/Holonomic_Base_Simulation/ros_2_ws/install/nav2_voxel_grid:/home/deivideich/Holonomic_Base_Simulation/ros_2_ws/install/nav2_msgs:/home/deivideich/Holonomic_Base_Simulation/ros_2_ws/install/nav2_common:${AMENT_PREFIX_PATH} CMAKE_PREFIX_PATH=/home/deivideich/Holonomic_Base_Simulation/ros_2_ws/install/nav2_core:/home/deivideich/Holonomic_Base_Simulation/ros_2_ws/install/nav2_costmap_2d:/home/deivideich/Holonomic_Base_Simulation/ros_2_ws/install/nav2_util:/home/deivideich/Holonomic_Base_Simulation/ros_2_ws/install/nav2_voxel_grid:/home/deivideich/Holonomic_Base_Simulation/ros_2_ws/install/nav2_msgs:/home/deivideich/Holonomic_Base_Simulation/ros_2_ws/install/nav2_common:/home/deivideich/Holonomic_Base_Simulation/ros_2_ws/install/octobot_2:/opt/ros/foxy:${CMAKE_PREFIX_PATH} LD_LIBRARY_PATH=/home/deivideich/Holonomic_Base_Simulation/ros_2_ws/install/nav2_costmap_2d/lib:/home/deivideich/Holonomic_Base_Simulation/ros_2_ws/install/nav2_util/lib:/home/deivideich/Holonomic_Base_Simulation/ros_2_ws/install/nav2_voxel_grid/lib:/home/deivideich/Holonomic_Base_Simulation/ros_2_ws/install/nav2_msgs/lib:${LD_LIBRARY_PATH} PYTHONPATH=/home/deivideich/Holonomic_Base_Simulation/ros_2_ws/install/nav2_msgs/lib/python3.8/site-packages:/home/deivideich/Holonomic_Base_Simulation/ros_2_ws/install/nav2_common/lib/python3.8/site-packages:${PYTHONPATH} /usr/bin/cmake --install /home/deivideich/Holonomic_Base_Simulation/ros_2_ws/build/smac_planner
