[0.912s] Invoking command in '/home/deivideich/ros_2_ws/src/octobot_2': PYTHONPATH=/home/deivideich/ros_2_ws/build/octobot_2/prefix_override:/home/deivideich/ros_2_ws/install/octobot_2/lib/python3.8/site-packages:${PYTHONPATH} /usr/bin/python3 setup.py egg_info --egg-base ../../build/octobot_2 build --build-base /home/deivideich/ros_2_ws/build/octobot_2/build install --record /home/deivideich/ros_2_ws/build/octobot_2/install.log --install-scripts $base/lib/octobot_2 --single-version-externally-managed
[1.092s] running egg_info
[1.094s] writing ../../build/octobot_2/octobot_2.egg-info/PKG-INFO
[1.094s] writing dependency_links to ../../build/octobot_2/octobot_2.egg-info/dependency_links.txt
[1.095s] writing entry points to ../../build/octobot_2/octobot_2.egg-info/entry_points.txt
[1.095s] writing requirements to ../../build/octobot_2/octobot_2.egg-info/requires.txt
[1.095s] writing top-level names to ../../build/octobot_2/octobot_2.egg-info/top_level.txt
[1.121s] reading manifest file '../../build/octobot_2/octobot_2.egg-info/SOURCES.txt'
[1.122s] writing manifest file '../../build/octobot_2/octobot_2.egg-info/SOURCES.txt'
[1.122s] running build
[1.122s] running build_py
[1.122s] running install
[1.122s] running install_lib
[1.123s] running install_data
[1.124s] copying launch/rsp.launch.py -> /home/deivideich/ros_2_ws/install/octobot_2/share/octobot_2/launch
[1.124s] running install_egg_info
[1.125s] removing '/home/deivideich/ros_2_ws/install/octobot_2/lib/python3.8/site-packages/octobot_2-0.0.0-py3.8.egg-info' (and everything under it)
[1.125s] Copying ../../build/octobot_2/octobot_2.egg-info to /home/deivideich/ros_2_ws/install/octobot_2/lib/python3.8/site-packages/octobot_2-0.0.0-py3.8.egg-info
[1.126s] running install_scripts
[1.141s] writing list of installed files to '/home/deivideich/ros_2_ws/build/octobot_2/install.log'
[1.156s] Invoked command in '/home/deivideich/ros_2_ws/src/octobot_2' returned '0': PYTHONPATH=/home/deivideich/ros_2_ws/build/octobot_2/prefix_override:/home/deivideich/ros_2_ws/install/octobot_2/lib/python3.8/site-packages:${PYTHONPATH} /usr/bin/python3 setup.py egg_info --egg-base ../../build/octobot_2 build --build-base /home/deivideich/ros_2_ws/build/octobot_2/build install --record /home/deivideich/ros_2_ws/build/octobot_2/install.log --install-scripts $base/lib/octobot_2 --single-version-externally-managed
