[1.050s] Invoking command in '/home/deivideich/Holonomic_Base_Simulation/ros_2_ws/build/nav_2d_utils': AMENT_PREFIX_PATH=/home/deivideich/Holonomic_Base_Simulation/ros_2_ws/install/nav2_util:/home/deivideich/Holonomic_Base_Simulation/ros_2_ws/install/nav2_msgs:/home/deivideich/Holonomic_Base_Simulation/ros_2_ws/install/nav_2d_msgs:/home/deivideich/Holonomic_Base_Simulation/ros_2_ws/install/nav2_common:${AMENT_PREFIX_PATH} CMAKE_PREFIX_PATH=/home/deivideich/Holonomic_Base_Simulation/ros_2_ws/install/nav2_util:/home/deivideich/Holonomic_Base_Simulation/ros_2_ws/install/nav2_msgs:/home/deivideich/Holonomic_Base_Simulation/ros_2_ws/install/nav_2d_msgs:/home/deivideich/Holonomic_Base_Simulation/ros_2_ws/install/nav2_common:/home/deivideich/Holonomic_Base_Simulation/ros_2_ws/install/octobot_2:/opt/ros/foxy:${CMAKE_PREFIX_PATH} LD_LIBRARY_PATH=/home/deivideich/Holonomic_Base_Simulation/ros_2_ws/install/nav2_util/lib:/home/deivideich/Holonomic_Base_Simulation/ros_2_ws/install/nav2_msgs/lib:/home/deivideich/Holonomic_Base_Simulation/ros_2_ws/install/nav_2d_msgs/lib:${LD_LIBRARY_PATH} PYTHONPATH=/home/deivideich/Holonomic_Base_Simulation/ros_2_ws/install/nav2_msgs/lib/python3.8/site-packages:/home/deivideich/Holonomic_Base_Simulation/ros_2_ws/install/nav_2d_msgs/lib/python3.8/site-packages:/home/deivideich/Holonomic_Base_Simulation/ros_2_ws/install/nav2_common/lib/python3.8/site-packages:${PYTHONPATH} /usr/bin/cmake /home/deivideich/Holonomic_Base_Simulation/ros_2_ws/navigation2/nav2_dwb_controller/nav_2d_utils -DCMAKE_INSTALL_PREFIX=/home/deivideich/Holonomic_Base_Simulation/ros_2_ws/install/nav_2d_utils
[1.092s] -- The C compiler identification is GNU 9.4.0
[1.135s] -- The CXX compiler identification is GNU 9.4.0
[1.138s] -- Check for working C compiler: /usr/bin/cc
[1.192s] -- Check for working C compiler: /usr/bin/cc -- works
[1.193s] -- Detecting C compiler ABI info
[1.247s] -- Detecting C compiler ABI info - done
[1.257s] -- Detecting C compile features
[1.258s] -- Detecting C compile features - done
[1.259s] -- Check for working CXX compiler: /usr/bin/c++
[1.325s] -- Check for working CXX compiler: /usr/bin/c++ -- works
[1.326s] -- Detecting CXX compiler ABI info
[1.390s] -- Detecting CXX compiler ABI info - done
[1.399s] -- Detecting CXX compile features
[1.400s] -- Detecting CXX compile features - done
[1.402s] -- Found ament_cmake: 0.9.12 (/opt/ros/foxy/share/ament_cmake/cmake)
[1.428s] -- Found PythonInterp: /usr/bin/python3 (found suitable version "3.8.10", minimum required is "3") 
[1.428s] -- Using PYTHON_EXECUTABLE: /usr/bin/python3
[1.634s] -- Found nav2_common: 0.4.7 (/home/deivideich/Holonomic_Base_Simulation/ros_2_ws/install/nav2_common/share/nav2_common/cmake)
[1.636s] -- Found geometry_msgs: 2.0.5 (/opt/ros/foxy/share/geometry_msgs/cmake)
[1.679s] -- Using all available rosidl_typesupport_c: rosidl_typesupport_fastrtps_c;rosidl_typesupport_introspection_c
[1.689s] -- Found rosidl_adapter: 1.3.1 (/opt/ros/foxy/share/rosidl_adapter/cmake)
[1.768s] -- Found OpenSSL: /usr/lib/x86_64-linux-gnu/libcrypto.so (found version "1.1.1f")  
[1.800s] -- Found FastRTPS: /opt/ros/foxy/include  
[1.867s] -- Using all available rosidl_typesupport_cpp: rosidl_typesupport_fastrtps_cpp;rosidl_typesupport_introspection_cpp
[1.941s] -- Found nav_2d_msgs: 0.4.7 (/home/deivideich/Holonomic_Base_Simulation/ros_2_ws/install/nav_2d_msgs/share/nav_2d_msgs/cmake)
[1.998s] -- Found nav_msgs: 2.0.5 (/opt/ros/foxy/share/nav_msgs/cmake)
[2.059s] -- Found rclcpp: 2.4.3 (/opt/ros/foxy/share/rclcpp/cmake)
[2.098s] -- Found rmw_implementation_cmake: 1.0.4 (/opt/ros/foxy/share/rmw_implementation_cmake/cmake)
[2.099s] -- Using RMW implementation 'rmw_fastrtps_cpp' as default
[2.100s] -- Looking for pthread.h
[2.162s] -- Looking for pthread.h - found
[2.162s] -- Performing Test CMAKE_HAVE_LIBC_PTHREAD
[2.227s] -- Performing Test CMAKE_HAVE_LIBC_PTHREAD - Failed
[2.227s] -- Looking for pthread_create in pthreads
[2.284s] -- Looking for pthread_create in pthreads - not found
[2.284s] -- Looking for pthread_create in pthread
[2.347s] -- Looking for pthread_create in pthread - found
[2.348s] -- Found Threads: TRUE  
[2.482s] -- Found tf2: 0.13.14 (/opt/ros/foxy/share/tf2/cmake)
[2.492s] -- Found tf2_geometry_msgs: 0.13.14 (/opt/ros/foxy/share/tf2_geometry_msgs/cmake)
[2.499s] -- Found eigen3_cmake_module: 0.1.1 (/opt/ros/foxy/share/eigen3_cmake_module/cmake)
[2.503s] -- Found Eigen3: TRUE (found version "3.3.7") 
[2.821s] -- Found nav2_msgs: 0.4.7 (/home/deivideich/Holonomic_Base_Simulation/ros_2_ws/install/nav2_msgs/share/nav2_msgs/cmake)
[3.006s] -- Found nav2_util: 0.4.7 (/home/deivideich/Holonomic_Base_Simulation/ros_2_ws/install/nav2_util/share/nav2_util/cmake)
[3.151s] -- Setting build type to Release as none was specified.
[3.409s] -- Found ament_lint_auto: 0.9.8 (/opt/ros/foxy/share/ament_lint_auto/cmake)
[3.477s] -- Added test 'cppcheck' to perform static code analysis on C / C++ code
[3.477s] -- Configured cppcheck include dirs: /home/deivideich/Holonomic_Base_Simulation/ros_2_ws/navigation2/nav2_dwb_controller/nav_2d_utils/include
[3.477s] -- Configured cppcheck exclude dirs and/or files: 
[3.478s] -- Added test 'cpplint' to check C / C++ code against the Google style
[3.478s] -- Configured cpplint exclude dirs and/or files: 
[3.479s] -- Added test 'lint_cmake' to check CMake code style
[3.480s] -- Added test 'uncrustify' to check C / C++ code style
[3.480s] -- Configured uncrustify additional arguments: 
[3.480s] -- Added test 'xmllint' to check XML markup files
[3.484s] -- Configuring done
[3.560s] -- Generating done
[3.563s] -- Build files have been written to: /home/deivideich/Holonomic_Base_Simulation/ros_2_ws/build/nav_2d_utils
[3.574s] Invoked command in '/home/deivideich/Holonomic_Base_Simulation/ros_2_ws/build/nav_2d_utils' returned '0': AMENT_PREFIX_PATH=/home/deivideich/Holonomic_Base_Simulation/ros_2_ws/install/nav2_util:/home/deivideich/Holonomic_Base_Simulation/ros_2_ws/install/nav2_msgs:/home/deivideich/Holonomic_Base_Simulation/ros_2_ws/install/nav_2d_msgs:/home/deivideich/Holonomic_Base_Simulation/ros_2_ws/install/nav2_common:${AMENT_PREFIX_PATH} CMAKE_PREFIX_PATH=/home/deivideich/Holonomic_Base_Simulation/ros_2_ws/install/nav2_util:/home/deivideich/Holonomic_Base_Simulation/ros_2_ws/install/nav2_msgs:/home/deivideich/Holonomic_Base_Simulation/ros_2_ws/install/nav_2d_msgs:/home/deivideich/Holonomic_Base_Simulation/ros_2_ws/install/nav2_common:/home/deivideich/Holonomic_Base_Simulation/ros_2_ws/install/octobot_2:/opt/ros/foxy:${CMAKE_PREFIX_PATH} LD_LIBRARY_PATH=/home/deivideich/Holonomic_Base_Simulation/ros_2_ws/install/nav2_util/lib:/home/deivideich/Holonomic_Base_Simulation/ros_2_ws/install/nav2_msgs/lib:/home/deivideich/Holonomic_Base_Simulation/ros_2_ws/install/nav_2d_msgs/lib:${LD_LIBRARY_PATH} PYTHONPATH=/home/deivideich/Holonomic_Base_Simulation/ros_2_ws/install/nav2_msgs/lib/python3.8/site-packages:/home/deivideich/Holonomic_Base_Simulation/ros_2_ws/install/nav_2d_msgs/lib/python3.8/site-packages:/home/deivideich/Holonomic_Base_Simulation/ros_2_ws/install/nav2_common/lib/python3.8/site-packages:${PYTHONPATH} /usr/bin/cmake /home/deivideich/Holonomic_Base_Simulation/ros_2_ws/navigation2/nav2_dwb_controller/nav_2d_utils -DCMAKE_INSTALL_PREFIX=/home/deivideich/Holonomic_Base_Simulation/ros_2_ws/install/nav_2d_utils
[3.577s] Invoking command in '/home/deivideich/Holonomic_Base_Simulation/ros_2_ws/build/nav_2d_utils': AMENT_PREFIX_PATH=/home/deivideich/Holonomic_Base_Simulation/ros_2_ws/install/nav2_util:/home/deivideich/Holonomic_Base_Simulation/ros_2_ws/install/nav2_msgs:/home/deivideich/Holonomic_Base_Simulation/ros_2_ws/install/nav_2d_msgs:/home/deivideich/Holonomic_Base_Simulation/ros_2_ws/install/nav2_common:${AMENT_PREFIX_PATH} CMAKE_PREFIX_PATH=/home/deivideich/Holonomic_Base_Simulation/ros_2_ws/install/nav2_util:/home/deivideich/Holonomic_Base_Simulation/ros_2_ws/install/nav2_msgs:/home/deivideich/Holonomic_Base_Simulation/ros_2_ws/install/nav_2d_msgs:/home/deivideich/Holonomic_Base_Simulation/ros_2_ws/install/nav2_common:/home/deivideich/Holonomic_Base_Simulation/ros_2_ws/install/octobot_2:/opt/ros/foxy:${CMAKE_PREFIX_PATH} LD_LIBRARY_PATH=/home/deivideich/Holonomic_Base_Simulation/ros_2_ws/install/nav2_util/lib:/home/deivideich/Holonomic_Base_Simulation/ros_2_ws/install/nav2_msgs/lib:/home/deivideich/Holonomic_Base_Simulation/ros_2_ws/install/nav_2d_msgs/lib:${LD_LIBRARY_PATH} PYTHONPATH=/home/deivideich/Holonomic_Base_Simulation/ros_2_ws/install/nav2_msgs/lib/python3.8/site-packages:/home/deivideich/Holonomic_Base_Simulation/ros_2_ws/install/nav_2d_msgs/lib/python3.8/site-packages:/home/deivideich/Holonomic_Base_Simulation/ros_2_ws/install/nav2_common/lib/python3.8/site-packages:${PYTHONPATH} /usr/bin/cmake --build /home/deivideich/Holonomic_Base_Simulation/ros_2_ws/build/nav_2d_utils -- -j16 -l16
[3.613s] [35m[1mScanning dependencies of target conversions[0m
[3.613s] [35m[1mScanning dependencies of target path_ops[0m
[3.627s] [ 16%] [32mBuilding CXX object CMakeFiles/path_ops.dir/src/path_ops.cpp.o[0m
[3.654s] [ 33%] [32mBuilding CXX object CMakeFiles/conversions.dir/src/conversions.cpp.o[0m
[4.087s] [ 50%] [32m[1mLinking CXX shared library libpath_ops.so[0m
[4.568s] [ 50%] Built target path_ops
[5.886s] [ 66%] [32m[1mLinking CXX shared library libconversions.so[0m
[6.039s] [ 66%] Built target conversions
[6.049s] [35m[1mScanning dependencies of target tf_help[0m
[6.094s] [ 83%] [32mBuilding CXX object CMakeFiles/tf_help.dir/src/tf_help.cpp.o[0m
[7.991s] [100%] [32m[1mLinking CXX shared library libtf_help.so[0m
[8.130s] [100%] Built target tf_help
[8.142s] Invoked command in '/home/deivideich/Holonomic_Base_Simulation/ros_2_ws/build/nav_2d_utils' returned '0': AMENT_PREFIX_PATH=/home/deivideich/Holonomic_Base_Simulation/ros_2_ws/install/nav2_util:/home/deivideich/Holonomic_Base_Simulation/ros_2_ws/install/nav2_msgs:/home/deivideich/Holonomic_Base_Simulation/ros_2_ws/install/nav_2d_msgs:/home/deivideich/Holonomic_Base_Simulation/ros_2_ws/install/nav2_common:${AMENT_PREFIX_PATH} CMAKE_PREFIX_PATH=/home/deivideich/Holonomic_Base_Simulation/ros_2_ws/install/nav2_util:/home/deivideich/Holonomic_Base_Simulation/ros_2_ws/install/nav2_msgs:/home/deivideich/Holonomic_Base_Simulation/ros_2_ws/install/nav_2d_msgs:/home/deivideich/Holonomic_Base_Simulation/ros_2_ws/install/nav2_common:/home/deivideich/Holonomic_Base_Simulation/ros_2_ws/install/octobot_2:/opt/ros/foxy:${CMAKE_PREFIX_PATH} LD_LIBRARY_PATH=/home/deivideich/Holonomic_Base_Simulation/ros_2_ws/install/nav2_util/lib:/home/deivideich/Holonomic_Base_Simulation/ros_2_ws/install/nav2_msgs/lib:/home/deivideich/Holonomic_Base_Simulation/ros_2_ws/install/nav_2d_msgs/lib:${LD_LIBRARY_PATH} PYTHONPATH=/home/deivideich/Holonomic_Base_Simulation/ros_2_ws/install/nav2_msgs/lib/python3.8/site-packages:/home/deivideich/Holonomic_Base_Simulation/ros_2_ws/install/nav_2d_msgs/lib/python3.8/site-packages:/home/deivideich/Holonomic_Base_Simulation/ros_2_ws/install/nav2_common/lib/python3.8/site-packages:${PYTHONPATH} /usr/bin/cmake --build /home/deivideich/Holonomic_Base_Simulation/ros_2_ws/build/nav_2d_utils -- -j16 -l16
[8.169s] Invoking command in '/home/deivideich/Holonomic_Base_Simulation/ros_2_ws/build/nav_2d_utils': AMENT_PREFIX_PATH=/home/deivideich/Holonomic_Base_Simulation/ros_2_ws/install/nav2_util:/home/deivideich/Holonomic_Base_Simulation/ros_2_ws/install/nav2_msgs:/home/deivideich/Holonomic_Base_Simulation/ros_2_ws/install/nav_2d_msgs:/home/deivideich/Holonomic_Base_Simulation/ros_2_ws/install/nav2_common:${AMENT_PREFIX_PATH} CMAKE_PREFIX_PATH=/home/deivideich/Holonomic_Base_Simulation/ros_2_ws/install/nav2_util:/home/deivideich/Holonomic_Base_Simulation/ros_2_ws/install/nav2_msgs:/home/deivideich/Holonomic_Base_Simulation/ros_2_ws/install/nav_2d_msgs:/home/deivideich/Holonomic_Base_Simulation/ros_2_ws/install/nav2_common:/home/deivideich/Holonomic_Base_Simulation/ros_2_ws/install/octobot_2:/opt/ros/foxy:${CMAKE_PREFIX_PATH} LD_LIBRARY_PATH=/home/deivideich/Holonomic_Base_Simulation/ros_2_ws/install/nav2_util/lib:/home/deivideich/Holonomic_Base_Simulation/ros_2_ws/install/nav2_msgs/lib:/home/deivideich/Holonomic_Base_Simulation/ros_2_ws/install/nav_2d_msgs/lib:${LD_LIBRARY_PATH} PYTHONPATH=/home/deivideich/Holonomic_Base_Simulation/ros_2_ws/install/nav2_msgs/lib/python3.8/site-packages:/home/deivideich/Holonomic_Base_Simulation/ros_2_ws/install/nav_2d_msgs/lib/python3.8/site-packages:/home/deivideich/Holonomic_Base_Simulation/ros_2_ws/install/nav2_common/lib/python3.8/site-packages:${PYTHONPATH} /usr/bin/cmake --install /home/deivideich/Holonomic_Base_Simulation/ros_2_ws/build/nav_2d_utils
[8.179s] -- Install configuration: "Release"
[8.180s] -- Installing: /home/deivideich/Holonomic_Base_Simulation/ros_2_ws/install/nav_2d_utils/lib/libconversions.so
[8.180s] -- Set runtime path of "/home/deivideich/Holonomic_Base_Simulation/ros_2_ws/install/nav_2d_utils/lib/libconversions.so" to ""
[8.180s] -- Installing: /home/deivideich/Holonomic_Base_Simulation/ros_2_ws/install/nav_2d_utils/lib/libpath_ops.so
[8.180s] -- Set runtime path of "/home/deivideich/Holonomic_Base_Simulation/ros_2_ws/install/nav_2d_utils/lib/libpath_ops.so" to ""
[8.180s] -- Installing: /home/deivideich/Holonomic_Base_Simulation/ros_2_ws/install/nav_2d_utils/lib/libtf_help.so
[8.181s] -- Set runtime path of "/home/deivideich/Holonomic_Base_Simulation/ros_2_ws/install/nav_2d_utils/lib/libtf_help.so" to ""
[8.181s] -- Installing: /home/deivideich/Holonomic_Base_Simulation/ros_2_ws/install/nav_2d_utils/include/
[8.181s] -- Installing: /home/deivideich/Holonomic_Base_Simulation/ros_2_ws/install/nav_2d_utils/include//nav_2d_utils
[8.181s] -- Installing: /home/deivideich/Holonomic_Base_Simulation/ros_2_ws/install/nav_2d_utils/include//nav_2d_utils/parameters.hpp
[8.181s] -- Installing: /home/deivideich/Holonomic_Base_Simulation/ros_2_ws/install/nav_2d_utils/include//nav_2d_utils/odom_subscriber.hpp
[8.182s] -- Installing: /home/deivideich/Holonomic_Base_Simulation/ros_2_ws/install/nav_2d_utils/include//nav_2d_utils/path_ops.hpp
[8.182s] -- Installing: /home/deivideich/Holonomic_Base_Simulation/ros_2_ws/install/nav_2d_utils/include//nav_2d_utils/tf_help.hpp
[8.182s] -- Installing: /home/deivideich/Holonomic_Base_Simulation/ros_2_ws/install/nav_2d_utils/include//nav_2d_utils/conversions.hpp
[8.182s] -- Installing: /home/deivideich/Holonomic_Base_Simulation/ros_2_ws/install/nav_2d_utils/share/nav_2d_utils/environment/library_path.sh
[8.182s] -- Installing: /home/deivideich/Holonomic_Base_Simulation/ros_2_ws/install/nav_2d_utils/share/nav_2d_utils/environment/library_path.dsv
[8.182s] -- Installing: /home/deivideich/Holonomic_Base_Simulation/ros_2_ws/install/nav_2d_utils/share/ament_index/resource_index/package_run_dependencies/nav_2d_utils
[8.182s] -- Installing: /home/deivideich/Holonomic_Base_Simulation/ros_2_ws/install/nav_2d_utils/share/ament_index/resource_index/parent_prefix_path/nav_2d_utils
[8.183s] -- Installing: /home/deivideich/Holonomic_Base_Simulation/ros_2_ws/install/nav_2d_utils/share/nav_2d_utils/environment/ament_prefix_path.sh
[8.183s] -- Installing: /home/deivideich/Holonomic_Base_Simulation/ros_2_ws/install/nav_2d_utils/share/nav_2d_utils/environment/ament_prefix_path.dsv
[8.183s] -- Installing: /home/deivideich/Holonomic_Base_Simulation/ros_2_ws/install/nav_2d_utils/share/nav_2d_utils/environment/path.sh
[8.183s] -- Installing: /home/deivideich/Holonomic_Base_Simulation/ros_2_ws/install/nav_2d_utils/share/nav_2d_utils/environment/path.dsv
[8.183s] -- Installing: /home/deivideich/Holonomic_Base_Simulation/ros_2_ws/install/nav_2d_utils/share/nav_2d_utils/local_setup.bash
[8.183s] -- Installing: /home/deivideich/Holonomic_Base_Simulation/ros_2_ws/install/nav_2d_utils/share/nav_2d_utils/local_setup.sh
[8.184s] -- Installing: /home/deivideich/Holonomic_Base_Simulation/ros_2_ws/install/nav_2d_utils/share/nav_2d_utils/local_setup.zsh
[8.184s] -- Installing: /home/deivideich/Holonomic_Base_Simulation/ros_2_ws/install/nav_2d_utils/share/nav_2d_utils/local_setup.dsv
[8.184s] -- Installing: /home/deivideich/Holonomic_Base_Simulation/ros_2_ws/install/nav_2d_utils/share/nav_2d_utils/package.dsv
[8.184s] -- Installing: /home/deivideich/Holonomic_Base_Simulation/ros_2_ws/install/nav_2d_utils/share/ament_index/resource_index/packages/nav_2d_utils
[8.184s] -- Installing: /home/deivideich/Holonomic_Base_Simulation/ros_2_ws/install/nav_2d_utils/share/nav_2d_utils/cmake/ament_cmake_export_include_directories-extras.cmake
[8.184s] -- Installing: /home/deivideich/Holonomic_Base_Simulation/ros_2_ws/install/nav_2d_utils/share/nav_2d_utils/cmake/ament_cmake_export_libraries-extras.cmake
[8.185s] -- Installing: /home/deivideich/Holonomic_Base_Simulation/ros_2_ws/install/nav_2d_utils/share/nav_2d_utils/cmake/ament_cmake_export_dependencies-extras.cmake
[8.185s] -- Installing: /home/deivideich/Holonomic_Base_Simulation/ros_2_ws/install/nav_2d_utils/share/nav_2d_utils/cmake/nav_2d_utilsConfig.cmake
[8.185s] -- Installing: /home/deivideich/Holonomic_Base_Simulation/ros_2_ws/install/nav_2d_utils/share/nav_2d_utils/cmake/nav_2d_utilsConfig-version.cmake
[8.185s] -- Installing: /home/deivideich/Holonomic_Base_Simulation/ros_2_ws/install/nav_2d_utils/share/nav_2d_utils/package.xml
[8.187s] Invoked command in '/home/deivideich/Holonomic_Base_Simulation/ros_2_ws/build/nav_2d_utils' returned '0': AMENT_PREFIX_PATH=/home/deivideich/Holonomic_Base_Simulation/ros_2_ws/install/nav2_util:/home/deivideich/Holonomic_Base_Simulation/ros_2_ws/install/nav2_msgs:/home/deivideich/Holonomic_Base_Simulation/ros_2_ws/install/nav_2d_msgs:/home/deivideich/Holonomic_Base_Simulation/ros_2_ws/install/nav2_common:${AMENT_PREFIX_PATH} CMAKE_PREFIX_PATH=/home/deivideich/Holonomic_Base_Simulation/ros_2_ws/install/nav2_util:/home/deivideich/Holonomic_Base_Simulation/ros_2_ws/install/nav2_msgs:/home/deivideich/Holonomic_Base_Simulation/ros_2_ws/install/nav_2d_msgs:/home/deivideich/Holonomic_Base_Simulation/ros_2_ws/install/nav2_common:/home/deivideich/Holonomic_Base_Simulation/ros_2_ws/install/octobot_2:/opt/ros/foxy:${CMAKE_PREFIX_PATH} LD_LIBRARY_PATH=/home/deivideich/Holonomic_Base_Simulation/ros_2_ws/install/nav2_util/lib:/home/deivideich/Holonomic_Base_Simulation/ros_2_ws/install/nav2_msgs/lib:/home/deivideich/Holonomic_Base_Simulation/ros_2_ws/install/nav_2d_msgs/lib:${LD_LIBRARY_PATH} PYTHONPATH=/home/deivideich/Holonomic_Base_Simulation/ros_2_ws/install/nav2_msgs/lib/python3.8/site-packages:/home/deivideich/Holonomic_Base_Simulation/ros_2_ws/install/nav_2d_msgs/lib/python3.8/site-packages:/home/deivideich/Holonomic_Base_Simulation/ros_2_ws/install/nav2_common/lib/python3.8/site-packages:${PYTHONPATH} /usr/bin/cmake --install /home/deivideich/Holonomic_Base_Simulation/ros_2_ws/build/nav_2d_utils
