[0.885s] Invoking command in '/home/deivideich/Holonomic_Base_Simulation/ros_2_ws/build/nav2_behavior_tree': AMENT_PREFIX_PATH=/home/deivideich/Holonomic_Base_Simulation/ros_2_ws/install/nav2_util:/home/deivideich/Holonomic_Base_Simulation/ros_2_ws/install/nav2_msgs:/home/deivideich/Holonomic_Base_Simulation/ros_2_ws/install/nav2_common:${AMENT_PREFIX_PATH} CMAKE_PREFIX_PATH=/home/deivideich/Holonomic_Base_Simulation/ros_2_ws/install/nav2_util:/home/deivideich/Holonomic_Base_Simulation/ros_2_ws/install/nav2_msgs:/home/deivideich/Holonomic_Base_Simulation/ros_2_ws/install/nav2_common:/home/deivideich/Holonomic_Base_Simulation/ros_2_ws/install/octobot_2:/opt/ros/foxy:${CMAKE_PREFIX_PATH} LD_LIBRARY_PATH=/home/deivideich/Holonomic_Base_Simulation/ros_2_ws/install/nav2_util/lib:/home/deivideich/Holonomic_Base_Simulation/ros_2_ws/install/nav2_msgs/lib:${LD_LIBRARY_PATH} PYTHONPATH=/home/deivideich/Holonomic_Base_Simulation/ros_2_ws/install/nav2_msgs/lib/python3.8/site-packages:/home/deivideich/Holonomic_Base_Simulation/ros_2_ws/install/nav2_common/lib/python3.8/site-packages:${PYTHONPATH} /usr/bin/cmake /home/deivideich/Holonomic_Base_Simulation/ros_2_ws/navigation2/nav2_behavior_tree -DCMAKE_INSTALL_PREFIX=/home/deivideich/Holonomic_Base_Simulation/ros_2_ws/install/nav2_behavior_tree
[0.932s] -- The CXX compiler identification is GNU 9.4.0
[0.936s] -- Check for working CXX compiler: /usr/bin/c++
[1.002s] -- Check for working CXX compiler: /usr/bin/c++ -- works
[1.003s] -- Detecting CXX compiler ABI info
[1.068s] -- Detecting CXX compiler ABI info - done
[1.076s] -- Detecting CXX compile features
[1.076s] -- Detecting CXX compile features - done
[1.078s] -- Found ament_cmake: 0.9.12 (/opt/ros/foxy/share/ament_cmake/cmake)
[1.102s] -- Found PythonInterp: /usr/bin/python3 (found suitable version "3.8.10", minimum required is "3") 
[1.102s] -- Using PYTHON_EXECUTABLE: /usr/bin/python3
[1.295s] -- Found nav2_common: 0.4.7 (/home/deivideich/Holonomic_Base_Simulation/ros_2_ws/install/nav2_common/share/nav2_common/cmake)
[1.296s] -- Found rclcpp: 2.4.3 (/opt/ros/foxy/share/rclcpp/cmake)
[1.338s] -- Using all available rosidl_typesupport_c: rosidl_typesupport_fastrtps_c;rosidl_typesupport_introspection_c
[1.344s] -- Found rosidl_adapter: 1.3.1 (/opt/ros/foxy/share/rosidl_adapter/cmake)
[1.419s] -- Found OpenSSL: /usr/lib/x86_64-linux-gnu/libcrypto.so (found version "1.1.1f")  
[1.445s] -- Found FastRTPS: /opt/ros/foxy/include  
[1.510s] -- Using all available rosidl_typesupport_cpp: rosidl_typesupport_fastrtps_cpp;rosidl_typesupport_introspection_cpp
[1.557s] -- Found rmw_implementation_cmake: 1.0.4 (/opt/ros/foxy/share/rmw_implementation_cmake/cmake)
[1.558s] -- Using RMW implementation 'rmw_fastrtps_cpp' as default
[1.566s] -- Looking for C++ include pthread.h
[1.630s] -- Looking for C++ include pthread.h - found
[1.631s] -- Performing Test CMAKE_HAVE_LIBC_PTHREAD
[1.702s] -- Performing Test CMAKE_HAVE_LIBC_PTHREAD - Failed
[1.702s] -- Looking for pthread_create in pthreads
[1.763s] -- Looking for pthread_create in pthreads - not found
[1.763s] -- Looking for pthread_create in pthread
[1.829s] -- Looking for pthread_create in pthread - found
[1.830s] -- Found Threads: TRUE  
[1.957s] -- Found rclcpp_action: 2.4.3 (/opt/ros/foxy/share/rclcpp_action/cmake)
[2.025s] -- Found rclcpp_lifecycle: 2.4.3 (/opt/ros/foxy/share/rclcpp_lifecycle/cmake)
[2.052s] -- Found geometry_msgs: 2.0.5 (/opt/ros/foxy/share/geometry_msgs/cmake)
[2.084s] -- Found sensor_msgs: 2.0.5 (/opt/ros/foxy/share/sensor_msgs/cmake)
[2.142s] -- Found nav2_msgs: 0.4.7 (/home/deivideich/Holonomic_Base_Simulation/ros_2_ws/install/nav2_msgs/share/nav2_msgs/cmake)
[2.413s] -- Found tf2_ros: 0.13.14 (/opt/ros/foxy/share/tf2_ros/cmake)
[2.632s] -- Found tf2_geometry_msgs: 0.13.14 (/opt/ros/foxy/share/tf2_geometry_msgs/cmake)
[2.639s] -- Found eigen3_cmake_module: 0.1.1 (/opt/ros/foxy/share/eigen3_cmake_module/cmake)
[2.642s] -- Found Eigen3: TRUE (found version "3.3.7") 
[2.664s] -- Found std_srvs: 2.0.5 (/opt/ros/foxy/share/std_srvs/cmake)
[2.672s] -- Found nav2_util: 0.4.7 (/home/deivideich/Holonomic_Base_Simulation/ros_2_ws/install/nav2_util/share/nav2_util/cmake)
[2.800s] -- Setting build type to Release as none was specified.
[8.064s] -- Found ament_lint_auto: 0.9.8 (/opt/ros/foxy/share/ament_lint_auto/cmake)
[8.143s] -- Found ament_cmake_gtest: 0.9.12 (/opt/ros/foxy/share/ament_cmake_gtest/cmake)
[8.149s] -- Found gtest sources under '/opt/ros/foxy/src/gtest_vendor': C++ tests using 'Google Test' will be built
[8.182s] -- The C compiler identification is GNU 9.4.0
[8.185s] -- Check for working C compiler: /usr/bin/cc
[8.245s] -- Check for working C compiler: /usr/bin/cc -- works
[8.245s] -- Detecting C compiler ABI info
[8.306s] -- Detecting C compiler ABI info - done
[8.315s] -- Detecting C compile features
[8.317s] -- Detecting C compile features - done
[8.318s] -- Check if compiler accepts -pthread
[8.391s] -- Check if compiler accepts -pthread - yes
[11.523s] -- Added test 'copyright' to check source files copyright and LICENSE
[11.526s] -- Added test 'cppcheck' to perform static code analysis on C / C++ code
[11.528s] -- Configured cppcheck include dirs: /home/deivideich/Holonomic_Base_Simulation/ros_2_ws/navigation2/nav2_behavior_tree/include
[11.528s] -- Configured cppcheck exclude dirs and/or files: 
[11.531s] -- Added test 'cpplint' to check C / C++ code against the Google style
[11.531s] -- Configured cpplint exclude dirs and/or files: 
[11.533s] -- Added test 'lint_cmake' to check CMake code style
[11.536s] -- Added test 'uncrustify' to check C / C++ code style
[11.536s] -- Configured uncrustify additional arguments: 
[11.537s] -- Added test 'xmllint' to check XML markup files
[11.543s] -- Configuring done
[12.529s] -- Generating done
[12.537s] -- Build files have been written to: /home/deivideich/Holonomic_Base_Simulation/ros_2_ws/build/nav2_behavior_tree
[12.768s] Invoked command in '/home/deivideich/Holonomic_Base_Simulation/ros_2_ws/build/nav2_behavior_tree' returned '0': AMENT_PREFIX_PATH=/home/deivideich/Holonomic_Base_Simulation/ros_2_ws/install/nav2_util:/home/deivideich/Holonomic_Base_Simulation/ros_2_ws/install/nav2_msgs:/home/deivideich/Holonomic_Base_Simulation/ros_2_ws/install/nav2_common:${AMENT_PREFIX_PATH} CMAKE_PREFIX_PATH=/home/deivideich/Holonomic_Base_Simulation/ros_2_ws/install/nav2_util:/home/deivideich/Holonomic_Base_Simulation/ros_2_ws/install/nav2_msgs:/home/deivideich/Holonomic_Base_Simulation/ros_2_ws/install/nav2_common:/home/deivideich/Holonomic_Base_Simulation/ros_2_ws/install/octobot_2:/opt/ros/foxy:${CMAKE_PREFIX_PATH} LD_LIBRARY_PATH=/home/deivideich/Holonomic_Base_Simulation/ros_2_ws/install/nav2_util/lib:/home/deivideich/Holonomic_Base_Simulation/ros_2_ws/install/nav2_msgs/lib:${LD_LIBRARY_PATH} PYTHONPATH=/home/deivideich/Holonomic_Base_Simulation/ros_2_ws/install/nav2_msgs/lib/python3.8/site-packages:/home/deivideich/Holonomic_Base_Simulation/ros_2_ws/install/nav2_common/lib/python3.8/site-packages:${PYTHONPATH} /usr/bin/cmake /home/deivideich/Holonomic_Base_Simulation/ros_2_ws/navigation2/nav2_behavior_tree -DCMAKE_INSTALL_PREFIX=/home/deivideich/Holonomic_Base_Simulation/ros_2_ws/install/nav2_behavior_tree
[12.771s] Invoking command in '/home/deivideich/Holonomic_Base_Simulation/ros_2_ws/build/nav2_behavior_tree': AMENT_PREFIX_PATH=/home/deivideich/Holonomic_Base_Simulation/ros_2_ws/install/nav2_util:/home/deivideich/Holonomic_Base_Simulation/ros_2_ws/install/nav2_msgs:/home/deivideich/Holonomic_Base_Simulation/ros_2_ws/install/nav2_common:${AMENT_PREFIX_PATH} CMAKE_PREFIX_PATH=/home/deivideich/Holonomic_Base_Simulation/ros_2_ws/install/nav2_util:/home/deivideich/Holonomic_Base_Simulation/ros_2_ws/install/nav2_msgs:/home/deivideich/Holonomic_Base_Simulation/ros_2_ws/install/nav2_common:/home/deivideich/Holonomic_Base_Simulation/ros_2_ws/install/octobot_2:/opt/ros/foxy:${CMAKE_PREFIX_PATH} LD_LIBRARY_PATH=/home/deivideich/Holonomic_Base_Simulation/ros_2_ws/install/nav2_util/lib:/home/deivideich/Holonomic_Base_Simulation/ros_2_ws/install/nav2_msgs/lib:${LD_LIBRARY_PATH} PYTHONPATH=/home/deivideich/Holonomic_Base_Simulation/ros_2_ws/install/nav2_msgs/lib/python3.8/site-packages:/home/deivideich/Holonomic_Base_Simulation/ros_2_ws/install/nav2_common/lib/python3.8/site-packages:${PYTHONPATH} /usr/bin/cmake --build /home/deivideich/Holonomic_Base_Simulation/ros_2_ws/build/nav2_behavior_tree -- -j16 -l16
[12.818s] [35m[1mScanning dependencies of target nav2_compute_path_to_pose_action_bt_node[0m
[12.818s] [35m[1mScanning dependencies of target nav2_goal_updater_node_bt_node[0m
[12.818s] [35m[1mScanning dependencies of target nav2_behavior_tree[0m
[12.818s] [35m[1mScanning dependencies of target nav2_is_stuck_condition_bt_node[0m
[12.819s] [35m[1mScanning dependencies of target nav2_wait_action_bt_node[0m
[12.819s] [35m[1mScanning dependencies of target nav2_transform_available_condition_bt_node[0m
[12.822s] [35m[1mScanning dependencies of target nav2_initial_pose_received_condition_bt_node[0m
[12.824s] [35m[1mScanning dependencies of target nav2_pipeline_sequence_bt_node[0m
[12.824s] [35m[1mScanning dependencies of target nav2_distance_traveled_condition_bt_node[0m
[12.840s] [35m[1mScanning dependencies of target nav2_goal_updated_condition_bt_node[0m
[12.840s] [35m[1mScanning dependencies of target nav2_spin_action_bt_node[0m
[12.841s] [35m[1mScanning dependencies of target nav2_time_expired_condition_bt_node[0m
[12.844s] [35m[1mScanning dependencies of target nav2_reinitialize_global_localization_service_bt_node[0m
[12.848s] [35m[1mScanning dependencies of target nav2_follow_path_action_bt_node[0m
[12.871s] [35m[1mScanning dependencies of target nav2_is_battery_low_condition_bt_node[0m
[12.872s] [35m[1mScanning dependencies of target nav2_goal_reached_condition_bt_node[0m
[12.878s] [  1%] [32mBuilding CXX object CMakeFiles/nav2_pipeline_sequence_bt_node.dir/plugins/control/pipeline_sequence.cpp.o[0m
[12.895s] [  2%] [32mBuilding CXX object CMakeFiles/nav2_initial_pose_received_condition_bt_node.dir/plugins/condition/initial_pose_received_condition.cpp.o[0m
[12.907s] [  3%] [32mBuilding CXX object CMakeFiles/nav2_goal_updated_condition_bt_node.dir/plugins/condition/goal_updated_condition.cpp.o[0m
[12.933s] [  4%] [32mBuilding CXX object CMakeFiles/nav2_compute_path_to_pose_action_bt_node.dir/plugins/action/compute_path_to_pose_action.cpp.o[0m
[12.937s] [  5%] [32mBuilding CXX object CMakeFiles/nav2_is_stuck_condition_bt_node.dir/plugins/condition/is_stuck_condition.cpp.o[0m
[12.942s] [  6%] [32mBuilding CXX object CMakeFiles/nav2_behavior_tree.dir/src/behavior_tree_engine.cpp.o[0m
[12.946s] [  7%] [32mBuilding CXX object CMakeFiles/nav2_wait_action_bt_node.dir/plugins/action/wait_action.cpp.o[0m
[12.951s] [  8%] [32mBuilding CXX object CMakeFiles/nav2_goal_updater_node_bt_node.dir/plugins/decorator/goal_updater_node.cpp.o[0m
[12.975s] [  9%] [32mBuilding CXX object CMakeFiles/nav2_spin_action_bt_node.dir/plugins/action/spin_action.cpp.o[0m
[12.988s] [ 10%] [32mBuilding CXX object CMakeFiles/nav2_transform_available_condition_bt_node.dir/plugins/condition/transform_available_condition.cpp.o[0m
[13.012s] [ 11%] [32mBuilding CXX object CMakeFiles/nav2_goal_reached_condition_bt_node.dir/plugins/condition/goal_reached_condition.cpp.o[0m
[13.025s] [ 13%] [32mBuilding CXX object CMakeFiles/nav2_is_battery_low_condition_bt_node.dir/plugins/condition/is_battery_low_condition.cpp.o[0m
[13.025s] [ 13%] [32mBuilding CXX object CMakeFiles/nav2_time_expired_condition_bt_node.dir/plugins/condition/time_expired_condition.cpp.o[0m
[13.028s] [ 14%] [32mBuilding CXX object CMakeFiles/nav2_follow_path_action_bt_node.dir/plugins/action/follow_path_action.cpp.o[0m
[13.041s] [ 15%] [32mBuilding CXX object CMakeFiles/nav2_reinitialize_global_localization_service_bt_node.dir/plugins/action/reinitialize_global_localization_service.cpp.o[0m
[13.063s] [ 16%] [32mBuilding CXX object CMakeFiles/nav2_distance_traveled_condition_bt_node.dir/plugins/condition/distance_traveled_condition.cpp.o[0m
[16.605s] [ 17%] [32m[1mLinking CXX shared library libnav2_initial_pose_received_condition_bt_node.so[0m
[16.704s] [ 18%] [32m[1mLinking CXX shared library libnav2_pipeline_sequence_bt_node.so[0m
[16.793s] [ 19%] [32m[1mLinking CXX shared library libnav2_goal_updated_condition_bt_node.so[0m
[16.961s] [ 19%] Built target nav2_initial_pose_received_condition_bt_node
[17.026s] [35m[1mScanning dependencies of target nav2_rate_controller_bt_node[0m
[17.121s] [ 20%] [32mBuilding CXX object CMakeFiles/nav2_rate_controller_bt_node.dir/plugins/decorator/rate_controller.cpp.o[0m
[17.140s] [ 20%] Built target nav2_pipeline_sequence_bt_node
[17.203s] [35m[1mScanning dependencies of target nav2_distance_controller_bt_node[0m
[17.213s] [ 20%] Built target nav2_goal_updated_condition_bt_node
[17.275s] [35m[1mScanning dependencies of target nav2_round_robin_node_bt_node[0m
[17.355s] [ 21%] [32mBuilding CXX object CMakeFiles/nav2_round_robin_node_bt_node.dir/plugins/control/round_robin_node.cpp.o[0m
[17.367s] [ 22%] [32mBuilding CXX object CMakeFiles/nav2_distance_controller_bt_node.dir/plugins/decorator/distance_controller.cpp.o[0m
[18.973s] [ 23%] [32m[1mLinking CXX shared library libnav2_behavior_tree.so[0m
[19.445s] [ 23%] Built target nav2_behavior_tree
[19.503s] [35m[1mScanning dependencies of target nav2_clear_costmap_service_bt_node[0m
[19.665s] [ 24%] [32mBuilding CXX object CMakeFiles/nav2_clear_costmap_service_bt_node.dir/plugins/action/clear_costmap_service.cpp.o[0m
[20.443s] [ 25%] [32m[1mLinking CXX shared library libnav2_time_expired_condition_bt_node.so[0m
[20.813s] [ 25%] Built target nav2_time_expired_condition_bt_node
[20.877s] [35m[1mScanning dependencies of target nav2_speed_controller_bt_node[0m
[20.980s] [ 26%] [32m[1mLinking CXX shared library libnav2_round_robin_node_bt_node.so[0m
[21.092s] [ 27%] [32mBuilding CXX object CMakeFiles/nav2_speed_controller_bt_node.dir/plugins/decorator/speed_controller.cpp.o[0m
[21.318s] [ 27%] Built target nav2_round_robin_node_bt_node
[21.348s] [35m[1mScanning dependencies of target nav2_truncate_path_action_bt_node[0m
[21.477s] [ 28%] [32mBuilding CXX object CMakeFiles/nav2_truncate_path_action_bt_node.dir/plugins/action/truncate_path_action.cpp.o[0m
[21.776s] [ 29%] [32m[1mLinking CXX shared library libnav2_rate_controller_bt_node.so[0m
[21.796s] [ 30%] [32m[1mLinking CXX shared library libnav2_transform_available_condition_bt_node.so[0m
[21.904s] [ 31%] [32m[1mLinking CXX shared library libnav2_goal_reached_condition_bt_node.so[0m
[21.920s] [ 32%] [32m[1mLinking CXX shared library libnav2_distance_traveled_condition_bt_node.so[0m
[22.193s] [ 32%] Built target nav2_rate_controller_bt_node
[22.202s] [ 32%] Built target nav2_goal_reached_condition_bt_node
[22.256s] [35m[1mScanning dependencies of target nav2_navigate_to_pose_action_bt_node[0m
[22.277s] [35m[1mScanning dependencies of target nav2_back_up_action_bt_node[0m
[22.388s] [ 33%] [32m[1mLinking CXX shared library libnav2_reinitialize_global_localization_service_bt_node.so[0m
[22.396s] [ 33%] Built target nav2_transform_available_condition_bt_node
[22.432s] [ 34%] [32mBuilding CXX object CMakeFiles/nav2_navigate_to_pose_action_bt_node.dir/plugins/action/navigate_to_pose_action.cpp.o[0m
[22.457s] [ 35%] [32mBuilding CXX object CMakeFiles/nav2_back_up_action_bt_node.dir/plugins/action/back_up_action.cpp.o[0m
[22.460s] [35m[1mScanning dependencies of target nav2_recovery_node_bt_node[0m
[22.544s] [ 36%] [32mBuilding CXX object CMakeFiles/nav2_recovery_node_bt_node.dir/plugins/control/recovery_node.cpp.o[0m
[22.548s] [ 36%] Built target nav2_distance_traveled_condition_bt_node
[22.611s] [35m[1mScanning dependencies of target gtest[0m
[22.697s] [ 36%] Built target nav2_reinitialize_global_localization_service_bt_node
[22.708s] [ 37%] [32mBuilding CXX object gtest/CMakeFiles/gtest.dir/src/gtest-all.cc.o[0m
[22.767s] [35m[1mScanning dependencies of target gtest_main[0m
[22.865s] [ 38%] [32mBuilding CXX object gtest/CMakeFiles/gtest_main.dir/src/gtest_main.cc.o[0m
[24.287s] [ 39%] [32m[1mLinking CXX static library libgtest_main.a[0m
[24.480s] [ 39%] Built target gtest_main
[24.499s] [ 40%] [32m[1mLinking CXX shared library libnav2_follow_path_action_bt_node.so[0m
[24.944s] [ 41%] [32m[1mLinking CXX shared library libnav2_wait_action_bt_node.so[0m
[25.003s] [ 41%] Built target nav2_follow_path_action_bt_node
[25.169s] [ 42%] [32m[1mLinking CXX shared library libnav2_compute_path_to_pose_action_bt_node.so[0m
[25.368s] [ 43%] [32m[1mLinking CXX shared library libnav2_spin_action_bt_node.so[0m
[25.425s] [ 43%] Built target nav2_wait_action_bt_node
[25.693s] [ 43%] Built target nav2_compute_path_to_pose_action_bt_node
[25.907s] [ 43%] Built target nav2_spin_action_bt_node
[26.741s] [ 44%] [32m[1mLinking CXX shared library libnav2_distance_controller_bt_node.so[0m
[26.841s] [ 45%] [32m[1mLinking CXX shared library libnav2_recovery_node_bt_node.so[0m
[27.069s] [ 45%] Built target nav2_recovery_node_bt_node
[27.075s] [ 45%] Built target nav2_distance_controller_bt_node
[27.892s] [ 46%] [32m[1mLinking CXX shared library libnav2_is_stuck_condition_bt_node.so[0m
[28.075s] [ 47%] [32m[1mLinking CXX shared library libnav2_goal_updater_node_bt_node.so[0m
[28.090s] [ 47%] Built target nav2_is_stuck_condition_bt_node
[28.270s] [ 47%] Built target nav2_goal_updater_node_bt_node
[28.783s] [ 48%] [32m[1mLinking CXX shared library libnav2_clear_costmap_service_bt_node.so[0m
[29.003s] [ 48%] Built target nav2_clear_costmap_service_bt_node
[29.016s] [ 50%] [32m[1mLinking CXX shared library libnav2_is_battery_low_condition_bt_node.so[0m
[29.258s] [ 50%] Built target nav2_is_battery_low_condition_bt_node
[29.371s] [ 51%] [32m[1mLinking CXX shared library libnav2_truncate_path_action_bt_node.so[0m
[29.408s] [ 52%] [32m[1mLinking CXX shared library libnav2_speed_controller_bt_node.so[0m
[29.595s] [ 52%] Built target nav2_truncate_path_action_bt_node
[29.608s] [ 52%] Built target nav2_speed_controller_bt_node
[31.257s] [ 53%] [32m[1mLinking CXX shared library libnav2_back_up_action_bt_node.so[0m
[31.339s] [ 54%] [32m[1mLinking CXX shared library libnav2_navigate_to_pose_action_bt_node.so[0m
[31.438s] [ 54%] Built target nav2_back_up_action_bt_node
[31.506s] [ 54%] Built target nav2_navigate_to_pose_action_bt_node
[31.932s] [ 55%] [32m[1mLinking CXX static library libgtest.a[0m
[31.965s] [ 55%] Built target gtest
[31.978s] [35m[1mScanning dependencies of target test_condition_goal_reached[0m
[31.979s] [35m[1mScanning dependencies of target test_condition_is_stuck[0m
[31.979s] [35m[1mScanning dependencies of target test_condition_time_expired[0m
[31.979s] [35m[1mScanning dependencies of target test_bt_conversions[0m
[31.979s] [35m[1mScanning dependencies of target test_condition_goal_updated[0m
[31.979s] [35m[1mScanning dependencies of target test_condition_initial_pose_received[0m
[31.979s] [35m[1mScanning dependencies of target test_condition_distance_traveled[0m
[31.979s] [35m[1mScanning dependencies of target test_condition_transform_available[0m
[31.979s] [35m[1mScanning dependencies of target test_decorator_rate_controller[0m
[31.979s] [35m[1mScanning dependencies of target test_condition_is_battery_low[0m
[31.982s] [35m[1mScanning dependencies of target test_decorator_distance_controller[0m
[31.984s] [35m[1mScanning dependencies of target test_goal_updater_node[0m
[31.987s] [35m[1mScanning dependencies of target test_decorator_speed_controller[0m
[32.035s] [35m[1mScanning dependencies of target test_control_round_robin_node[0m
[32.039s] [ 56%] [32mBuilding CXX object test/CMakeFiles/test_bt_conversions.dir/test_bt_conversions.cpp.o[0m
[32.042s] [35m[1mScanning dependencies of target test_control_recovery_node[0m
[32.046s] [35m[1mScanning dependencies of target test_control_pipeline_sequence[0m
[32.056s] [ 57%] [32mBuilding CXX object test/plugins/condition/CMakeFiles/test_condition_initial_pose_received.dir/test_initial_pose_received.cpp.o[0m
[32.072s] [ 58%] [32mBuilding CXX object test/plugins/condition/CMakeFiles/test_condition_transform_available.dir/test_transform_available.cpp.o[0m
[32.073s] [ 59%] [32mBuilding CXX object test/plugins/condition/CMakeFiles/test_condition_time_expired.dir/test_time_expired.cpp.o[0m
[32.074s] [ 60%] [32mBuilding CXX object test/plugins/condition/CMakeFiles/test_condition_distance_traveled.dir/test_distance_traveled.cpp.o[0m
[32.081s] [ 61%] [32mBuilding CXX object test/plugins/condition/CMakeFiles/test_condition_goal_updated.dir/test_goal_updated.cpp.o[0m
[32.087s] [ 62%] [32mBuilding CXX object test/plugins/condition/CMakeFiles/test_condition_is_stuck.dir/test_is_stuck.cpp.o[0m
[32.088s] [ 63%] [32mBuilding CXX object test/plugins/condition/CMakeFiles/test_condition_goal_reached.dir/test_goal_reached.cpp.o[0m
[32.095s] [ 64%] [32mBuilding CXX object test/plugins/condition/CMakeFiles/test_condition_is_battery_low.dir/test_is_battery_low.cpp.o[0m
[32.128s] [ 65%] [32mBuilding CXX object test/plugins/decorator/CMakeFiles/test_goal_updater_node.dir/test_goal_updater_node.cpp.o[0m
[32.141s] [ 66%] [32mBuilding CXX object test/plugins/decorator/CMakeFiles/test_decorator_rate_controller.dir/test_rate_controller.cpp.o[0m
[32.146s] [ 67%] [32mBuilding CXX object test/plugins/decorator/CMakeFiles/test_decorator_speed_controller.dir/test_speed_controller.cpp.o[0m
[32.146s] [ 68%] [32mBuilding CXX object test/plugins/decorator/CMakeFiles/test_decorator_distance_controller.dir/test_distance_controller.cpp.o[0m
[32.147s] [ 69%] [32mBuilding CXX object test/plugins/control/CMakeFiles/test_control_recovery_node.dir/test_recovery_node.cpp.o[0m
[32.155s] [ 70%] [32mBuilding CXX object test/plugins/control/CMakeFiles/test_control_pipeline_sequence.dir/test_pipeline_sequence.cpp.o[0m
[32.159s] [ 71%] [32mBuilding CXX object test/plugins/control/CMakeFiles/test_control_round_robin_node.dir/test_round_robin_node.cpp.o[0m
[38.207s] [ 72%] [32m[1mLinking CXX executable test_bt_conversions[0m
[38.705s] [ 72%] Built target test_bt_conversions
[38.772s] [35m[1mScanning dependencies of target test_truncate_path_action[0m
[38.936s] [ 73%] [32mBuilding CXX object test/plugins/action/CMakeFiles/test_truncate_path_action.dir/test_truncate_path_action.cpp.o[0m
[41.448s] [ 74%] [32m[1mLinking CXX executable test_goal_updater_node[0m
[42.193s] [ 74%] Built target test_goal_updater_node
[42.241s] [35m[1mScanning dependencies of target test_action_navigate_to_pose_action[0m
[42.371s] [ 75%] [32mBuilding CXX object test/plugins/action/CMakeFiles/test_action_navigate_to_pose_action.dir/test_navigate_to_pose_action.cpp.o[0m
[42.463s] [ 76%] [32m[1mLinking CXX executable test_control_round_robin_node[0m
[42.763s] [ 77%] [32m[1mLinking CXX executable test_condition_goal_updated[0m
[42.902s] [ 78%] [32m[1mLinking CXX executable test_decorator_distance_controller[0m
[42.927s] [ 79%] [32m[1mLinking CXX executable test_decorator_rate_controller[0m
[42.928s] [ 80%] [32m[1mLinking CXX executable test_condition_time_expired[0m
[43.175s] [ 81%] [32m[1mLinking CXX executable test_condition_initial_pose_received[0m
[43.387s] [ 81%] Built target test_control_round_robin_node
[43.481s] [ 82%] [32m[1mLinking CXX executable test_control_pipeline_sequence[0m
[43.488s] [35m[1mScanning dependencies of target test_action_follow_path_action[0m
[43.516s] [ 83%] [32m[1mLinking CXX executable test_condition_is_battery_low[0m
[43.633s] [ 84%] [32m[1mLinking CXX executable test_control_recovery_node[0m
[43.725s] [ 85%] [32m[1mLinking CXX executable test_condition_is_stuck[0m
[43.766s] [ 86%] [32mBuilding CXX object test/plugins/action/CMakeFiles/test_action_follow_path_action.dir/test_follow_path_action.cpp.o[0m
[43.910s] [ 86%] Built target test_condition_goal_updated
[43.975s] [35m[1mScanning dependencies of target test_action_compute_path_to_pose_action[0m
[44.125s] [ 86%] Built target test_decorator_distance_controller
[44.203s] [35m[1mScanning dependencies of target test_action_reinitialize_global_localization_service[0m
[44.231s] [ 87%] [32mBuilding CXX object test/plugins/action/CMakeFiles/test_action_compute_path_to_pose_action.dir/test_compute_path_to_pose_action.cpp.o[0m
[44.366s] [ 88%] [32m[1mLinking CXX executable test_condition_distance_traveled[0m
[44.398s] [ 89%] [32mBuilding CXX object test/plugins/action/CMakeFiles/test_action_reinitialize_global_localization_service.dir/test_reinitialize_global_localization_service.cpp.o[0m
[44.455s] [ 89%] Built target test_decorator_rate_controller
[44.532s] [35m[1mScanning dependencies of target test_action_clear_costmap_service[0m
[44.603s] [ 89%] Built target test_condition_time_expired
[44.652s] [ 89%] Built target test_condition_is_stuck
[44.737s] [ 90%] [32mBuilding CXX object test/plugins/action/CMakeFiles/test_action_clear_costmap_service.dir/test_clear_costmap_service.cpp.o[0m
[44.753s] [ 90%] Built target test_condition_initial_pose_received
[44.948s] [ 90%] Built target test_condition_is_battery_low
[45.072s] [ 90%] Built target test_control_recovery_node
[45.125s] [ 90%] Built target test_control_pipeline_sequence
[45.415s] [ 90%] Built target test_condition_distance_traveled
[45.479s] [ 91%] [32m[1mLinking CXX executable test_decorator_speed_controller[0m
[45.585s] [ 92%] [32m[1mLinking CXX executable test_condition_transform_available[0m
[45.962s] [ 93%] [32m[1mLinking CXX executable test_condition_goal_reached[0m
[46.189s] [ 93%] Built target test_decorator_speed_controller
[46.331s] [ 93%] Built target test_condition_transform_available
[46.676s] [ 93%] Built target test_condition_goal_reached
[49.019s] [ 94%] [32m[1mLinking CXX executable test_truncate_path_action[0m
[49.398s] [ 94%] Built target test_truncate_path_action
[51.825s] [ 95%] [32m[1mLinking CXX executable test_action_reinitialize_global_localization_service[0m
[51.917s] [ 96%] [32m[1mLinking CXX executable test_action_navigate_to_pose_action[0m
[51.994s] [ 97%] [32m[1mLinking CXX executable test_action_clear_costmap_service[0m
[52.049s] [ 97%] Built target test_action_reinitialize_global_localization_service
[52.148s] [ 97%] Built target test_action_navigate_to_pose_action
[52.197s] [ 97%] Built target test_action_clear_costmap_service
[52.740s] [ 98%] [32m[1mLinking CXX executable test_action_follow_path_action[0m
[52.935s] [ 98%] Built target test_action_follow_path_action
[53.596s] [100%] [32m[1mLinking CXX executable test_action_compute_path_to_pose_action[0m
[53.758s] [100%] Built target test_action_compute_path_to_pose_action
[53.769s] Invoked command in '/home/deivideich/Holonomic_Base_Simulation/ros_2_ws/build/nav2_behavior_tree' returned '0': AMENT_PREFIX_PATH=/home/deivideich/Holonomic_Base_Simulation/ros_2_ws/install/nav2_util:/home/deivideich/Holonomic_Base_Simulation/ros_2_ws/install/nav2_msgs:/home/deivideich/Holonomic_Base_Simulation/ros_2_ws/install/nav2_common:${AMENT_PREFIX_PATH} CMAKE_PREFIX_PATH=/home/deivideich/Holonomic_Base_Simulation/ros_2_ws/install/nav2_util:/home/deivideich/Holonomic_Base_Simulation/ros_2_ws/install/nav2_msgs:/home/deivideich/Holonomic_Base_Simulation/ros_2_ws/install/nav2_common:/home/deivideich/Holonomic_Base_Simulation/ros_2_ws/install/octobot_2:/opt/ros/foxy:${CMAKE_PREFIX_PATH} LD_LIBRARY_PATH=/home/deivideich/Holonomic_Base_Simulation/ros_2_ws/install/nav2_util/lib:/home/deivideich/Holonomic_Base_Simulation/ros_2_ws/install/nav2_msgs/lib:${LD_LIBRARY_PATH} PYTHONPATH=/home/deivideich/Holonomic_Base_Simulation/ros_2_ws/install/nav2_msgs/lib/python3.8/site-packages:/home/deivideich/Holonomic_Base_Simulation/ros_2_ws/install/nav2_common/lib/python3.8/site-packages:${PYTHONPATH} /usr/bin/cmake --build /home/deivideich/Holonomic_Base_Simulation/ros_2_ws/build/nav2_behavior_tree -- -j16 -l16
[53.844s] Invoking command in '/home/deivideich/Holonomic_Base_Simulation/ros_2_ws/build/nav2_behavior_tree': AMENT_PREFIX_PATH=/home/deivideich/Holonomic_Base_Simulation/ros_2_ws/install/nav2_util:/home/deivideich/Holonomic_Base_Simulation/ros_2_ws/install/nav2_msgs:/home/deivideich/Holonomic_Base_Simulation/ros_2_ws/install/nav2_common:${AMENT_PREFIX_PATH} CMAKE_PREFIX_PATH=/home/deivideich/Holonomic_Base_Simulation/ros_2_ws/install/nav2_util:/home/deivideich/Holonomic_Base_Simulation/ros_2_ws/install/nav2_msgs:/home/deivideich/Holonomic_Base_Simulation/ros_2_ws/install/nav2_common:/home/deivideich/Holonomic_Base_Simulation/ros_2_ws/install/octobot_2:/opt/ros/foxy:${CMAKE_PREFIX_PATH} LD_LIBRARY_PATH=/home/deivideich/Holonomic_Base_Simulation/ros_2_ws/install/nav2_util/lib:/home/deivideich/Holonomic_Base_Simulation/ros_2_ws/install/nav2_msgs/lib:${LD_LIBRARY_PATH} PYTHONPATH=/home/deivideich/Holonomic_Base_Simulation/ros_2_ws/install/nav2_msgs/lib/python3.8/site-packages:/home/deivideich/Holonomic_Base_Simulation/ros_2_ws/install/nav2_common/lib/python3.8/site-packages:${PYTHONPATH} /usr/bin/cmake --install /home/deivideich/Holonomic_Base_Simulation/ros_2_ws/build/nav2_behavior_tree
[53.851s] -- Install configuration: "Release"
[53.851s] -- Installing: /home/deivideich/Holonomic_Base_Simulation/ros_2_ws/install/nav2_behavior_tree/lib/libnav2_behavior_tree.so
[53.851s] -- Set runtime path of "/home/deivideich/Holonomic_Base_Simulation/ros_2_ws/install/nav2_behavior_tree/lib/libnav2_behavior_tree.so" to ""
[53.852s] -- Installing: /home/deivideich/Holonomic_Base_Simulation/ros_2_ws/install/nav2_behavior_tree/lib/libnav2_compute_path_to_pose_action_bt_node.so
[53.852s] -- Set runtime path of "/home/deivideich/Holonomic_Base_Simulation/ros_2_ws/install/nav2_behavior_tree/lib/libnav2_compute_path_to_pose_action_bt_node.so" to ""
[53.852s] -- Installing: /home/deivideich/Holonomic_Base_Simulation/ros_2_ws/install/nav2_behavior_tree/lib/libnav2_follow_path_action_bt_node.so
[53.852s] -- Set runtime path of "/home/deivideich/Holonomic_Base_Simulation/ros_2_ws/install/nav2_behavior_tree/lib/libnav2_follow_path_action_bt_node.so" to ""
[53.853s] -- Installing: /home/deivideich/Holonomic_Base_Simulation/ros_2_ws/install/nav2_behavior_tree/lib/libnav2_back_up_action_bt_node.so
[53.853s] -- Set runtime path of "/home/deivideich/Holonomic_Base_Simulation/ros_2_ws/install/nav2_behavior_tree/lib/libnav2_back_up_action_bt_node.so" to ""
[53.853s] -- Installing: /home/deivideich/Holonomic_Base_Simulation/ros_2_ws/install/nav2_behavior_tree/lib/libnav2_spin_action_bt_node.so
[53.853s] -- Set runtime path of "/home/deivideich/Holonomic_Base_Simulation/ros_2_ws/install/nav2_behavior_tree/lib/libnav2_spin_action_bt_node.so" to ""
[53.854s] -- Installing: /home/deivideich/Holonomic_Base_Simulation/ros_2_ws/install/nav2_behavior_tree/lib/libnav2_wait_action_bt_node.so
[53.854s] -- Set runtime path of "/home/deivideich/Holonomic_Base_Simulation/ros_2_ws/install/nav2_behavior_tree/lib/libnav2_wait_action_bt_node.so" to ""
[53.854s] -- Installing: /home/deivideich/Holonomic_Base_Simulation/ros_2_ws/install/nav2_behavior_tree/lib/libnav2_clear_costmap_service_bt_node.so
[53.854s] -- Set runtime path of "/home/deivideich/Holonomic_Base_Simulation/ros_2_ws/install/nav2_behavior_tree/lib/libnav2_clear_costmap_service_bt_node.so" to ""
[53.855s] -- Installing: /home/deivideich/Holonomic_Base_Simulation/ros_2_ws/install/nav2_behavior_tree/lib/libnav2_is_stuck_condition_bt_node.so
[53.855s] -- Set runtime path of "/home/deivideich/Holonomic_Base_Simulation/ros_2_ws/install/nav2_behavior_tree/lib/libnav2_is_stuck_condition_bt_node.so" to ""
[53.855s] -- Installing: /home/deivideich/Holonomic_Base_Simulation/ros_2_ws/install/nav2_behavior_tree/lib/libnav2_transform_available_condition_bt_node.so
[53.855s] -- Set runtime path of "/home/deivideich/Holonomic_Base_Simulation/ros_2_ws/install/nav2_behavior_tree/lib/libnav2_transform_available_condition_bt_node.so" to ""
[53.855s] -- Installing: /home/deivideich/Holonomic_Base_Simulation/ros_2_ws/install/nav2_behavior_tree/lib/libnav2_goal_reached_condition_bt_node.so
[53.856s] -- Set runtime path of "/home/deivideich/Holonomic_Base_Simulation/ros_2_ws/install/nav2_behavior_tree/lib/libnav2_goal_reached_condition_bt_node.so" to ""
[53.856s] -- Installing: /home/deivideich/Holonomic_Base_Simulation/ros_2_ws/install/nav2_behavior_tree/lib/libnav2_goal_updated_condition_bt_node.so
[53.856s] -- Set runtime path of "/home/deivideich/Holonomic_Base_Simulation/ros_2_ws/install/nav2_behavior_tree/lib/libnav2_goal_updated_condition_bt_node.so" to ""
[53.856s] -- Installing: /home/deivideich/Holonomic_Base_Simulation/ros_2_ws/install/nav2_behavior_tree/lib/libnav2_time_expired_condition_bt_node.so
[53.857s] -- Set runtime path of "/home/deivideich/Holonomic_Base_Simulation/ros_2_ws/install/nav2_behavior_tree/lib/libnav2_time_expired_condition_bt_node.so" to ""
[53.857s] -- Installing: /home/deivideich/Holonomic_Base_Simulation/ros_2_ws/install/nav2_behavior_tree/lib/libnav2_distance_traveled_condition_bt_node.so
[53.857s] -- Set runtime path of "/home/deivideich/Holonomic_Base_Simulation/ros_2_ws/install/nav2_behavior_tree/lib/libnav2_distance_traveled_condition_bt_node.so" to ""
[53.857s] -- Installing: /home/deivideich/Holonomic_Base_Simulation/ros_2_ws/install/nav2_behavior_tree/lib/libnav2_initial_pose_received_condition_bt_node.so
[53.857s] -- Set runtime path of "/home/deivideich/Holonomic_Base_Simulation/ros_2_ws/install/nav2_behavior_tree/lib/libnav2_initial_pose_received_condition_bt_node.so" to ""
[53.857s] -- Installing: /home/deivideich/Holonomic_Base_Simulation/ros_2_ws/install/nav2_behavior_tree/lib/libnav2_is_battery_low_condition_bt_node.so
[53.858s] -- Set runtime path of "/home/deivideich/Holonomic_Base_Simulation/ros_2_ws/install/nav2_behavior_tree/lib/libnav2_is_battery_low_condition_bt_node.so" to ""
[53.858s] -- Installing: /home/deivideich/Holonomic_Base_Simulation/ros_2_ws/install/nav2_behavior_tree/lib/libnav2_reinitialize_global_localization_service_bt_node.so
[53.858s] -- Set runtime path of "/home/deivideich/Holonomic_Base_Simulation/ros_2_ws/install/nav2_behavior_tree/lib/libnav2_reinitialize_global_localization_service_bt_node.so" to ""
[53.858s] -- Installing: /home/deivideich/Holonomic_Base_Simulation/ros_2_ws/install/nav2_behavior_tree/lib/libnav2_rate_controller_bt_node.so
[53.859s] -- Set runtime path of "/home/deivideich/Holonomic_Base_Simulation/ros_2_ws/install/nav2_behavior_tree/lib/libnav2_rate_controller_bt_node.so" to ""
[53.859s] -- Installing: /home/deivideich/Holonomic_Base_Simulation/ros_2_ws/install/nav2_behavior_tree/lib/libnav2_distance_controller_bt_node.so
[53.859s] -- Set runtime path of "/home/deivideich/Holonomic_Base_Simulation/ros_2_ws/install/nav2_behavior_tree/lib/libnav2_distance_controller_bt_node.so" to ""
[53.859s] -- Installing: /home/deivideich/Holonomic_Base_Simulation/ros_2_ws/install/nav2_behavior_tree/lib/libnav2_speed_controller_bt_node.so
[53.859s] -- Set runtime path of "/home/deivideich/Holonomic_Base_Simulation/ros_2_ws/install/nav2_behavior_tree/lib/libnav2_speed_controller_bt_node.so" to ""
[53.860s] -- Installing: /home/deivideich/Holonomic_Base_Simulation/ros_2_ws/install/nav2_behavior_tree/lib/libnav2_truncate_path_action_bt_node.so
[53.860s] -- Set runtime path of "/home/deivideich/Holonomic_Base_Simulation/ros_2_ws/install/nav2_behavior_tree/lib/libnav2_truncate_path_action_bt_node.so" to ""
[53.860s] -- Installing: /home/deivideich/Holonomic_Base_Simulation/ros_2_ws/install/nav2_behavior_tree/lib/libnav2_goal_updater_node_bt_node.so
[53.861s] -- Set runtime path of "/home/deivideich/Holonomic_Base_Simulation/ros_2_ws/install/nav2_behavior_tree/lib/libnav2_goal_updater_node_bt_node.so" to ""
[53.861s] -- Installing: /home/deivideich/Holonomic_Base_Simulation/ros_2_ws/install/nav2_behavior_tree/lib/libnav2_recovery_node_bt_node.so
[53.861s] -- Set runtime path of "/home/deivideich/Holonomic_Base_Simulation/ros_2_ws/install/nav2_behavior_tree/lib/libnav2_recovery_node_bt_node.so" to ""
[53.861s] -- Installing: /home/deivideich/Holonomic_Base_Simulation/ros_2_ws/install/nav2_behavior_tree/lib/libnav2_navigate_to_pose_action_bt_node.so
[53.861s] -- Set runtime path of "/home/deivideich/Holonomic_Base_Simulation/ros_2_ws/install/nav2_behavior_tree/lib/libnav2_navigate_to_pose_action_bt_node.so" to ""
[53.861s] -- Installing: /home/deivideich/Holonomic_Base_Simulation/ros_2_ws/install/nav2_behavior_tree/lib/libnav2_pipeline_sequence_bt_node.so
[53.862s] -- Set runtime path of "/home/deivideich/Holonomic_Base_Simulation/ros_2_ws/install/nav2_behavior_tree/lib/libnav2_pipeline_sequence_bt_node.so" to ""
[53.862s] -- Installing: /home/deivideich/Holonomic_Base_Simulation/ros_2_ws/install/nav2_behavior_tree/lib/libnav2_round_robin_node_bt_node.so
[53.862s] -- Set runtime path of "/home/deivideich/Holonomic_Base_Simulation/ros_2_ws/install/nav2_behavior_tree/lib/libnav2_round_robin_node_bt_node.so" to ""
[53.862s] -- Installing: /home/deivideich/Holonomic_Base_Simulation/ros_2_ws/install/nav2_behavior_tree/include/
[53.862s] -- Installing: /home/deivideich/Holonomic_Base_Simulation/ros_2_ws/install/nav2_behavior_tree/include//nav2_behavior_tree
[53.862s] -- Installing: /home/deivideich/Holonomic_Base_Simulation/ros_2_ws/install/nav2_behavior_tree/include//nav2_behavior_tree/behavior_tree_engine.hpp
[53.862s] -- Installing: /home/deivideich/Holonomic_Base_Simulation/ros_2_ws/install/nav2_behavior_tree/include//nav2_behavior_tree/bt_service_node.hpp
[53.862s] -- Installing: /home/deivideich/Holonomic_Base_Simulation/ros_2_ws/install/nav2_behavior_tree/include//nav2_behavior_tree/bt_conversions.hpp
[53.862s] -- Installing: /home/deivideich/Holonomic_Base_Simulation/ros_2_ws/install/nav2_behavior_tree/include//nav2_behavior_tree/plugins
[53.863s] -- Installing: /home/deivideich/Holonomic_Base_Simulation/ros_2_ws/install/nav2_behavior_tree/include//nav2_behavior_tree/plugins/condition
[53.863s] -- Installing: /home/deivideich/Holonomic_Base_Simulation/ros_2_ws/install/nav2_behavior_tree/include//nav2_behavior_tree/plugins/condition/goal_reached_condition.hpp
[53.863s] -- Installing: /home/deivideich/Holonomic_Base_Simulation/ros_2_ws/install/nav2_behavior_tree/include//nav2_behavior_tree/plugins/condition/initial_pose_received_condition.hpp
[53.863s] -- Installing: /home/deivideich/Holonomic_Base_Simulation/ros_2_ws/install/nav2_behavior_tree/include//nav2_behavior_tree/plugins/condition/transform_available_condition.hpp
[53.863s] -- Installing: /home/deivideich/Holonomic_Base_Simulation/ros_2_ws/install/nav2_behavior_tree/include//nav2_behavior_tree/plugins/condition/goal_updated_condition.hpp
[53.863s] -- Installing: /home/deivideich/Holonomic_Base_Simulation/ros_2_ws/install/nav2_behavior_tree/include//nav2_behavior_tree/plugins/condition/is_battery_low_condition.hpp
[53.863s] -- Installing: /home/deivideich/Holonomic_Base_Simulation/ros_2_ws/install/nav2_behavior_tree/include//nav2_behavior_tree/plugins/condition/distance_traveled_condition.hpp
[53.863s] -- Installing: /home/deivideich/Holonomic_Base_Simulation/ros_2_ws/install/nav2_behavior_tree/include//nav2_behavior_tree/plugins/condition/is_stuck_condition.hpp
[53.863s] -- Installing: /home/deivideich/Holonomic_Base_Simulation/ros_2_ws/install/nav2_behavior_tree/include//nav2_behavior_tree/plugins/condition/time_expired_condition.hpp
[53.863s] -- Installing: /home/deivideich/Holonomic_Base_Simulation/ros_2_ws/install/nav2_behavior_tree/include//nav2_behavior_tree/plugins/decorator
[53.863s] -- Installing: /home/deivideich/Holonomic_Base_Simulation/ros_2_ws/install/nav2_behavior_tree/include//nav2_behavior_tree/plugins/decorator/rate_controller.hpp
[53.863s] -- Installing: /home/deivideich/Holonomic_Base_Simulation/ros_2_ws/install/nav2_behavior_tree/include//nav2_behavior_tree/plugins/decorator/distance_controller.hpp
[53.863s] -- Installing: /home/deivideich/Holonomic_Base_Simulation/ros_2_ws/install/nav2_behavior_tree/include//nav2_behavior_tree/plugins/decorator/speed_controller.hpp
[53.863s] -- Installing: /home/deivideich/Holonomic_Base_Simulation/ros_2_ws/install/nav2_behavior_tree/include//nav2_behavior_tree/plugins/decorator/goal_updater_node.hpp
[53.863s] -- Installing: /home/deivideich/Holonomic_Base_Simulation/ros_2_ws/install/nav2_behavior_tree/include//nav2_behavior_tree/plugins/action
[53.864s] -- Installing: /home/deivideich/Holonomic_Base_Simulation/ros_2_ws/install/nav2_behavior_tree/include//nav2_behavior_tree/plugins/action/truncate_path_action.hpp
[53.864s] -- Installing: /home/deivideich/Holonomic_Base_Simulation/ros_2_ws/install/nav2_behavior_tree/include//nav2_behavior_tree/plugins/action/spin_action.hpp
[53.864s] -- Installing: /home/deivideich/Holonomic_Base_Simulation/ros_2_ws/install/nav2_behavior_tree/include//nav2_behavior_tree/plugins/action/follow_path_action.hpp
[53.864s] -- Installing: /home/deivideich/Holonomic_Base_Simulation/ros_2_ws/install/nav2_behavior_tree/include//nav2_behavior_tree/plugins/action/clear_costmap_service.hpp
[53.864s] -- Installing: /home/deivideich/Holonomic_Base_Simulation/ros_2_ws/install/nav2_behavior_tree/include//nav2_behavior_tree/plugins/action/wait_action.hpp
[53.864s] -- Installing: /home/deivideich/Holonomic_Base_Simulation/ros_2_ws/install/nav2_behavior_tree/include//nav2_behavior_tree/plugins/action/compute_path_to_pose_action.hpp
[53.864s] -- Installing: /home/deivideich/Holonomic_Base_Simulation/ros_2_ws/install/nav2_behavior_tree/include//nav2_behavior_tree/plugins/action/back_up_action.hpp
[53.864s] -- Installing: /home/deivideich/Holonomic_Base_Simulation/ros_2_ws/install/nav2_behavior_tree/include//nav2_behavior_tree/plugins/action/navigate_to_pose_action.hpp
[53.864s] -- Installing: /home/deivideich/Holonomic_Base_Simulation/ros_2_ws/install/nav2_behavior_tree/include//nav2_behavior_tree/plugins/action/reinitialize_global_localization_service.hpp
[53.864s] -- Installing: /home/deivideich/Holonomic_Base_Simulation/ros_2_ws/install/nav2_behavior_tree/include//nav2_behavior_tree/plugins/control
[53.864s] -- Installing: /home/deivideich/Holonomic_Base_Simulation/ros_2_ws/install/nav2_behavior_tree/include//nav2_behavior_tree/plugins/control/round_robin_node.hpp
[53.864s] -- Installing: /home/deivideich/Holonomic_Base_Simulation/ros_2_ws/install/nav2_behavior_tree/include//nav2_behavior_tree/plugins/control/pipeline_sequence.hpp
[53.864s] -- Installing: /home/deivideich/Holonomic_Base_Simulation/ros_2_ws/install/nav2_behavior_tree/include//nav2_behavior_tree/plugins/control/recovery_node.hpp
[53.864s] -- Installing: /home/deivideich/Holonomic_Base_Simulation/ros_2_ws/install/nav2_behavior_tree/include//nav2_behavior_tree/bt_action_node.hpp
[53.864s] -- Installing: /home/deivideich/Holonomic_Base_Simulation/ros_2_ws/install/nav2_behavior_tree/share/nav2_behavior_tree/nav2_tree_nodes.xml
[53.864s] -- Installing: /home/deivideich/Holonomic_Base_Simulation/ros_2_ws/install/nav2_behavior_tree/share/nav2_behavior_tree/environment/library_path.sh
[53.865s] -- Installing: /home/deivideich/Holonomic_Base_Simulation/ros_2_ws/install/nav2_behavior_tree/share/nav2_behavior_tree/environment/library_path.dsv
[53.865s] -- Installing: /home/deivideich/Holonomic_Base_Simulation/ros_2_ws/install/nav2_behavior_tree/share/ament_index/resource_index/package_run_dependencies/nav2_behavior_tree
[53.865s] -- Installing: /home/deivideich/Holonomic_Base_Simulation/ros_2_ws/install/nav2_behavior_tree/share/ament_index/resource_index/parent_prefix_path/nav2_behavior_tree
[53.865s] -- Installing: /home/deivideich/Holonomic_Base_Simulation/ros_2_ws/install/nav2_behavior_tree/share/nav2_behavior_tree/environment/ament_prefix_path.sh
[53.865s] -- Installing: /home/deivideich/Holonomic_Base_Simulation/ros_2_ws/install/nav2_behavior_tree/share/nav2_behavior_tree/environment/ament_prefix_path.dsv
[53.865s] -- Installing: /home/deivideich/Holonomic_Base_Simulation/ros_2_ws/install/nav2_behavior_tree/share/nav2_behavior_tree/environment/path.sh
[53.865s] -- Installing: /home/deivideich/Holonomic_Base_Simulation/ros_2_ws/install/nav2_behavior_tree/share/nav2_behavior_tree/environment/path.dsv
[53.865s] -- Installing: /home/deivideich/Holonomic_Base_Simulation/ros_2_ws/install/nav2_behavior_tree/share/nav2_behavior_tree/local_setup.bash
[53.865s] -- Installing: /home/deivideich/Holonomic_Base_Simulation/ros_2_ws/install/nav2_behavior_tree/share/nav2_behavior_tree/local_setup.sh
[53.865s] -- Installing: /home/deivideich/Holonomic_Base_Simulation/ros_2_ws/install/nav2_behavior_tree/share/nav2_behavior_tree/local_setup.zsh
[53.865s] -- Installing: /home/deivideich/Holonomic_Base_Simulation/ros_2_ws/install/nav2_behavior_tree/share/nav2_behavior_tree/local_setup.dsv
[53.865s] -- Installing: /home/deivideich/Holonomic_Base_Simulation/ros_2_ws/install/nav2_behavior_tree/share/nav2_behavior_tree/package.dsv
[53.865s] -- Installing: /home/deivideich/Holonomic_Base_Simulation/ros_2_ws/install/nav2_behavior_tree/share/ament_index/resource_index/packages/nav2_behavior_tree
[53.865s] -- Installing: /home/deivideich/Holonomic_Base_Simulation/ros_2_ws/install/nav2_behavior_tree/share/nav2_behavior_tree/cmake/ament_cmake_export_include_directories-extras.cmake
[53.866s] -- Installing: /home/deivideich/Holonomic_Base_Simulation/ros_2_ws/install/nav2_behavior_tree/share/nav2_behavior_tree/cmake/ament_cmake_export_libraries-extras.cmake
[53.866s] -- Installing: /home/deivideich/Holonomic_Base_Simulation/ros_2_ws/install/nav2_behavior_tree/share/nav2_behavior_tree/cmake/ament_cmake_export_dependencies-extras.cmake
[53.866s] -- Installing: /home/deivideich/Holonomic_Base_Simulation/ros_2_ws/install/nav2_behavior_tree/share/nav2_behavior_tree/cmake/nav2_behavior_treeConfig.cmake
[53.866s] -- Installing: /home/deivideich/Holonomic_Base_Simulation/ros_2_ws/install/nav2_behavior_tree/share/nav2_behavior_tree/cmake/nav2_behavior_treeConfig-version.cmake
[53.866s] -- Installing: /home/deivideich/Holonomic_Base_Simulation/ros_2_ws/install/nav2_behavior_tree/share/nav2_behavior_tree/package.xml
[53.868s] Invoked command in '/home/deivideich/Holonomic_Base_Simulation/ros_2_ws/build/nav2_behavior_tree' returned '0': AMENT_PREFIX_PATH=/home/deivideich/Holonomic_Base_Simulation/ros_2_ws/install/nav2_util:/home/deivideich/Holonomic_Base_Simulation/ros_2_ws/install/nav2_msgs:/home/deivideich/Holonomic_Base_Simulation/ros_2_ws/install/nav2_common:${AMENT_PREFIX_PATH} CMAKE_PREFIX_PATH=/home/deivideich/Holonomic_Base_Simulation/ros_2_ws/install/nav2_util:/home/deivideich/Holonomic_Base_Simulation/ros_2_ws/install/nav2_msgs:/home/deivideich/Holonomic_Base_Simulation/ros_2_ws/install/nav2_common:/home/deivideich/Holonomic_Base_Simulation/ros_2_ws/install/octobot_2:/opt/ros/foxy:${CMAKE_PREFIX_PATH} LD_LIBRARY_PATH=/home/deivideich/Holonomic_Base_Simulation/ros_2_ws/install/nav2_util/lib:/home/deivideich/Holonomic_Base_Simulation/ros_2_ws/install/nav2_msgs/lib:${LD_LIBRARY_PATH} PYTHONPATH=/home/deivideich/Holonomic_Base_Simulation/ros_2_ws/install/nav2_msgs/lib/python3.8/site-packages:/home/deivideich/Holonomic_Base_Simulation/ros_2_ws/install/nav2_common/lib/python3.8/site-packages:${PYTHONPATH} /usr/bin/cmake --install /home/deivideich/Holonomic_Base_Simulation/ros_2_ws/build/nav2_behavior_tree
