-- Found geometry_msgs: 2.0.5 (/opt/ros/foxy/share/geometry_msgs/cmake)
-- Found PythonInterp: /usr/bin/python3 (found suitable version "3.8.10", minimum required is "3") 
-- Using PYTHON_EXECUTABLE: /usr/bin/python3
-- Using all available rosidl_typesupport_c: rosidl_typesupport_fastrtps_c;rosidl_typesupport_introspection_c
-- Found rosidl_adapter: 1.3.1 (/opt/ros/foxy/share/rosidl_adapter/cmake)
-- Using all available rosidl_typesupport_cpp: rosidl_typesupport_fastrtps_cpp;rosidl_typesupport_introspection_cpp
-- Found rosidl_default_generators: 1.0.1 (/opt/ros/foxy/share/rosidl_default_generators/cmake)
-- Found PythonInterp: /usr/bin/python3 (found version "3.8.10") 
-- Found ament_cmake_ros: 0.9.2 (/opt/ros/foxy/share/ament_cmake_ros/cmake)
-- Using all available rosidl_typesupport_c: rosidl_typesupport_fastrtps_c;rosidl_typesupport_introspection_c
-- Using all available rosidl_typesupport_cpp: rosidl_typesupport_fastrtps_cpp;rosidl_typesupport_introspection_cpp
-- Found PythonInterp: /usr/bin/python3 (found suitable version "3.8.10", minimum required is "3.5") 
-- Found python_cmake_module: 0.8.1 (/opt/ros/foxy/share/python_cmake_module/cmake)
-- Using PYTHON_EXECUTABLE: /usr/bin/python3
-- Using PYTHON_INCLUDE_DIRS: /usr/include/python3.8
-- Using PYTHON_LIBRARIES: /usr/lib/x86_64-linux-gnu/libpython3.8.so
-- Configuring done
-- Generating done
-- Build files have been written to: /home/deivideich/Holonomic_Base_Simulation/ros_2_ws/build/nav_2d_msgs
[  4%] Built target nav_2d_msgs__cpp
[ 12%] Built target nav_2d_msgs__rosidl_generator_c
[ 43%] Built target nav_2d_msgs__rosidl_typesupport_cpp
[ 43%] Built target nav_2d_msgs__rosidl_typesupport_c
[ 46%] Built target nav_2d_msgs__rosidl_typesupport_introspection_cpp
[ 69%] Built target nav_2d_msgs__rosidl_typesupport_introspection_c
[ 69%] Built target nav_2d_msgs__rosidl_typesupport_fastrtps_cpp
[ 80%] Built target nav_2d_msgs__rosidl_typesupport_fastrtps_c
[ 80%] Built target nav_2d_msgs
[ 81%] Built target nav_2d_msgs__py
[ 91%] Built target nav_2d_msgs__python
[ 97%] Built target nav_2d_msgs__rosidl_typesupport_introspection_c__pyext
[ 97%] Built target nav_2d_msgs__rosidl_typesupport_c__pyext
[100%] Built target nav_2d_msgs__rosidl_typesupport_fastrtps_c__pyext
-- Install configuration: ""
-- Installing: /home/deivideich/Holonomic_Base_Simulation/ros_2_ws/install/nav_2d_msgs/share/ament_index/resource_index/rosidl_interfaces/nav_2d_msgs
-- Installing: /home/deivideich/Holonomic_Base_Simulation/ros_2_ws/install/nav_2d_msgs/include/nav_2d_msgs
-- Installing: /home/deivideich/Holonomic_Base_Simulation/ros_2_ws/install/nav_2d_msgs/include/nav_2d_msgs/msg
-- Installing: /home/deivideich/Holonomic_Base_Simulation/ros_2_ws/install/nav_2d_msgs/include/nav_2d_msgs/msg/path2_d.h
-- Installing: /home/deivideich/Holonomic_Base_Simulation/ros_2_ws/install/nav_2d_msgs/include/nav_2d_msgs/msg/twist2_d.h
-- Installing: /home/deivideich/Holonomic_Base_Simulation/ros_2_ws/install/nav_2d_msgs/include/nav_2d_msgs/msg/pose2_d_stamped.h
-- Installing: /home/deivideich/Holonomic_Base_Simulation/ros_2_ws/install/nav_2d_msgs/include/nav_2d_msgs/msg/twist2_d_stamped.h
-- Installing: /home/deivideich/Holonomic_Base_Simulation/ros_2_ws/install/nav_2d_msgs/include/nav_2d_msgs/msg/twist2_d32.h
-- Installing: /home/deivideich/Holonomic_Base_Simulation/ros_2_ws/install/nav_2d_msgs/include/nav_2d_msgs/msg/detail
-- Installing: /home/deivideich/Holonomic_Base_Simulation/ros_2_ws/install/nav_2d_msgs/include/nav_2d_msgs/msg/detail/twist2_d32__functions.h
-- Installing: /home/deivideich/Holonomic_Base_Simulation/ros_2_ws/install/nav_2d_msgs/include/nav_2d_msgs/msg/detail/twist2_d__type_support.h
-- Installing: /home/deivideich/Holonomic_Base_Simulation/ros_2_ws/install/nav_2d_msgs/include/nav_2d_msgs/msg/detail/path2_d__functions.c
-- Installing: /home/deivideich/Holonomic_Base_Simulation/ros_2_ws/install/nav_2d_msgs/include/nav_2d_msgs/msg/detail/pose2_d32__functions.h
-- Installing: /home/deivideich/Holonomic_Base_Simulation/ros_2_ws/install/nav_2d_msgs/include/nav_2d_msgs/msg/detail/path2_d__type_support.h
-- Installing: /home/deivideich/Holonomic_Base_Simulation/ros_2_ws/install/nav_2d_msgs/include/nav_2d_msgs/msg/detail/twist2_d32__struct.h
-- Installing: /home/deivideich/Holonomic_Base_Simulation/ros_2_ws/install/nav_2d_msgs/include/nav_2d_msgs/msg/detail/path2_d__struct.h
-- Installing: /home/deivideich/Holonomic_Base_Simulation/ros_2_ws/install/nav_2d_msgs/include/nav_2d_msgs/msg/detail/twist2_d32__type_support.h
-- Installing: /home/deivideich/Holonomic_Base_Simulation/ros_2_ws/install/nav_2d_msgs/include/nav_2d_msgs/msg/detail/twist2_d__functions.h
-- Installing: /home/deivideich/Holonomic_Base_Simulation/ros_2_ws/install/nav_2d_msgs/include/nav_2d_msgs/msg/detail/pose2_d32__struct.h
-- Installing: /home/deivideich/Holonomic_Base_Simulation/ros_2_ws/install/nav_2d_msgs/include/nav_2d_msgs/msg/detail/pose2_d_stamped__functions.h
-- Installing: /home/deivideich/Holonomic_Base_Simulation/ros_2_ws/install/nav_2d_msgs/include/nav_2d_msgs/msg/detail/path2_d__functions.h
-- Installing: /home/deivideich/Holonomic_Base_Simulation/ros_2_ws/install/nav_2d_msgs/include/nav_2d_msgs/msg/detail/twist2_d_stamped__functions.h
-- Installing: /home/deivideich/Holonomic_Base_Simulation/ros_2_ws/install/nav_2d_msgs/include/nav_2d_msgs/msg/detail/twist2_d_stamped__struct.h
-- Installing: /home/deivideich/Holonomic_Base_Simulation/ros_2_ws/install/nav_2d_msgs/include/nav_2d_msgs/msg/detail/pose2_d_stamped__functions.c
-- Installing: /home/deivideich/Holonomic_Base_Simulation/ros_2_ws/install/nav_2d_msgs/include/nav_2d_msgs/msg/detail/twist2_d__struct.h
-- Installing: /home/deivideich/Holonomic_Base_Simulation/ros_2_ws/install/nav_2d_msgs/include/nav_2d_msgs/msg/detail/pose2_d_stamped__struct.h
-- Installing: /home/deivideich/Holonomic_Base_Simulation/ros_2_ws/install/nav_2d_msgs/include/nav_2d_msgs/msg/detail/twist2_d__functions.c
-- Installing: /home/deivideich/Holonomic_Base_Simulation/ros_2_ws/install/nav_2d_msgs/include/nav_2d_msgs/msg/detail/pose2_d32__functions.c
-- Installing: /home/deivideich/Holonomic_Base_Simulation/ros_2_ws/install/nav_2d_msgs/include/nav_2d_msgs/msg/detail/twist2_d32__functions.c
-- Installing: /home/deivideich/Holonomic_Base_Simulation/ros_2_ws/install/nav_2d_msgs/include/nav_2d_msgs/msg/detail/pose2_d_stamped__type_support.h
-- Installing: /home/deivideich/Holonomic_Base_Simulation/ros_2_ws/install/nav_2d_msgs/include/nav_2d_msgs/msg/detail/twist2_d_stamped__type_support.h
-- Installing: /home/deivideich/Holonomic_Base_Simulation/ros_2_ws/install/nav_2d_msgs/include/nav_2d_msgs/msg/detail/pose2_d32__type_support.h
-- Installing: /home/deivideich/Holonomic_Base_Simulation/ros_2_ws/install/nav_2d_msgs/include/nav_2d_msgs/msg/detail/twist2_d_stamped__functions.c
-- Installing: /home/deivideich/Holonomic_Base_Simulation/ros_2_ws/install/nav_2d_msgs/include/nav_2d_msgs/msg/rosidl_generator_c__visibility_control.h
-- Installing: /home/deivideich/Holonomic_Base_Simulation/ros_2_ws/install/nav_2d_msgs/include/nav_2d_msgs/msg/pose2_d32.h
-- Installing: /home/deivideich/Holonomic_Base_Simulation/ros_2_ws/install/nav_2d_msgs/share/nav_2d_msgs/environment/library_path.sh
-- Installing: /home/deivideich/Holonomic_Base_Simulation/ros_2_ws/install/nav_2d_msgs/share/nav_2d_msgs/environment/library_path.dsv
-- Installing: /home/deivideich/Holonomic_Base_Simulation/ros_2_ws/install/nav_2d_msgs/lib/libnav_2d_msgs__rosidl_generator_c.so
-- Set runtime path of "/home/deivideich/Holonomic_Base_Simulation/ros_2_ws/install/nav_2d_msgs/lib/libnav_2d_msgs__rosidl_generator_c.so" to ""
-- Up-to-date: /home/deivideich/Holonomic_Base_Simulation/ros_2_ws/install/nav_2d_msgs/include/nav_2d_msgs
-- Up-to-date: /home/deivideich/Holonomic_Base_Simulation/ros_2_ws/install/nav_2d_msgs/include/nav_2d_msgs/msg
-- Up-to-date: /home/deivideich/Holonomic_Base_Simulation/ros_2_ws/install/nav_2d_msgs/include/nav_2d_msgs/msg/detail
-- Installing: /home/deivideich/Holonomic_Base_Simulation/ros_2_ws/install/nav_2d_msgs/include/nav_2d_msgs/msg/detail/twist2_d_stamped__rosidl_typesupport_fastrtps_c.h
-- Installing: /home/deivideich/Holonomic_Base_Simulation/ros_2_ws/install/nav_2d_msgs/include/nav_2d_msgs/msg/detail/pose2_d32__rosidl_typesupport_fastrtps_c.h
-- Installing: /home/deivideich/Holonomic_Base_Simulation/ros_2_ws/install/nav_2d_msgs/include/nav_2d_msgs/msg/detail/twist2_d32__rosidl_typesupport_fastrtps_c.h
-- Installing: /home/deivideich/Holonomic_Base_Simulation/ros_2_ws/install/nav_2d_msgs/include/nav_2d_msgs/msg/detail/path2_d__rosidl_typesupport_fastrtps_c.h
-- Installing: /home/deivideich/Holonomic_Base_Simulation/ros_2_ws/install/nav_2d_msgs/include/nav_2d_msgs/msg/detail/twist2_d__rosidl_typesupport_fastrtps_c.h
-- Installing: /home/deivideich/Holonomic_Base_Simulation/ros_2_ws/install/nav_2d_msgs/include/nav_2d_msgs/msg/detail/pose2_d_stamped__rosidl_typesupport_fastrtps_c.h
-- Installing: /home/deivideich/Holonomic_Base_Simulation/ros_2_ws/install/nav_2d_msgs/include/nav_2d_msgs/msg/rosidl_typesupport_fastrtps_c__visibility_control.h
-- Installing: /home/deivideich/Holonomic_Base_Simulation/ros_2_ws/install/nav_2d_msgs/lib/libnav_2d_msgs__rosidl_typesupport_fastrtps_c.so
-- Set runtime path of "/home/deivideich/Holonomic_Base_Simulation/ros_2_ws/install/nav_2d_msgs/lib/libnav_2d_msgs__rosidl_typesupport_fastrtps_c.so" to ""
-- Up-to-date: /home/deivideich/Holonomic_Base_Simulation/ros_2_ws/install/nav_2d_msgs/include/nav_2d_msgs
-- Up-to-date: /home/deivideich/Holonomic_Base_Simulation/ros_2_ws/install/nav_2d_msgs/include/nav_2d_msgs/msg
-- Installing: /home/deivideich/Holonomic_Base_Simulation/ros_2_ws/install/nav_2d_msgs/include/nav_2d_msgs/msg/rosidl_typesupport_fastrtps_cpp__visibility_control.h
-- Up-to-date: /home/deivideich/Holonomic_Base_Simulation/ros_2_ws/install/nav_2d_msgs/include/nav_2d_msgs/msg/detail
-- Installing: /home/deivideich/Holonomic_Base_Simulation/ros_2_ws/install/nav_2d_msgs/include/nav_2d_msgs/msg/detail/twist2_d_stamped__rosidl_typesupport_fastrtps_cpp.hpp
-- Installing: /home/deivideich/Holonomic_Base_Simulation/ros_2_ws/install/nav_2d_msgs/include/nav_2d_msgs/msg/detail/twist2_d32__rosidl_typesupport_fastrtps_cpp.hpp
-- Installing: /home/deivideich/Holonomic_Base_Simulation/ros_2_ws/install/nav_2d_msgs/include/nav_2d_msgs/msg/detail/path2_d__rosidl_typesupport_fastrtps_cpp.hpp
-- Installing: /home/deivideich/Holonomic_Base_Simulation/ros_2_ws/install/nav_2d_msgs/include/nav_2d_msgs/msg/detail/pose2_d_stamped__rosidl_typesupport_fastrtps_cpp.hpp
-- Installing: /home/deivideich/Holonomic_Base_Simulation/ros_2_ws/install/nav_2d_msgs/include/nav_2d_msgs/msg/detail/pose2_d32__rosidl_typesupport_fastrtps_cpp.hpp
-- Installing: /home/deivideich/Holonomic_Base_Simulation/ros_2_ws/install/nav_2d_msgs/include/nav_2d_msgs/msg/detail/twist2_d__rosidl_typesupport_fastrtps_cpp.hpp
-- Installing: /home/deivideich/Holonomic_Base_Simulation/ros_2_ws/install/nav_2d_msgs/include/nav_2d_msgs/msg/detail/dds_fastrtps
-- Installing: /home/deivideich/Holonomic_Base_Simulation/ros_2_ws/install/nav_2d_msgs/lib/libnav_2d_msgs__rosidl_typesupport_fastrtps_cpp.so
-- Set runtime path of "/home/deivideich/Holonomic_Base_Simulation/ros_2_ws/install/nav_2d_msgs/lib/libnav_2d_msgs__rosidl_typesupport_fastrtps_cpp.so" to ""
-- Up-to-date: /home/deivideich/Holonomic_Base_Simulation/ros_2_ws/install/nav_2d_msgs/include/nav_2d_msgs
-- Up-to-date: /home/deivideich/Holonomic_Base_Simulation/ros_2_ws/install/nav_2d_msgs/include/nav_2d_msgs/msg
-- Installing: /home/deivideich/Holonomic_Base_Simulation/ros_2_ws/install/nav_2d_msgs/include/nav_2d_msgs/msg/rosidl_typesupport_introspection_c__visibility_control.h
-- Up-to-date: /home/deivideich/Holonomic_Base_Simulation/ros_2_ws/install/nav_2d_msgs/include/nav_2d_msgs/msg/detail
-- Installing: /home/deivideich/Holonomic_Base_Simulation/ros_2_ws/install/nav_2d_msgs/include/nav_2d_msgs/msg/detail/twist2_d__rosidl_typesupport_introspection_c.h
-- Installing: /home/deivideich/Holonomic_Base_Simulation/ros_2_ws/install/nav_2d_msgs/include/nav_2d_msgs/msg/detail/twist2_d_stamped__rosidl_typesupport_introspection_c.h
-- Installing: /home/deivideich/Holonomic_Base_Simulation/ros_2_ws/install/nav_2d_msgs/include/nav_2d_msgs/msg/detail/pose2_d_stamped__rosidl_typesupport_introspection_c.h
-- Installing: /home/deivideich/Holonomic_Base_Simulation/ros_2_ws/install/nav_2d_msgs/include/nav_2d_msgs/msg/detail/pose2_d32__type_support.c
-- Installing: /home/deivideich/Holonomic_Base_Simulation/ros_2_ws/install/nav_2d_msgs/include/nav_2d_msgs/msg/detail/twist2_d32__type_support.c
-- Installing: /home/deivideich/Holonomic_Base_Simulation/ros_2_ws/install/nav_2d_msgs/include/nav_2d_msgs/msg/detail/pose2_d_stamped__type_support.c
-- Installing: /home/deivideich/Holonomic_Base_Simulation/ros_2_ws/install/nav_2d_msgs/include/nav_2d_msgs/msg/detail/path2_d__type_support.c
-- Installing: /home/deivideich/Holonomic_Base_Simulation/ros_2_ws/install/nav_2d_msgs/include/nav_2d_msgs/msg/detail/path2_d__rosidl_typesupport_introspection_c.h
-- Installing: /home/deivideich/Holonomic_Base_Simulation/ros_2_ws/install/nav_2d_msgs/include/nav_2d_msgs/msg/detail/twist2_d__type_support.c
-- Installing: /home/deivideich/Holonomic_Base_Simulation/ros_2_ws/install/nav_2d_msgs/include/nav_2d_msgs/msg/detail/twist2_d_stamped__type_support.c
-- Installing: /home/deivideich/Holonomic_Base_Simulation/ros_2_ws/install/nav_2d_msgs/include/nav_2d_msgs/msg/detail/twist2_d32__rosidl_typesupport_introspection_c.h
-- Installing: /home/deivideich/Holonomic_Base_Simulation/ros_2_ws/install/nav_2d_msgs/include/nav_2d_msgs/msg/detail/pose2_d32__rosidl_typesupport_introspection_c.h
-- Installing: /home/deivideich/Holonomic_Base_Simulation/ros_2_ws/install/nav_2d_msgs/lib/libnav_2d_msgs__rosidl_typesupport_introspection_c.so
-- Set runtime path of "/home/deivideich/Holonomic_Base_Simulation/ros_2_ws/install/nav_2d_msgs/lib/libnav_2d_msgs__rosidl_typesupport_introspection_c.so" to ""
-- Installing: /home/deivideich/Holonomic_Base_Simulation/ros_2_ws/install/nav_2d_msgs/lib/libnav_2d_msgs__rosidl_typesupport_c.so
-- Set runtime path of "/home/deivideich/Holonomic_Base_Simulation/ros_2_ws/install/nav_2d_msgs/lib/libnav_2d_msgs__rosidl_typesupport_c.so" to ""
-- Up-to-date: /home/deivideich/Holonomic_Base_Simulation/ros_2_ws/install/nav_2d_msgs/include/nav_2d_msgs
-- Up-to-date: /home/deivideich/Holonomic_Base_Simulation/ros_2_ws/install/nav_2d_msgs/include/nav_2d_msgs/msg
-- Installing: /home/deivideich/Holonomic_Base_Simulation/ros_2_ws/install/nav_2d_msgs/include/nav_2d_msgs/msg/twist2_d.hpp
-- Installing: /home/deivideich/Holonomic_Base_Simulation/ros_2_ws/install/nav_2d_msgs/include/nav_2d_msgs/msg/path2_d.hpp
-- Installing: /home/deivideich/Holonomic_Base_Simulation/ros_2_ws/install/nav_2d_msgs/include/nav_2d_msgs/msg/rosidl_generator_cpp__visibility_control.hpp
-- Installing: /home/deivideich/Holonomic_Base_Simulation/ros_2_ws/install/nav_2d_msgs/include/nav_2d_msgs/msg/twist2_d_stamped.hpp
-- Up-to-date: /home/deivideich/Holonomic_Base_Simulation/ros_2_ws/install/nav_2d_msgs/include/nav_2d_msgs/msg/detail
-- Installing: /home/deivideich/Holonomic_Base_Simulation/ros_2_ws/install/nav_2d_msgs/include/nav_2d_msgs/msg/detail/twist2_d32__type_support.hpp
-- Installing: /home/deivideich/Holonomic_Base_Simulation/ros_2_ws/install/nav_2d_msgs/include/nav_2d_msgs/msg/detail/path2_d__type_support.hpp
-- Installing: /home/deivideich/Holonomic_Base_Simulation/ros_2_ws/install/nav_2d_msgs/include/nav_2d_msgs/msg/detail/path2_d__builder.hpp
-- Installing: /home/deivideich/Holonomic_Base_Simulation/ros_2_ws/install/nav_2d_msgs/include/nav_2d_msgs/msg/detail/pose2_d_stamped__type_support.hpp
-- Installing: /home/deivideich/Holonomic_Base_Simulation/ros_2_ws/install/nav_2d_msgs/include/nav_2d_msgs/msg/detail/pose2_d_stamped__builder.hpp
-- Installing: /home/deivideich/Holonomic_Base_Simulation/ros_2_ws/install/nav_2d_msgs/include/nav_2d_msgs/msg/detail/path2_d__struct.hpp
-- Installing: /home/deivideich/Holonomic_Base_Simulation/ros_2_ws/install/nav_2d_msgs/include/nav_2d_msgs/msg/detail/twist2_d__type_support.hpp
-- Installing: /home/deivideich/Holonomic_Base_Simulation/ros_2_ws/install/nav_2d_msgs/include/nav_2d_msgs/msg/detail/pose2_d_stamped__traits.hpp
-- Installing: /home/deivideich/Holonomic_Base_Simulation/ros_2_ws/install/nav_2d_msgs/include/nav_2d_msgs/msg/detail/twist2_d32__struct.hpp
-- Installing: /home/deivideich/Holonomic_Base_Simulation/ros_2_ws/install/nav_2d_msgs/include/nav_2d_msgs/msg/detail/pose2_d32__struct.hpp
-- Installing: /home/deivideich/Holonomic_Base_Simulation/ros_2_ws/install/nav_2d_msgs/include/nav_2d_msgs/msg/detail/twist2_d_stamped__struct.hpp
-- Installing: /home/deivideich/Holonomic_Base_Simulation/ros_2_ws/install/nav_2d_msgs/include/nav_2d_msgs/msg/detail/pose2_d32__traits.hpp
-- Installing: /home/deivideich/Holonomic_Base_Simulation/ros_2_ws/install/nav_2d_msgs/include/nav_2d_msgs/msg/detail/twist2_d__builder.hpp
-- Installing: /home/deivideich/Holonomic_Base_Simulation/ros_2_ws/install/nav_2d_msgs/include/nav_2d_msgs/msg/detail/twist2_d__struct.hpp
-- Installing: /home/deivideich/Holonomic_Base_Simulation/ros_2_ws/install/nav_2d_msgs/include/nav_2d_msgs/msg/detail/twist2_d_stamped__builder.hpp
-- Installing: /home/deivideich/Holonomic_Base_Simulation/ros_2_ws/install/nav_2d_msgs/include/nav_2d_msgs/msg/detail/pose2_d32__builder.hpp
-- Installing: /home/deivideich/Holonomic_Base_Simulation/ros_2_ws/install/nav_2d_msgs/include/nav_2d_msgs/msg/detail/twist2_d_stamped__type_support.hpp
-- Installing: /home/deivideich/Holonomic_Base_Simulation/ros_2_ws/install/nav_2d_msgs/include/nav_2d_msgs/msg/detail/twist2_d_stamped__traits.hpp
-- Installing: /home/deivideich/Holonomic_Base_Simulation/ros_2_ws/install/nav_2d_msgs/include/nav_2d_msgs/msg/detail/twist2_d__traits.hpp
-- Installing: /home/deivideich/Holonomic_Base_Simulation/ros_2_ws/install/nav_2d_msgs/include/nav_2d_msgs/msg/detail/path2_d__traits.hpp
-- Installing: /home/deivideich/Holonomic_Base_Simulation/ros_2_ws/install/nav_2d_msgs/include/nav_2d_msgs/msg/detail/twist2_d32__builder.hpp
-- Installing: /home/deivideich/Holonomic_Base_Simulation/ros_2_ws/install/nav_2d_msgs/include/nav_2d_msgs/msg/detail/pose2_d32__type_support.hpp
-- Installing: /home/deivideich/Holonomic_Base_Simulation/ros_2_ws/install/nav_2d_msgs/include/nav_2d_msgs/msg/detail/twist2_d32__traits.hpp
-- Installing: /home/deivideich/Holonomic_Base_Simulation/ros_2_ws/install/nav_2d_msgs/include/nav_2d_msgs/msg/detail/pose2_d_stamped__struct.hpp
-- Installing: /home/deivideich/Holonomic_Base_Simulation/ros_2_ws/install/nav_2d_msgs/include/nav_2d_msgs/msg/twist2_d32.hpp
-- Installing: /home/deivideich/Holonomic_Base_Simulation/ros_2_ws/install/nav_2d_msgs/include/nav_2d_msgs/msg/pose2_d32.hpp
-- Installing: /home/deivideich/Holonomic_Base_Simulation/ros_2_ws/install/nav_2d_msgs/include/nav_2d_msgs/msg/pose2_d_stamped.hpp
-- Up-to-date: /home/deivideich/Holonomic_Base_Simulation/ros_2_ws/install/nav_2d_msgs/include/nav_2d_msgs
-- Up-to-date: /home/deivideich/Holonomic_Base_Simulation/ros_2_ws/install/nav_2d_msgs/include/nav_2d_msgs/msg
-- Up-to-date: /home/deivideich/Holonomic_Base_Simulation/ros_2_ws/install/nav_2d_msgs/include/nav_2d_msgs/msg/detail
-- Installing: /home/deivideich/Holonomic_Base_Simulation/ros_2_ws/install/nav_2d_msgs/include/nav_2d_msgs/msg/detail/twist2_d__rosidl_typesupport_introspection_cpp.hpp
-- Installing: /home/deivideich/Holonomic_Base_Simulation/ros_2_ws/install/nav_2d_msgs/include/nav_2d_msgs/msg/detail/path2_d__rosidl_typesupport_introspection_cpp.hpp
-- Installing: /home/deivideich/Holonomic_Base_Simulation/ros_2_ws/install/nav_2d_msgs/include/nav_2d_msgs/msg/detail/twist2_d_stamped__type_support.cpp
-- Installing: /home/deivideich/Holonomic_Base_Simulation/ros_2_ws/install/nav_2d_msgs/include/nav_2d_msgs/msg/detail/twist2_d32__type_support.cpp
-- Installing: /home/deivideich/Holonomic_Base_Simulation/ros_2_ws/install/nav_2d_msgs/include/nav_2d_msgs/msg/detail/pose2_d_stamped__rosidl_typesupport_introspection_cpp.hpp
-- Installing: /home/deivideich/Holonomic_Base_Simulation/ros_2_ws/install/nav_2d_msgs/include/nav_2d_msgs/msg/detail/twist2_d__type_support.cpp
-- Installing: /home/deivideich/Holonomic_Base_Simulation/ros_2_ws/install/nav_2d_msgs/include/nav_2d_msgs/msg/detail/path2_d__type_support.cpp
-- Installing: /home/deivideich/Holonomic_Base_Simulation/ros_2_ws/install/nav_2d_msgs/include/nav_2d_msgs/msg/detail/twist2_d32__rosidl_typesupport_introspection_cpp.hpp
-- Installing: /home/deivideich/Holonomic_Base_Simulation/ros_2_ws/install/nav_2d_msgs/include/nav_2d_msgs/msg/detail/twist2_d_stamped__rosidl_typesupport_introspection_cpp.hpp
-- Installing: /home/deivideich/Holonomic_Base_Simulation/ros_2_ws/install/nav_2d_msgs/include/nav_2d_msgs/msg/detail/pose2_d_stamped__type_support.cpp
-- Installing: /home/deivideich/Holonomic_Base_Simulation/ros_2_ws/install/nav_2d_msgs/include/nav_2d_msgs/msg/detail/pose2_d32__rosidl_typesupport_introspection_cpp.hpp
-- Installing: /home/deivideich/Holonomic_Base_Simulation/ros_2_ws/install/nav_2d_msgs/include/nav_2d_msgs/msg/detail/pose2_d32__type_support.cpp
-- Installing: /home/deivideich/Holonomic_Base_Simulation/ros_2_ws/install/nav_2d_msgs/lib/libnav_2d_msgs__rosidl_typesupport_introspection_cpp.so
-- Set runtime path of "/home/deivideich/Holonomic_Base_Simulation/ros_2_ws/install/nav_2d_msgs/lib/libnav_2d_msgs__rosidl_typesupport_introspection_cpp.so" to ""
-- Installing: /home/deivideich/Holonomic_Base_Simulation/ros_2_ws/install/nav_2d_msgs/lib/libnav_2d_msgs__rosidl_typesupport_cpp.so
-- Set runtime path of "/home/deivideich/Holonomic_Base_Simulation/ros_2_ws/install/nav_2d_msgs/lib/libnav_2d_msgs__rosidl_typesupport_cpp.so" to ""
-- Installing: /home/deivideich/Holonomic_Base_Simulation/ros_2_ws/install/nav_2d_msgs/share/nav_2d_msgs/environment/pythonpath.sh
-- Installing: /home/deivideich/Holonomic_Base_Simulation/ros_2_ws/install/nav_2d_msgs/share/nav_2d_msgs/environment/pythonpath.dsv
-- Installing: /home/deivideich/Holonomic_Base_Simulation/ros_2_ws/install/nav_2d_msgs/lib/python3.8/site-packages/nav_2d_msgs/__init__.py
Compiling '/home/deivideich/Holonomic_Base_Simulation/ros_2_ws/install/nav_2d_msgs/lib/python3.8/site-packages/nav_2d_msgs/__init__.py'...
-- Installing: /home/deivideich/Holonomic_Base_Simulation/ros_2_ws/install/nav_2d_msgs/lib/python3.8/site-packages/nav_2d_msgs/msg
-- Installing: /home/deivideich/Holonomic_Base_Simulation/ros_2_ws/install/nav_2d_msgs/lib/python3.8/site-packages/nav_2d_msgs/msg/_path2_d_s.c
-- Installing: /home/deivideich/Holonomic_Base_Simulation/ros_2_ws/install/nav_2d_msgs/lib/python3.8/site-packages/nav_2d_msgs/msg/_pose2_d_stamped.py
-- Installing: /home/deivideich/Holonomic_Base_Simulation/ros_2_ws/install/nav_2d_msgs/lib/python3.8/site-packages/nav_2d_msgs/msg/__init__.py
-- Installing: /home/deivideich/Holonomic_Base_Simulation/ros_2_ws/install/nav_2d_msgs/lib/python3.8/site-packages/nav_2d_msgs/msg/_twist2_d.py
-- Installing: /home/deivideich/Holonomic_Base_Simulation/ros_2_ws/install/nav_2d_msgs/lib/python3.8/site-packages/nav_2d_msgs/msg/_twist2_d32_s.c
-- Installing: /home/deivideich/Holonomic_Base_Simulation/ros_2_ws/install/nav_2d_msgs/lib/python3.8/site-packages/nav_2d_msgs/msg/_pose2_d32.py
-- Installing: /home/deivideich/Holonomic_Base_Simulation/ros_2_ws/install/nav_2d_msgs/lib/python3.8/site-packages/nav_2d_msgs/msg/_path2_d.py
-- Installing: /home/deivideich/Holonomic_Base_Simulation/ros_2_ws/install/nav_2d_msgs/lib/python3.8/site-packages/nav_2d_msgs/msg/_pose2_d_stamped_s.c
-- Installing: /home/deivideich/Holonomic_Base_Simulation/ros_2_ws/install/nav_2d_msgs/lib/python3.8/site-packages/nav_2d_msgs/msg/_twist2_d_s.c
-- Installing: /home/deivideich/Holonomic_Base_Simulation/ros_2_ws/install/nav_2d_msgs/lib/python3.8/site-packages/nav_2d_msgs/msg/_twist2_d_stamped_s.c
-- Installing: /home/deivideich/Holonomic_Base_Simulation/ros_2_ws/install/nav_2d_msgs/lib/python3.8/site-packages/nav_2d_msgs/msg/_pose2_d32_s.c
-- Installing: /home/deivideich/Holonomic_Base_Simulation/ros_2_ws/install/nav_2d_msgs/lib/python3.8/site-packages/nav_2d_msgs/msg/_twist2_d_stamped.py
-- Installing: /home/deivideich/Holonomic_Base_Simulation/ros_2_ws/install/nav_2d_msgs/lib/python3.8/site-packages/nav_2d_msgs/msg/_twist2_d32.py
-- Installing: /home/deivideich/Holonomic_Base_Simulation/ros_2_ws/install/nav_2d_msgs/lib/python3.8/site-packages/nav_2d_msgs/nav_2d_msgs_s__rosidl_typesupport_fastrtps_c.cpython-38-x86_64-linux-gnu.so
-- Set runtime path of "/home/deivideich/Holonomic_Base_Simulation/ros_2_ws/install/nav_2d_msgs/lib/python3.8/site-packages/nav_2d_msgs/nav_2d_msgs_s__rosidl_typesupport_fastrtps_c.cpython-38-x86_64-linux-gnu.so" to ""
-- Installing: /home/deivideich/Holonomic_Base_Simulation/ros_2_ws/install/nav_2d_msgs/lib/python3.8/site-packages/nav_2d_msgs/nav_2d_msgs_s__rosidl_typesupport_introspection_c.cpython-38-x86_64-linux-gnu.so
-- Set runtime path of "/home/deivideich/Holonomic_Base_Simulation/ros_2_ws/install/nav_2d_msgs/lib/python3.8/site-packages/nav_2d_msgs/nav_2d_msgs_s__rosidl_typesupport_introspection_c.cpython-38-x86_64-linux-gnu.so" to ""
-- Installing: /home/deivideich/Holonomic_Base_Simulation/ros_2_ws/install/nav_2d_msgs/lib/python3.8/site-packages/nav_2d_msgs/nav_2d_msgs_s__rosidl_typesupport_c.cpython-38-x86_64-linux-gnu.so
-- Set runtime path of "/home/deivideich/Holonomic_Base_Simulation/ros_2_ws/install/nav_2d_msgs/lib/python3.8/site-packages/nav_2d_msgs/nav_2d_msgs_s__rosidl_typesupport_c.cpython-38-x86_64-linux-gnu.so" to ""
-- Installing: /home/deivideich/Holonomic_Base_Simulation/ros_2_ws/install/nav_2d_msgs/lib/libnav_2d_msgs__python.so
-- Set runtime path of "/home/deivideich/Holonomic_Base_Simulation/ros_2_ws/install/nav_2d_msgs/lib/libnav_2d_msgs__python.so" to ""
-- Installing: /home/deivideich/Holonomic_Base_Simulation/ros_2_ws/install/nav_2d_msgs/share/nav_2d_msgs/msg/Path2D.idl
-- Installing: /home/deivideich/Holonomic_Base_Simulation/ros_2_ws/install/nav_2d_msgs/share/nav_2d_msgs/msg/Pose2D32.idl
-- Installing: /home/deivideich/Holonomic_Base_Simulation/ros_2_ws/install/nav_2d_msgs/share/nav_2d_msgs/msg/Pose2DStamped.idl
-- Installing: /home/deivideich/Holonomic_Base_Simulation/ros_2_ws/install/nav_2d_msgs/share/nav_2d_msgs/msg/Twist2D.idl
-- Installing: /home/deivideich/Holonomic_Base_Simulation/ros_2_ws/install/nav_2d_msgs/share/nav_2d_msgs/msg/Twist2D32.idl
-- Installing: /home/deivideich/Holonomic_Base_Simulation/ros_2_ws/install/nav_2d_msgs/share/nav_2d_msgs/msg/Twist2DStamped.idl
-- Installing: /home/deivideich/Holonomic_Base_Simulation/ros_2_ws/install/nav_2d_msgs/share/nav_2d_msgs/msg/Path2D.msg
-- Installing: /home/deivideich/Holonomic_Base_Simulation/ros_2_ws/install/nav_2d_msgs/share/nav_2d_msgs/msg/Pose2D32.msg
-- Installing: /home/deivideich/Holonomic_Base_Simulation/ros_2_ws/install/nav_2d_msgs/share/nav_2d_msgs/msg/Pose2DStamped.msg
-- Installing: /home/deivideich/Holonomic_Base_Simulation/ros_2_ws/install/nav_2d_msgs/share/nav_2d_msgs/msg/Twist2D.msg
-- Installing: /home/deivideich/Holonomic_Base_Simulation/ros_2_ws/install/nav_2d_msgs/share/nav_2d_msgs/msg/Twist2D32.msg
-- Installing: /home/deivideich/Holonomic_Base_Simulation/ros_2_ws/install/nav_2d_msgs/share/nav_2d_msgs/msg/Twist2DStamped.msg
-- Installing: /home/deivideich/Holonomic_Base_Simulation/ros_2_ws/install/nav_2d_msgs/share/ament_index/resource_index/package_run_dependencies/nav_2d_msgs
-- Installing: /home/deivideich/Holonomic_Base_Simulation/ros_2_ws/install/nav_2d_msgs/share/ament_index/resource_index/parent_prefix_path/nav_2d_msgs
-- Installing: /home/deivideich/Holonomic_Base_Simulation/ros_2_ws/install/nav_2d_msgs/share/nav_2d_msgs/environment/ament_prefix_path.sh
-- Installing: /home/deivideich/Holonomic_Base_Simulation/ros_2_ws/install/nav_2d_msgs/share/nav_2d_msgs/environment/ament_prefix_path.dsv
-- Installing: /home/deivideich/Holonomic_Base_Simulation/ros_2_ws/install/nav_2d_msgs/share/nav_2d_msgs/environment/path.sh
-- Installing: /home/deivideich/Holonomic_Base_Simulation/ros_2_ws/install/nav_2d_msgs/share/nav_2d_msgs/environment/path.dsv
-- Installing: /home/deivideich/Holonomic_Base_Simulation/ros_2_ws/install/nav_2d_msgs/share/nav_2d_msgs/local_setup.bash
-- Installing: /home/deivideich/Holonomic_Base_Simulation/ros_2_ws/install/nav_2d_msgs/share/nav_2d_msgs/local_setup.sh
-- Installing: /home/deivideich/Holonomic_Base_Simulation/ros_2_ws/install/nav_2d_msgs/share/nav_2d_msgs/local_setup.zsh
-- Installing: /home/deivideich/Holonomic_Base_Simulation/ros_2_ws/install/nav_2d_msgs/share/nav_2d_msgs/local_setup.dsv
-- Installing: /home/deivideich/Holonomic_Base_Simulation/ros_2_ws/install/nav_2d_msgs/share/nav_2d_msgs/package.dsv
-- Installing: /home/deivideich/Holonomic_Base_Simulation/ros_2_ws/install/nav_2d_msgs/share/ament_index/resource_index/packages/nav_2d_msgs
-- Installing: /home/deivideich/Holonomic_Base_Simulation/ros_2_ws/install/nav_2d_msgs/share/nav_2d_msgs/cmake/nav_2d_msgs__rosidl_generator_cExport.cmake
-- Installing: /home/deivideich/Holonomic_Base_Simulation/ros_2_ws/install/nav_2d_msgs/share/nav_2d_msgs/cmake/nav_2d_msgs__rosidl_generator_cExport-noconfig.cmake
-- Installing: /home/deivideich/Holonomic_Base_Simulation/ros_2_ws/install/nav_2d_msgs/share/nav_2d_msgs/cmake/nav_2d_msgs__rosidl_typesupport_introspection_cExport.cmake
-- Installing: /home/deivideich/Holonomic_Base_Simulation/ros_2_ws/install/nav_2d_msgs/share/nav_2d_msgs/cmake/nav_2d_msgs__rosidl_typesupport_introspection_cExport-noconfig.cmake
-- Installing: /home/deivideich/Holonomic_Base_Simulation/ros_2_ws/install/nav_2d_msgs/share/nav_2d_msgs/cmake/nav_2d_msgs__rosidl_typesupport_cExport.cmake
-- Installing: /home/deivideich/Holonomic_Base_Simulation/ros_2_ws/install/nav_2d_msgs/share/nav_2d_msgs/cmake/nav_2d_msgs__rosidl_typesupport_cExport-noconfig.cmake
-- Installing: /home/deivideich/Holonomic_Base_Simulation/ros_2_ws/install/nav_2d_msgs/share/nav_2d_msgs/cmake/nav_2d_msgs__rosidl_generator_cppExport.cmake
-- Installing: /home/deivideich/Holonomic_Base_Simulation/ros_2_ws/install/nav_2d_msgs/share/nav_2d_msgs/cmake/nav_2d_msgs__rosidl_typesupport_introspection_cppExport.cmake
-- Installing: /home/deivideich/Holonomic_Base_Simulation/ros_2_ws/install/nav_2d_msgs/share/nav_2d_msgs/cmake/nav_2d_msgs__rosidl_typesupport_introspection_cppExport-noconfig.cmake
-- Installing: /home/deivideich/Holonomic_Base_Simulation/ros_2_ws/install/nav_2d_msgs/share/nav_2d_msgs/cmake/nav_2d_msgs__rosidl_typesupport_cppExport.cmake
-- Installing: /home/deivideich/Holonomic_Base_Simulation/ros_2_ws/install/nav_2d_msgs/share/nav_2d_msgs/cmake/nav_2d_msgs__rosidl_typesupport_cppExport-noconfig.cmake
-- Installing: /home/deivideich/Holonomic_Base_Simulation/ros_2_ws/install/nav_2d_msgs/share/nav_2d_msgs/cmake/rosidl_cmake-extras.cmake
-- Installing: /home/deivideich/Holonomic_Base_Simulation/ros_2_ws/install/nav_2d_msgs/share/nav_2d_msgs/cmake/ament_cmake_export_dependencies-extras.cmake
-- Installing: /home/deivideich/Holonomic_Base_Simulation/ros_2_ws/install/nav_2d_msgs/share/nav_2d_msgs/cmake/ament_cmake_export_libraries-extras.cmake
-- Installing: /home/deivideich/Holonomic_Base_Simulation/ros_2_ws/install/nav_2d_msgs/share/nav_2d_msgs/cmake/ament_cmake_export_targets-extras.cmake
-- Installing: /home/deivideich/Holonomic_Base_Simulation/ros_2_ws/install/nav_2d_msgs/share/nav_2d_msgs/cmake/ament_cmake_export_include_directories-extras.cmake
-- Installing: /home/deivideich/Holonomic_Base_Simulation/ros_2_ws/install/nav_2d_msgs/share/nav_2d_msgs/cmake/rosidl_cmake_export_typesupport_libraries-extras.cmake
-- Installing: /home/deivideich/Holonomic_Base_Simulation/ros_2_ws/install/nav_2d_msgs/share/nav_2d_msgs/cmake/rosidl_cmake_export_typesupport_targets-extras.cmake
-- Installing: /home/deivideich/Holonomic_Base_Simulation/ros_2_ws/install/nav_2d_msgs/share/nav_2d_msgs/cmake/nav_2d_msgsConfig.cmake
-- Installing: /home/deivideich/Holonomic_Base_Simulation/ros_2_ws/install/nav_2d_msgs/share/nav_2d_msgs/cmake/nav_2d_msgsConfig-version.cmake
-- Installing: /home/deivideich/Holonomic_Base_Simulation/ros_2_ws/install/nav_2d_msgs/share/nav_2d_msgs/package.xml
