[0.619s] Invoking command in '/home/deivideich/Holonomic_Base_Simulation/ros_2_ws/build/nav_2d_msgs': CMAKE_PREFIX_PATH=/home/deivideich/Holonomic_Base_Simulation/ros_2_ws/install/octobot_2:/opt/ros/foxy:${CMAKE_PREFIX_PATH} /usr/bin/cmake --build /home/deivideich/Holonomic_Base_Simulation/ros_2_ws/build/nav_2d_msgs -- -j16 -l16
[0.984s] -- Found geometry_msgs: 2.0.5 (/opt/ros/foxy/share/geometry_msgs/cmake)
[0.984s] -- Found PythonInterp: /usr/bin/python3 (found suitable version "3.8.10", minimum required is "3") 
[0.984s] -- Using PYTHON_EXECUTABLE: /usr/bin/python3
[0.984s] -- Using all available rosidl_typesupport_c: rosidl_typesupport_fastrtps_c;rosidl_typesupport_introspection_c
[0.985s] -- Found rosidl_adapter: 1.3.1 (/opt/ros/foxy/share/rosidl_adapter/cmake)
[0.985s] -- Using all available rosidl_typesupport_cpp: rosidl_typesupport_fastrtps_cpp;rosidl_typesupport_introspection_cpp
[0.985s] -- Found rosidl_default_generators: 1.0.1 (/opt/ros/foxy/share/rosidl_default_generators/cmake)
[1.014s] -- Found PythonInterp: /usr/bin/python3 (found version "3.8.10") 
[1.171s] -- Found ament_cmake_ros: 0.9.2 (/opt/ros/foxy/share/ament_cmake_ros/cmake)
[1.340s] -- Using all available rosidl_typesupport_c: rosidl_typesupport_fastrtps_c;rosidl_typesupport_introspection_c
[1.418s] -- Using all available rosidl_typesupport_cpp: rosidl_typesupport_fastrtps_cpp;rosidl_typesupport_introspection_cpp
[1.441s] -- Found PythonInterp: /usr/bin/python3 (found suitable version "3.8.10", minimum required is "3.5") 
[1.441s] -- Found python_cmake_module: 0.8.1 (/opt/ros/foxy/share/python_cmake_module/cmake)
[1.464s] -- Using PYTHON_EXECUTABLE: /usr/bin/python3
[1.465s] -- Using PYTHON_INCLUDE_DIRS: /usr/include/python3.8
[1.465s] -- Using PYTHON_LIBRARIES: /usr/lib/x86_64-linux-gnu/libpython3.8.so
[1.512s] -- Configuring done
[1.566s] -- Generating done
[1.568s] -- Build files have been written to: /home/deivideich/Holonomic_Base_Simulation/ros_2_ws/build/nav_2d_msgs
[1.599s] [  4%] Built target nav_2d_msgs__cpp
[1.599s] [ 12%] Built target nav_2d_msgs__rosidl_generator_c
[1.618s] [ 43%] Built target nav_2d_msgs__rosidl_typesupport_cpp
[1.618s] [ 43%] Built target nav_2d_msgs__rosidl_typesupport_c
[1.619s] [ 46%] Built target nav_2d_msgs__rosidl_typesupport_introspection_cpp
[1.620s] [ 69%] Built target nav_2d_msgs__rosidl_typesupport_introspection_c
[1.620s] [ 69%] Built target nav_2d_msgs__rosidl_typesupport_fastrtps_cpp
[1.646s] [ 80%] Built target nav_2d_msgs__rosidl_typesupport_fastrtps_c
[1.665s] [ 80%] Built target nav_2d_msgs
[1.687s] [ 81%] Built target nav_2d_msgs__py
[1.712s] [ 91%] Built target nav_2d_msgs__python
[1.733s] [ 97%] Built target nav_2d_msgs__rosidl_typesupport_introspection_c__pyext
[1.733s] [ 97%] Built target nav_2d_msgs__rosidl_typesupport_c__pyext
[1.733s] [100%] Built target nav_2d_msgs__rosidl_typesupport_fastrtps_c__pyext
[2.133s] Invoked command in '/home/deivideich/Holonomic_Base_Simulation/ros_2_ws/build/nav_2d_msgs' returned '0': CMAKE_PREFIX_PATH=/home/deivideich/Holonomic_Base_Simulation/ros_2_ws/install/octobot_2:/opt/ros/foxy:${CMAKE_PREFIX_PATH} /usr/bin/cmake --build /home/deivideich/Holonomic_Base_Simulation/ros_2_ws/build/nav_2d_msgs -- -j16 -l16
[2.207s] Invoking command in '/home/deivideich/Holonomic_Base_Simulation/ros_2_ws/build/nav_2d_msgs': CMAKE_PREFIX_PATH=/home/deivideich/Holonomic_Base_Simulation/ros_2_ws/install/octobot_2:/opt/ros/foxy:${CMAKE_PREFIX_PATH} /usr/bin/cmake --install /home/deivideich/Holonomic_Base_Simulation/ros_2_ws/build/nav_2d_msgs
[2.214s] -- Install configuration: ""
[2.214s] -- Installing: /home/deivideich/Holonomic_Base_Simulation/ros_2_ws/install/nav_2d_msgs/share/ament_index/resource_index/rosidl_interfaces/nav_2d_msgs
[2.214s] -- Installing: /home/deivideich/Holonomic_Base_Simulation/ros_2_ws/install/nav_2d_msgs/include/nav_2d_msgs
[2.214s] -- Installing: /home/deivideich/Holonomic_Base_Simulation/ros_2_ws/install/nav_2d_msgs/include/nav_2d_msgs/msg
[2.214s] -- Installing: /home/deivideich/Holonomic_Base_Simulation/ros_2_ws/install/nav_2d_msgs/include/nav_2d_msgs/msg/path2_d.h
[2.214s] -- Installing: /home/deivideich/Holonomic_Base_Simulation/ros_2_ws/install/nav_2d_msgs/include/nav_2d_msgs/msg/twist2_d.h
[2.214s] -- Installing: /home/deivideich/Holonomic_Base_Simulation/ros_2_ws/install/nav_2d_msgs/include/nav_2d_msgs/msg/pose2_d_stamped.h
[2.215s] -- Installing: /home/deivideich/Holonomic_Base_Simulation/ros_2_ws/install/nav_2d_msgs/include/nav_2d_msgs/msg/twist2_d_stamped.h
[2.215s] -- Installing: /home/deivideich/Holonomic_Base_Simulation/ros_2_ws/install/nav_2d_msgs/include/nav_2d_msgs/msg/twist2_d32.h
[2.215s] -- Installing: /home/deivideich/Holonomic_Base_Simulation/ros_2_ws/install/nav_2d_msgs/include/nav_2d_msgs/msg/detail
[2.215s] -- Installing: /home/deivideich/Holonomic_Base_Simulation/ros_2_ws/install/nav_2d_msgs/include/nav_2d_msgs/msg/detail/twist2_d32__functions.h
[2.215s] -- Installing: /home/deivideich/Holonomic_Base_Simulation/ros_2_ws/install/nav_2d_msgs/include/nav_2d_msgs/msg/detail/twist2_d__type_support.h
[2.215s] -- Installing: /home/deivideich/Holonomic_Base_Simulation/ros_2_ws/install/nav_2d_msgs/include/nav_2d_msgs/msg/detail/path2_d__functions.c
[2.215s] -- Installing: /home/deivideich/Holonomic_Base_Simulation/ros_2_ws/install/nav_2d_msgs/include/nav_2d_msgs/msg/detail/pose2_d32__functions.h
[2.215s] -- Installing: /home/deivideich/Holonomic_Base_Simulation/ros_2_ws/install/nav_2d_msgs/include/nav_2d_msgs/msg/detail/path2_d__type_support.h
[2.216s] -- Installing: /home/deivideich/Holonomic_Base_Simulation/ros_2_ws/install/nav_2d_msgs/include/nav_2d_msgs/msg/detail/twist2_d32__struct.h
[2.216s] -- Installing: /home/deivideich/Holonomic_Base_Simulation/ros_2_ws/install/nav_2d_msgs/include/nav_2d_msgs/msg/detail/path2_d__struct.h
[2.216s] -- Installing: /home/deivideich/Holonomic_Base_Simulation/ros_2_ws/install/nav_2d_msgs/include/nav_2d_msgs/msg/detail/twist2_d32__type_support.h
[2.216s] -- Installing: /home/deivideich/Holonomic_Base_Simulation/ros_2_ws/install/nav_2d_msgs/include/nav_2d_msgs/msg/detail/twist2_d__functions.h
[2.216s] -- Installing: /home/deivideich/Holonomic_Base_Simulation/ros_2_ws/install/nav_2d_msgs/include/nav_2d_msgs/msg/detail/pose2_d32__struct.h
[2.216s] -- Installing: /home/deivideich/Holonomic_Base_Simulation/ros_2_ws/install/nav_2d_msgs/include/nav_2d_msgs/msg/detail/pose2_d_stamped__functions.h
[2.217s] -- Installing: /home/deivideich/Holonomic_Base_Simulation/ros_2_ws/install/nav_2d_msgs/include/nav_2d_msgs/msg/detail/path2_d__functions.h
[2.217s] -- Installing: /home/deivideich/Holonomic_Base_Simulation/ros_2_ws/install/nav_2d_msgs/include/nav_2d_msgs/msg/detail/twist2_d_stamped__functions.h
[2.217s] -- Installing: /home/deivideich/Holonomic_Base_Simulation/ros_2_ws/install/nav_2d_msgs/include/nav_2d_msgs/msg/detail/twist2_d_stamped__struct.h
[2.217s] -- Installing: /home/deivideich/Holonomic_Base_Simulation/ros_2_ws/install/nav_2d_msgs/include/nav_2d_msgs/msg/detail/pose2_d_stamped__functions.c
[2.217s] -- Installing: /home/deivideich/Holonomic_Base_Simulation/ros_2_ws/install/nav_2d_msgs/include/nav_2d_msgs/msg/detail/twist2_d__struct.h
[2.217s] -- Installing: /home/deivideich/Holonomic_Base_Simulation/ros_2_ws/install/nav_2d_msgs/include/nav_2d_msgs/msg/detail/pose2_d_stamped__struct.h
[2.217s] -- Installing: /home/deivideich/Holonomic_Base_Simulation/ros_2_ws/install/nav_2d_msgs/include/nav_2d_msgs/msg/detail/twist2_d__functions.c
[2.218s] -- Installing: /home/deivideich/Holonomic_Base_Simulation/ros_2_ws/install/nav_2d_msgs/include/nav_2d_msgs/msg/detail/pose2_d32__functions.c
[2.218s] -- Installing: /home/deivideich/Holonomic_Base_Simulation/ros_2_ws/install/nav_2d_msgs/include/nav_2d_msgs/msg/detail/twist2_d32__functions.c
[2.218s] -- Installing: /home/deivideich/Holonomic_Base_Simulation/ros_2_ws/install/nav_2d_msgs/include/nav_2d_msgs/msg/detail/pose2_d_stamped__type_support.h
[2.218s] -- Installing: /home/deivideich/Holonomic_Base_Simulation/ros_2_ws/install/nav_2d_msgs/include/nav_2d_msgs/msg/detail/twist2_d_stamped__type_support.h
[2.218s] -- Installing: /home/deivideich/Holonomic_Base_Simulation/ros_2_ws/install/nav_2d_msgs/include/nav_2d_msgs/msg/detail/pose2_d32__type_support.h
[2.218s] -- Installing: /home/deivideich/Holonomic_Base_Simulation/ros_2_ws/install/nav_2d_msgs/include/nav_2d_msgs/msg/detail/twist2_d_stamped__functions.c
[2.218s] -- Installing: /home/deivideich/Holonomic_Base_Simulation/ros_2_ws/install/nav_2d_msgs/include/nav_2d_msgs/msg/rosidl_generator_c__visibility_control.h
[2.218s] -- Installing: /home/deivideich/Holonomic_Base_Simulation/ros_2_ws/install/nav_2d_msgs/include/nav_2d_msgs/msg/pose2_d32.h
[2.219s] -- Installing: /home/deivideich/Holonomic_Base_Simulation/ros_2_ws/install/nav_2d_msgs/share/nav_2d_msgs/environment/library_path.sh
[2.219s] -- Installing: /home/deivideich/Holonomic_Base_Simulation/ros_2_ws/install/nav_2d_msgs/share/nav_2d_msgs/environment/library_path.dsv
[2.219s] -- Installing: /home/deivideich/Holonomic_Base_Simulation/ros_2_ws/install/nav_2d_msgs/lib/libnav_2d_msgs__rosidl_generator_c.so
[2.219s] -- Set runtime path of "/home/deivideich/Holonomic_Base_Simulation/ros_2_ws/install/nav_2d_msgs/lib/libnav_2d_msgs__rosidl_generator_c.so" to ""
[2.219s] -- Up-to-date: /home/deivideich/Holonomic_Base_Simulation/ros_2_ws/install/nav_2d_msgs/include/nav_2d_msgs
[2.219s] -- Up-to-date: /home/deivideich/Holonomic_Base_Simulation/ros_2_ws/install/nav_2d_msgs/include/nav_2d_msgs/msg
[2.220s] -- Up-to-date: /home/deivideich/Holonomic_Base_Simulation/ros_2_ws/install/nav_2d_msgs/include/nav_2d_msgs/msg/detail
[2.220s] -- Installing: /home/deivideich/Holonomic_Base_Simulation/ros_2_ws/install/nav_2d_msgs/include/nav_2d_msgs/msg/detail/twist2_d_stamped__rosidl_typesupport_fastrtps_c.h
[2.220s] -- Installing: /home/deivideich/Holonomic_Base_Simulation/ros_2_ws/install/nav_2d_msgs/include/nav_2d_msgs/msg/detail/pose2_d32__rosidl_typesupport_fastrtps_c.h
[2.220s] -- Installing: /home/deivideich/Holonomic_Base_Simulation/ros_2_ws/install/nav_2d_msgs/include/nav_2d_msgs/msg/detail/twist2_d32__rosidl_typesupport_fastrtps_c.h
[2.220s] -- Installing: /home/deivideich/Holonomic_Base_Simulation/ros_2_ws/install/nav_2d_msgs/include/nav_2d_msgs/msg/detail/path2_d__rosidl_typesupport_fastrtps_c.h
[2.220s] -- Installing: /home/deivideich/Holonomic_Base_Simulation/ros_2_ws/install/nav_2d_msgs/include/nav_2d_msgs/msg/detail/twist2_d__rosidl_typesupport_fastrtps_c.h
[2.220s] -- Installing: /home/deivideich/Holonomic_Base_Simulation/ros_2_ws/install/nav_2d_msgs/include/nav_2d_msgs/msg/detail/pose2_d_stamped__rosidl_typesupport_fastrtps_c.h
[2.220s] -- Installing: /home/deivideich/Holonomic_Base_Simulation/ros_2_ws/install/nav_2d_msgs/include/nav_2d_msgs/msg/rosidl_typesupport_fastrtps_c__visibility_control.h
[2.220s] -- Installing: /home/deivideich/Holonomic_Base_Simulation/ros_2_ws/install/nav_2d_msgs/lib/libnav_2d_msgs__rosidl_typesupport_fastrtps_c.so
[2.221s] -- Set runtime path of "/home/deivideich/Holonomic_Base_Simulation/ros_2_ws/install/nav_2d_msgs/lib/libnav_2d_msgs__rosidl_typesupport_fastrtps_c.so" to ""
[2.221s] -- Up-to-date: /home/deivideich/Holonomic_Base_Simulation/ros_2_ws/install/nav_2d_msgs/include/nav_2d_msgs
[2.221s] -- Up-to-date: /home/deivideich/Holonomic_Base_Simulation/ros_2_ws/install/nav_2d_msgs/include/nav_2d_msgs/msg
[2.221s] -- Installing: /home/deivideich/Holonomic_Base_Simulation/ros_2_ws/install/nav_2d_msgs/include/nav_2d_msgs/msg/rosidl_typesupport_fastrtps_cpp__visibility_control.h
[2.221s] -- Up-to-date: /home/deivideich/Holonomic_Base_Simulation/ros_2_ws/install/nav_2d_msgs/include/nav_2d_msgs/msg/detail
[2.221s] -- Installing: /home/deivideich/Holonomic_Base_Simulation/ros_2_ws/install/nav_2d_msgs/include/nav_2d_msgs/msg/detail/twist2_d_stamped__rosidl_typesupport_fastrtps_cpp.hpp
[2.221s] -- Installing: /home/deivideich/Holonomic_Base_Simulation/ros_2_ws/install/nav_2d_msgs/include/nav_2d_msgs/msg/detail/twist2_d32__rosidl_typesupport_fastrtps_cpp.hpp
[2.221s] -- Installing: /home/deivideich/Holonomic_Base_Simulation/ros_2_ws/install/nav_2d_msgs/include/nav_2d_msgs/msg/detail/path2_d__rosidl_typesupport_fastrtps_cpp.hpp
[2.221s] -- Installing: /home/deivideich/Holonomic_Base_Simulation/ros_2_ws/install/nav_2d_msgs/include/nav_2d_msgs/msg/detail/pose2_d_stamped__rosidl_typesupport_fastrtps_cpp.hpp
[2.222s] -- Installing: /home/deivideich/Holonomic_Base_Simulation/ros_2_ws/install/nav_2d_msgs/include/nav_2d_msgs/msg/detail/pose2_d32__rosidl_typesupport_fastrtps_cpp.hpp
[2.222s] -- Installing: /home/deivideich/Holonomic_Base_Simulation/ros_2_ws/install/nav_2d_msgs/include/nav_2d_msgs/msg/detail/twist2_d__rosidl_typesupport_fastrtps_cpp.hpp
[2.222s] -- Installing: /home/deivideich/Holonomic_Base_Simulation/ros_2_ws/install/nav_2d_msgs/include/nav_2d_msgs/msg/detail/dds_fastrtps
[2.222s] -- Installing: /home/deivideich/Holonomic_Base_Simulation/ros_2_ws/install/nav_2d_msgs/lib/libnav_2d_msgs__rosidl_typesupport_fastrtps_cpp.so
[2.223s] -- Set runtime path of "/home/deivideich/Holonomic_Base_Simulation/ros_2_ws/install/nav_2d_msgs/lib/libnav_2d_msgs__rosidl_typesupport_fastrtps_cpp.so" to ""
[2.223s] -- Up-to-date: /home/deivideich/Holonomic_Base_Simulation/ros_2_ws/install/nav_2d_msgs/include/nav_2d_msgs
[2.223s] -- Up-to-date: /home/deivideich/Holonomic_Base_Simulation/ros_2_ws/install/nav_2d_msgs/include/nav_2d_msgs/msg
[2.223s] -- Installing: /home/deivideich/Holonomic_Base_Simulation/ros_2_ws/install/nav_2d_msgs/include/nav_2d_msgs/msg/rosidl_typesupport_introspection_c__visibility_control.h
[2.223s] -- Up-to-date: /home/deivideich/Holonomic_Base_Simulation/ros_2_ws/install/nav_2d_msgs/include/nav_2d_msgs/msg/detail
[2.223s] -- Installing: /home/deivideich/Holonomic_Base_Simulation/ros_2_ws/install/nav_2d_msgs/include/nav_2d_msgs/msg/detail/twist2_d__rosidl_typesupport_introspection_c.h
[2.223s] -- Installing: /home/deivideich/Holonomic_Base_Simulation/ros_2_ws/install/nav_2d_msgs/include/nav_2d_msgs/msg/detail/twist2_d_stamped__rosidl_typesupport_introspection_c.h
[2.223s] -- Installing: /home/deivideich/Holonomic_Base_Simulation/ros_2_ws/install/nav_2d_msgs/include/nav_2d_msgs/msg/detail/pose2_d_stamped__rosidl_typesupport_introspection_c.h
[2.223s] -- Installing: /home/deivideich/Holonomic_Base_Simulation/ros_2_ws/install/nav_2d_msgs/include/nav_2d_msgs/msg/detail/pose2_d32__type_support.c
[2.223s] -- Installing: /home/deivideich/Holonomic_Base_Simulation/ros_2_ws/install/nav_2d_msgs/include/nav_2d_msgs/msg/detail/twist2_d32__type_support.c
[2.223s] -- Installing: /home/deivideich/Holonomic_Base_Simulation/ros_2_ws/install/nav_2d_msgs/include/nav_2d_msgs/msg/detail/pose2_d_stamped__type_support.c
[2.224s] -- Installing: /home/deivideich/Holonomic_Base_Simulation/ros_2_ws/install/nav_2d_msgs/include/nav_2d_msgs/msg/detail/path2_d__type_support.c
[2.224s] -- Installing: /home/deivideich/Holonomic_Base_Simulation/ros_2_ws/install/nav_2d_msgs/include/nav_2d_msgs/msg/detail/path2_d__rosidl_typesupport_introspection_c.h
[2.224s] -- Installing: /home/deivideich/Holonomic_Base_Simulation/ros_2_ws/install/nav_2d_msgs/include/nav_2d_msgs/msg/detail/twist2_d__type_support.c
[2.224s] -- Installing: /home/deivideich/Holonomic_Base_Simulation/ros_2_ws/install/nav_2d_msgs/include/nav_2d_msgs/msg/detail/twist2_d_stamped__type_support.c
[2.224s] -- Installing: /home/deivideich/Holonomic_Base_Simulation/ros_2_ws/install/nav_2d_msgs/include/nav_2d_msgs/msg/detail/twist2_d32__rosidl_typesupport_introspection_c.h
[2.225s] -- Installing: /home/deivideich/Holonomic_Base_Simulation/ros_2_ws/install/nav_2d_msgs/include/nav_2d_msgs/msg/detail/pose2_d32__rosidl_typesupport_introspection_c.h
[2.225s] -- Installing: /home/deivideich/Holonomic_Base_Simulation/ros_2_ws/install/nav_2d_msgs/lib/libnav_2d_msgs__rosidl_typesupport_introspection_c.so
[2.226s] -- Set runtime path of "/home/deivideich/Holonomic_Base_Simulation/ros_2_ws/install/nav_2d_msgs/lib/libnav_2d_msgs__rosidl_typesupport_introspection_c.so" to ""
[2.226s] -- Installing: /home/deivideich/Holonomic_Base_Simulation/ros_2_ws/install/nav_2d_msgs/lib/libnav_2d_msgs__rosidl_typesupport_c.so
[2.226s] -- Set runtime path of "/home/deivideich/Holonomic_Base_Simulation/ros_2_ws/install/nav_2d_msgs/lib/libnav_2d_msgs__rosidl_typesupport_c.so" to ""
[2.226s] -- Up-to-date: /home/deivideich/Holonomic_Base_Simulation/ros_2_ws/install/nav_2d_msgs/include/nav_2d_msgs
[2.227s] -- Up-to-date: /home/deivideich/Holonomic_Base_Simulation/ros_2_ws/install/nav_2d_msgs/include/nav_2d_msgs/msg
[2.227s] -- Installing: /home/deivideich/Holonomic_Base_Simulation/ros_2_ws/install/nav_2d_msgs/include/nav_2d_msgs/msg/twist2_d.hpp
[2.227s] -- Installing: /home/deivideich/Holonomic_Base_Simulation/ros_2_ws/install/nav_2d_msgs/include/nav_2d_msgs/msg/path2_d.hpp
[2.227s] -- Installing: /home/deivideich/Holonomic_Base_Simulation/ros_2_ws/install/nav_2d_msgs/include/nav_2d_msgs/msg/rosidl_generator_cpp__visibility_control.hpp
[2.227s] -- Installing: /home/deivideich/Holonomic_Base_Simulation/ros_2_ws/install/nav_2d_msgs/include/nav_2d_msgs/msg/twist2_d_stamped.hpp
[2.227s] -- Up-to-date: /home/deivideich/Holonomic_Base_Simulation/ros_2_ws/install/nav_2d_msgs/include/nav_2d_msgs/msg/detail
[2.227s] -- Installing: /home/deivideich/Holonomic_Base_Simulation/ros_2_ws/install/nav_2d_msgs/include/nav_2d_msgs/msg/detail/twist2_d32__type_support.hpp
[2.227s] -- Installing: /home/deivideich/Holonomic_Base_Simulation/ros_2_ws/install/nav_2d_msgs/include/nav_2d_msgs/msg/detail/path2_d__type_support.hpp
[2.228s] -- Installing: /home/deivideich/Holonomic_Base_Simulation/ros_2_ws/install/nav_2d_msgs/include/nav_2d_msgs/msg/detail/path2_d__builder.hpp
[2.228s] -- Installing: /home/deivideich/Holonomic_Base_Simulation/ros_2_ws/install/nav_2d_msgs/include/nav_2d_msgs/msg/detail/pose2_d_stamped__type_support.hpp
[2.228s] -- Installing: /home/deivideich/Holonomic_Base_Simulation/ros_2_ws/install/nav_2d_msgs/include/nav_2d_msgs/msg/detail/pose2_d_stamped__builder.hpp
[2.228s] -- Installing: /home/deivideich/Holonomic_Base_Simulation/ros_2_ws/install/nav_2d_msgs/include/nav_2d_msgs/msg/detail/path2_d__struct.hpp
[2.228s] -- Installing: /home/deivideich/Holonomic_Base_Simulation/ros_2_ws/install/nav_2d_msgs/include/nav_2d_msgs/msg/detail/twist2_d__type_support.hpp
[2.229s] -- Installing: /home/deivideich/Holonomic_Base_Simulation/ros_2_ws/install/nav_2d_msgs/include/nav_2d_msgs/msg/detail/pose2_d_stamped__traits.hpp
[2.229s] -- Installing: /home/deivideich/Holonomic_Base_Simulation/ros_2_ws/install/nav_2d_msgs/include/nav_2d_msgs/msg/detail/twist2_d32__struct.hpp
[2.229s] -- Installing: /home/deivideich/Holonomic_Base_Simulation/ros_2_ws/install/nav_2d_msgs/include/nav_2d_msgs/msg/detail/pose2_d32__struct.hpp
[2.229s] -- Installing: /home/deivideich/Holonomic_Base_Simulation/ros_2_ws/install/nav_2d_msgs/include/nav_2d_msgs/msg/detail/twist2_d_stamped__struct.hpp
[2.229s] -- Installing: /home/deivideich/Holonomic_Base_Simulation/ros_2_ws/install/nav_2d_msgs/include/nav_2d_msgs/msg/detail/pose2_d32__traits.hpp
[2.230s] -- Installing: /home/deivideich/Holonomic_Base_Simulation/ros_2_ws/install/nav_2d_msgs/include/nav_2d_msgs/msg/detail/twist2_d__builder.hpp
[2.230s] -- Installing: /home/deivideich/Holonomic_Base_Simulation/ros_2_ws/install/nav_2d_msgs/include/nav_2d_msgs/msg/detail/twist2_d__struct.hpp
[2.230s] -- Installing: /home/deivideich/Holonomic_Base_Simulation/ros_2_ws/install/nav_2d_msgs/include/nav_2d_msgs/msg/detail/twist2_d_stamped__builder.hpp
[2.230s] -- Installing: /home/deivideich/Holonomic_Base_Simulation/ros_2_ws/install/nav_2d_msgs/include/nav_2d_msgs/msg/detail/pose2_d32__builder.hpp
[2.230s] -- Installing: /home/deivideich/Holonomic_Base_Simulation/ros_2_ws/install/nav_2d_msgs/include/nav_2d_msgs/msg/detail/twist2_d_stamped__type_support.hpp
[2.231s] -- Installing: /home/deivideich/Holonomic_Base_Simulation/ros_2_ws/install/nav_2d_msgs/include/nav_2d_msgs/msg/detail/twist2_d_stamped__traits.hpp
[2.231s] -- Installing: /home/deivideich/Holonomic_Base_Simulation/ros_2_ws/install/nav_2d_msgs/include/nav_2d_msgs/msg/detail/twist2_d__traits.hpp
[2.231s] -- Installing: /home/deivideich/Holonomic_Base_Simulation/ros_2_ws/install/nav_2d_msgs/include/nav_2d_msgs/msg/detail/path2_d__traits.hpp
[2.231s] -- Installing: /home/deivideich/Holonomic_Base_Simulation/ros_2_ws/install/nav_2d_msgs/include/nav_2d_msgs/msg/detail/twist2_d32__builder.hpp
[2.231s] -- Installing: /home/deivideich/Holonomic_Base_Simulation/ros_2_ws/install/nav_2d_msgs/include/nav_2d_msgs/msg/detail/pose2_d32__type_support.hpp
[2.232s] -- Installing: /home/deivideich/Holonomic_Base_Simulation/ros_2_ws/install/nav_2d_msgs/include/nav_2d_msgs/msg/detail/twist2_d32__traits.hpp
[2.232s] -- Installing: /home/deivideich/Holonomic_Base_Simulation/ros_2_ws/install/nav_2d_msgs/include/nav_2d_msgs/msg/detail/pose2_d_stamped__struct.hpp
[2.232s] -- Installing: /home/deivideich/Holonomic_Base_Simulation/ros_2_ws/install/nav_2d_msgs/include/nav_2d_msgs/msg/twist2_d32.hpp
[2.232s] -- Installing: /home/deivideich/Holonomic_Base_Simulation/ros_2_ws/install/nav_2d_msgs/include/nav_2d_msgs/msg/pose2_d32.hpp
[2.232s] -- Installing: /home/deivideich/Holonomic_Base_Simulation/ros_2_ws/install/nav_2d_msgs/include/nav_2d_msgs/msg/pose2_d_stamped.hpp
[2.233s] -- Up-to-date: /home/deivideich/Holonomic_Base_Simulation/ros_2_ws/install/nav_2d_msgs/include/nav_2d_msgs
[2.233s] -- Up-to-date: /home/deivideich/Holonomic_Base_Simulation/ros_2_ws/install/nav_2d_msgs/include/nav_2d_msgs/msg
[2.233s] -- Up-to-date: /home/deivideich/Holonomic_Base_Simulation/ros_2_ws/install/nav_2d_msgs/include/nav_2d_msgs/msg/detail
[2.233s] -- Installing: /home/deivideich/Holonomic_Base_Simulation/ros_2_ws/install/nav_2d_msgs/include/nav_2d_msgs/msg/detail/twist2_d__rosidl_typesupport_introspection_cpp.hpp
[2.233s] -- Installing: /home/deivideich/Holonomic_Base_Simulation/ros_2_ws/install/nav_2d_msgs/include/nav_2d_msgs/msg/detail/path2_d__rosidl_typesupport_introspection_cpp.hpp
[2.233s] -- Installing: /home/deivideich/Holonomic_Base_Simulation/ros_2_ws/install/nav_2d_msgs/include/nav_2d_msgs/msg/detail/twist2_d_stamped__type_support.cpp
[2.233s] -- Installing: /home/deivideich/Holonomic_Base_Simulation/ros_2_ws/install/nav_2d_msgs/include/nav_2d_msgs/msg/detail/twist2_d32__type_support.cpp
[2.233s] -- Installing: /home/deivideich/Holonomic_Base_Simulation/ros_2_ws/install/nav_2d_msgs/include/nav_2d_msgs/msg/detail/pose2_d_stamped__rosidl_typesupport_introspection_cpp.hpp
[2.234s] -- Installing: /home/deivideich/Holonomic_Base_Simulation/ros_2_ws/install/nav_2d_msgs/include/nav_2d_msgs/msg/detail/twist2_d__type_support.cpp
[2.234s] -- Installing: /home/deivideich/Holonomic_Base_Simulation/ros_2_ws/install/nav_2d_msgs/include/nav_2d_msgs/msg/detail/path2_d__type_support.cpp
[2.234s] -- Installing: /home/deivideich/Holonomic_Base_Simulation/ros_2_ws/install/nav_2d_msgs/include/nav_2d_msgs/msg/detail/twist2_d32__rosidl_typesupport_introspection_cpp.hpp
[2.234s] -- Installing: /home/deivideich/Holonomic_Base_Simulation/ros_2_ws/install/nav_2d_msgs/include/nav_2d_msgs/msg/detail/twist2_d_stamped__rosidl_typesupport_introspection_cpp.hpp
[2.234s] -- Installing: /home/deivideich/Holonomic_Base_Simulation/ros_2_ws/install/nav_2d_msgs/include/nav_2d_msgs/msg/detail/pose2_d_stamped__type_support.cpp
[2.235s] -- Installing: /home/deivideich/Holonomic_Base_Simulation/ros_2_ws/install/nav_2d_msgs/include/nav_2d_msgs/msg/detail/pose2_d32__rosidl_typesupport_introspection_cpp.hpp
[2.235s] -- Installing: /home/deivideich/Holonomic_Base_Simulation/ros_2_ws/install/nav_2d_msgs/include/nav_2d_msgs/msg/detail/pose2_d32__type_support.cpp
[2.235s] -- Installing: /home/deivideich/Holonomic_Base_Simulation/ros_2_ws/install/nav_2d_msgs/lib/libnav_2d_msgs__rosidl_typesupport_introspection_cpp.so
[2.236s] -- Set runtime path of "/home/deivideich/Holonomic_Base_Simulation/ros_2_ws/install/nav_2d_msgs/lib/libnav_2d_msgs__rosidl_typesupport_introspection_cpp.so" to ""
[2.236s] -- Installing: /home/deivideich/Holonomic_Base_Simulation/ros_2_ws/install/nav_2d_msgs/lib/libnav_2d_msgs__rosidl_typesupport_cpp.so
[2.237s] -- Set runtime path of "/home/deivideich/Holonomic_Base_Simulation/ros_2_ws/install/nav_2d_msgs/lib/libnav_2d_msgs__rosidl_typesupport_cpp.so" to ""
[2.237s] -- Installing: /home/deivideich/Holonomic_Base_Simulation/ros_2_ws/install/nav_2d_msgs/share/nav_2d_msgs/environment/pythonpath.sh
[2.237s] -- Installing: /home/deivideich/Holonomic_Base_Simulation/ros_2_ws/install/nav_2d_msgs/share/nav_2d_msgs/environment/pythonpath.dsv
[2.238s] -- Installing: /home/deivideich/Holonomic_Base_Simulation/ros_2_ws/install/nav_2d_msgs/lib/python3.8/site-packages/nav_2d_msgs/__init__.py
[2.265s] Compiling '/home/deivideich/Holonomic_Base_Simulation/ros_2_ws/install/nav_2d_msgs/lib/python3.8/site-packages/nav_2d_msgs/__init__.py'...
[2.268s] -- Installing: /home/deivideich/Holonomic_Base_Simulation/ros_2_ws/install/nav_2d_msgs/lib/python3.8/site-packages/nav_2d_msgs/msg
[2.268s] -- Installing: /home/deivideich/Holonomic_Base_Simulation/ros_2_ws/install/nav_2d_msgs/lib/python3.8/site-packages/nav_2d_msgs/msg/_path2_d_s.c
[2.268s] -- Installing: /home/deivideich/Holonomic_Base_Simulation/ros_2_ws/install/nav_2d_msgs/lib/python3.8/site-packages/nav_2d_msgs/msg/_pose2_d_stamped.py
[2.268s] -- Installing: /home/deivideich/Holonomic_Base_Simulation/ros_2_ws/install/nav_2d_msgs/lib/python3.8/site-packages/nav_2d_msgs/msg/__init__.py
[2.269s] -- Installing: /home/deivideich/Holonomic_Base_Simulation/ros_2_ws/install/nav_2d_msgs/lib/python3.8/site-packages/nav_2d_msgs/msg/_twist2_d.py
[2.269s] -- Installing: /home/deivideich/Holonomic_Base_Simulation/ros_2_ws/install/nav_2d_msgs/lib/python3.8/site-packages/nav_2d_msgs/msg/_twist2_d32_s.c
[2.269s] -- Installing: /home/deivideich/Holonomic_Base_Simulation/ros_2_ws/install/nav_2d_msgs/lib/python3.8/site-packages/nav_2d_msgs/msg/_pose2_d32.py
[2.269s] -- Installing: /home/deivideich/Holonomic_Base_Simulation/ros_2_ws/install/nav_2d_msgs/lib/python3.8/site-packages/nav_2d_msgs/msg/_path2_d.py
[2.270s] -- Installing: /home/deivideich/Holonomic_Base_Simulation/ros_2_ws/install/nav_2d_msgs/lib/python3.8/site-packages/nav_2d_msgs/msg/_pose2_d_stamped_s.c
[2.270s] -- Installing: /home/deivideich/Holonomic_Base_Simulation/ros_2_ws/install/nav_2d_msgs/lib/python3.8/site-packages/nav_2d_msgs/msg/_twist2_d_s.c
[2.270s] -- Installing: /home/deivideich/Holonomic_Base_Simulation/ros_2_ws/install/nav_2d_msgs/lib/python3.8/site-packages/nav_2d_msgs/msg/_twist2_d_stamped_s.c
[2.270s] -- Installing: /home/deivideich/Holonomic_Base_Simulation/ros_2_ws/install/nav_2d_msgs/lib/python3.8/site-packages/nav_2d_msgs/msg/_pose2_d32_s.c
[2.270s] -- Installing: /home/deivideich/Holonomic_Base_Simulation/ros_2_ws/install/nav_2d_msgs/lib/python3.8/site-packages/nav_2d_msgs/msg/_twist2_d_stamped.py
[2.270s] -- Installing: /home/deivideich/Holonomic_Base_Simulation/ros_2_ws/install/nav_2d_msgs/lib/python3.8/site-packages/nav_2d_msgs/msg/_twist2_d32.py
[2.271s] -- Installing: /home/deivideich/Holonomic_Base_Simulation/ros_2_ws/install/nav_2d_msgs/lib/python3.8/site-packages/nav_2d_msgs/nav_2d_msgs_s__rosidl_typesupport_fastrtps_c.cpython-38-x86_64-linux-gnu.so
[2.271s] -- Set runtime path of "/home/deivideich/Holonomic_Base_Simulation/ros_2_ws/install/nav_2d_msgs/lib/python3.8/site-packages/nav_2d_msgs/nav_2d_msgs_s__rosidl_typesupport_fastrtps_c.cpython-38-x86_64-linux-gnu.so" to ""
[2.272s] -- Installing: /home/deivideich/Holonomic_Base_Simulation/ros_2_ws/install/nav_2d_msgs/lib/python3.8/site-packages/nav_2d_msgs/nav_2d_msgs_s__rosidl_typesupport_introspection_c.cpython-38-x86_64-linux-gnu.so
[2.272s] -- Set runtime path of "/home/deivideich/Holonomic_Base_Simulation/ros_2_ws/install/nav_2d_msgs/lib/python3.8/site-packages/nav_2d_msgs/nav_2d_msgs_s__rosidl_typesupport_introspection_c.cpython-38-x86_64-linux-gnu.so" to ""
[2.273s] -- Installing: /home/deivideich/Holonomic_Base_Simulation/ros_2_ws/install/nav_2d_msgs/lib/python3.8/site-packages/nav_2d_msgs/nav_2d_msgs_s__rosidl_typesupport_c.cpython-38-x86_64-linux-gnu.so
[2.273s] -- Set runtime path of "/home/deivideich/Holonomic_Base_Simulation/ros_2_ws/install/nav_2d_msgs/lib/python3.8/site-packages/nav_2d_msgs/nav_2d_msgs_s__rosidl_typesupport_c.cpython-38-x86_64-linux-gnu.so" to ""
[2.274s] -- Installing: /home/deivideich/Holonomic_Base_Simulation/ros_2_ws/install/nav_2d_msgs/lib/libnav_2d_msgs__python.so
[2.274s] -- Set runtime path of "/home/deivideich/Holonomic_Base_Simulation/ros_2_ws/install/nav_2d_msgs/lib/libnav_2d_msgs__python.so" to ""
[2.274s] -- Installing: /home/deivideich/Holonomic_Base_Simulation/ros_2_ws/install/nav_2d_msgs/share/nav_2d_msgs/msg/Path2D.idl
[2.275s] -- Installing: /home/deivideich/Holonomic_Base_Simulation/ros_2_ws/install/nav_2d_msgs/share/nav_2d_msgs/msg/Pose2D32.idl
[2.275s] -- Installing: /home/deivideich/Holonomic_Base_Simulation/ros_2_ws/install/nav_2d_msgs/share/nav_2d_msgs/msg/Pose2DStamped.idl
[2.275s] -- Installing: /home/deivideich/Holonomic_Base_Simulation/ros_2_ws/install/nav_2d_msgs/share/nav_2d_msgs/msg/Twist2D.idl
[2.275s] -- Installing: /home/deivideich/Holonomic_Base_Simulation/ros_2_ws/install/nav_2d_msgs/share/nav_2d_msgs/msg/Twist2D32.idl
[2.275s] -- Installing: /home/deivideich/Holonomic_Base_Simulation/ros_2_ws/install/nav_2d_msgs/share/nav_2d_msgs/msg/Twist2DStamped.idl
[2.275s] -- Installing: /home/deivideich/Holonomic_Base_Simulation/ros_2_ws/install/nav_2d_msgs/share/nav_2d_msgs/msg/Path2D.msg
[2.276s] -- Installing: /home/deivideich/Holonomic_Base_Simulation/ros_2_ws/install/nav_2d_msgs/share/nav_2d_msgs/msg/Pose2D32.msg
[2.276s] -- Installing: /home/deivideich/Holonomic_Base_Simulation/ros_2_ws/install/nav_2d_msgs/share/nav_2d_msgs/msg/Pose2DStamped.msg
[2.276s] -- Installing: /home/deivideich/Holonomic_Base_Simulation/ros_2_ws/install/nav_2d_msgs/share/nav_2d_msgs/msg/Twist2D.msg
[2.276s] -- Installing: /home/deivideich/Holonomic_Base_Simulation/ros_2_ws/install/nav_2d_msgs/share/nav_2d_msgs/msg/Twist2D32.msg
[2.276s] -- Installing: /home/deivideich/Holonomic_Base_Simulation/ros_2_ws/install/nav_2d_msgs/share/nav_2d_msgs/msg/Twist2DStamped.msg
[2.276s] -- Installing: /home/deivideich/Holonomic_Base_Simulation/ros_2_ws/install/nav_2d_msgs/share/ament_index/resource_index/package_run_dependencies/nav_2d_msgs
[2.277s] -- Installing: /home/deivideich/Holonomic_Base_Simulation/ros_2_ws/install/nav_2d_msgs/share/ament_index/resource_index/parent_prefix_path/nav_2d_msgs
[2.277s] -- Installing: /home/deivideich/Holonomic_Base_Simulation/ros_2_ws/install/nav_2d_msgs/share/nav_2d_msgs/environment/ament_prefix_path.sh
[2.277s] -- Installing: /home/deivideich/Holonomic_Base_Simulation/ros_2_ws/install/nav_2d_msgs/share/nav_2d_msgs/environment/ament_prefix_path.dsv
[2.277s] -- Installing: /home/deivideich/Holonomic_Base_Simulation/ros_2_ws/install/nav_2d_msgs/share/nav_2d_msgs/environment/path.sh
[2.277s] -- Installing: /home/deivideich/Holonomic_Base_Simulation/ros_2_ws/install/nav_2d_msgs/share/nav_2d_msgs/environment/path.dsv
[2.278s] -- Installing: /home/deivideich/Holonomic_Base_Simulation/ros_2_ws/install/nav_2d_msgs/share/nav_2d_msgs/local_setup.bash
[2.278s] -- Installing: /home/deivideich/Holonomic_Base_Simulation/ros_2_ws/install/nav_2d_msgs/share/nav_2d_msgs/local_setup.sh
[2.278s] -- Installing: /home/deivideich/Holonomic_Base_Simulation/ros_2_ws/install/nav_2d_msgs/share/nav_2d_msgs/local_setup.zsh
[2.278s] -- Installing: /home/deivideich/Holonomic_Base_Simulation/ros_2_ws/install/nav_2d_msgs/share/nav_2d_msgs/local_setup.dsv
[2.278s] -- Installing: /home/deivideich/Holonomic_Base_Simulation/ros_2_ws/install/nav_2d_msgs/share/nav_2d_msgs/package.dsv
[2.278s] -- Installing: /home/deivideich/Holonomic_Base_Simulation/ros_2_ws/install/nav_2d_msgs/share/ament_index/resource_index/packages/nav_2d_msgs
[2.279s] -- Installing: /home/deivideich/Holonomic_Base_Simulation/ros_2_ws/install/nav_2d_msgs/share/nav_2d_msgs/cmake/nav_2d_msgs__rosidl_generator_cExport.cmake
[2.279s] -- Installing: /home/deivideich/Holonomic_Base_Simulation/ros_2_ws/install/nav_2d_msgs/share/nav_2d_msgs/cmake/nav_2d_msgs__rosidl_generator_cExport-noconfig.cmake
[2.279s] -- Installing: /home/deivideich/Holonomic_Base_Simulation/ros_2_ws/install/nav_2d_msgs/share/nav_2d_msgs/cmake/nav_2d_msgs__rosidl_typesupport_introspection_cExport.cmake
[2.279s] -- Installing: /home/deivideich/Holonomic_Base_Simulation/ros_2_ws/install/nav_2d_msgs/share/nav_2d_msgs/cmake/nav_2d_msgs__rosidl_typesupport_introspection_cExport-noconfig.cmake
[2.280s] -- Installing: /home/deivideich/Holonomic_Base_Simulation/ros_2_ws/install/nav_2d_msgs/share/nav_2d_msgs/cmake/nav_2d_msgs__rosidl_typesupport_cExport.cmake
[2.280s] -- Installing: /home/deivideich/Holonomic_Base_Simulation/ros_2_ws/install/nav_2d_msgs/share/nav_2d_msgs/cmake/nav_2d_msgs__rosidl_typesupport_cExport-noconfig.cmake
[2.280s] -- Installing: /home/deivideich/Holonomic_Base_Simulation/ros_2_ws/install/nav_2d_msgs/share/nav_2d_msgs/cmake/nav_2d_msgs__rosidl_generator_cppExport.cmake
[2.280s] -- Installing: /home/deivideich/Holonomic_Base_Simulation/ros_2_ws/install/nav_2d_msgs/share/nav_2d_msgs/cmake/nav_2d_msgs__rosidl_typesupport_introspection_cppExport.cmake
[2.280s] -- Installing: /home/deivideich/Holonomic_Base_Simulation/ros_2_ws/install/nav_2d_msgs/share/nav_2d_msgs/cmake/nav_2d_msgs__rosidl_typesupport_introspection_cppExport-noconfig.cmake
[2.281s] -- Installing: /home/deivideich/Holonomic_Base_Simulation/ros_2_ws/install/nav_2d_msgs/share/nav_2d_msgs/cmake/nav_2d_msgs__rosidl_typesupport_cppExport.cmake
[2.281s] -- Installing: /home/deivideich/Holonomic_Base_Simulation/ros_2_ws/install/nav_2d_msgs/share/nav_2d_msgs/cmake/nav_2d_msgs__rosidl_typesupport_cppExport-noconfig.cmake
[2.281s] -- Installing: /home/deivideich/Holonomic_Base_Simulation/ros_2_ws/install/nav_2d_msgs/share/nav_2d_msgs/cmake/rosidl_cmake-extras.cmake
[2.281s] -- Installing: /home/deivideich/Holonomic_Base_Simulation/ros_2_ws/install/nav_2d_msgs/share/nav_2d_msgs/cmake/ament_cmake_export_dependencies-extras.cmake
[2.281s] -- Installing: /home/deivideich/Holonomic_Base_Simulation/ros_2_ws/install/nav_2d_msgs/share/nav_2d_msgs/cmake/ament_cmake_export_libraries-extras.cmake
[2.281s] -- Installing: /home/deivideich/Holonomic_Base_Simulation/ros_2_ws/install/nav_2d_msgs/share/nav_2d_msgs/cmake/ament_cmake_export_targets-extras.cmake
[2.282s] -- Installing: /home/deivideich/Holonomic_Base_Simulation/ros_2_ws/install/nav_2d_msgs/share/nav_2d_msgs/cmake/ament_cmake_export_include_directories-extras.cmake
[2.282s] -- Installing: /home/deivideich/Holonomic_Base_Simulation/ros_2_ws/install/nav_2d_msgs/share/nav_2d_msgs/cmake/rosidl_cmake_export_typesupport_libraries-extras.cmake
[2.282s] -- Installing: /home/deivideich/Holonomic_Base_Simulation/ros_2_ws/install/nav_2d_msgs/share/nav_2d_msgs/cmake/rosidl_cmake_export_typesupport_targets-extras.cmake
[2.282s] -- Installing: /home/deivideich/Holonomic_Base_Simulation/ros_2_ws/install/nav_2d_msgs/share/nav_2d_msgs/cmake/nav_2d_msgsConfig.cmake
[2.282s] -- Installing: /home/deivideich/Holonomic_Base_Simulation/ros_2_ws/install/nav_2d_msgs/share/nav_2d_msgs/cmake/nav_2d_msgsConfig-version.cmake
[2.282s] -- Installing: /home/deivideich/Holonomic_Base_Simulation/ros_2_ws/install/nav_2d_msgs/share/nav_2d_msgs/package.xml
[2.285s] Invoked command in '/home/deivideich/Holonomic_Base_Simulation/ros_2_ws/build/nav_2d_msgs' returned '0': CMAKE_PREFIX_PATH=/home/deivideich/Holonomic_Base_Simulation/ros_2_ws/install/octobot_2:/opt/ros/foxy:${CMAKE_PREFIX_PATH} /usr/bin/cmake --install /home/deivideich/Holonomic_Base_Simulation/ros_2_ws/build/nav_2d_msgs
