running egg_info
writing ../../build/octobot_2/octobot_2.egg-info/PKG-INFO
writing dependency_links to ../../build/octobot_2/octobot_2.egg-info/dependency_links.txt
writing entry points to ../../build/octobot_2/octobot_2.egg-info/entry_points.txt
writing requirements to ../../build/octobot_2/octobot_2.egg-info/requires.txt
writing top-level names to ../../build/octobot_2/octobot_2.egg-info/top_level.txt
reading manifest file '../../build/octobot_2/octobot_2.egg-info/SOURCES.txt'
writing manifest file '../../build/octobot_2/octobot_2.egg-info/SOURCES.txt'
running build
running build_py
running install
running install_lib
running install_data
copying resource/octobot_2 -> /home/deivideich/Holonomic_Base_Simulation/ros_2_ws/install/octobot_2/share/ament_index/resource_index/packages
copying package.xml -> /home/deivideich/Holonomic_Base_Simulation/ros_2_ws/install/octobot_2/share/octobot_2
creating /home/deivideich/Holonomic_Base_Simulation/ros_2_ws/install/octobot_2/share/octobot_2/urdf
copying urdf/NuevaBaseMetal3.urdf -> /home/deivideich/Holonomic_Base_Simulation/ros_2_ws/install/octobot_2/share/octobot_2/urdf
copying urdf/NuevaBaseMetal4.urdf -> /home/deivideich/Holonomic_Base_Simulation/ros_2_ws/install/octobot_2/share/octobot_2/urdf
copying urdf/NuevaBaseMetal2.urdf -> /home/deivideich/Holonomic_Base_Simulation/ros_2_ws/install/octobot_2/share/octobot_2/urdf
creating /home/deivideich/Holonomic_Base_Simulation/ros_2_ws/install/octobot_2/share/octobot_2/launch
copying launch/rplidar.launch.py -> /home/deivideich/Holonomic_Base_Simulation/ros_2_ws/install/octobot_2/share/octobot_2/launch
copying launch/gazebo_test.launch.py -> /home/deivideich/Holonomic_Base_Simulation/ros_2_ws/install/octobot_2/share/octobot_2/launch
copying launch/gazebo.launch.py -> /home/deivideich/Holonomic_Base_Simulation/ros_2_ws/install/octobot_2/share/octobot_2/launch
copying launch/gazebo_2.launch.py -> /home/deivideich/Holonomic_Base_Simulation/ros_2_ws/install/octobot_2/share/octobot_2/launch
copying launch/rsp.launch.py -> /home/deivideich/Holonomic_Base_Simulation/ros_2_ws/install/octobot_2/share/octobot_2/launch
copying launch/navigation_custom_launch.py -> /home/deivideich/Holonomic_Base_Simulation/ros_2_ws/install/octobot_2/share/octobot_2/launch
copying launch/display.launch copy.py -> /home/deivideich/Holonomic_Base_Simulation/ros_2_ws/install/octobot_2/share/octobot_2/launch
copying launch/BaseDriver.py -> /home/deivideich/Holonomic_Base_Simulation/ros_2_ws/install/octobot_2/share/octobot_2/launch
creating /home/deivideich/Holonomic_Base_Simulation/ros_2_ws/install/octobot_2/share/octobot_2/meshes
copying meshes/cam_link.STL -> /home/deivideich/Holonomic_Base_Simulation/ros_2_ws/install/octobot_2/share/octobot_2/meshes
copying meshes/base_link.STL -> /home/deivideich/Holonomic_Base_Simulation/ros_2_ws/install/octobot_2/share/octobot_2/meshes
copying meshes/BL_Link.STL -> /home/deivideich/Holonomic_Base_Simulation/ros_2_ws/install/octobot_2/share/octobot_2/meshes
copying meshes/Camera_Link.STL -> /home/deivideich/Holonomic_Base_Simulation/ros_2_ws/install/octobot_2/share/octobot_2/meshes
copying meshes/lidar_link.STL -> /home/deivideich/Holonomic_Base_Simulation/ros_2_ws/install/octobot_2/share/octobot_2/meshes
copying meshes/br_link.STL -> /home/deivideich/Holonomic_Base_Simulation/ros_2_ws/install/octobot_2/share/octobot_2/meshes
copying meshes/fl_link.STL -> /home/deivideich/Holonomic_Base_Simulation/ros_2_ws/install/octobot_2/share/octobot_2/meshes
copying meshes/Lidar_Link.STL -> /home/deivideich/Holonomic_Base_Simulation/ros_2_ws/install/octobot_2/share/octobot_2/meshes
copying meshes/FR_Link.STL -> /home/deivideich/Holonomic_Base_Simulation/ros_2_ws/install/octobot_2/share/octobot_2/meshes
copying meshes/BR_Link.STL -> /home/deivideich/Holonomic_Base_Simulation/ros_2_ws/install/octobot_2/share/octobot_2/meshes
copying meshes/FL_Link.STL -> /home/deivideich/Holonomic_Base_Simulation/ros_2_ws/install/octobot_2/share/octobot_2/meshes
copying meshes/fr_link.STL -> /home/deivideich/Holonomic_Base_Simulation/ros_2_ws/install/octobot_2/share/octobot_2/meshes
copying meshes/Base_link.STL -> /home/deivideich/Holonomic_Base_Simulation/ros_2_ws/install/octobot_2/share/octobot_2/meshes
copying meshes/bl_link.STL -> /home/deivideich/Holonomic_Base_Simulation/ros_2_ws/install/octobot_2/share/octobot_2/meshes
creating /home/deivideich/Holonomic_Base_Simulation/ros_2_ws/install/octobot_2/share/octobot_2/worlds
running install_egg_info
Copying ../../build/octobot_2/octobot_2.egg-info to /home/deivideich/Holonomic_Base_Simulation/ros_2_ws/install/octobot_2/lib/python3.8/site-packages/octobot_2-0.0.0-py3.8.egg-info
running install_scripts
writing list of installed files to '/home/deivideich/Holonomic_Base_Simulation/ros_2_ws/build/octobot_2/install.log'
