[1.130s] Invoking command in '/home/deivideich/Holonomic_Base_Simulation/ros_2_ws/src/octobot_2': PYTHONPATH=/home/deivideich/Holonomic_Base_Simulation/ros_2_ws/build/octobot_2/prefix_override:/home/deivideich/Holonomic_Base_Simulation/ros_2_ws/install/octobot_2/lib/python3.8/site-packages:${PYTHONPATH} /usr/bin/python3 setup.py egg_info --egg-base ../../build/octobot_2 build --build-base /home/deivideich/Holonomic_Base_Simulation/ros_2_ws/build/octobot_2/build install --record /home/deivideich/Holonomic_Base_Simulation/ros_2_ws/build/octobot_2/install.log --install-scripts $base/lib/octobot_2 --single-version-externally-managed
[1.299s] running egg_info
[1.300s] writing ../../build/octobot_2/octobot_2.egg-info/PKG-INFO
[1.300s] writing dependency_links to ../../build/octobot_2/octobot_2.egg-info/dependency_links.txt
[1.300s] writing entry points to ../../build/octobot_2/octobot_2.egg-info/entry_points.txt
[1.300s] writing requirements to ../../build/octobot_2/octobot_2.egg-info/requires.txt
[1.300s] writing top-level names to ../../build/octobot_2/octobot_2.egg-info/top_level.txt
[1.322s] reading manifest file '../../build/octobot_2/octobot_2.egg-info/SOURCES.txt'
[1.322s] writing manifest file '../../build/octobot_2/octobot_2.egg-info/SOURCES.txt'
[1.322s] running build
[1.323s] running build_py
[1.323s] running install
[1.323s] running install_lib
[1.324s] running install_data
[1.324s] copying resource/octobot_2 -> /home/deivideich/Holonomic_Base_Simulation/ros_2_ws/install/octobot_2/share/ament_index/resource_index/packages
[1.324s] copying package.xml -> /home/deivideich/Holonomic_Base_Simulation/ros_2_ws/install/octobot_2/share/octobot_2
[1.324s] creating /home/deivideich/Holonomic_Base_Simulation/ros_2_ws/install/octobot_2/share/octobot_2/urdf
[1.324s] copying urdf/NuevaBaseMetal3.urdf -> /home/deivideich/Holonomic_Base_Simulation/ros_2_ws/install/octobot_2/share/octobot_2/urdf
[1.325s] copying urdf/NuevaBaseMetal4.urdf -> /home/deivideich/Holonomic_Base_Simulation/ros_2_ws/install/octobot_2/share/octobot_2/urdf
[1.325s] copying urdf/NuevaBaseMetal2.urdf -> /home/deivideich/Holonomic_Base_Simulation/ros_2_ws/install/octobot_2/share/octobot_2/urdf
[1.325s] creating /home/deivideich/Holonomic_Base_Simulation/ros_2_ws/install/octobot_2/share/octobot_2/launch
[1.325s] copying launch/rplidar.launch.py -> /home/deivideich/Holonomic_Base_Simulation/ros_2_ws/install/octobot_2/share/octobot_2/launch
[1.325s] copying launch/gazebo_test.launch.py -> /home/deivideich/Holonomic_Base_Simulation/ros_2_ws/install/octobot_2/share/octobot_2/launch
[1.325s] copying launch/gazebo.launch.py -> /home/deivideich/Holonomic_Base_Simulation/ros_2_ws/install/octobot_2/share/octobot_2/launch
[1.325s] copying launch/gazebo_2.launch.py -> /home/deivideich/Holonomic_Base_Simulation/ros_2_ws/install/octobot_2/share/octobot_2/launch
[1.325s] copying launch/rsp.launch.py -> /home/deivideich/Holonomic_Base_Simulation/ros_2_ws/install/octobot_2/share/octobot_2/launch
[1.325s] copying launch/navigation_custom_launch.py -> /home/deivideich/Holonomic_Base_Simulation/ros_2_ws/install/octobot_2/share/octobot_2/launch
[1.325s] copying launch/display.launch copy.py -> /home/deivideich/Holonomic_Base_Simulation/ros_2_ws/install/octobot_2/share/octobot_2/launch
[1.325s] copying launch/BaseDriver.py -> /home/deivideich/Holonomic_Base_Simulation/ros_2_ws/install/octobot_2/share/octobot_2/launch
[1.325s] creating /home/deivideich/Holonomic_Base_Simulation/ros_2_ws/install/octobot_2/share/octobot_2/meshes
[1.325s] copying meshes/cam_link.STL -> /home/deivideich/Holonomic_Base_Simulation/ros_2_ws/install/octobot_2/share/octobot_2/meshes
[1.325s] copying meshes/base_link.STL -> /home/deivideich/Holonomic_Base_Simulation/ros_2_ws/install/octobot_2/share/octobot_2/meshes
[1.326s] copying meshes/BL_Link.STL -> /home/deivideich/Holonomic_Base_Simulation/ros_2_ws/install/octobot_2/share/octobot_2/meshes
[1.330s] copying meshes/Camera_Link.STL -> /home/deivideich/Holonomic_Base_Simulation/ros_2_ws/install/octobot_2/share/octobot_2/meshes
[1.330s] copying meshes/lidar_link.STL -> /home/deivideich/Holonomic_Base_Simulation/ros_2_ws/install/octobot_2/share/octobot_2/meshes
[1.330s] copying meshes/br_link.STL -> /home/deivideich/Holonomic_Base_Simulation/ros_2_ws/install/octobot_2/share/octobot_2/meshes
[1.333s] copying meshes/fl_link.STL -> /home/deivideich/Holonomic_Base_Simulation/ros_2_ws/install/octobot_2/share/octobot_2/meshes
[1.337s] copying meshes/Lidar_Link.STL -> /home/deivideich/Holonomic_Base_Simulation/ros_2_ws/install/octobot_2/share/octobot_2/meshes
[1.337s] copying meshes/FR_Link.STL -> /home/deivideich/Holonomic_Base_Simulation/ros_2_ws/install/octobot_2/share/octobot_2/meshes
[1.340s] copying meshes/BR_Link.STL -> /home/deivideich/Holonomic_Base_Simulation/ros_2_ws/install/octobot_2/share/octobot_2/meshes
[1.343s] copying meshes/FL_Link.STL -> /home/deivideich/Holonomic_Base_Simulation/ros_2_ws/install/octobot_2/share/octobot_2/meshes
[1.347s] copying meshes/fr_link.STL -> /home/deivideich/Holonomic_Base_Simulation/ros_2_ws/install/octobot_2/share/octobot_2/meshes
[1.350s] copying meshes/Base_link.STL -> /home/deivideich/Holonomic_Base_Simulation/ros_2_ws/install/octobot_2/share/octobot_2/meshes
[1.351s] copying meshes/bl_link.STL -> /home/deivideich/Holonomic_Base_Simulation/ros_2_ws/install/octobot_2/share/octobot_2/meshes
[1.354s] creating /home/deivideich/Holonomic_Base_Simulation/ros_2_ws/install/octobot_2/share/octobot_2/worlds
[1.354s] running install_egg_info
[1.356s] Copying ../../build/octobot_2/octobot_2.egg-info to /home/deivideich/Holonomic_Base_Simulation/ros_2_ws/install/octobot_2/lib/python3.8/site-packages/octobot_2-0.0.0-py3.8.egg-info
[1.357s] running install_scripts
[1.378s] writing list of installed files to '/home/deivideich/Holonomic_Base_Simulation/ros_2_ws/build/octobot_2/install.log'
[1.393s] Invoked command in '/home/deivideich/Holonomic_Base_Simulation/ros_2_ws/src/octobot_2' returned '0': PYTHONPATH=/home/deivideich/Holonomic_Base_Simulation/ros_2_ws/build/octobot_2/prefix_override:/home/deivideich/Holonomic_Base_Simulation/ros_2_ws/install/octobot_2/lib/python3.8/site-packages:${PYTHONPATH} /usr/bin/python3 setup.py egg_info --egg-base ../../build/octobot_2 build --build-base /home/deivideich/Holonomic_Base_Simulation/ros_2_ws/build/octobot_2/build install --record /home/deivideich/Holonomic_Base_Simulation/ros_2_ws/build/octobot_2/install.log --install-scripts $base/lib/octobot_2 --single-version-externally-managed
