[0.538s] Invoking command in '/home/deivideich/Holonomic_Base_Simulation/ros_2_ws/build/nav2_map_server': AMENT_PREFIX_PATH=/home/deivideich/Holonomic_Base_Simulation/ros_2_ws/install/nav2_util:/home/deivideich/Holonomic_Base_Simulation/ros_2_ws/install/nav2_msgs:/home/deivideich/Holonomic_Base_Simulation/ros_2_ws/install/nav2_common:${AMENT_PREFIX_PATH} CMAKE_PREFIX_PATH=/home/deivideich/Holonomic_Base_Simulation/ros_2_ws/install/nav2_util:/home/deivideich/Holonomic_Base_Simulation/ros_2_ws/install/nav2_msgs:/home/deivideich/Holonomic_Base_Simulation/ros_2_ws/install/nav2_common:/home/deivideich/Holonomic_Base_Simulation/ros_2_ws/install/octobot_2:/opt/ros/foxy:${CMAKE_PREFIX_PATH} LD_LIBRARY_PATH=/home/deivideich/Holonomic_Base_Simulation/ros_2_ws/install/nav2_util/lib:/home/deivideich/Holonomic_Base_Simulation/ros_2_ws/install/nav2_msgs/lib:${LD_LIBRARY_PATH} PYTHONPATH=/home/deivideich/Holonomic_Base_Simulation/ros_2_ws/install/nav2_msgs/lib/python3.8/site-packages:/home/deivideich/Holonomic_Base_Simulation/ros_2_ws/install/nav2_common/lib/python3.8/site-packages:${PYTHONPATH} /usr/bin/cmake /home/deivideich/Holonomic_Base_Simulation/ros_2_ws/navigation2/nav2_map_server -DCMAKE_INSTALL_PREFIX=/home/deivideich/Holonomic_Base_Simulation/ros_2_ws/install/nav2_map_server
[0.586s] -- The C compiler identification is GNU 9.4.0
[0.629s] -- The CXX compiler identification is GNU 9.4.0
[0.633s] -- Check for working C compiler: /usr/bin/cc
[0.682s] -- Check for working C compiler: /usr/bin/cc -- works
[0.683s] -- Detecting C compiler ABI info
[0.737s] -- Detecting C compiler ABI info - done
[0.747s] -- Detecting C compile features
[0.747s] -- Detecting C compile features - done
[0.749s] -- Check for working CXX compiler: /usr/bin/c++
[0.811s] -- Check for working CXX compiler: /usr/bin/c++ -- works
[0.812s] -- Detecting CXX compiler ABI info
[0.873s] -- Detecting CXX compiler ABI info - done
[0.881s] -- Detecting CXX compile features
[0.882s] -- Detecting CXX compile features - done
[0.884s] -- Found ament_cmake: 0.9.12 (/opt/ros/foxy/share/ament_cmake/cmake)
[0.911s] -- Found PythonInterp: /usr/bin/python3 (found suitable version "3.8.10", minimum required is "3") 
[0.911s] -- Using PYTHON_EXECUTABLE: /usr/bin/python3
[1.105s] -- Found nav2_common: 0.4.7 (/home/deivideich/Holonomic_Base_Simulation/ros_2_ws/install/nav2_common/share/nav2_common/cmake)
[1.107s] -- Found rclcpp: 2.4.3 (/opt/ros/foxy/share/rclcpp/cmake)
[1.146s] -- Using all available rosidl_typesupport_c: rosidl_typesupport_fastrtps_c;rosidl_typesupport_introspection_c
[1.152s] -- Found rosidl_adapter: 1.3.1 (/opt/ros/foxy/share/rosidl_adapter/cmake)
[1.221s] -- Found OpenSSL: /usr/lib/x86_64-linux-gnu/libcrypto.so (found version "1.1.1f")  
[1.247s] -- Found FastRTPS: /opt/ros/foxy/include  
[1.312s] -- Using all available rosidl_typesupport_cpp: rosidl_typesupport_fastrtps_cpp;rosidl_typesupport_introspection_cpp
[1.358s] -- Found rmw_implementation_cmake: 1.0.4 (/opt/ros/foxy/share/rmw_implementation_cmake/cmake)
[1.360s] -- Using RMW implementation 'rmw_fastrtps_cpp' as default
[1.361s] -- Looking for pthread.h
[1.417s] -- Looking for pthread.h - found
[1.417s] -- Performing Test CMAKE_HAVE_LIBC_PTHREAD
[1.478s] -- Performing Test CMAKE_HAVE_LIBC_PTHREAD - Failed
[1.478s] -- Looking for pthread_create in pthreads
[1.522s] -- Looking for pthread_create in pthreads - not found
[1.523s] -- Looking for pthread_create in pthread
[1.576s] -- Looking for pthread_create in pthread - found
[1.577s] -- Found Threads: TRUE  
[1.712s] -- Found rclcpp_lifecycle: 2.4.3 (/opt/ros/foxy/share/rclcpp_lifecycle/cmake)
[1.743s] -- Found nav_msgs: 2.0.5 (/opt/ros/foxy/share/nav_msgs/cmake)
[1.842s] -- Found nav2_msgs: 0.4.7 (/home/deivideich/Holonomic_Base_Simulation/ros_2_ws/install/nav2_msgs/share/nav2_msgs/cmake)
[2.069s] -- Found yaml_cpp_vendor: 7.0.3 (/opt/ros/foxy/share/yaml_cpp_vendor/cmake)
[2.069s] -- Setting yaml-cpp_DIR to: '/opt/ros/foxy/share/yaml_cpp_vendor/cmake/../../../opt/yaml_cpp_vendor/lib/cmake/yaml-cpp'
[2.072s] -- Found tf2: 0.13.14 (/opt/ros/foxy/share/tf2/cmake)
[2.081s] -- Found nav2_util: 0.4.7 (/home/deivideich/Holonomic_Base_Simulation/ros_2_ws/install/nav2_util/share/nav2_util/cmake)
[2.359s] -- Found eigen3_cmake_module: 0.1.1 (/opt/ros/foxy/share/eigen3_cmake_module/cmake)
[2.362s] -- Found Eigen3: TRUE (found version "3.3.7") 
[2.486s] -- Found GRAPHICSMAGICKCPP: /usr/include/GraphicsMagick  
[2.487s] -- Setting build type to Release as none was specified.
[3.091s] -- Found ament_lint_auto: 0.9.8 (/opt/ros/foxy/share/ament_lint_auto/cmake)
[3.178s] -- Found gtest sources under '/opt/ros/foxy/src/gtest_vendor': C++ tests using 'Google Test' will be built
[3.179s] -- Check if compiler accepts -pthread
[3.241s] -- Check if compiler accepts -pthread - yes
[3.245s] -- Found gtest sources under '/opt/ros/foxy/src/gtest_vendor': C++ tests using 'Google Test' will be built
[3.250s] -- Found gtest sources under '/opt/ros/foxy/src/gtest_vendor': C++ tests using 'Google Test' will be built
[3.257s] -- Added test 'cppcheck' to perform static code analysis on C / C++ code
[3.257s] -- Configured cppcheck include dirs: /home/deivideich/Holonomic_Base_Simulation/ros_2_ws/navigation2/nav2_map_server/include
[3.257s] -- Configured cppcheck exclude dirs and/or files: 
[3.259s] -- Added test 'cpplint' to check C / C++ code against the Google style
[3.259s] -- Configured cpplint exclude dirs and/or files: 
[3.260s] -- Added test 'flake8' to check Python code syntax and style conventions
[3.261s] -- Added test 'lint_cmake' to check CMake code style
[3.261s] -- Added test 'pep257' to check Python code against some of the style conventions in PEP 257
[3.263s] -- Added test 'uncrustify' to check C / C++ code style
[3.263s] -- Configured uncrustify additional arguments: 
[3.263s] -- Added test 'xmllint' to check XML markup files
[3.269s] -- Configuring done
[3.571s] -- Generating done
[3.576s] -- Build files have been written to: /home/deivideich/Holonomic_Base_Simulation/ros_2_ws/build/nav2_map_server
[3.598s] Invoked command in '/home/deivideich/Holonomic_Base_Simulation/ros_2_ws/build/nav2_map_server' returned '0': AMENT_PREFIX_PATH=/home/deivideich/Holonomic_Base_Simulation/ros_2_ws/install/nav2_util:/home/deivideich/Holonomic_Base_Simulation/ros_2_ws/install/nav2_msgs:/home/deivideich/Holonomic_Base_Simulation/ros_2_ws/install/nav2_common:${AMENT_PREFIX_PATH} CMAKE_PREFIX_PATH=/home/deivideich/Holonomic_Base_Simulation/ros_2_ws/install/nav2_util:/home/deivideich/Holonomic_Base_Simulation/ros_2_ws/install/nav2_msgs:/home/deivideich/Holonomic_Base_Simulation/ros_2_ws/install/nav2_common:/home/deivideich/Holonomic_Base_Simulation/ros_2_ws/install/octobot_2:/opt/ros/foxy:${CMAKE_PREFIX_PATH} LD_LIBRARY_PATH=/home/deivideich/Holonomic_Base_Simulation/ros_2_ws/install/nav2_util/lib:/home/deivideich/Holonomic_Base_Simulation/ros_2_ws/install/nav2_msgs/lib:${LD_LIBRARY_PATH} PYTHONPATH=/home/deivideich/Holonomic_Base_Simulation/ros_2_ws/install/nav2_msgs/lib/python3.8/site-packages:/home/deivideich/Holonomic_Base_Simulation/ros_2_ws/install/nav2_common/lib/python3.8/site-packages:${PYTHONPATH} /usr/bin/cmake /home/deivideich/Holonomic_Base_Simulation/ros_2_ws/navigation2/nav2_map_server -DCMAKE_INSTALL_PREFIX=/home/deivideich/Holonomic_Base_Simulation/ros_2_ws/install/nav2_map_server
[3.602s] Invoking command in '/home/deivideich/Holonomic_Base_Simulation/ros_2_ws/build/nav2_map_server': AMENT_PREFIX_PATH=/home/deivideich/Holonomic_Base_Simulation/ros_2_ws/install/nav2_util:/home/deivideich/Holonomic_Base_Simulation/ros_2_ws/install/nav2_msgs:/home/deivideich/Holonomic_Base_Simulation/ros_2_ws/install/nav2_common:${AMENT_PREFIX_PATH} CMAKE_PREFIX_PATH=/home/deivideich/Holonomic_Base_Simulation/ros_2_ws/install/nav2_util:/home/deivideich/Holonomic_Base_Simulation/ros_2_ws/install/nav2_msgs:/home/deivideich/Holonomic_Base_Simulation/ros_2_ws/install/nav2_common:/home/deivideich/Holonomic_Base_Simulation/ros_2_ws/install/octobot_2:/opt/ros/foxy:${CMAKE_PREFIX_PATH} LD_LIBRARY_PATH=/home/deivideich/Holonomic_Base_Simulation/ros_2_ws/install/nav2_util/lib:/home/deivideich/Holonomic_Base_Simulation/ros_2_ws/install/nav2_msgs/lib:${LD_LIBRARY_PATH} PYTHONPATH=/home/deivideich/Holonomic_Base_Simulation/ros_2_ws/install/nav2_msgs/lib/python3.8/site-packages:/home/deivideich/Holonomic_Base_Simulation/ros_2_ws/install/nav2_common/lib/python3.8/site-packages:${PYTHONPATH} /usr/bin/cmake --build /home/deivideich/Holonomic_Base_Simulation/ros_2_ws/build/nav2_map_server -- -j16 -l16
[3.662s] [35m[1mScanning dependencies of target map_io[0m
[3.662s] [35m[1mScanning dependencies of target gtest_main[0m
[3.662s] [35m[1mScanning dependencies of target gtest[0m
[3.683s] [  3%] [32mBuilding CXX object gtest/CMakeFiles/gtest_main.dir/src/gtest_main.cc.o[0m
[3.684s] [  6%] [32mBuilding CXX object gtest/CMakeFiles/gtest.dir/src/gtest-all.cc.o[0m
[3.741s] [  9%] [32mBuilding CXX object CMakeFiles/map_io.dir/src/map_mode.cpp.o[0m
[3.775s] [ 12%] [32mBuilding CXX object CMakeFiles/map_io.dir/src/map_io.cpp.o[0m
[4.737s] [ 16%] [32m[1mLinking CXX static library libgtest_main.a[0m
[4.778s] [ 16%] Built target gtest_main
[8.445s] [ 19%] [32m[1mLinking CXX shared library libmap_io.so[0m
[8.599s] [ 19%] Built target map_io
[8.609s] [35m[1mScanning dependencies of target map_server_core[0m
[8.609s] [35m[1mScanning dependencies of target test_map_saver_publisher[0m
[8.648s] [ 22%] [32mBuilding CXX object test/component/CMakeFiles/test_map_saver_publisher.dir/__/test_constants.cpp.o[0m
[8.648s] [ 25%] [32mBuilding CXX object test/component/CMakeFiles/test_map_saver_publisher.dir/test_map_saver_publisher.cpp.o[0m
[8.658s] [ 29%] [32mBuilding CXX object CMakeFiles/map_server_core.dir/src/map_saver/map_saver.cpp.o[0m
[8.658s] [ 32%] [32mBuilding CXX object CMakeFiles/map_server_core.dir/src/map_server/map_server.cpp.o[0m
[10.514s] [ 35%] [32m[1mLinking CXX static library libgtest.a[0m
[10.548s] [ 35%] Built target gtest
[10.557s] [35m[1mScanning dependencies of target test_map_saver_cli[0m
[10.557s] [35m[1mScanning dependencies of target test_map_io[0m
[10.594s] [ 38%] [32mBuilding CXX object test/map_saver_cli/CMakeFiles/test_map_saver_cli.dir/__/test_constants.cpp.o[0m
[10.594s] [ 41%] [32mBuilding CXX object test/map_saver_cli/CMakeFiles/test_map_saver_cli.dir/test_map_saver_cli.cpp.o[0m
[10.613s] [ 48%] [32mBuilding CXX object test/unit/CMakeFiles/test_map_io.dir/__/test_constants.cpp.o[0m
[10.613s] [ 48%] [32mBuilding CXX object test/unit/CMakeFiles/test_map_io.dir/test_map_io.cpp.o[0m
[12.921s] [ 51%] [32m[1mLinking CXX executable test_map_saver_publisher[0m
[13.506s] [ 51%] Built target test_map_saver_publisher
[18.598s] [ 54%] [32m[1mLinking CXX executable test_map_io[0m
[19.173s] [ 54%] Built target test_map_io
[19.553s] [ 58%] [32m[1mLinking CXX executable test_map_saver_cli[0m
[19.943s] [ 61%] [32m[1mLinking CXX shared library libmap_server_core.so[0m
[20.060s] [ 61%] Built target test_map_saver_cli
[20.445s] [ 61%] Built target map_server_core
[20.525s] [35m[1mScanning dependencies of target map_server[0m
[20.545s] [35m[1mScanning dependencies of target map_saver_cli[0m
[20.560s] [35m[1mScanning dependencies of target map_saver_server[0m
[20.560s] [35m[1mScanning dependencies of target test_map_saver_node[0m
[20.580s] [35m[1mScanning dependencies of target test_map_server_node[0m
[20.641s] [ 64%] [32mBuilding CXX object CMakeFiles/map_server.dir/src/map_server/main.cpp.o[0m
[20.661s] [ 67%] [32mBuilding CXX object CMakeFiles/map_saver_cli.dir/src/map_saver/main_cli.cpp.o[0m
[20.709s] [ 70%] [32mBuilding CXX object test/component/CMakeFiles/test_map_server_node.dir/test_map_server_node.cpp.o[0m
[20.721s] [ 74%] [32mBuilding CXX object test/component/CMakeFiles/test_map_server_node.dir/__/test_constants.cpp.o[0m
[20.747s] [ 77%] [32mBuilding CXX object CMakeFiles/map_saver_server.dir/src/map_saver/main_server.cpp.o[0m
[20.765s] [ 80%] [32mBuilding CXX object test/component/CMakeFiles/test_map_saver_node.dir/test_map_saver_node.cpp.o[0m
[20.768s] [ 83%] [32mBuilding CXX object test/component/CMakeFiles/test_map_saver_node.dir/__/test_constants.cpp.o[0m
[25.349s] [ 87%] [32m[1mLinking CXX executable map_server[0m
[25.473s] [ 90%] [32m[1mLinking CXX executable map_saver_server[0m
[25.670s] [ 93%] [32m[1mLinking CXX executable map_saver_cli[0m
[25.886s] [ 93%] Built target map_server
[26.007s] [ 93%] Built target map_saver_server
[26.244s] [ 93%] Built target map_saver_cli
[28.474s] [ 96%] [32m[1mLinking CXX executable test_map_saver_node[0m
[28.805s] [ 96%] Built target test_map_saver_node
[29.607s] [100%] [32m[1mLinking CXX executable test_map_server_node[0m
[29.789s] [100%] Built target test_map_server_node
[29.801s] Invoked command in '/home/deivideich/Holonomic_Base_Simulation/ros_2_ws/build/nav2_map_server' returned '0': AMENT_PREFIX_PATH=/home/deivideich/Holonomic_Base_Simulation/ros_2_ws/install/nav2_util:/home/deivideich/Holonomic_Base_Simulation/ros_2_ws/install/nav2_msgs:/home/deivideich/Holonomic_Base_Simulation/ros_2_ws/install/nav2_common:${AMENT_PREFIX_PATH} CMAKE_PREFIX_PATH=/home/deivideich/Holonomic_Base_Simulation/ros_2_ws/install/nav2_util:/home/deivideich/Holonomic_Base_Simulation/ros_2_ws/install/nav2_msgs:/home/deivideich/Holonomic_Base_Simulation/ros_2_ws/install/nav2_common:/home/deivideich/Holonomic_Base_Simulation/ros_2_ws/install/octobot_2:/opt/ros/foxy:${CMAKE_PREFIX_PATH} LD_LIBRARY_PATH=/home/deivideich/Holonomic_Base_Simulation/ros_2_ws/install/nav2_util/lib:/home/deivideich/Holonomic_Base_Simulation/ros_2_ws/install/nav2_msgs/lib:${LD_LIBRARY_PATH} PYTHONPATH=/home/deivideich/Holonomic_Base_Simulation/ros_2_ws/install/nav2_msgs/lib/python3.8/site-packages:/home/deivideich/Holonomic_Base_Simulation/ros_2_ws/install/nav2_common/lib/python3.8/site-packages:${PYTHONPATH} /usr/bin/cmake --build /home/deivideich/Holonomic_Base_Simulation/ros_2_ws/build/nav2_map_server -- -j16 -l16
[29.836s] Invoking command in '/home/deivideich/Holonomic_Base_Simulation/ros_2_ws/build/nav2_map_server': AMENT_PREFIX_PATH=/home/deivideich/Holonomic_Base_Simulation/ros_2_ws/install/nav2_util:/home/deivideich/Holonomic_Base_Simulation/ros_2_ws/install/nav2_msgs:/home/deivideich/Holonomic_Base_Simulation/ros_2_ws/install/nav2_common:${AMENT_PREFIX_PATH} CMAKE_PREFIX_PATH=/home/deivideich/Holonomic_Base_Simulation/ros_2_ws/install/nav2_util:/home/deivideich/Holonomic_Base_Simulation/ros_2_ws/install/nav2_msgs:/home/deivideich/Holonomic_Base_Simulation/ros_2_ws/install/nav2_common:/home/deivideich/Holonomic_Base_Simulation/ros_2_ws/install/octobot_2:/opt/ros/foxy:${CMAKE_PREFIX_PATH} LD_LIBRARY_PATH=/home/deivideich/Holonomic_Base_Simulation/ros_2_ws/install/nav2_util/lib:/home/deivideich/Holonomic_Base_Simulation/ros_2_ws/install/nav2_msgs/lib:${LD_LIBRARY_PATH} PYTHONPATH=/home/deivideich/Holonomic_Base_Simulation/ros_2_ws/install/nav2_msgs/lib/python3.8/site-packages:/home/deivideich/Holonomic_Base_Simulation/ros_2_ws/install/nav2_common/lib/python3.8/site-packages:${PYTHONPATH} /usr/bin/cmake --install /home/deivideich/Holonomic_Base_Simulation/ros_2_ws/build/nav2_map_server
[29.844s] -- Install configuration: "Release"
[29.844s] -- Installing: /home/deivideich/Holonomic_Base_Simulation/ros_2_ws/install/nav2_map_server/lib/libmap_server_core.so
[29.845s] -- Set runtime path of "/home/deivideich/Holonomic_Base_Simulation/ros_2_ws/install/nav2_map_server/lib/libmap_server_core.so" to ""
[29.845s] -- Installing: /home/deivideich/Holonomic_Base_Simulation/ros_2_ws/install/nav2_map_server/lib/libmap_io.so
[29.845s] -- Set runtime path of "/home/deivideich/Holonomic_Base_Simulation/ros_2_ws/install/nav2_map_server/lib/libmap_io.so" to ""
[29.845s] -- Installing: /home/deivideich/Holonomic_Base_Simulation/ros_2_ws/install/nav2_map_server/lib/nav2_map_server/map_server
[29.845s] -- Set runtime path of "/home/deivideich/Holonomic_Base_Simulation/ros_2_ws/install/nav2_map_server/lib/nav2_map_server/map_server" to ""
[29.845s] -- Installing: /home/deivideich/Holonomic_Base_Simulation/ros_2_ws/install/nav2_map_server/lib/nav2_map_server/map_saver_cli
[29.846s] -- Set runtime path of "/home/deivideich/Holonomic_Base_Simulation/ros_2_ws/install/nav2_map_server/lib/nav2_map_server/map_saver_cli" to ""
[29.846s] -- Installing: /home/deivideich/Holonomic_Base_Simulation/ros_2_ws/install/nav2_map_server/lib/nav2_map_server/map_saver_server
[29.846s] -- Set runtime path of "/home/deivideich/Holonomic_Base_Simulation/ros_2_ws/install/nav2_map_server/lib/nav2_map_server/map_saver_server" to ""
[29.846s] -- Installing: /home/deivideich/Holonomic_Base_Simulation/ros_2_ws/install/nav2_map_server/include/
[29.846s] -- Installing: /home/deivideich/Holonomic_Base_Simulation/ros_2_ws/install/nav2_map_server/include//nav2_map_server
[29.846s] -- Installing: /home/deivideich/Holonomic_Base_Simulation/ros_2_ws/install/nav2_map_server/include//nav2_map_server/map_io.hpp
[29.846s] -- Installing: /home/deivideich/Holonomic_Base_Simulation/ros_2_ws/install/nav2_map_server/include//nav2_map_server/map_mode.hpp
[29.847s] -- Installing: /home/deivideich/Holonomic_Base_Simulation/ros_2_ws/install/nav2_map_server/include//nav2_map_server/map_server.hpp
[29.847s] -- Installing: /home/deivideich/Holonomic_Base_Simulation/ros_2_ws/install/nav2_map_server/include//nav2_map_server/map_saver.hpp
[29.847s] -- Installing: /home/deivideich/Holonomic_Base_Simulation/ros_2_ws/install/nav2_map_server/share/nav2_map_server/launch
[29.847s] -- Installing: /home/deivideich/Holonomic_Base_Simulation/ros_2_ws/install/nav2_map_server/share/nav2_map_server/launch/map_saver_server.launch.py
[29.847s] -- Installing: /home/deivideich/Holonomic_Base_Simulation/ros_2_ws/install/nav2_map_server/share/nav2_map_server/environment/library_path.sh
[29.847s] -- Installing: /home/deivideich/Holonomic_Base_Simulation/ros_2_ws/install/nav2_map_server/share/nav2_map_server/environment/library_path.dsv
[29.847s] -- Installing: /home/deivideich/Holonomic_Base_Simulation/ros_2_ws/install/nav2_map_server/share/ament_index/resource_index/package_run_dependencies/nav2_map_server
[29.847s] -- Installing: /home/deivideich/Holonomic_Base_Simulation/ros_2_ws/install/nav2_map_server/share/ament_index/resource_index/parent_prefix_path/nav2_map_server
[29.847s] -- Installing: /home/deivideich/Holonomic_Base_Simulation/ros_2_ws/install/nav2_map_server/share/nav2_map_server/environment/ament_prefix_path.sh
[29.847s] -- Installing: /home/deivideich/Holonomic_Base_Simulation/ros_2_ws/install/nav2_map_server/share/nav2_map_server/environment/ament_prefix_path.dsv
[29.848s] -- Installing: /home/deivideich/Holonomic_Base_Simulation/ros_2_ws/install/nav2_map_server/share/nav2_map_server/environment/path.sh
[29.848s] -- Installing: /home/deivideich/Holonomic_Base_Simulation/ros_2_ws/install/nav2_map_server/share/nav2_map_server/environment/path.dsv
[29.848s] -- Installing: /home/deivideich/Holonomic_Base_Simulation/ros_2_ws/install/nav2_map_server/share/nav2_map_server/local_setup.bash
[29.848s] -- Installing: /home/deivideich/Holonomic_Base_Simulation/ros_2_ws/install/nav2_map_server/share/nav2_map_server/local_setup.sh
[29.848s] -- Installing: /home/deivideich/Holonomic_Base_Simulation/ros_2_ws/install/nav2_map_server/share/nav2_map_server/local_setup.zsh
[29.848s] -- Installing: /home/deivideich/Holonomic_Base_Simulation/ros_2_ws/install/nav2_map_server/share/nav2_map_server/local_setup.dsv
[29.848s] -- Installing: /home/deivideich/Holonomic_Base_Simulation/ros_2_ws/install/nav2_map_server/share/nav2_map_server/package.dsv
[29.848s] -- Installing: /home/deivideich/Holonomic_Base_Simulation/ros_2_ws/install/nav2_map_server/share/ament_index/resource_index/packages/nav2_map_server
[29.848s] -- Installing: /home/deivideich/Holonomic_Base_Simulation/ros_2_ws/install/nav2_map_server/share/nav2_map_server/cmake/ament_cmake_export_include_directories-extras.cmake
[29.848s] -- Installing: /home/deivideich/Holonomic_Base_Simulation/ros_2_ws/install/nav2_map_server/share/nav2_map_server/cmake/ament_cmake_export_libraries-extras.cmake
[29.849s] -- Installing: /home/deivideich/Holonomic_Base_Simulation/ros_2_ws/install/nav2_map_server/share/nav2_map_server/cmake/nav2_map_serverConfig.cmake
[29.849s] -- Installing: /home/deivideich/Holonomic_Base_Simulation/ros_2_ws/install/nav2_map_server/share/nav2_map_server/cmake/nav2_map_serverConfig-version.cmake
[29.849s] -- Installing: /home/deivideich/Holonomic_Base_Simulation/ros_2_ws/install/nav2_map_server/share/nav2_map_server/package.xml
[29.851s] Invoked command in '/home/deivideich/Holonomic_Base_Simulation/ros_2_ws/build/nav2_map_server' returned '0': AMENT_PREFIX_PATH=/home/deivideich/Holonomic_Base_Simulation/ros_2_ws/install/nav2_util:/home/deivideich/Holonomic_Base_Simulation/ros_2_ws/install/nav2_msgs:/home/deivideich/Holonomic_Base_Simulation/ros_2_ws/install/nav2_common:${AMENT_PREFIX_PATH} CMAKE_PREFIX_PATH=/home/deivideich/Holonomic_Base_Simulation/ros_2_ws/install/nav2_util:/home/deivideich/Holonomic_Base_Simulation/ros_2_ws/install/nav2_msgs:/home/deivideich/Holonomic_Base_Simulation/ros_2_ws/install/nav2_common:/home/deivideich/Holonomic_Base_Simulation/ros_2_ws/install/octobot_2:/opt/ros/foxy:${CMAKE_PREFIX_PATH} LD_LIBRARY_PATH=/home/deivideich/Holonomic_Base_Simulation/ros_2_ws/install/nav2_util/lib:/home/deivideich/Holonomic_Base_Simulation/ros_2_ws/install/nav2_msgs/lib:${LD_LIBRARY_PATH} PYTHONPATH=/home/deivideich/Holonomic_Base_Simulation/ros_2_ws/install/nav2_msgs/lib/python3.8/site-packages:/home/deivideich/Holonomic_Base_Simulation/ros_2_ws/install/nav2_common/lib/python3.8/site-packages:${PYTHONPATH} /usr/bin/cmake --install /home/deivideich/Holonomic_Base_Simulation/ros_2_ws/build/nav2_map_server
