[1.689s] Invoking command in '/home/deivideich/Holonomic_Base_Simulation/ros_2_ws/src/octobot_2/build/octobot_2': PYTHONPATH=/home/deivideich/Holonomic_Base_Simulation/ros_2_ws/src/octobot_2/build/octobot_2/prefix_override:/home/deivideich/Holonomic_Base_Simulation/ros_2_ws/src/octobot_2/install/octobot_2/lib/python3.8/site-packages:${PYTHONPATH} /usr/bin/python3 setup.py develop --uninstall --editable --build-directory /home/deivideich/Holonomic_Base_Simulation/ros_2_ws/src/octobot_2/build/octobot_2/build
[1.921s] running develop
[2.083s] Removing /home/deivideich/Holonomic_Base_Simulation/ros_2_ws/src/octobot_2/install/octobot_2/lib/python3.8/site-packages/octobot-2.egg-link (link to .)
[2.114s] Invoked command in '/home/deivideich/Holonomic_Base_Simulation/ros_2_ws/src/octobot_2/build/octobot_2' returned '0': PYTHONPATH=/home/deivideich/Holonomic_Base_Simulation/ros_2_ws/src/octobot_2/build/octobot_2/prefix_override:/home/deivideich/Holonomic_Base_Simulation/ros_2_ws/src/octobot_2/install/octobot_2/lib/python3.8/site-packages:${PYTHONPATH} /usr/bin/python3 setup.py develop --uninstall --editable --build-directory /home/deivideich/Holonomic_Base_Simulation/ros_2_ws/src/octobot_2/build/octobot_2/build
[2.118s] Invoking command in '/home/deivideich/Holonomic_Base_Simulation/ros_2_ws/src/octobot_2': PYTHONPATH=/home/deivideich/Holonomic_Base_Simulation/ros_2_ws/src/octobot_2/build/octobot_2/prefix_override:/home/deivideich/Holonomic_Base_Simulation/ros_2_ws/src/octobot_2/install/octobot_2/lib/python3.8/site-packages:${PYTHONPATH} /usr/bin/python3 setup.py egg_info --egg-base build/octobot_2 build --build-base /home/deivideich/Holonomic_Base_Simulation/ros_2_ws/src/octobot_2/build/octobot_2/build install --record /home/deivideich/Holonomic_Base_Simulation/ros_2_ws/src/octobot_2/build/octobot_2/install.log --install-scripts $base/lib/octobot_2 --single-version-externally-managed
[2.326s] running egg_info
[2.326s] writing build/octobot_2/octobot_2.egg-info/PKG-INFO
[2.326s] writing dependency_links to build/octobot_2/octobot_2.egg-info/dependency_links.txt
[2.327s] writing entry points to build/octobot_2/octobot_2.egg-info/entry_points.txt
[2.327s] writing requirements to build/octobot_2/octobot_2.egg-info/requires.txt
[2.327s] writing top-level names to build/octobot_2/octobot_2.egg-info/top_level.txt
[2.355s] reading manifest file 'build/octobot_2/octobot_2.egg-info/SOURCES.txt'
[2.356s] writing manifest file 'build/octobot_2/octobot_2.egg-info/SOURCES.txt'
[2.356s] running build
[2.356s] running build_py
[2.356s] creating /home/deivideich/Holonomic_Base_Simulation/ros_2_ws/src/octobot_2/build/octobot_2/build
[2.356s] creating /home/deivideich/Holonomic_Base_Simulation/ros_2_ws/src/octobot_2/build/octobot_2/build/lib
[2.356s] creating /home/deivideich/Holonomic_Base_Simulation/ros_2_ws/src/octobot_2/build/octobot_2/build/lib/octobot_2
[2.356s] copying octobot_2/__init__.py -> /home/deivideich/Holonomic_Base_Simulation/ros_2_ws/src/octobot_2/build/octobot_2/build/lib/octobot_2
[2.356s] running install
[2.357s] running install_lib
[2.358s] creating /home/deivideich/Holonomic_Base_Simulation/ros_2_ws/src/octobot_2/install/octobot_2/lib/python3.8/site-packages/octobot_2
[2.358s] copying /home/deivideich/Holonomic_Base_Simulation/ros_2_ws/src/octobot_2/build/octobot_2/build/lib/octobot_2/__init__.py -> /home/deivideich/Holonomic_Base_Simulation/ros_2_ws/src/octobot_2/install/octobot_2/lib/python3.8/site-packages/octobot_2
[2.359s] byte-compiling /home/deivideich/Holonomic_Base_Simulation/ros_2_ws/src/octobot_2/install/octobot_2/lib/python3.8/site-packages/octobot_2/__init__.py to __init__.cpython-38.pyc
[2.359s] running install_data
[2.360s] running install_egg_info
[2.362s] Copying build/octobot_2/octobot_2.egg-info to /home/deivideich/Holonomic_Base_Simulation/ros_2_ws/src/octobot_2/install/octobot_2/lib/python3.8/site-packages/octobot_2-0.0.0-py3.8.egg-info
[2.362s] running install_scripts
[2.376s] writing list of installed files to '/home/deivideich/Holonomic_Base_Simulation/ros_2_ws/src/octobot_2/build/octobot_2/install.log'
[2.403s] Invoked command in '/home/deivideich/Holonomic_Base_Simulation/ros_2_ws/src/octobot_2' returned '0': PYTHONPATH=/home/deivideich/Holonomic_Base_Simulation/ros_2_ws/src/octobot_2/build/octobot_2/prefix_override:/home/deivideich/Holonomic_Base_Simulation/ros_2_ws/src/octobot_2/install/octobot_2/lib/python3.8/site-packages:${PYTHONPATH} /usr/bin/python3 setup.py egg_info --egg-base build/octobot_2 build --build-base /home/deivideich/Holonomic_Base_Simulation/ros_2_ws/src/octobot_2/build/octobot_2/build install --record /home/deivideich/Holonomic_Base_Simulation/ros_2_ws/src/octobot_2/build/octobot_2/install.log --install-scripts $base/lib/octobot_2 --single-version-externally-managed
