[0.180s] Invoking command in '/home/deivideich/Holonomic_Base_Simulation/ros_2_ws/build/dwb_msgs': AMENT_PREFIX_PATH=/home/deivideich/Holonomic_Base_Simulation/ros_2_ws/install/nav_2d_msgs:${AMENT_PREFIX_PATH} CMAKE_PREFIX_PATH=/home/deivideich/Holonomic_Base_Simulation/ros_2_ws/install/nav_2d_msgs:/home/deivideich/Holonomic_Base_Simulation/ros_2_ws/install/octobot_2:/opt/ros/foxy:${CMAKE_PREFIX_PATH} LD_LIBRARY_PATH=/home/deivideich/Holonomic_Base_Simulation/ros_2_ws/install/nav_2d_msgs/lib:${LD_LIBRARY_PATH} PYTHONPATH=/home/deivideich/Holonomic_Base_Simulation/ros_2_ws/install/nav_2d_msgs/lib/python3.8/site-packages:${PYTHONPATH} /usr/bin/cmake /home/deivideich/Holonomic_Base_Simulation/ros_2_ws/navigation2/nav2_dwb_controller/dwb_msgs -DCMAKE_INSTALL_PREFIX=/home/deivideich/Holonomic_Base_Simulation/ros_2_ws/install/dwb_msgs
[0.221s] -- The C compiler identification is GNU 9.4.0
[0.262s] -- The CXX compiler identification is GNU 9.4.0
[0.266s] -- Check for working C compiler: /usr/bin/cc
[0.319s] -- Check for working C compiler: /usr/bin/cc -- works
[0.320s] -- Detecting C compiler ABI info
[0.373s] -- Detecting C compiler ABI info - done
[0.380s] -- Detecting C compile features
[0.381s] -- Detecting C compile features - done
[0.382s] -- Check for working CXX compiler: /usr/bin/c++
[0.443s] -- Check for working CXX compiler: /usr/bin/c++ -- works
[0.443s] -- Detecting CXX compiler ABI info
[0.504s] -- Detecting CXX compiler ABI info - done
[0.513s] -- Detecting CXX compile features
[0.514s] -- Detecting CXX compile features - done
[0.515s] -- Found builtin_interfaces: 1.0.0 (/opt/ros/foxy/share/builtin_interfaces/cmake)
[0.539s] -- Found PythonInterp: /usr/bin/python3 (found suitable version "3.8.10", minimum required is "3") 
[0.539s] -- Using PYTHON_EXECUTABLE: /usr/bin/python3
[0.755s] -- Using all available rosidl_typesupport_c: rosidl_typesupport_fastrtps_c;rosidl_typesupport_introspection_c
[0.761s] -- Found rosidl_adapter: 1.3.1 (/opt/ros/foxy/share/rosidl_adapter/cmake)
[0.835s] -- Found OpenSSL: /usr/lib/x86_64-linux-gnu/libcrypto.so (found version "1.1.1f")  
[0.861s] -- Found FastRTPS: /opt/ros/foxy/include  
[0.927s] -- Using all available rosidl_typesupport_cpp: rosidl_typesupport_fastrtps_cpp;rosidl_typesupport_introspection_cpp
[0.949s] -- Found geometry_msgs: 2.0.5 (/opt/ros/foxy/share/geometry_msgs/cmake)
[0.996s] -- Found nav_2d_msgs: 0.4.7 (/home/deivideich/Holonomic_Base_Simulation/ros_2_ws/install/nav_2d_msgs/share/nav_2d_msgs/cmake)
[1.052s] -- Found nav_msgs: 2.0.5 (/opt/ros/foxy/share/nav_msgs/cmake)
[1.109s] -- Found rosidl_default_generators: 1.0.1 (/opt/ros/foxy/share/rosidl_default_generators/cmake)
[1.141s] -- Found PythonInterp: /usr/bin/python3 (found version "3.8.10") 
[1.349s] -- Found ament_cmake_ros: 0.9.2 (/opt/ros/foxy/share/ament_cmake_ros/cmake)
[1.648s] -- Using all available rosidl_typesupport_c: rosidl_typesupport_fastrtps_c;rosidl_typesupport_introspection_c
[1.751s] -- Using all available rosidl_typesupport_cpp: rosidl_typesupport_fastrtps_cpp;rosidl_typesupport_introspection_cpp
[1.779s] -- Found PythonInterp: /usr/bin/python3 (found suitable version "3.8.10", minimum required is "3.5") 
[1.780s] -- Found python_cmake_module: 0.8.1 (/opt/ros/foxy/share/python_cmake_module/cmake)
[1.805s] -- Found PythonLibs: /usr/lib/x86_64-linux-gnu/libpython3.8.so (found suitable version "3.8.10", minimum required is "3.5") 
[1.805s] -- Using PYTHON_EXECUTABLE: /usr/bin/python3
[1.805s] -- Using PYTHON_INCLUDE_DIRS: /usr/include/python3.8
[1.805s] -- Using PYTHON_LIBRARIES: /usr/lib/x86_64-linux-gnu/libpython3.8.so
[1.826s] -- Found PythonExtra: .so  
[1.911s] -- Configuring done
[1.978s] -- Generating done
[1.980s] -- Build files have been written to: /home/deivideich/Holonomic_Base_Simulation/ros_2_ws/build/dwb_msgs
[1.989s] Invoked command in '/home/deivideich/Holonomic_Base_Simulation/ros_2_ws/build/dwb_msgs' returned '0': AMENT_PREFIX_PATH=/home/deivideich/Holonomic_Base_Simulation/ros_2_ws/install/nav_2d_msgs:${AMENT_PREFIX_PATH} CMAKE_PREFIX_PATH=/home/deivideich/Holonomic_Base_Simulation/ros_2_ws/install/nav_2d_msgs:/home/deivideich/Holonomic_Base_Simulation/ros_2_ws/install/octobot_2:/opt/ros/foxy:${CMAKE_PREFIX_PATH} LD_LIBRARY_PATH=/home/deivideich/Holonomic_Base_Simulation/ros_2_ws/install/nav_2d_msgs/lib:${LD_LIBRARY_PATH} PYTHONPATH=/home/deivideich/Holonomic_Base_Simulation/ros_2_ws/install/nav_2d_msgs/lib/python3.8/site-packages:${PYTHONPATH} /usr/bin/cmake /home/deivideich/Holonomic_Base_Simulation/ros_2_ws/navigation2/nav2_dwb_controller/dwb_msgs -DCMAKE_INSTALL_PREFIX=/home/deivideich/Holonomic_Base_Simulation/ros_2_ws/install/dwb_msgs
[1.991s] Invoking command in '/home/deivideich/Holonomic_Base_Simulation/ros_2_ws/build/dwb_msgs': AMENT_PREFIX_PATH=/home/deivideich/Holonomic_Base_Simulation/ros_2_ws/install/nav_2d_msgs:${AMENT_PREFIX_PATH} CMAKE_PREFIX_PATH=/home/deivideich/Holonomic_Base_Simulation/ros_2_ws/install/nav_2d_msgs:/home/deivideich/Holonomic_Base_Simulation/ros_2_ws/install/octobot_2:/opt/ros/foxy:${CMAKE_PREFIX_PATH} LD_LIBRARY_PATH=/home/deivideich/Holonomic_Base_Simulation/ros_2_ws/install/nav_2d_msgs/lib:${LD_LIBRARY_PATH} PYTHONPATH=/home/deivideich/Holonomic_Base_Simulation/ros_2_ws/install/nav_2d_msgs/lib/python3.8/site-packages:${PYTHONPATH} /usr/bin/cmake --build /home/deivideich/Holonomic_Base_Simulation/ros_2_ws/build/dwb_msgs -- -j16 -l16
[2.030s] [  1%] [34m[1mGenerating C code for ROS interfaces[0m
[2.030s] [35m[1mScanning dependencies of target dwb_msgs__cpp[0m
[2.040s] [  2%] [34m[1mGenerating C++ code for ROS interfaces[0m
[2.733s] [  2%] Built target dwb_msgs__cpp
[2.742s] [  5%] [34m[1mGenerating C++ introspection for ROS interfaces[0m
[2.743s] [  5%] [34m[1mGenerating C++ type support for eProsima Fast-RTPS[0m
[2.743s] [  5%] [34m[1mGenerating C++ type support dispatch for ROS interfaces[0m
[2.806s] [35m[1mScanning dependencies of target dwb_msgs__rosidl_generator_c[0m
[2.843s] [  8%] [32mBuilding C object CMakeFiles/dwb_msgs__rosidl_generator_c.dir/rosidl_generator_c/dwb_msgs/msg/detail/local_plan_evaluation__functions.c.o[0m
[2.843s] [  8%] [32mBuilding C object CMakeFiles/dwb_msgs__rosidl_generator_c.dir/rosidl_generator_c/dwb_msgs/msg/detail/critic_score__functions.c.o[0m
[2.843s] [  8%] [32mBuilding C object CMakeFiles/dwb_msgs__rosidl_generator_c.dir/rosidl_generator_c/dwb_msgs/msg/detail/trajectory2_d__functions.c.o[0m
[2.843s] [  9%] [32mBuilding C object CMakeFiles/dwb_msgs__rosidl_generator_c.dir/rosidl_generator_c/dwb_msgs/srv/detail/generate_trajectory__functions.c.o[0m
[2.843s] [ 10%] [32mBuilding C object CMakeFiles/dwb_msgs__rosidl_generator_c.dir/rosidl_generator_c/dwb_msgs/srv/detail/generate_twists__functions.c.o[0m
[2.851s] [ 11%] [32mBuilding C object CMakeFiles/dwb_msgs__rosidl_generator_c.dir/rosidl_generator_c/dwb_msgs/srv/detail/score_trajectory__functions.c.o[0m
[2.853s] [ 12%] [32mBuilding C object CMakeFiles/dwb_msgs__rosidl_generator_c.dir/rosidl_generator_c/dwb_msgs/srv/detail/get_critic_score__functions.c.o[0m
[2.858s] [ 13%] [32mBuilding C object CMakeFiles/dwb_msgs__rosidl_generator_c.dir/rosidl_generator_c/dwb_msgs/srv/detail/debug_local_plan__functions.c.o[0m
[2.865s] [ 14%] [32mBuilding C object CMakeFiles/dwb_msgs__rosidl_generator_c.dir/rosidl_generator_c/dwb_msgs/msg/detail/trajectory_score__functions.c.o[0m
[2.972s] [ 15%] [32m[1mLinking C shared library libdwb_msgs__rosidl_generator_c.so[0m
[3.015s] [ 15%] Built target dwb_msgs__rosidl_generator_c
[3.026s] [ 16%] [34m[1mGenerating C type support dispatch for ROS interfaces[0m
[3.028s] [ 17%] [34m[1mGenerating C introspection for ROS interfaces[0m
[3.569s] [35m[1mScanning dependencies of target dwb_msgs__rosidl_typesupport_cpp[0m
[3.657s] [ 18%] [32mBuilding CXX object CMakeFiles/dwb_msgs__rosidl_typesupport_cpp.dir/rosidl_typesupport_cpp/dwb_msgs/msg/critic_score__type_support.cpp.o[0m
[3.684s] [ 21%] [32mBuilding CXX object CMakeFiles/dwb_msgs__rosidl_typesupport_cpp.dir/rosidl_typesupport_cpp/dwb_msgs/msg/local_plan_evaluation__type_support.cpp.o[0m
[3.685s] [ 21%] [32mBuilding CXX object CMakeFiles/dwb_msgs__rosidl_typesupport_cpp.dir/rosidl_typesupport_cpp/dwb_msgs/msg/trajectory2_d__type_support.cpp.o[0m
[3.720s] [ 22%] [32mBuilding CXX object CMakeFiles/dwb_msgs__rosidl_typesupport_cpp.dir/rosidl_typesupport_cpp/dwb_msgs/msg/trajectory_score__type_support.cpp.o[0m
[3.752s] [ 23%] [32mBuilding CXX object CMakeFiles/dwb_msgs__rosidl_typesupport_cpp.dir/rosidl_typesupport_cpp/dwb_msgs/srv/debug_local_plan__type_support.cpp.o[0m
[3.785s] [ 24%] [32mBuilding CXX object CMakeFiles/dwb_msgs__rosidl_typesupport_cpp.dir/rosidl_typesupport_cpp/dwb_msgs/srv/generate_trajectory__type_support.cpp.o[0m
[3.806s] [ 25%] [32mBuilding CXX object CMakeFiles/dwb_msgs__rosidl_typesupport_cpp.dir/rosidl_typesupport_cpp/dwb_msgs/srv/generate_twists__type_support.cpp.o[0m
[3.821s] [ 26%] [32mBuilding CXX object CMakeFiles/dwb_msgs__rosidl_typesupport_cpp.dir/rosidl_typesupport_cpp/dwb_msgs/srv/score_trajectory__type_support.cpp.o[0m
[3.825s] [ 27%] [32mBuilding CXX object CMakeFiles/dwb_msgs__rosidl_typesupport_cpp.dir/rosidl_typesupport_cpp/dwb_msgs/srv/get_critic_score__type_support.cpp.o[0m
[4.027s] [35m[1mScanning dependencies of target dwb_msgs__rosidl_typesupport_fastrtps_cpp[0m
[4.039s] [35m[1mScanning dependencies of target dwb_msgs__rosidl_typesupport_introspection_cpp[0m
[4.044s] [35m[1mScanning dependencies of target dwb_msgs__rosidl_typesupport_c[0m
[4.131s] [ 28%] [32mBuilding CXX object CMakeFiles/dwb_msgs__rosidl_typesupport_c.dir/rosidl_typesupport_c/dwb_msgs/msg/critic_score__type_support.cpp.o[0m
[4.134s] [ 29%] [32mBuilding CXX object CMakeFiles/dwb_msgs__rosidl_typesupport_c.dir/rosidl_typesupport_c/dwb_msgs/msg/local_plan_evaluation__type_support.cpp.o[0m
[4.156s] [ 30%] [32mBuilding CXX object CMakeFiles/dwb_msgs__rosidl_typesupport_c.dir/rosidl_typesupport_c/dwb_msgs/msg/trajectory2_d__type_support.cpp.o[0m
[4.158s] [ 31%] [32mBuilding CXX object CMakeFiles/dwb_msgs__rosidl_typesupport_fastrtps_cpp.dir/rosidl_typesupport_fastrtps_cpp/dwb_msgs/msg/detail/dds_fastrtps/critic_score__type_support.cpp.o[0m
[4.159s] [ 33%] [32mBuilding CXX object CMakeFiles/dwb_msgs__rosidl_typesupport_introspection_cpp.dir/rosidl_typesupport_introspection_cpp/dwb_msgs/msg/detail/critic_score__type_support.cpp.o[0m
[4.159s] [ 33%] [32mBuilding CXX object CMakeFiles/dwb_msgs__rosidl_typesupport_c.dir/rosidl_typesupport_c/dwb_msgs/msg/trajectory_score__type_support.cpp.o[0m
[4.255s] [ 34%] [32mBuilding CXX object CMakeFiles/dwb_msgs__rosidl_typesupport_introspection_cpp.dir/rosidl_typesupport_introspection_cpp/dwb_msgs/msg/detail/local_plan_evaluation__type_support.cpp.o[0m
[4.260s] [ 35%] [32mBuilding CXX object CMakeFiles/dwb_msgs__rosidl_typesupport_introspection_cpp.dir/rosidl_typesupport_introspection_cpp/dwb_msgs/msg/detail/trajectory2_d__type_support.cpp.o[0m
[4.289s] [ 36%] [32mBuilding CXX object CMakeFiles/dwb_msgs__rosidl_typesupport_fastrtps_cpp.dir/rosidl_typesupport_fastrtps_cpp/dwb_msgs/msg/detail/dds_fastrtps/local_plan_evaluation__type_support.cpp.o[0m
[4.298s] [ 37%] [32mBuilding CXX object CMakeFiles/dwb_msgs__rosidl_typesupport_c.dir/rosidl_typesupport_c/dwb_msgs/srv/debug_local_plan__type_support.cpp.o[0m
[4.304s] [ 38%] [32mBuilding CXX object CMakeFiles/dwb_msgs__rosidl_typesupport_fastrtps_cpp.dir/rosidl_typesupport_fastrtps_cpp/dwb_msgs/msg/detail/dds_fastrtps/trajectory2_d__type_support.cpp.o[0m
[4.313s] [ 40%] [32mBuilding CXX object CMakeFiles/dwb_msgs__rosidl_typesupport_c.dir/rosidl_typesupport_c/dwb_msgs/srv/generate_trajectory__type_support.cpp.o[0m
[4.375s] [ 41%] [32mBuilding CXX object CMakeFiles/dwb_msgs__rosidl_typesupport_introspection_cpp.dir/rosidl_typesupport_introspection_cpp/dwb_msgs/msg/detail/trajectory_score__type_support.cpp.o[0m
[4.432s] [ 42%] [32mBuilding CXX object CMakeFiles/dwb_msgs__rosidl_typesupport_introspection_cpp.dir/rosidl_typesupport_introspection_cpp/dwb_msgs/srv/detail/debug_local_plan__type_support.cpp.o[0m
[4.446s] [ 43%] [32mBuilding CXX object CMakeFiles/dwb_msgs__rosidl_typesupport_c.dir/rosidl_typesupport_c/dwb_msgs/srv/generate_twists__type_support.cpp.o[0m
[4.499s] [ 44%] [32mBuilding CXX object CMakeFiles/dwb_msgs__rosidl_typesupport_c.dir/rosidl_typesupport_c/dwb_msgs/srv/get_critic_score__type_support.cpp.o[0m
[4.511s] [ 45%] [32mBuilding CXX object CMakeFiles/dwb_msgs__rosidl_typesupport_introspection_cpp.dir/rosidl_typesupport_introspection_cpp/dwb_msgs/srv/detail/generate_trajectory__type_support.cpp.o[0m
[4.539s] [ 46%] [32mBuilding CXX object CMakeFiles/dwb_msgs__rosidl_typesupport_fastrtps_cpp.dir/rosidl_typesupport_fastrtps_cpp/dwb_msgs/msg/detail/dds_fastrtps/trajectory_score__type_support.cpp.o[0m
[4.585s] [ 47%] [32mBuilding CXX object CMakeFiles/dwb_msgs__rosidl_typesupport_c.dir/rosidl_typesupport_c/dwb_msgs/srv/score_trajectory__type_support.cpp.o[0m
[4.602s] [ 48%] [32mBuilding CXX object CMakeFiles/dwb_msgs__rosidl_typesupport_introspection_cpp.dir/rosidl_typesupport_introspection_cpp/dwb_msgs/srv/detail/generate_twists__type_support.cpp.o[0m
[4.638s] [ 49%] [32m[1mLinking CXX shared library libdwb_msgs__rosidl_typesupport_cpp.so[0m
[4.650s] [ 50%] [32mBuilding CXX object CMakeFiles/dwb_msgs__rosidl_typesupport_fastrtps_cpp.dir/rosidl_typesupport_fastrtps_cpp/dwb_msgs/srv/detail/dds_fastrtps/debug_local_plan__type_support.cpp.o[0m
[4.663s] [35m[1mScanning dependencies of target dwb_msgs__rosidl_typesupport_introspection_c[0m
[4.668s] [ 51%] [32mBuilding CXX object CMakeFiles/dwb_msgs__rosidl_typesupport_introspection_cpp.dir/rosidl_typesupport_introspection_cpp/dwb_msgs/srv/detail/get_critic_score__type_support.cpp.o[0m
[4.670s] [ 52%] [32m[1mLinking CXX shared library libdwb_msgs__rosidl_typesupport_c.so[0m
[4.750s] [ 53%] [32mBuilding C object CMakeFiles/dwb_msgs__rosidl_typesupport_introspection_c.dir/rosidl_typesupport_introspection_c/dwb_msgs/msg/detail/critic_score__type_support.c.o[0m
[4.754s] [ 53%] Built target dwb_msgs__rosidl_typesupport_cpp
[4.763s] [ 54%] [32mBuilding C object CMakeFiles/dwb_msgs__rosidl_typesupport_introspection_c.dir/rosidl_typesupport_introspection_c/dwb_msgs/msg/detail/local_plan_evaluation__type_support.c.o[0m
[4.787s] [ 54%] Built target dwb_msgs__rosidl_typesupport_c
[4.806s] [ 55%] [32mBuilding CXX object CMakeFiles/dwb_msgs__rosidl_typesupport_introspection_cpp.dir/rosidl_typesupport_introspection_cpp/dwb_msgs/srv/detail/score_trajectory__type_support.cpp.o[0m
[4.844s] [ 56%] [32mBuilding C object CMakeFiles/dwb_msgs__rosidl_typesupport_introspection_c.dir/rosidl_typesupport_introspection_c/dwb_msgs/msg/detail/trajectory2_d__type_support.c.o[0m
[4.860s] [ 57%] [32mBuilding CXX object CMakeFiles/dwb_msgs__rosidl_typesupport_fastrtps_cpp.dir/rosidl_typesupport_fastrtps_cpp/dwb_msgs/srv/detail/dds_fastrtps/generate_trajectory__type_support.cpp.o[0m
[4.917s] [ 58%] [32mBuilding C object CMakeFiles/dwb_msgs__rosidl_typesupport_introspection_c.dir/rosidl_typesupport_introspection_c/dwb_msgs/msg/detail/trajectory_score__type_support.c.o[0m
[5.005s] [ 60%] [32mBuilding C object CMakeFiles/dwb_msgs__rosidl_typesupport_introspection_c.dir/rosidl_typesupport_introspection_c/dwb_msgs/srv/detail/generate_trajectory__type_support.c.o[0m
[5.023s] [ 61%] [32mBuilding C object CMakeFiles/dwb_msgs__rosidl_typesupport_introspection_c.dir/rosidl_typesupport_introspection_c/dwb_msgs/srv/detail/debug_local_plan__type_support.c.o[0m
[5.024s] [ 62%] [32mBuilding C object CMakeFiles/dwb_msgs__rosidl_typesupport_introspection_c.dir/rosidl_typesupport_introspection_c/dwb_msgs/srv/detail/generate_twists__type_support.c.o[0m
[5.056s] [ 63%] [32mBuilding C object CMakeFiles/dwb_msgs__rosidl_typesupport_introspection_c.dir/rosidl_typesupport_introspection_c/dwb_msgs/srv/detail/get_critic_score__type_support.c.o[0m
[5.070s] [ 64%] [32mBuilding CXX object CMakeFiles/dwb_msgs__rosidl_typesupport_fastrtps_cpp.dir/rosidl_typesupport_fastrtps_cpp/dwb_msgs/srv/detail/dds_fastrtps/generate_twists__type_support.cpp.o[0m
[5.094s] [ 65%] [32mBuilding C object CMakeFiles/dwb_msgs__rosidl_typesupport_introspection_c.dir/rosidl_typesupport_introspection_c/dwb_msgs/srv/detail/score_trajectory__type_support.c.o[0m
[5.141s] [ 66%] [32mBuilding CXX object CMakeFiles/dwb_msgs__rosidl_typesupport_fastrtps_cpp.dir/rosidl_typesupport_fastrtps_cpp/dwb_msgs/srv/detail/dds_fastrtps/get_critic_score__type_support.cpp.o[0m
[5.173s] [ 67%] [32mBuilding CXX object CMakeFiles/dwb_msgs__rosidl_typesupport_fastrtps_cpp.dir/rosidl_typesupport_fastrtps_cpp/dwb_msgs/srv/detail/dds_fastrtps/score_trajectory__type_support.cpp.o[0m
[5.233s] [ 68%] [32m[1mLinking C shared library libdwb_msgs__rosidl_typesupport_introspection_c.so[0m
[5.289s] [ 68%] Built target dwb_msgs__rosidl_typesupport_introspection_c
[5.367s] [ 69%] [32m[1mLinking CXX shared library libdwb_msgs__rosidl_typesupport_introspection_cpp.so[0m
[5.452s] [ 69%] Built target dwb_msgs__rosidl_typesupport_introspection_cpp
[5.777s] [ 70%] [32m[1mLinking CXX shared library libdwb_msgs__rosidl_typesupport_fastrtps_cpp.so[0m
[6.083s] [ 70%] Built target dwb_msgs__rosidl_typesupport_fastrtps_cpp
[6.151s] [ 71%] [34m[1mGenerating C type support for eProsima Fast-RTPS[0m
[7.672s] [35m[1mScanning dependencies of target dwb_msgs__rosidl_typesupport_fastrtps_c[0m
[7.773s] [ 72%] [32mBuilding CXX object CMakeFiles/dwb_msgs__rosidl_typesupport_fastrtps_c.dir/rosidl_typesupport_fastrtps_c/dwb_msgs/msg/detail/critic_score__type_support_c.cpp.o[0m
[7.778s] [ 73%] [32mBuilding CXX object CMakeFiles/dwb_msgs__rosidl_typesupport_fastrtps_c.dir/rosidl_typesupport_fastrtps_c/dwb_msgs/msg/detail/local_plan_evaluation__type_support_c.cpp.o[0m
[7.788s] [ 74%] [32mBuilding CXX object CMakeFiles/dwb_msgs__rosidl_typesupport_fastrtps_c.dir/rosidl_typesupport_fastrtps_c/dwb_msgs/msg/detail/trajectory2_d__type_support_c.cpp.o[0m
[7.791s] [ 75%] [32mBuilding CXX object CMakeFiles/dwb_msgs__rosidl_typesupport_fastrtps_c.dir/rosidl_typesupport_fastrtps_c/dwb_msgs/msg/detail/trajectory_score__type_support_c.cpp.o[0m
[7.805s] [ 76%] [32mBuilding CXX object CMakeFiles/dwb_msgs__rosidl_typesupport_fastrtps_c.dir/rosidl_typesupport_fastrtps_c/dwb_msgs/srv/detail/debug_local_plan__type_support_c.cpp.o[0m
[7.841s] [ 77%] [32mBuilding CXX object CMakeFiles/dwb_msgs__rosidl_typesupport_fastrtps_c.dir/rosidl_typesupport_fastrtps_c/dwb_msgs/srv/detail/generate_trajectory__type_support_c.cpp.o[0m
[7.856s] [ 78%] [32mBuilding CXX object CMakeFiles/dwb_msgs__rosidl_typesupport_fastrtps_c.dir/rosidl_typesupport_fastrtps_c/dwb_msgs/srv/detail/get_critic_score__type_support_c.cpp.o[0m
[7.864s] [ 80%] [32mBuilding CXX object CMakeFiles/dwb_msgs__rosidl_typesupport_fastrtps_c.dir/rosidl_typesupport_fastrtps_c/dwb_msgs/srv/detail/generate_twists__type_support_c.cpp.o[0m
[7.875s] [ 81%] [32mBuilding CXX object CMakeFiles/dwb_msgs__rosidl_typesupport_fastrtps_c.dir/rosidl_typesupport_fastrtps_c/dwb_msgs/srv/detail/score_trajectory__type_support_c.cpp.o[0m
[8.807s] [ 82%] [32m[1mLinking CXX shared library libdwb_msgs__rosidl_typesupport_fastrtps_c.so[0m
[9.014s] [ 82%] Built target dwb_msgs__rosidl_typesupport_fastrtps_c
[9.028s] [35m[1mScanning dependencies of target dwb_msgs[0m
[9.044s] [ 82%] Built target dwb_msgs
[9.059s] [35m[1mScanning dependencies of target dwb_msgs__py[0m
[9.071s] [ 83%] [34m[1mGenerating Python code for ROS interfaces[0m
[10.548s] [ 83%] Built target dwb_msgs__py
[10.555s] [35m[1mScanning dependencies of target dwb_msgs__python[0m
[10.583s] [ 85%] [32mBuilding C object CMakeFiles/dwb_msgs__python.dir/rosidl_generator_py/dwb_msgs/msg/_local_plan_evaluation_s.c.o[0m
[10.584s] [ 85%] [32mBuilding C object CMakeFiles/dwb_msgs__python.dir/rosidl_generator_py/dwb_msgs/msg/_trajectory_score_s.c.o[0m
[10.584s] [ 87%] [32mBuilding C object CMakeFiles/dwb_msgs__python.dir/rosidl_generator_py/dwb_msgs/msg/_critic_score_s.c.o[0m
[10.584s] [ 87%] [32mBuilding C object CMakeFiles/dwb_msgs__python.dir/rosidl_generator_py/dwb_msgs/srv/_debug_local_plan_s.c.o[0m
[10.584s] [ 88%] [32mBuilding C object CMakeFiles/dwb_msgs__python.dir/rosidl_generator_py/dwb_msgs/srv/_get_critic_score_s.c.o[0m
[10.585s] [ 89%] [32mBuilding C object CMakeFiles/dwb_msgs__python.dir/rosidl_generator_py/dwb_msgs/msg/_trajectory2_d_s.c.o[0m
[10.585s] [ 90%] [32mBuilding C object CMakeFiles/dwb_msgs__python.dir/rosidl_generator_py/dwb_msgs/srv/_generate_twists_s.c.o[0m
[10.585s] [ 91%] [32mBuilding C object CMakeFiles/dwb_msgs__python.dir/rosidl_generator_py/dwb_msgs/srv/_score_trajectory_s.c.o[0m
[10.585s] [ 92%] [32mBuilding C object CMakeFiles/dwb_msgs__python.dir/rosidl_generator_py/dwb_msgs/srv/_generate_trajectory_s.c.o[0m
[10.702s] [ 93%] [32m[1mLinking C shared library rosidl_generator_py/dwb_msgs/libdwb_msgs__python.so[0m
[10.744s] [ 93%] Built target dwb_msgs__python
[10.752s] [35m[1mScanning dependencies of target dwb_msgs__rosidl_typesupport_c__pyext[0m
[10.752s] [35m[1mScanning dependencies of target dwb_msgs__rosidl_typesupport_introspection_c__pyext[0m
[10.752s] [35m[1mScanning dependencies of target dwb_msgs__rosidl_typesupport_fastrtps_c__pyext[0m
[10.768s] [ 95%] [32mBuilding C object CMakeFiles/dwb_msgs__rosidl_typesupport_introspection_c__pyext.dir/rosidl_generator_py/dwb_msgs/_dwb_msgs_s.ep.rosidl_typesupport_introspection_c.c.o[0m
[10.768s] [ 95%] [32mBuilding C object CMakeFiles/dwb_msgs__rosidl_typesupport_c__pyext.dir/rosidl_generator_py/dwb_msgs/_dwb_msgs_s.ep.rosidl_typesupport_c.c.o[0m
[10.769s] [ 96%] [32mBuilding C object CMakeFiles/dwb_msgs__rosidl_typesupport_fastrtps_c__pyext.dir/rosidl_generator_py/dwb_msgs/_dwb_msgs_s.ep.rosidl_typesupport_fastrtps_c.c.o[0m
[10.865s] [ 98%] [32m[1mLinking C shared library rosidl_generator_py/dwb_msgs/dwb_msgs_s__rosidl_typesupport_c.cpython-38-x86_64-linux-gnu.so[0m
[10.865s] [ 98%] [32m[1mLinking CXX shared library rosidl_generator_py/dwb_msgs/dwb_msgs_s__rosidl_typesupport_fastrtps_c.cpython-38-x86_64-linux-gnu.so[0m
[10.867s] [100%] [32m[1mLinking C shared library rosidl_generator_py/dwb_msgs/dwb_msgs_s__rosidl_typesupport_introspection_c.cpython-38-x86_64-linux-gnu.so[0m
[10.900s] [100%] Built target dwb_msgs__rosidl_typesupport_c__pyext
[10.901s] [100%] Built target dwb_msgs__rosidl_typesupport_introspection_c__pyext
[10.922s] [100%] Built target dwb_msgs__rosidl_typesupport_fastrtps_c__pyext
[10.935s] Invoked command in '/home/deivideich/Holonomic_Base_Simulation/ros_2_ws/build/dwb_msgs' returned '0': AMENT_PREFIX_PATH=/home/deivideich/Holonomic_Base_Simulation/ros_2_ws/install/nav_2d_msgs:${AMENT_PREFIX_PATH} CMAKE_PREFIX_PATH=/home/deivideich/Holonomic_Base_Simulation/ros_2_ws/install/nav_2d_msgs:/home/deivideich/Holonomic_Base_Simulation/ros_2_ws/install/octobot_2:/opt/ros/foxy:${CMAKE_PREFIX_PATH} LD_LIBRARY_PATH=/home/deivideich/Holonomic_Base_Simulation/ros_2_ws/install/nav_2d_msgs/lib:${LD_LIBRARY_PATH} PYTHONPATH=/home/deivideich/Holonomic_Base_Simulation/ros_2_ws/install/nav_2d_msgs/lib/python3.8/site-packages:${PYTHONPATH} /usr/bin/cmake --build /home/deivideich/Holonomic_Base_Simulation/ros_2_ws/build/dwb_msgs -- -j16 -l16
[11.049s] Invoking command in '/home/deivideich/Holonomic_Base_Simulation/ros_2_ws/build/dwb_msgs': AMENT_PREFIX_PATH=/home/deivideich/Holonomic_Base_Simulation/ros_2_ws/install/nav_2d_msgs:${AMENT_PREFIX_PATH} CMAKE_PREFIX_PATH=/home/deivideich/Holonomic_Base_Simulation/ros_2_ws/install/nav_2d_msgs:/home/deivideich/Holonomic_Base_Simulation/ros_2_ws/install/octobot_2:/opt/ros/foxy:${CMAKE_PREFIX_PATH} LD_LIBRARY_PATH=/home/deivideich/Holonomic_Base_Simulation/ros_2_ws/install/nav_2d_msgs/lib:${LD_LIBRARY_PATH} PYTHONPATH=/home/deivideich/Holonomic_Base_Simulation/ros_2_ws/install/nav_2d_msgs/lib/python3.8/site-packages:${PYTHONPATH} /usr/bin/cmake --install /home/deivideich/Holonomic_Base_Simulation/ros_2_ws/build/dwb_msgs
[11.057s] -- Install configuration: ""
[11.058s] -- Installing: /home/deivideich/Holonomic_Base_Simulation/ros_2_ws/install/dwb_msgs/share/ament_index/resource_index/rosidl_interfaces/dwb_msgs
[11.058s] -- Installing: /home/deivideich/Holonomic_Base_Simulation/ros_2_ws/install/dwb_msgs/include/dwb_msgs
[11.058s] -- Installing: /home/deivideich/Holonomic_Base_Simulation/ros_2_ws/install/dwb_msgs/include/dwb_msgs/msg
[11.058s] -- Installing: /home/deivideich/Holonomic_Base_Simulation/ros_2_ws/install/dwb_msgs/include/dwb_msgs/msg/critic_score.h
[11.058s] -- Installing: /home/deivideich/Holonomic_Base_Simulation/ros_2_ws/install/dwb_msgs/include/dwb_msgs/msg/local_plan_evaluation.h
[11.058s] -- Installing: /home/deivideich/Holonomic_Base_Simulation/ros_2_ws/install/dwb_msgs/include/dwb_msgs/msg/detail
[11.058s] -- Installing: /home/deivideich/Holonomic_Base_Simulation/ros_2_ws/install/dwb_msgs/include/dwb_msgs/msg/detail/trajectory2_d__functions.c
[11.058s] -- Installing: /home/deivideich/Holonomic_Base_Simulation/ros_2_ws/install/dwb_msgs/include/dwb_msgs/msg/detail/trajectory2_d__struct.h
[11.058s] -- Installing: /home/deivideich/Holonomic_Base_Simulation/ros_2_ws/install/dwb_msgs/include/dwb_msgs/msg/detail/trajectory_score__functions.c
[11.058s] -- Installing: /home/deivideich/Holonomic_Base_Simulation/ros_2_ws/install/dwb_msgs/include/dwb_msgs/msg/detail/trajectory2_d__type_support.h
[11.059s] -- Installing: /home/deivideich/Holonomic_Base_Simulation/ros_2_ws/install/dwb_msgs/include/dwb_msgs/msg/detail/trajectory_score__struct.h
[11.059s] -- Installing: /home/deivideich/Holonomic_Base_Simulation/ros_2_ws/install/dwb_msgs/include/dwb_msgs/msg/detail/local_plan_evaluation__functions.h
[11.059s] -- Installing: /home/deivideich/Holonomic_Base_Simulation/ros_2_ws/install/dwb_msgs/include/dwb_msgs/msg/detail/trajectory_score__functions.h
[11.059s] -- Installing: /home/deivideich/Holonomic_Base_Simulation/ros_2_ws/install/dwb_msgs/include/dwb_msgs/msg/detail/critic_score__struct.h
[11.059s] -- Installing: /home/deivideich/Holonomic_Base_Simulation/ros_2_ws/install/dwb_msgs/include/dwb_msgs/msg/detail/critic_score__functions.c
[11.059s] -- Installing: /home/deivideich/Holonomic_Base_Simulation/ros_2_ws/install/dwb_msgs/include/dwb_msgs/msg/detail/critic_score__type_support.h
[11.059s] -- Installing: /home/deivideich/Holonomic_Base_Simulation/ros_2_ws/install/dwb_msgs/include/dwb_msgs/msg/detail/local_plan_evaluation__functions.c
[11.059s] -- Installing: /home/deivideich/Holonomic_Base_Simulation/ros_2_ws/install/dwb_msgs/include/dwb_msgs/msg/detail/trajectory_score__type_support.h
[11.059s] -- Installing: /home/deivideich/Holonomic_Base_Simulation/ros_2_ws/install/dwb_msgs/include/dwb_msgs/msg/detail/critic_score__functions.h
[11.059s] -- Installing: /home/deivideich/Holonomic_Base_Simulation/ros_2_ws/install/dwb_msgs/include/dwb_msgs/msg/detail/trajectory2_d__functions.h
[11.059s] -- Installing: /home/deivideich/Holonomic_Base_Simulation/ros_2_ws/install/dwb_msgs/include/dwb_msgs/msg/detail/local_plan_evaluation__struct.h
[11.059s] -- Installing: /home/deivideich/Holonomic_Base_Simulation/ros_2_ws/install/dwb_msgs/include/dwb_msgs/msg/detail/local_plan_evaluation__type_support.h
[11.059s] -- Installing: /home/deivideich/Holonomic_Base_Simulation/ros_2_ws/install/dwb_msgs/include/dwb_msgs/msg/rosidl_generator_c__visibility_control.h
[11.059s] -- Installing: /home/deivideich/Holonomic_Base_Simulation/ros_2_ws/install/dwb_msgs/include/dwb_msgs/msg/trajectory_score.h
[11.060s] -- Installing: /home/deivideich/Holonomic_Base_Simulation/ros_2_ws/install/dwb_msgs/include/dwb_msgs/msg/trajectory2_d.h
[11.060s] -- Installing: /home/deivideich/Holonomic_Base_Simulation/ros_2_ws/install/dwb_msgs/include/dwb_msgs/srv
[11.060s] -- Installing: /home/deivideich/Holonomic_Base_Simulation/ros_2_ws/install/dwb_msgs/include/dwb_msgs/srv/debug_local_plan.h
[11.060s] -- Installing: /home/deivideich/Holonomic_Base_Simulation/ros_2_ws/install/dwb_msgs/include/dwb_msgs/srv/detail
[11.060s] -- Installing: /home/deivideich/Holonomic_Base_Simulation/ros_2_ws/install/dwb_msgs/include/dwb_msgs/srv/detail/score_trajectory__struct.h
[11.060s] -- Installing: /home/deivideich/Holonomic_Base_Simulation/ros_2_ws/install/dwb_msgs/include/dwb_msgs/srv/detail/get_critic_score__struct.h
[11.060s] -- Installing: /home/deivideich/Holonomic_Base_Simulation/ros_2_ws/install/dwb_msgs/include/dwb_msgs/srv/detail/debug_local_plan__type_support.h
[11.060s] -- Installing: /home/deivideich/Holonomic_Base_Simulation/ros_2_ws/install/dwb_msgs/include/dwb_msgs/srv/detail/score_trajectory__functions.c
[11.060s] -- Installing: /home/deivideich/Holonomic_Base_Simulation/ros_2_ws/install/dwb_msgs/include/dwb_msgs/srv/detail/score_trajectory__type_support.h
[11.060s] -- Installing: /home/deivideich/Holonomic_Base_Simulation/ros_2_ws/install/dwb_msgs/include/dwb_msgs/srv/detail/generate_trajectory__functions.c
[11.060s] -- Installing: /home/deivideich/Holonomic_Base_Simulation/ros_2_ws/install/dwb_msgs/include/dwb_msgs/srv/detail/generate_twists__type_support.h
[11.060s] -- Installing: /home/deivideich/Holonomic_Base_Simulation/ros_2_ws/install/dwb_msgs/include/dwb_msgs/srv/detail/generate_twists__functions.h
[11.060s] -- Installing: /home/deivideich/Holonomic_Base_Simulation/ros_2_ws/install/dwb_msgs/include/dwb_msgs/srv/detail/generate_trajectory__functions.h
[11.060s] -- Installing: /home/deivideich/Holonomic_Base_Simulation/ros_2_ws/install/dwb_msgs/include/dwb_msgs/srv/detail/get_critic_score__type_support.h
[11.061s] -- Installing: /home/deivideich/Holonomic_Base_Simulation/ros_2_ws/install/dwb_msgs/include/dwb_msgs/srv/detail/score_trajectory__functions.h
[11.061s] -- Installing: /home/deivideich/Holonomic_Base_Simulation/ros_2_ws/install/dwb_msgs/include/dwb_msgs/srv/detail/debug_local_plan__functions.h
[11.061s] -- Installing: /home/deivideich/Holonomic_Base_Simulation/ros_2_ws/install/dwb_msgs/include/dwb_msgs/srv/detail/generate_twists__functions.c
[11.061s] -- Installing: /home/deivideich/Holonomic_Base_Simulation/ros_2_ws/install/dwb_msgs/include/dwb_msgs/srv/detail/generate_twists__struct.h
[11.061s] -- Installing: /home/deivideich/Holonomic_Base_Simulation/ros_2_ws/install/dwb_msgs/include/dwb_msgs/srv/detail/get_critic_score__functions.c
[11.061s] -- Installing: /home/deivideich/Holonomic_Base_Simulation/ros_2_ws/install/dwb_msgs/include/dwb_msgs/srv/detail/debug_local_plan__functions.c
[11.061s] -- Installing: /home/deivideich/Holonomic_Base_Simulation/ros_2_ws/install/dwb_msgs/include/dwb_msgs/srv/detail/generate_trajectory__type_support.h
[11.061s] -- Installing: /home/deivideich/Holonomic_Base_Simulation/ros_2_ws/install/dwb_msgs/include/dwb_msgs/srv/detail/debug_local_plan__struct.h
[11.061s] -- Installing: /home/deivideich/Holonomic_Base_Simulation/ros_2_ws/install/dwb_msgs/include/dwb_msgs/srv/detail/generate_trajectory__struct.h
[11.061s] -- Installing: /home/deivideich/Holonomic_Base_Simulation/ros_2_ws/install/dwb_msgs/include/dwb_msgs/srv/detail/get_critic_score__functions.h
[11.061s] -- Installing: /home/deivideich/Holonomic_Base_Simulation/ros_2_ws/install/dwb_msgs/include/dwb_msgs/srv/generate_trajectory.h
[11.061s] -- Installing: /home/deivideich/Holonomic_Base_Simulation/ros_2_ws/install/dwb_msgs/include/dwb_msgs/srv/generate_twists.h
[11.061s] -- Installing: /home/deivideich/Holonomic_Base_Simulation/ros_2_ws/install/dwb_msgs/include/dwb_msgs/srv/score_trajectory.h
[11.061s] -- Installing: /home/deivideich/Holonomic_Base_Simulation/ros_2_ws/install/dwb_msgs/include/dwb_msgs/srv/get_critic_score.h
[11.061s] -- Installing: /home/deivideich/Holonomic_Base_Simulation/ros_2_ws/install/dwb_msgs/share/dwb_msgs/environment/library_path.sh
[11.062s] -- Installing: /home/deivideich/Holonomic_Base_Simulation/ros_2_ws/install/dwb_msgs/share/dwb_msgs/environment/library_path.dsv
[11.062s] -- Installing: /home/deivideich/Holonomic_Base_Simulation/ros_2_ws/install/dwb_msgs/lib/libdwb_msgs__rosidl_generator_c.so
[11.062s] -- Set runtime path of "/home/deivideich/Holonomic_Base_Simulation/ros_2_ws/install/dwb_msgs/lib/libdwb_msgs__rosidl_generator_c.so" to ""
[11.062s] -- Up-to-date: /home/deivideich/Holonomic_Base_Simulation/ros_2_ws/install/dwb_msgs/include/dwb_msgs
[11.062s] -- Up-to-date: /home/deivideich/Holonomic_Base_Simulation/ros_2_ws/install/dwb_msgs/include/dwb_msgs/msg
[11.062s] -- Up-to-date: /home/deivideich/Holonomic_Base_Simulation/ros_2_ws/install/dwb_msgs/include/dwb_msgs/msg/detail
[11.062s] -- Installing: /home/deivideich/Holonomic_Base_Simulation/ros_2_ws/install/dwb_msgs/include/dwb_msgs/msg/detail/trajectory_score__rosidl_typesupport_fastrtps_c.h
[11.062s] -- Installing: /home/deivideich/Holonomic_Base_Simulation/ros_2_ws/install/dwb_msgs/include/dwb_msgs/msg/detail/trajectory2_d__rosidl_typesupport_fastrtps_c.h
[11.063s] -- Installing: /home/deivideich/Holonomic_Base_Simulation/ros_2_ws/install/dwb_msgs/include/dwb_msgs/msg/detail/local_plan_evaluation__rosidl_typesupport_fastrtps_c.h
[11.063s] -- Installing: /home/deivideich/Holonomic_Base_Simulation/ros_2_ws/install/dwb_msgs/include/dwb_msgs/msg/detail/critic_score__rosidl_typesupport_fastrtps_c.h
[11.063s] -- Installing: /home/deivideich/Holonomic_Base_Simulation/ros_2_ws/install/dwb_msgs/include/dwb_msgs/msg/rosidl_typesupport_fastrtps_c__visibility_control.h
[11.063s] -- Up-to-date: /home/deivideich/Holonomic_Base_Simulation/ros_2_ws/install/dwb_msgs/include/dwb_msgs/srv
[11.063s] -- Up-to-date: /home/deivideich/Holonomic_Base_Simulation/ros_2_ws/install/dwb_msgs/include/dwb_msgs/srv/detail
[11.063s] -- Installing: /home/deivideich/Holonomic_Base_Simulation/ros_2_ws/install/dwb_msgs/include/dwb_msgs/srv/detail/get_critic_score__rosidl_typesupport_fastrtps_c.h
[11.063s] -- Installing: /home/deivideich/Holonomic_Base_Simulation/ros_2_ws/install/dwb_msgs/include/dwb_msgs/srv/detail/score_trajectory__rosidl_typesupport_fastrtps_c.h
[11.063s] -- Installing: /home/deivideich/Holonomic_Base_Simulation/ros_2_ws/install/dwb_msgs/include/dwb_msgs/srv/detail/generate_twists__rosidl_typesupport_fastrtps_c.h
[11.063s] -- Installing: /home/deivideich/Holonomic_Base_Simulation/ros_2_ws/install/dwb_msgs/include/dwb_msgs/srv/detail/debug_local_plan__rosidl_typesupport_fastrtps_c.h
[11.063s] -- Installing: /home/deivideich/Holonomic_Base_Simulation/ros_2_ws/install/dwb_msgs/include/dwb_msgs/srv/detail/generate_trajectory__rosidl_typesupport_fastrtps_c.h
[11.063s] -- Installing: /home/deivideich/Holonomic_Base_Simulation/ros_2_ws/install/dwb_msgs/lib/libdwb_msgs__rosidl_typesupport_fastrtps_c.so
[11.063s] -- Set runtime path of "/home/deivideich/Holonomic_Base_Simulation/ros_2_ws/install/dwb_msgs/lib/libdwb_msgs__rosidl_typesupport_fastrtps_c.so" to ""
[11.063s] -- Up-to-date: /home/deivideich/Holonomic_Base_Simulation/ros_2_ws/install/dwb_msgs/include/dwb_msgs
[11.064s] -- Up-to-date: /home/deivideich/Holonomic_Base_Simulation/ros_2_ws/install/dwb_msgs/include/dwb_msgs/msg
[11.064s] -- Installing: /home/deivideich/Holonomic_Base_Simulation/ros_2_ws/install/dwb_msgs/include/dwb_msgs/msg/rosidl_typesupport_fastrtps_cpp__visibility_control.h
[11.064s] -- Up-to-date: /home/deivideich/Holonomic_Base_Simulation/ros_2_ws/install/dwb_msgs/include/dwb_msgs/msg/detail
[11.064s] -- Installing: /home/deivideich/Holonomic_Base_Simulation/ros_2_ws/install/dwb_msgs/include/dwb_msgs/msg/detail/trajectory2_d__rosidl_typesupport_fastrtps_cpp.hpp
[11.064s] -- Installing: /home/deivideich/Holonomic_Base_Simulation/ros_2_ws/install/dwb_msgs/include/dwb_msgs/msg/detail/local_plan_evaluation__rosidl_typesupport_fastrtps_cpp.hpp
[11.064s] -- Installing: /home/deivideich/Holonomic_Base_Simulation/ros_2_ws/install/dwb_msgs/include/dwb_msgs/msg/detail/trajectory_score__rosidl_typesupport_fastrtps_cpp.hpp
[11.064s] -- Installing: /home/deivideich/Holonomic_Base_Simulation/ros_2_ws/install/dwb_msgs/include/dwb_msgs/msg/detail/critic_score__rosidl_typesupport_fastrtps_cpp.hpp
[11.064s] -- Installing: /home/deivideich/Holonomic_Base_Simulation/ros_2_ws/install/dwb_msgs/include/dwb_msgs/msg/detail/dds_fastrtps
[11.064s] -- Up-to-date: /home/deivideich/Holonomic_Base_Simulation/ros_2_ws/install/dwb_msgs/include/dwb_msgs/srv
[11.064s] -- Up-to-date: /home/deivideich/Holonomic_Base_Simulation/ros_2_ws/install/dwb_msgs/include/dwb_msgs/srv/detail
[11.064s] -- Installing: /home/deivideich/Holonomic_Base_Simulation/ros_2_ws/install/dwb_msgs/include/dwb_msgs/srv/detail/generate_twists__rosidl_typesupport_fastrtps_cpp.hpp
[11.064s] -- Installing: /home/deivideich/Holonomic_Base_Simulation/ros_2_ws/install/dwb_msgs/include/dwb_msgs/srv/detail/generate_trajectory__rosidl_typesupport_fastrtps_cpp.hpp
[11.064s] -- Installing: /home/deivideich/Holonomic_Base_Simulation/ros_2_ws/install/dwb_msgs/include/dwb_msgs/srv/detail/debug_local_plan__rosidl_typesupport_fastrtps_cpp.hpp
[11.064s] -- Installing: /home/deivideich/Holonomic_Base_Simulation/ros_2_ws/install/dwb_msgs/include/dwb_msgs/srv/detail/get_critic_score__rosidl_typesupport_fastrtps_cpp.hpp
[11.064s] -- Installing: /home/deivideich/Holonomic_Base_Simulation/ros_2_ws/install/dwb_msgs/include/dwb_msgs/srv/detail/score_trajectory__rosidl_typesupport_fastrtps_cpp.hpp
[11.065s] -- Installing: /home/deivideich/Holonomic_Base_Simulation/ros_2_ws/install/dwb_msgs/include/dwb_msgs/srv/detail/dds_fastrtps
[11.065s] -- Installing: /home/deivideich/Holonomic_Base_Simulation/ros_2_ws/install/dwb_msgs/lib/libdwb_msgs__rosidl_typesupport_fastrtps_cpp.so
[11.065s] -- Set runtime path of "/home/deivideich/Holonomic_Base_Simulation/ros_2_ws/install/dwb_msgs/lib/libdwb_msgs__rosidl_typesupport_fastrtps_cpp.so" to ""
[11.065s] -- Up-to-date: /home/deivideich/Holonomic_Base_Simulation/ros_2_ws/install/dwb_msgs/include/dwb_msgs
[11.065s] -- Up-to-date: /home/deivideich/Holonomic_Base_Simulation/ros_2_ws/install/dwb_msgs/include/dwb_msgs/msg
[11.065s] -- Installing: /home/deivideich/Holonomic_Base_Simulation/ros_2_ws/install/dwb_msgs/include/dwb_msgs/msg/rosidl_typesupport_introspection_c__visibility_control.h
[11.065s] -- Up-to-date: /home/deivideich/Holonomic_Base_Simulation/ros_2_ws/install/dwb_msgs/include/dwb_msgs/msg/detail
[11.065s] -- Installing: /home/deivideich/Holonomic_Base_Simulation/ros_2_ws/install/dwb_msgs/include/dwb_msgs/msg/detail/local_plan_evaluation__type_support.c
[11.065s] -- Installing: /home/deivideich/Holonomic_Base_Simulation/ros_2_ws/install/dwb_msgs/include/dwb_msgs/msg/detail/trajectory2_d__rosidl_typesupport_introspection_c.h
[11.065s] -- Installing: /home/deivideich/Holonomic_Base_Simulation/ros_2_ws/install/dwb_msgs/include/dwb_msgs/msg/detail/critic_score__rosidl_typesupport_introspection_c.h
[11.065s] -- Installing: /home/deivideich/Holonomic_Base_Simulation/ros_2_ws/install/dwb_msgs/include/dwb_msgs/msg/detail/trajectory_score__type_support.c
[11.065s] -- Installing: /home/deivideich/Holonomic_Base_Simulation/ros_2_ws/install/dwb_msgs/include/dwb_msgs/msg/detail/local_plan_evaluation__rosidl_typesupport_introspection_c.h
[11.065s] -- Installing: /home/deivideich/Holonomic_Base_Simulation/ros_2_ws/install/dwb_msgs/include/dwb_msgs/msg/detail/trajectory_score__rosidl_typesupport_introspection_c.h
[11.065s] -- Installing: /home/deivideich/Holonomic_Base_Simulation/ros_2_ws/install/dwb_msgs/include/dwb_msgs/msg/detail/trajectory2_d__type_support.c
[11.066s] -- Installing: /home/deivideich/Holonomic_Base_Simulation/ros_2_ws/install/dwb_msgs/include/dwb_msgs/msg/detail/critic_score__type_support.c
[11.066s] -- Up-to-date: /home/deivideich/Holonomic_Base_Simulation/ros_2_ws/install/dwb_msgs/include/dwb_msgs/srv
[11.066s] -- Up-to-date: /home/deivideich/Holonomic_Base_Simulation/ros_2_ws/install/dwb_msgs/include/dwb_msgs/srv/detail
[11.066s] -- Installing: /home/deivideich/Holonomic_Base_Simulation/ros_2_ws/install/dwb_msgs/include/dwb_msgs/srv/detail/get_critic_score__type_support.c
[11.066s] -- Installing: /home/deivideich/Holonomic_Base_Simulation/ros_2_ws/install/dwb_msgs/include/dwb_msgs/srv/detail/debug_local_plan__rosidl_typesupport_introspection_c.h
[11.066s] -- Installing: /home/deivideich/Holonomic_Base_Simulation/ros_2_ws/install/dwb_msgs/include/dwb_msgs/srv/detail/generate_trajectory__rosidl_typesupport_introspection_c.h
[11.066s] -- Installing: /home/deivideich/Holonomic_Base_Simulation/ros_2_ws/install/dwb_msgs/include/dwb_msgs/srv/detail/generate_trajectory__type_support.c
[11.066s] -- Installing: /home/deivideich/Holonomic_Base_Simulation/ros_2_ws/install/dwb_msgs/include/dwb_msgs/srv/detail/generate_twists__type_support.c
[11.066s] -- Installing: /home/deivideich/Holonomic_Base_Simulation/ros_2_ws/install/dwb_msgs/include/dwb_msgs/srv/detail/debug_local_plan__type_support.c
[11.066s] -- Installing: /home/deivideich/Holonomic_Base_Simulation/ros_2_ws/install/dwb_msgs/include/dwb_msgs/srv/detail/score_trajectory__rosidl_typesupport_introspection_c.h
[11.066s] -- Installing: /home/deivideich/Holonomic_Base_Simulation/ros_2_ws/install/dwb_msgs/include/dwb_msgs/srv/detail/score_trajectory__type_support.c
[11.066s] -- Installing: /home/deivideich/Holonomic_Base_Simulation/ros_2_ws/install/dwb_msgs/include/dwb_msgs/srv/detail/get_critic_score__rosidl_typesupport_introspection_c.h
[11.066s] -- Installing: /home/deivideich/Holonomic_Base_Simulation/ros_2_ws/install/dwb_msgs/include/dwb_msgs/srv/detail/generate_twists__rosidl_typesupport_introspection_c.h
[11.067s] -- Installing: /home/deivideich/Holonomic_Base_Simulation/ros_2_ws/install/dwb_msgs/lib/libdwb_msgs__rosidl_typesupport_introspection_c.so
[11.067s] -- Set runtime path of "/home/deivideich/Holonomic_Base_Simulation/ros_2_ws/install/dwb_msgs/lib/libdwb_msgs__rosidl_typesupport_introspection_c.so" to ""
[11.067s] -- Installing: /home/deivideich/Holonomic_Base_Simulation/ros_2_ws/install/dwb_msgs/lib/libdwb_msgs__rosidl_typesupport_c.so
[11.067s] -- Set runtime path of "/home/deivideich/Holonomic_Base_Simulation/ros_2_ws/install/dwb_msgs/lib/libdwb_msgs__rosidl_typesupport_c.so" to ""
[11.067s] -- Up-to-date: /home/deivideich/Holonomic_Base_Simulation/ros_2_ws/install/dwb_msgs/include/dwb_msgs
[11.067s] -- Up-to-date: /home/deivideich/Holonomic_Base_Simulation/ros_2_ws/install/dwb_msgs/include/dwb_msgs/msg
[11.067s] -- Installing: /home/deivideich/Holonomic_Base_Simulation/ros_2_ws/install/dwb_msgs/include/dwb_msgs/msg/trajectory_score.hpp
[11.067s] -- Installing: /home/deivideich/Holonomic_Base_Simulation/ros_2_ws/install/dwb_msgs/include/dwb_msgs/msg/rosidl_generator_cpp__visibility_control.hpp
[11.067s] -- Installing: /home/deivideich/Holonomic_Base_Simulation/ros_2_ws/install/dwb_msgs/include/dwb_msgs/msg/trajectory2_d.hpp
[11.067s] -- Up-to-date: /home/deivideich/Holonomic_Base_Simulation/ros_2_ws/install/dwb_msgs/include/dwb_msgs/msg/detail
[11.067s] -- Installing: /home/deivideich/Holonomic_Base_Simulation/ros_2_ws/install/dwb_msgs/include/dwb_msgs/msg/detail/trajectory2_d__type_support.hpp
[11.067s] -- Installing: /home/deivideich/Holonomic_Base_Simulation/ros_2_ws/install/dwb_msgs/include/dwb_msgs/msg/detail/trajectory2_d__traits.hpp
[11.067s] -- Installing: /home/deivideich/Holonomic_Base_Simulation/ros_2_ws/install/dwb_msgs/include/dwb_msgs/msg/detail/local_plan_evaluation__type_support.hpp
[11.067s] -- Installing: /home/deivideich/Holonomic_Base_Simulation/ros_2_ws/install/dwb_msgs/include/dwb_msgs/msg/detail/trajectory2_d__struct.hpp
[11.067s] -- Installing: /home/deivideich/Holonomic_Base_Simulation/ros_2_ws/install/dwb_msgs/include/dwb_msgs/msg/detail/local_plan_evaluation__struct.hpp
[11.067s] -- Installing: /home/deivideich/Holonomic_Base_Simulation/ros_2_ws/install/dwb_msgs/include/dwb_msgs/msg/detail/critic_score__type_support.hpp
[11.067s] -- Installing: /home/deivideich/Holonomic_Base_Simulation/ros_2_ws/install/dwb_msgs/include/dwb_msgs/msg/detail/trajectory_score__type_support.hpp
[11.068s] -- Installing: /home/deivideich/Holonomic_Base_Simulation/ros_2_ws/install/dwb_msgs/include/dwb_msgs/msg/detail/trajectory2_d__builder.hpp
[11.068s] -- Installing: /home/deivideich/Holonomic_Base_Simulation/ros_2_ws/install/dwb_msgs/include/dwb_msgs/msg/detail/trajectory_score__struct.hpp
[11.068s] -- Installing: /home/deivideich/Holonomic_Base_Simulation/ros_2_ws/install/dwb_msgs/include/dwb_msgs/msg/detail/critic_score__struct.hpp
[11.068s] -- Installing: /home/deivideich/Holonomic_Base_Simulation/ros_2_ws/install/dwb_msgs/include/dwb_msgs/msg/detail/local_plan_evaluation__traits.hpp
[11.068s] -- Installing: /home/deivideich/Holonomic_Base_Simulation/ros_2_ws/install/dwb_msgs/include/dwb_msgs/msg/detail/critic_score__builder.hpp
[11.068s] -- Installing: /home/deivideich/Holonomic_Base_Simulation/ros_2_ws/install/dwb_msgs/include/dwb_msgs/msg/detail/trajectory_score__traits.hpp
[11.068s] -- Installing: /home/deivideich/Holonomic_Base_Simulation/ros_2_ws/install/dwb_msgs/include/dwb_msgs/msg/detail/local_plan_evaluation__builder.hpp
[11.068s] -- Installing: /home/deivideich/Holonomic_Base_Simulation/ros_2_ws/install/dwb_msgs/include/dwb_msgs/msg/detail/trajectory_score__builder.hpp
[11.068s] -- Installing: /home/deivideich/Holonomic_Base_Simulation/ros_2_ws/install/dwb_msgs/include/dwb_msgs/msg/detail/critic_score__traits.hpp
[11.068s] -- Installing: /home/deivideich/Holonomic_Base_Simulation/ros_2_ws/install/dwb_msgs/include/dwb_msgs/msg/local_plan_evaluation.hpp
[11.068s] -- Installing: /home/deivideich/Holonomic_Base_Simulation/ros_2_ws/install/dwb_msgs/include/dwb_msgs/msg/critic_score.hpp
[11.068s] -- Up-to-date: /home/deivideich/Holonomic_Base_Simulation/ros_2_ws/install/dwb_msgs/include/dwb_msgs/srv
[11.068s] -- Installing: /home/deivideich/Holonomic_Base_Simulation/ros_2_ws/install/dwb_msgs/include/dwb_msgs/srv/get_critic_score.hpp
[11.068s] -- Installing: /home/deivideich/Holonomic_Base_Simulation/ros_2_ws/install/dwb_msgs/include/dwb_msgs/srv/generate_twists.hpp
[11.068s] -- Installing: /home/deivideich/Holonomic_Base_Simulation/ros_2_ws/install/dwb_msgs/include/dwb_msgs/srv/generate_trajectory.hpp
[11.068s] -- Installing: /home/deivideich/Holonomic_Base_Simulation/ros_2_ws/install/dwb_msgs/include/dwb_msgs/srv/debug_local_plan.hpp
[11.068s] -- Up-to-date: /home/deivideich/Holonomic_Base_Simulation/ros_2_ws/install/dwb_msgs/include/dwb_msgs/srv/detail
[11.068s] -- Installing: /home/deivideich/Holonomic_Base_Simulation/ros_2_ws/install/dwb_msgs/include/dwb_msgs/srv/detail/get_critic_score__type_support.hpp
[11.069s] -- Installing: /home/deivideich/Holonomic_Base_Simulation/ros_2_ws/install/dwb_msgs/include/dwb_msgs/srv/detail/generate_trajectory__struct.hpp
[11.069s] -- Installing: /home/deivideich/Holonomic_Base_Simulation/ros_2_ws/install/dwb_msgs/include/dwb_msgs/srv/detail/get_critic_score__traits.hpp
[11.069s] -- Installing: /home/deivideich/Holonomic_Base_Simulation/ros_2_ws/install/dwb_msgs/include/dwb_msgs/srv/detail/generate_twists__traits.hpp
[11.069s] -- Installing: /home/deivideich/Holonomic_Base_Simulation/ros_2_ws/install/dwb_msgs/include/dwb_msgs/srv/detail/debug_local_plan__type_support.hpp
[11.069s] -- Installing: /home/deivideich/Holonomic_Base_Simulation/ros_2_ws/install/dwb_msgs/include/dwb_msgs/srv/detail/get_critic_score__builder.hpp
[11.069s] -- Installing: /home/deivideich/Holonomic_Base_Simulation/ros_2_ws/install/dwb_msgs/include/dwb_msgs/srv/detail/generate_twists__builder.hpp
[11.069s] -- Installing: /home/deivideich/Holonomic_Base_Simulation/ros_2_ws/install/dwb_msgs/include/dwb_msgs/srv/detail/get_critic_score__struct.hpp
[11.069s] -- Installing: /home/deivideich/Holonomic_Base_Simulation/ros_2_ws/install/dwb_msgs/include/dwb_msgs/srv/detail/generate_trajectory__builder.hpp
[11.069s] -- Installing: /home/deivideich/Holonomic_Base_Simulation/ros_2_ws/install/dwb_msgs/include/dwb_msgs/srv/detail/score_trajectory__builder.hpp
[11.069s] -- Installing: /home/deivideich/Holonomic_Base_Simulation/ros_2_ws/install/dwb_msgs/include/dwb_msgs/srv/detail/debug_local_plan__traits.hpp
[11.069s] -- Installing: /home/deivideich/Holonomic_Base_Simulation/ros_2_ws/install/dwb_msgs/include/dwb_msgs/srv/detail/generate_twists__type_support.hpp
[11.069s] -- Installing: /home/deivideich/Holonomic_Base_Simulation/ros_2_ws/install/dwb_msgs/include/dwb_msgs/srv/detail/generate_trajectory__type_support.hpp
[11.069s] -- Installing: /home/deivideich/Holonomic_Base_Simulation/ros_2_ws/install/dwb_msgs/include/dwb_msgs/srv/detail/score_trajectory__struct.hpp
[11.069s] -- Installing: /home/deivideich/Holonomic_Base_Simulation/ros_2_ws/install/dwb_msgs/include/dwb_msgs/srv/detail/generate_trajectory__traits.hpp
[11.069s] -- Installing: /home/deivideich/Holonomic_Base_Simulation/ros_2_ws/install/dwb_msgs/include/dwb_msgs/srv/detail/generate_twists__struct.hpp
[11.069s] -- Installing: /home/deivideich/Holonomic_Base_Simulation/ros_2_ws/install/dwb_msgs/include/dwb_msgs/srv/detail/debug_local_plan__builder.hpp
[11.069s] -- Installing: /home/deivideich/Holonomic_Base_Simulation/ros_2_ws/install/dwb_msgs/include/dwb_msgs/srv/detail/debug_local_plan__struct.hpp
[11.069s] -- Installing: /home/deivideich/Holonomic_Base_Simulation/ros_2_ws/install/dwb_msgs/include/dwb_msgs/srv/detail/score_trajectory__traits.hpp
[11.070s] -- Installing: /home/deivideich/Holonomic_Base_Simulation/ros_2_ws/install/dwb_msgs/include/dwb_msgs/srv/detail/score_trajectory__type_support.hpp
[11.070s] -- Installing: /home/deivideich/Holonomic_Base_Simulation/ros_2_ws/install/dwb_msgs/include/dwb_msgs/srv/score_trajectory.hpp
[11.070s] -- Up-to-date: /home/deivideich/Holonomic_Base_Simulation/ros_2_ws/install/dwb_msgs/include/dwb_msgs
[11.070s] -- Up-to-date: /home/deivideich/Holonomic_Base_Simulation/ros_2_ws/install/dwb_msgs/include/dwb_msgs/msg
[11.070s] -- Up-to-date: /home/deivideich/Holonomic_Base_Simulation/ros_2_ws/install/dwb_msgs/include/dwb_msgs/msg/detail
[11.070s] -- Installing: /home/deivideich/Holonomic_Base_Simulation/ros_2_ws/install/dwb_msgs/include/dwb_msgs/msg/detail/trajectory_score__rosidl_typesupport_introspection_cpp.hpp
[11.070s] -- Installing: /home/deivideich/Holonomic_Base_Simulation/ros_2_ws/install/dwb_msgs/include/dwb_msgs/msg/detail/critic_score__rosidl_typesupport_introspection_cpp.hpp
[11.070s] -- Installing: /home/deivideich/Holonomic_Base_Simulation/ros_2_ws/install/dwb_msgs/include/dwb_msgs/msg/detail/trajectory_score__type_support.cpp
[11.070s] -- Installing: /home/deivideich/Holonomic_Base_Simulation/ros_2_ws/install/dwb_msgs/include/dwb_msgs/msg/detail/critic_score__type_support.cpp
[11.070s] -- Installing: /home/deivideich/Holonomic_Base_Simulation/ros_2_ws/install/dwb_msgs/include/dwb_msgs/msg/detail/trajectory2_d__rosidl_typesupport_introspection_cpp.hpp
[11.070s] -- Installing: /home/deivideich/Holonomic_Base_Simulation/ros_2_ws/install/dwb_msgs/include/dwb_msgs/msg/detail/local_plan_evaluation__type_support.cpp
[11.070s] -- Installing: /home/deivideich/Holonomic_Base_Simulation/ros_2_ws/install/dwb_msgs/include/dwb_msgs/msg/detail/trajectory2_d__type_support.cpp
[11.070s] -- Installing: /home/deivideich/Holonomic_Base_Simulation/ros_2_ws/install/dwb_msgs/include/dwb_msgs/msg/detail/local_plan_evaluation__rosidl_typesupport_introspection_cpp.hpp
[11.070s] -- Up-to-date: /home/deivideich/Holonomic_Base_Simulation/ros_2_ws/install/dwb_msgs/include/dwb_msgs/srv
[11.070s] -- Up-to-date: /home/deivideich/Holonomic_Base_Simulation/ros_2_ws/install/dwb_msgs/include/dwb_msgs/srv/detail
[11.070s] -- Installing: /home/deivideich/Holonomic_Base_Simulation/ros_2_ws/install/dwb_msgs/include/dwb_msgs/srv/detail/debug_local_plan__rosidl_typesupport_introspection_cpp.hpp
[11.070s] -- Installing: /home/deivideich/Holonomic_Base_Simulation/ros_2_ws/install/dwb_msgs/include/dwb_msgs/srv/detail/generate_twists__rosidl_typesupport_introspection_cpp.hpp
[11.071s] -- Installing: /home/deivideich/Holonomic_Base_Simulation/ros_2_ws/install/dwb_msgs/include/dwb_msgs/srv/detail/generate_trajectory__type_support.cpp
[11.071s] -- Installing: /home/deivideich/Holonomic_Base_Simulation/ros_2_ws/install/dwb_msgs/include/dwb_msgs/srv/detail/generate_twists__type_support.cpp
[11.071s] -- Installing: /home/deivideich/Holonomic_Base_Simulation/ros_2_ws/install/dwb_msgs/include/dwb_msgs/srv/detail/get_critic_score__type_support.cpp
[11.071s] -- Installing: /home/deivideich/Holonomic_Base_Simulation/ros_2_ws/install/dwb_msgs/include/dwb_msgs/srv/detail/generate_trajectory__rosidl_typesupport_introspection_cpp.hpp
[11.071s] -- Installing: /home/deivideich/Holonomic_Base_Simulation/ros_2_ws/install/dwb_msgs/include/dwb_msgs/srv/detail/score_trajectory__rosidl_typesupport_introspection_cpp.hpp
[11.071s] -- Installing: /home/deivideich/Holonomic_Base_Simulation/ros_2_ws/install/dwb_msgs/include/dwb_msgs/srv/detail/score_trajectory__type_support.cpp
[11.071s] -- Installing: /home/deivideich/Holonomic_Base_Simulation/ros_2_ws/install/dwb_msgs/include/dwb_msgs/srv/detail/debug_local_plan__type_support.cpp
[11.071s] -- Installing: /home/deivideich/Holonomic_Base_Simulation/ros_2_ws/install/dwb_msgs/include/dwb_msgs/srv/detail/get_critic_score__rosidl_typesupport_introspection_cpp.hpp
[11.071s] -- Installing: /home/deivideich/Holonomic_Base_Simulation/ros_2_ws/install/dwb_msgs/lib/libdwb_msgs__rosidl_typesupport_introspection_cpp.so
[11.071s] -- Set runtime path of "/home/deivideich/Holonomic_Base_Simulation/ros_2_ws/install/dwb_msgs/lib/libdwb_msgs__rosidl_typesupport_introspection_cpp.so" to ""
[11.072s] -- Installing: /home/deivideich/Holonomic_Base_Simulation/ros_2_ws/install/dwb_msgs/lib/libdwb_msgs__rosidl_typesupport_cpp.so
[11.072s] -- Set runtime path of "/home/deivideich/Holonomic_Base_Simulation/ros_2_ws/install/dwb_msgs/lib/libdwb_msgs__rosidl_typesupport_cpp.so" to ""
[11.072s] -- Installing: /home/deivideich/Holonomic_Base_Simulation/ros_2_ws/install/dwb_msgs/share/dwb_msgs/environment/pythonpath.sh
[11.072s] -- Installing: /home/deivideich/Holonomic_Base_Simulation/ros_2_ws/install/dwb_msgs/share/dwb_msgs/environment/pythonpath.dsv
[11.072s] -- Installing: /home/deivideich/Holonomic_Base_Simulation/ros_2_ws/install/dwb_msgs/lib/python3.8/site-packages/dwb_msgs/__init__.py
[11.096s] Compiling '/home/deivideich/Holonomic_Base_Simulation/ros_2_ws/install/dwb_msgs/lib/python3.8/site-packages/dwb_msgs/__init__.py'...
[11.099s] -- Installing: /home/deivideich/Holonomic_Base_Simulation/ros_2_ws/install/dwb_msgs/lib/python3.8/site-packages/dwb_msgs/msg
[11.099s] -- Installing: /home/deivideich/Holonomic_Base_Simulation/ros_2_ws/install/dwb_msgs/lib/python3.8/site-packages/dwb_msgs/msg/_trajectory_score.py
[11.099s] -- Installing: /home/deivideich/Holonomic_Base_Simulation/ros_2_ws/install/dwb_msgs/lib/python3.8/site-packages/dwb_msgs/msg/_critic_score_s.c
[11.099s] -- Installing: /home/deivideich/Holonomic_Base_Simulation/ros_2_ws/install/dwb_msgs/lib/python3.8/site-packages/dwb_msgs/msg/_trajectory2_d.py
[11.099s] -- Installing: /home/deivideich/Holonomic_Base_Simulation/ros_2_ws/install/dwb_msgs/lib/python3.8/site-packages/dwb_msgs/msg/__init__.py
[11.099s] -- Installing: /home/deivideich/Holonomic_Base_Simulation/ros_2_ws/install/dwb_msgs/lib/python3.8/site-packages/dwb_msgs/msg/_trajectory_score_s.c
[11.099s] -- Installing: /home/deivideich/Holonomic_Base_Simulation/ros_2_ws/install/dwb_msgs/lib/python3.8/site-packages/dwb_msgs/msg/_trajectory2_d_s.c
[11.100s] -- Installing: /home/deivideich/Holonomic_Base_Simulation/ros_2_ws/install/dwb_msgs/lib/python3.8/site-packages/dwb_msgs/msg/_local_plan_evaluation_s.c
[11.100s] -- Installing: /home/deivideich/Holonomic_Base_Simulation/ros_2_ws/install/dwb_msgs/lib/python3.8/site-packages/dwb_msgs/msg/_critic_score.py
[11.100s] -- Installing: /home/deivideich/Holonomic_Base_Simulation/ros_2_ws/install/dwb_msgs/lib/python3.8/site-packages/dwb_msgs/msg/_local_plan_evaluation.py
[11.100s] -- Installing: /home/deivideich/Holonomic_Base_Simulation/ros_2_ws/install/dwb_msgs/lib/python3.8/site-packages/dwb_msgs/srv
[11.100s] -- Installing: /home/deivideich/Holonomic_Base_Simulation/ros_2_ws/install/dwb_msgs/lib/python3.8/site-packages/dwb_msgs/srv/_generate_trajectory_s.c
[11.100s] -- Installing: /home/deivideich/Holonomic_Base_Simulation/ros_2_ws/install/dwb_msgs/lib/python3.8/site-packages/dwb_msgs/srv/_score_trajectory_s.c
[11.100s] -- Installing: /home/deivideich/Holonomic_Base_Simulation/ros_2_ws/install/dwb_msgs/lib/python3.8/site-packages/dwb_msgs/srv/_generate_trajectory.py
[11.100s] -- Installing: /home/deivideich/Holonomic_Base_Simulation/ros_2_ws/install/dwb_msgs/lib/python3.8/site-packages/dwb_msgs/srv/__init__.py
[11.100s] -- Installing: /home/deivideich/Holonomic_Base_Simulation/ros_2_ws/install/dwb_msgs/lib/python3.8/site-packages/dwb_msgs/srv/_score_trajectory.py
[11.100s] -- Installing: /home/deivideich/Holonomic_Base_Simulation/ros_2_ws/install/dwb_msgs/lib/python3.8/site-packages/dwb_msgs/srv/_get_critic_score.py
[11.100s] -- Installing: /home/deivideich/Holonomic_Base_Simulation/ros_2_ws/install/dwb_msgs/lib/python3.8/site-packages/dwb_msgs/srv/_generate_twists.py
[11.100s] -- Installing: /home/deivideich/Holonomic_Base_Simulation/ros_2_ws/install/dwb_msgs/lib/python3.8/site-packages/dwb_msgs/srv/_generate_twists_s.c
[11.100s] -- Installing: /home/deivideich/Holonomic_Base_Simulation/ros_2_ws/install/dwb_msgs/lib/python3.8/site-packages/dwb_msgs/srv/_debug_local_plan_s.c
[11.100s] -- Installing: /home/deivideich/Holonomic_Base_Simulation/ros_2_ws/install/dwb_msgs/lib/python3.8/site-packages/dwb_msgs/srv/_debug_local_plan.py
[11.101s] -- Installing: /home/deivideich/Holonomic_Base_Simulation/ros_2_ws/install/dwb_msgs/lib/python3.8/site-packages/dwb_msgs/srv/_get_critic_score_s.c
[11.101s] -- Installing: /home/deivideich/Holonomic_Base_Simulation/ros_2_ws/install/dwb_msgs/lib/python3.8/site-packages/dwb_msgs/dwb_msgs_s__rosidl_typesupport_fastrtps_c.cpython-38-x86_64-linux-gnu.so
[11.101s] -- Set runtime path of "/home/deivideich/Holonomic_Base_Simulation/ros_2_ws/install/dwb_msgs/lib/python3.8/site-packages/dwb_msgs/dwb_msgs_s__rosidl_typesupport_fastrtps_c.cpython-38-x86_64-linux-gnu.so" to ""
[11.101s] -- Installing: /home/deivideich/Holonomic_Base_Simulation/ros_2_ws/install/dwb_msgs/lib/python3.8/site-packages/dwb_msgs/dwb_msgs_s__rosidl_typesupport_introspection_c.cpython-38-x86_64-linux-gnu.so
[11.102s] -- Set runtime path of "/home/deivideich/Holonomic_Base_Simulation/ros_2_ws/install/dwb_msgs/lib/python3.8/site-packages/dwb_msgs/dwb_msgs_s__rosidl_typesupport_introspection_c.cpython-38-x86_64-linux-gnu.so" to ""
[11.102s] -- Installing: /home/deivideich/Holonomic_Base_Simulation/ros_2_ws/install/dwb_msgs/lib/python3.8/site-packages/dwb_msgs/dwb_msgs_s__rosidl_typesupport_c.cpython-38-x86_64-linux-gnu.so
[11.103s] -- Set runtime path of "/home/deivideich/Holonomic_Base_Simulation/ros_2_ws/install/dwb_msgs/lib/python3.8/site-packages/dwb_msgs/dwb_msgs_s__rosidl_typesupport_c.cpython-38-x86_64-linux-gnu.so" to ""
[11.103s] -- Installing: /home/deivideich/Holonomic_Base_Simulation/ros_2_ws/install/dwb_msgs/lib/libdwb_msgs__python.so
[11.103s] -- Set runtime path of "/home/deivideich/Holonomic_Base_Simulation/ros_2_ws/install/dwb_msgs/lib/libdwb_msgs__python.so" to ""
[11.103s] -- Installing: /home/deivideich/Holonomic_Base_Simulation/ros_2_ws/install/dwb_msgs/share/dwb_msgs/msg/CriticScore.idl
[11.103s] -- Installing: /home/deivideich/Holonomic_Base_Simulation/ros_2_ws/install/dwb_msgs/share/dwb_msgs/msg/LocalPlanEvaluation.idl
[11.103s] -- Installing: /home/deivideich/Holonomic_Base_Simulation/ros_2_ws/install/dwb_msgs/share/dwb_msgs/msg/Trajectory2D.idl
[11.103s] -- Installing: /home/deivideich/Holonomic_Base_Simulation/ros_2_ws/install/dwb_msgs/share/dwb_msgs/msg/TrajectoryScore.idl
[11.104s] -- Installing: /home/deivideich/Holonomic_Base_Simulation/ros_2_ws/install/dwb_msgs/share/dwb_msgs/srv/DebugLocalPlan.idl
[11.104s] -- Installing: /home/deivideich/Holonomic_Base_Simulation/ros_2_ws/install/dwb_msgs/share/dwb_msgs/srv/GenerateTrajectory.idl
[11.104s] -- Installing: /home/deivideich/Holonomic_Base_Simulation/ros_2_ws/install/dwb_msgs/share/dwb_msgs/srv/GenerateTwists.idl
[11.104s] -- Installing: /home/deivideich/Holonomic_Base_Simulation/ros_2_ws/install/dwb_msgs/share/dwb_msgs/srv/GetCriticScore.idl
[11.104s] -- Installing: /home/deivideich/Holonomic_Base_Simulation/ros_2_ws/install/dwb_msgs/share/dwb_msgs/srv/ScoreTrajectory.idl
[11.104s] -- Installing: /home/deivideich/Holonomic_Base_Simulation/ros_2_ws/install/dwb_msgs/share/dwb_msgs/msg/CriticScore.msg
[11.104s] -- Installing: /home/deivideich/Holonomic_Base_Simulation/ros_2_ws/install/dwb_msgs/share/dwb_msgs/msg/LocalPlanEvaluation.msg
[11.104s] -- Installing: /home/deivideich/Holonomic_Base_Simulation/ros_2_ws/install/dwb_msgs/share/dwb_msgs/msg/Trajectory2D.msg
[11.104s] -- Installing: /home/deivideich/Holonomic_Base_Simulation/ros_2_ws/install/dwb_msgs/share/dwb_msgs/msg/TrajectoryScore.msg
[11.105s] -- Installing: /home/deivideich/Holonomic_Base_Simulation/ros_2_ws/install/dwb_msgs/share/dwb_msgs/srv/DebugLocalPlan.srv
[11.105s] -- Installing: /home/deivideich/Holonomic_Base_Simulation/ros_2_ws/install/dwb_msgs/share/dwb_msgs/srv/DebugLocalPlan_Request.msg
[11.105s] -- Installing: /home/deivideich/Holonomic_Base_Simulation/ros_2_ws/install/dwb_msgs/share/dwb_msgs/srv/DebugLocalPlan_Response.msg
[11.105s] -- Installing: /home/deivideich/Holonomic_Base_Simulation/ros_2_ws/install/dwb_msgs/share/dwb_msgs/srv/GenerateTrajectory.srv
[11.105s] -- Installing: /home/deivideich/Holonomic_Base_Simulation/ros_2_ws/install/dwb_msgs/share/dwb_msgs/srv/GenerateTrajectory_Request.msg
[11.105s] -- Installing: /home/deivideich/Holonomic_Base_Simulation/ros_2_ws/install/dwb_msgs/share/dwb_msgs/srv/GenerateTrajectory_Response.msg
[11.105s] -- Installing: /home/deivideich/Holonomic_Base_Simulation/ros_2_ws/install/dwb_msgs/share/dwb_msgs/srv/GenerateTwists.srv
[11.105s] -- Installing: /home/deivideich/Holonomic_Base_Simulation/ros_2_ws/install/dwb_msgs/share/dwb_msgs/srv/GenerateTwists_Request.msg
[11.105s] -- Installing: /home/deivideich/Holonomic_Base_Simulation/ros_2_ws/install/dwb_msgs/share/dwb_msgs/srv/GenerateTwists_Response.msg
[11.106s] -- Installing: /home/deivideich/Holonomic_Base_Simulation/ros_2_ws/install/dwb_msgs/share/dwb_msgs/srv/GetCriticScore.srv
[11.106s] -- Installing: /home/deivideich/Holonomic_Base_Simulation/ros_2_ws/install/dwb_msgs/share/dwb_msgs/srv/GetCriticScore_Request.msg
[11.106s] -- Installing: /home/deivideich/Holonomic_Base_Simulation/ros_2_ws/install/dwb_msgs/share/dwb_msgs/srv/GetCriticScore_Response.msg
[11.106s] -- Installing: /home/deivideich/Holonomic_Base_Simulation/ros_2_ws/install/dwb_msgs/share/dwb_msgs/srv/ScoreTrajectory.srv
[11.106s] -- Installing: /home/deivideich/Holonomic_Base_Simulation/ros_2_ws/install/dwb_msgs/share/dwb_msgs/srv/ScoreTrajectory_Request.msg
[11.106s] -- Installing: /home/deivideich/Holonomic_Base_Simulation/ros_2_ws/install/dwb_msgs/share/dwb_msgs/srv/ScoreTrajectory_Response.msg
[11.106s] -- Installing: /home/deivideich/Holonomic_Base_Simulation/ros_2_ws/install/dwb_msgs/share/ament_index/resource_index/package_run_dependencies/dwb_msgs
[11.106s] -- Installing: /home/deivideich/Holonomic_Base_Simulation/ros_2_ws/install/dwb_msgs/share/ament_index/resource_index/parent_prefix_path/dwb_msgs
[11.107s] -- Installing: /home/deivideich/Holonomic_Base_Simulation/ros_2_ws/install/dwb_msgs/share/dwb_msgs/environment/ament_prefix_path.sh
[11.107s] -- Installing: /home/deivideich/Holonomic_Base_Simulation/ros_2_ws/install/dwb_msgs/share/dwb_msgs/environment/ament_prefix_path.dsv
[11.107s] -- Installing: /home/deivideich/Holonomic_Base_Simulation/ros_2_ws/install/dwb_msgs/share/dwb_msgs/environment/path.sh
[11.107s] -- Installing: /home/deivideich/Holonomic_Base_Simulation/ros_2_ws/install/dwb_msgs/share/dwb_msgs/environment/path.dsv
[11.107s] -- Installing: /home/deivideich/Holonomic_Base_Simulation/ros_2_ws/install/dwb_msgs/share/dwb_msgs/local_setup.bash
[11.107s] -- Installing: /home/deivideich/Holonomic_Base_Simulation/ros_2_ws/install/dwb_msgs/share/dwb_msgs/local_setup.sh
[11.107s] -- Installing: /home/deivideich/Holonomic_Base_Simulation/ros_2_ws/install/dwb_msgs/share/dwb_msgs/local_setup.zsh
[11.107s] -- Installing: /home/deivideich/Holonomic_Base_Simulation/ros_2_ws/install/dwb_msgs/share/dwb_msgs/local_setup.dsv
[11.108s] -- Installing: /home/deivideich/Holonomic_Base_Simulation/ros_2_ws/install/dwb_msgs/share/dwb_msgs/package.dsv
[11.108s] -- Installing: /home/deivideich/Holonomic_Base_Simulation/ros_2_ws/install/dwb_msgs/share/ament_index/resource_index/packages/dwb_msgs
[11.108s] -- Installing: /home/deivideich/Holonomic_Base_Simulation/ros_2_ws/install/dwb_msgs/share/dwb_msgs/cmake/dwb_msgs__rosidl_generator_cExport.cmake
[11.108s] -- Installing: /home/deivideich/Holonomic_Base_Simulation/ros_2_ws/install/dwb_msgs/share/dwb_msgs/cmake/dwb_msgs__rosidl_generator_cExport-noconfig.cmake
[11.108s] -- Installing: /home/deivideich/Holonomic_Base_Simulation/ros_2_ws/install/dwb_msgs/share/dwb_msgs/cmake/dwb_msgs__rosidl_typesupport_introspection_cExport.cmake
[11.108s] -- Installing: /home/deivideich/Holonomic_Base_Simulation/ros_2_ws/install/dwb_msgs/share/dwb_msgs/cmake/dwb_msgs__rosidl_typesupport_introspection_cExport-noconfig.cmake
[11.108s] -- Installing: /home/deivideich/Holonomic_Base_Simulation/ros_2_ws/install/dwb_msgs/share/dwb_msgs/cmake/dwb_msgs__rosidl_typesupport_cExport.cmake
[11.109s] -- Installing: /home/deivideich/Holonomic_Base_Simulation/ros_2_ws/install/dwb_msgs/share/dwb_msgs/cmake/dwb_msgs__rosidl_typesupport_cExport-noconfig.cmake
[11.109s] -- Installing: /home/deivideich/Holonomic_Base_Simulation/ros_2_ws/install/dwb_msgs/share/dwb_msgs/cmake/dwb_msgs__rosidl_generator_cppExport.cmake
[11.109s] -- Installing: /home/deivideich/Holonomic_Base_Simulation/ros_2_ws/install/dwb_msgs/share/dwb_msgs/cmake/dwb_msgs__rosidl_typesupport_introspection_cppExport.cmake
[11.109s] -- Installing: /home/deivideich/Holonomic_Base_Simulation/ros_2_ws/install/dwb_msgs/share/dwb_msgs/cmake/dwb_msgs__rosidl_typesupport_introspection_cppExport-noconfig.cmake
[11.109s] -- Installing: /home/deivideich/Holonomic_Base_Simulation/ros_2_ws/install/dwb_msgs/share/dwb_msgs/cmake/dwb_msgs__rosidl_typesupport_cppExport.cmake
[11.109s] -- Installing: /home/deivideich/Holonomic_Base_Simulation/ros_2_ws/install/dwb_msgs/share/dwb_msgs/cmake/dwb_msgs__rosidl_typesupport_cppExport-noconfig.cmake
[11.109s] -- Installing: /home/deivideich/Holonomic_Base_Simulation/ros_2_ws/install/dwb_msgs/share/dwb_msgs/cmake/rosidl_cmake-extras.cmake
[11.110s] -- Installing: /home/deivideich/Holonomic_Base_Simulation/ros_2_ws/install/dwb_msgs/share/dwb_msgs/cmake/ament_cmake_export_dependencies-extras.cmake
[11.110s] -- Installing: /home/deivideich/Holonomic_Base_Simulation/ros_2_ws/install/dwb_msgs/share/dwb_msgs/cmake/ament_cmake_export_libraries-extras.cmake
[11.110s] -- Installing: /home/deivideich/Holonomic_Base_Simulation/ros_2_ws/install/dwb_msgs/share/dwb_msgs/cmake/ament_cmake_export_targets-extras.cmake
[11.110s] -- Installing: /home/deivideich/Holonomic_Base_Simulation/ros_2_ws/install/dwb_msgs/share/dwb_msgs/cmake/ament_cmake_export_include_directories-extras.cmake
[11.110s] -- Installing: /home/deivideich/Holonomic_Base_Simulation/ros_2_ws/install/dwb_msgs/share/dwb_msgs/cmake/rosidl_cmake_export_typesupport_libraries-extras.cmake
[11.110s] -- Installing: /home/deivideich/Holonomic_Base_Simulation/ros_2_ws/install/dwb_msgs/share/dwb_msgs/cmake/rosidl_cmake_export_typesupport_targets-extras.cmake
[11.110s] -- Installing: /home/deivideich/Holonomic_Base_Simulation/ros_2_ws/install/dwb_msgs/share/dwb_msgs/cmake/dwb_msgsConfig.cmake
[11.110s] -- Installing: /home/deivideich/Holonomic_Base_Simulation/ros_2_ws/install/dwb_msgs/share/dwb_msgs/cmake/dwb_msgsConfig-version.cmake
[11.111s] -- Installing: /home/deivideich/Holonomic_Base_Simulation/ros_2_ws/install/dwb_msgs/share/dwb_msgs/package.xml
[11.113s] Invoked command in '/home/deivideich/Holonomic_Base_Simulation/ros_2_ws/build/dwb_msgs' returned '0': AMENT_PREFIX_PATH=/home/deivideich/Holonomic_Base_Simulation/ros_2_ws/install/nav_2d_msgs:${AMENT_PREFIX_PATH} CMAKE_PREFIX_PATH=/home/deivideich/Holonomic_Base_Simulation/ros_2_ws/install/nav_2d_msgs:/home/deivideich/Holonomic_Base_Simulation/ros_2_ws/install/octobot_2:/opt/ros/foxy:${CMAKE_PREFIX_PATH} LD_LIBRARY_PATH=/home/deivideich/Holonomic_Base_Simulation/ros_2_ws/install/nav_2d_msgs/lib:${LD_LIBRARY_PATH} PYTHONPATH=/home/deivideich/Holonomic_Base_Simulation/ros_2_ws/install/nav_2d_msgs/lib/python3.8/site-packages:${PYTHONPATH} /usr/bin/cmake --install /home/deivideich/Holonomic_Base_Simulation/ros_2_ws/build/dwb_msgs
